Log file open, 11/19/18 14:57:59
LogWindows: Failed to load 'aqProf.dll' (GetLastError=126)
LogWindows: File 'aqProf.dll' does not exist
LogWindows: Failed to load 'VtuneApi.dll' (GetLastError=126)
LogWindows: File 'VtuneApi.dll' does not exist
LogWindows: Failed to load 'VtuneApi32e.dll' (GetLastError=126)
LogWindows: File 'VtuneApi32e.dll' does not exist
LogInit: Display: Running engine for game: EX2_Waldemar_Zeitler
LogPlatformFile: Not using cached read wrapper
LogInit: Display: RandInit(1199461295) SRandInit(1199461295).
LogInit: Read version file with build ID '3944462'
LogInit: Overriding engine version to CL 4033788, compatible CL 3944462
LogInit: Registered custom module enumerator with build ID '3944462'
LogTaskGraph: Started task graph with 5 named threads and 11 total threads with 3 sets of task threads.
LogStats: Stats thread started at 0.264067
LogD3D11RHI: Aftermath initialized
LogICUInternationalization: Display: ICU TimeZone Detection - Raw Offset: +1:00, Platform Override: ''
LogPluginManager: Mounting plugin Paper2D
LogPluginManager: Mounting plugin LiveLink
LogPluginManager: Mounting plugin LightPropagationVolume
LogPluginManager: Mounting plugin CLionSourceCodeAccess
LogPluginManager: Mounting plugin CodeLiteSourceCodeAccess
LogPluginManager: Mounting plugin GitSourceControl
LogPluginManager: Mounting plugin KDevelopSourceCodeAccess
LogPluginManager: Mounting plugin NullSourceCodeAccess
LogPluginManager: Mounting plugin PerforceSourceControl
LogPluginManager: Mounting plugin SubversionSourceControl
LogPluginManager: Mounting plugin UObjectPlugin
LogPluginManager: Mounting plugin VisualStudioCodeSourceCodeAccess
LogPluginManager: Mounting plugin VisualStudioSourceCodeAccess
LogPluginManager: Mounting plugin XCodeSourceCodeAccess
LogPluginManager: Mounting plugin AssetManagerEditor
LogPluginManager: Mounting plugin CryptoKeys
LogPluginManager: Mounting plugin DataValidation
LogPluginManager: Mounting plugin FacialAnimation
LogPluginManager: Mounting plugin GameplayTagsEditor
LogPluginManager: Mounting plugin MobileLauncherProfileWizard
LogPluginManager: Mounting plugin PluginBrowser
LogPluginManager: Mounting plugin SpeedTreeImporter
LogPluginManager: Mounting plugin DatasmithContent
LogPluginManager: Mounting plugin AlembicImporter
LogPluginManager: Mounting plugin CharacterAI
LogPluginManager: Mounting plugin HTML5Networking
LogPluginManager: Mounting plugin AndroidMedia
LogPluginManager: Mounting plugin AvfMedia
LogPluginManager: Mounting plugin ImgMedia
LogPluginManager: Mounting plugin LinearTimecode
LogPluginManager: Mounting plugin MediaCompositing
LogPluginManager: Mounting plugin MediaPlayerEditor
LogPluginManager: Mounting plugin WmfMedia
LogPluginManager: Mounting plugin TcpMessaging
LogPluginManager: Mounting plugin UdpMessaging
LogPluginManager: Mounting plugin ActorSequence
LogPluginManager: Mounting plugin LevelSequenceEditor
LogPluginManager: Mounting plugin MatineeToLevelSequence
LogPluginManager: Mounting plugin NetcodeUnitTest
LogPluginManager: Mounting plugin NUTUnrealEngine4
LogPluginManager: Mounting plugin OnlineSubsystemGooglePlay
LogPluginManager: Mounting plugin OnlineSubsystemIOS
LogPluginManager: Mounting plugin OnlineSubsystem
LogPluginManager: Mounting plugin OnlineSubsystemNull
LogPluginManager: Mounting plugin OnlineSubsystemUtils
LogPluginManager: Mounting plugin AndroidDeviceProfileSelector
LogPluginManager: Mounting plugin AndroidMoviePlayer
LogPluginManager: Mounting plugin AndroidPermission
LogPluginManager: Mounting plugin AppleARKit
LogPluginManager: Mounting plugin AppleMoviePlayer
LogPluginManager: Mounting plugin ArchVisCharacter
LogPluginManager: Mounting plugin AudioCapture
LogPluginManager: Mounting plugin CableComponent
LogPluginManager: Mounting plugin CustomMeshComponent
LogPluginManager: Mounting plugin ExampleDeviceProfileSelector
LogPluginManager: Mounting plugin GoogleCloudMessaging
LogPluginManager: Mounting plugin ImmediatePhysics
LogPluginManager: Mounting plugin IOSDeviceProfileSelector
LogPluginManager: Mounting plugin LinuxDeviceProfileSelector
LogPluginManager: Mounting plugin LocationServicesBPLibrary
LogPluginManager: Mounting plugin MobilePatchingUtils
LogPluginManager: Mounting plugin OculusVR
LogPluginManager: Plugin shader directory ../../../Engine/Plugins/Runtime/Oculus/OculusVR/Shaders found
LogPluginManager: Mapping shader source directory ../../../Engine/Plugins/Runtime/Oculus/OculusVR/Shaders to virtual directory /Plugin/OculusVR
LogPluginManager: Mounting plugin PhysXVehicles
LogPluginManager: Mounting plugin ProceduralMeshComponent
LogPluginManager: Mounting plugin RuntimePhysXCooking
LogPluginManager: Mounting plugin SteamVR
LogPluginManager: Mounting plugin WindowsMoviePlayer
LogStreaming: Display: Took  0.172s to configure plugins.
LogModuleManager: Display: Found up-to-date module file ../../../../../../Users/wzeitler/Desktop/GameEngines/EX2_Waldemar_Zeitler/Binaries/Win64/UE4Editor-EX2_Waldemar_Zeitler.dll (API version 3944462).
LogModuleManager: Display: Found up-to-date module file ../../../Engine/Plugins/2D/Paper2D/Binaries/Win64/UE4Editor-Paper2D.dll (API version 3944462).
LogModuleManager: Display: Found up-to-date module file ../../../Engine/Plugins/2D/Paper2D/Binaries/Win64/UE4Editor-Paper2DEditor.dll (API version 3944462).
LogModuleManager: Display: Found up-to-date module file ../../../Engine/Plugins/2D/Paper2D/Binaries/Win64/UE4Editor-PaperSpriteSheetImporter.dll (API version 3944462).
LogModuleManager: Display: Found up-to-date module file ../../../Engine/Plugins/2D/Paper2D/Binaries/Win64/UE4Editor-PaperTiledImporter.dll (API version 3944462).
LogModuleManager: Display: Found up-to-date module file ../../../Engine/Plugins/2D/Paper2D/Binaries/Win64/UE4Editor-SmartSnapping.dll (API version 3944462).
LogModuleManager: Display: Found up-to-date module file ../../../Engine/Plugins/Animation/LiveLink/Binaries/Win64/UE4Editor-LiveLink.dll (API version 3944462).
LogModuleManager: Display: Found up-to-date module file ../../../Engine/Plugins/Animation/LiveLink/Binaries/Win64/UE4Editor-LiveLinkEditor.dll (API version 3944462).
LogModuleManager: Display: Found up-to-date module file ../../../Engine/Plugins/Blendables/LightPropagationVolume/Binaries/Win64/UE4Editor-LightPropagationVolumeRuntime.dll (API version 3944462).
LogModuleManager: Display: Found up-to-date module file ../../../Engine/Plugins/Blendables/LightPropagationVolume/Binaries/Win64/UE4Editor-LightPropagationVolumeEditor.dll (API version 3944462).
LogModuleManager: Display: Found up-to-date module file ../../../Engine/Plugins/Developer/CLionSourceCodeAccess/Binaries/Win64/UE4Editor-CLionSourceCodeAccess.dll (API version 3944462).
LogModuleManager: Display: Found up-to-date module file ../../../Engine/Plugins/Developer/GitSourceControl/Binaries/Win64/UE4Editor-GitSourceControl.dll (API version 3944462).
LogModuleManager: Display: Found up-to-date module file ../../../Engine/Plugins/Developer/PerforceSourceControl/Binaries/Win64/UE4Editor-PerforceSourceControl.dll (API version 3944462).
LogModuleManager: Display: Found up-to-date module file ../../../Engine/Plugins/Developer/SubversionSourceControl/Binaries/Win64/UE4Editor-SubversionSourceControl.dll (API version 3944462).
LogModuleManager: Display: Found up-to-date module file ../../../Engine/Plugins/Developer/UObjectPlugin/Binaries/Win64/UE4Editor-UObjectPlugin.dll (API version 3944462).
LogModuleManager: Display: Found up-to-date module file ../../../Engine/Plugins/Developer/VisualStudioCodeSourceCodeAccess/Binaries/Win64/UE4Editor-VisualStudioCodeSourceCodeAccess.dll (API version 3944462).
LogModuleManager: Display: Found up-to-date module file ../../../Engine/Plugins/Developer/VisualStudioSourceCodeAccess/Binaries/Win64/UE4Editor-VisualStudioSourceCodeAccess.dll (API version 3944462).
LogModuleManager: Display: Found up-to-date module file ../../../Engine/Plugins/Editor/AssetManagerEditor/Binaries/Win64/UE4Editor-AssetManagerEditor.dll (API version 3944462).
LogModuleManager: Display: Found up-to-date module file ../../../Engine/Plugins/Editor/CryptoKeys/Binaries/Win64/UE4Editor-CryptoKeys.dll (API version 3944462).
LogModuleManager: Display: Found up-to-date module file ../../../Engine/Plugins/Editor/CryptoKeys/Binaries/Win64/UE4Editor-CryptoKeysOpenSSL.dll (API version 3944462).
LogModuleManager: Display: Found up-to-date module file ../../../Engine/Plugins/Editor/DataValidation/Binaries/Win64/UE4Editor-DataValidation.dll (API version 3944462).
LogModuleManager: Display: Found up-to-date module file ../../../Engine/Plugins/Editor/FacialAnimation/Binaries/Win64/UE4Editor-FacialAnimation.dll (API version 3944462).
LogModuleManager: Display: Found up-to-date module file ../../../Engine/Plugins/Editor/FacialAnimation/Binaries/Win64/UE4Editor-FacialAnimationEditor.dll (API version 3944462).
LogModuleManager: Display: Found up-to-date module file ../../../Engine/Plugins/Editor/GameplayTagsEditor/Binaries/Win64/UE4Editor-GameplayTagsEditor.dll (API version 3944462).
LogModuleManager: Display: Found up-to-date module file ../../../Engine/Plugins/Editor/MobileLauncherProfileWizard/Binaries/Win64/UE4Editor-MobileLauncherProfileWizard.dll (API version 3944462).
LogModuleManager: Display: Found up-to-date module file ../../../Engine/Plugins/Editor/PluginBrowser/Binaries/Win64/UE4Editor-PluginBrowser.dll (API version 3944462).
LogModuleManager: Display: Found up-to-date module file ../../../Engine/Plugins/Editor/SpeedTreeImporter/Binaries/Win64/UE4Editor-SpeedTreeImporter.dll (API version 3944462).
LogModuleManager: Display: Found up-to-date module file ../../../Engine/Plugins/Enterprise/DatasmithContent/Binaries/Win64/UE4Editor-DatasmithContent.dll (API version 3944462).
LogModuleManager: Display: Found up-to-date module file ../../../Engine/Plugins/Experimental/AlembicImporter/Binaries/Win64/UE4Editor-AlembicImporter.dll (API version 3944462).
LogModuleManager: Display: Found up-to-date module file ../../../Engine/Plugins/Experimental/AlembicImporter/Binaries/Win64/UE4Editor-AlembicLibrary.dll (API version 3944462).
LogModuleManager: Display: Found up-to-date module file ../../../Engine/Plugins/Experimental/CharacterAI/Binaries/Win64/UE4Editor-CharacterAI.dll (API version 3944462).
LogModuleManager: Display: Found up-to-date module file ../../../Engine/Plugins/Experimental/HTML5Networking/Binaries/Win64/UE4Editor-HTML5Networking.dll (API version 3944462).
LogModuleManager: Display: Found up-to-date module file ../../../Engine/Plugins/Media/AndroidMedia/Binaries/Win64/UE4Editor-AndroidMediaEditor.dll (API version 3944462).
LogModuleManager: Display: Found up-to-date module file ../../../Engine/Plugins/Media/AndroidMedia/Binaries/Win64/UE4Editor-AndroidMediaFactory.dll (API version 3944462).
LogModuleManager: Display: Found up-to-date module file ../../../Engine/Plugins/Media/AvfMedia/Binaries/Win64/UE4Editor-AvfMediaEditor.dll (API version 3944462).
LogModuleManager: Display: Found up-to-date module file ../../../Engine/Plugins/Media/AvfMedia/Binaries/Win64/UE4Editor-AvfMediaFactory.dll (API version 3944462).
LogModuleManager: Display: Found up-to-date module file ../../../Engine/Plugins/Media/AvfMedia/Binaries/Win64/UE4Editor-AvfMediaFactory.dll (API version 3944462).
LogModuleManager: Display: Found up-to-date module file ../../../Engine/Plugins/Media/ImgMedia/Binaries/Win64/UE4Editor-ImgMedia.dll (API version 3944462).
LogModuleManager: Display: Found up-to-date module file ../../../Engine/Plugins/Media/ImgMedia/Binaries/Win64/UE4Editor-ImgMediaEditor.dll (API version 3944462).
LogModuleManager: Display: Found up-to-date module file ../../../Engine/Plugins/Media/ImgMedia/Binaries/Win64/UE4Editor-ImgMediaFactory.dll (API version 3944462).
LogModuleManager: Display: Found up-to-date module file ../../../Engine/Plugins/Media/ImgMedia/Binaries/Win64/UE4Editor-ImgMediaFactory.dll (API version 3944462).
LogModuleManager: Display: Found up-to-date module file ../../../Engine/Plugins/Media/ImgMedia/Binaries/Win64/UE4Editor-OpenExrWrapper.dll (API version 3944462).
LogModuleManager: Display: Found up-to-date module file ../../../Engine/Plugins/Media/LinearTimecode/Binaries/Win64/UE4Editor-LinearTimecode.dll (API version 3944462).
LogModuleManager: Display: Found up-to-date module file ../../../Engine/Plugins/Media/MediaCompositing/Binaries/Win64/UE4Editor-MediaCompositing.dll (API version 3944462).
LogModuleManager: Display: Found up-to-date module file ../../../Engine/Plugins/Media/MediaCompositing/Binaries/Win64/UE4Editor-MediaCompositingEditor.dll (API version 3944462).
LogModuleManager: Display: Found up-to-date module file ../../../Engine/Plugins/Media/MediaPlayerEditor/Binaries/Win64/UE4Editor-MediaPlayerEditor.dll (API version 3944462).
LogModuleManager: Display: Found up-to-date module file ../../../Engine/Plugins/Media/WmfMedia/Binaries/Win64/UE4Editor-WmfMedia.dll (API version 3944462).
LogModuleManager: Display: Found up-to-date module file ../../../Engine/Plugins/Media/WmfMedia/Binaries/Win64/UE4Editor-WmfMediaEditor.dll (API version 3944462).
LogModuleManager: Display: Found up-to-date module file ../../../Engine/Plugins/Media/WmfMedia/Binaries/Win64/UE4Editor-WmfMediaFactory.dll (API version 3944462).
LogModuleManager: Display: Found up-to-date module file ../../../Engine/Plugins/Media/WmfMedia/Binaries/Win64/UE4Editor-WmfMediaFactory.dll (API version 3944462).
LogModuleManager: Display: Found up-to-date module file ../../../Engine/Plugins/Messaging/TcpMessaging/Binaries/Win64/UE4Editor-TcpMessaging.dll (API version 3944462).
LogModuleManager: Display: Found up-to-date module file ../../../Engine/Plugins/Messaging/UdpMessaging/Binaries/Win64/UE4Editor-UdpMessaging.dll (API version 3944462).
LogModuleManager: Display: Found up-to-date module file ../../../Engine/Plugins/MovieScene/ActorSequence/Binaries/Win64/UE4Editor-ActorSequence.dll (API version 3944462).
LogModuleManager: Display: Found up-to-date module file ../../../Engine/Plugins/MovieScene/LevelSequenceEditor/Binaries/Win64/UE4Editor-LevelSequenceEditor.dll (API version 3944462).
LogModuleManager: Display: Found up-to-date module file ../../../Engine/Plugins/MovieScene/MatineeToLevelSequence/Binaries/Win64/UE4Editor-MatineeToLevelSequence.dll (API version 3944462).
LogModuleManager: Display: Found up-to-date module file ../../../Engine/Plugins/NetcodeUnitTest/NetcodeUnitTest/Binaries/Win64/UE4Editor-NetcodeUnitTest.dll (API version 3944462).
LogModuleManager: Display: Found up-to-date module file ../../../Engine/Plugins/NetcodeUnitTest/NUTUnrealEngine4/Binaries/Win64/UE4Editor-NUTUnrealEngine4.dll (API version 3944462).
LogModuleManager: Display: Found up-to-date module file ../../../Engine/Plugins/Online/OnlineSubsystem/Binaries/Win64/UE4Editor-OnlineSubsystem.dll (API version 3944462).
LogModuleManager: Display: Found up-to-date module file ../../../Engine/Plugins/Online/OnlineSubsystemNull/Binaries/Win64/UE4Editor-OnlineSubsystemNull.dll (API version 3944462).
LogModuleManager: Display: Found up-to-date module file ../../../Engine/Plugins/Online/OnlineSubsystemUtils/Binaries/Win64/UE4Editor-OnlineSubsystemUtils.dll (API version 3944462).
LogModuleManager: Display: Found up-to-date module file ../../../Engine/Plugins/Online/OnlineSubsystemUtils/Binaries/Win64/UE4Editor-OnlineBlueprintSupport.dll (API version 3944462).
LogModuleManager: Display: Found up-to-date module file ../../../Engine/Plugins/Runtime/AndroidDeviceProfileSelector/Binaries/Win64/UE4Editor-AndroidDeviceProfileSelector.dll (API version 3944462).
LogModuleManager: Display: Found up-to-date module file ../../../Engine/Plugins/Runtime/AndroidPermission/Binaries/Win64/UE4Editor-AndroidPermission.dll (API version 3944462).
LogModuleManager: Display: Found up-to-date module file ../../../Engine/Plugins/Runtime/AppleARKit/Binaries/Win64/UE4Editor-AppleARKit.dll (API version 3944462).
LogModuleManager: Display: Found up-to-date module file ../../../Engine/Plugins/Runtime/ArchVisCharacter/Binaries/Win64/UE4Editor-ArchVisCharacter.dll (API version 3944462).
LogModuleManager: Display: Found up-to-date module file ../../../Engine/Plugins/Runtime/AudioCapture/Binaries/Win64/UE4Editor-AudioCapture.dll (API version 3944462).
LogModuleManager: Display: Found up-to-date module file ../../../Engine/Plugins/Runtime/AudioCapture/Binaries/Win64/UE4Editor-AudioCaptureEditor.dll (API version 3944462).
LogModuleManager: Display: Found up-to-date module file ../../../Engine/Plugins/Runtime/CableComponent/Binaries/Win64/UE4Editor-CableComponent.dll (API version 3944462).
LogModuleManager: Display: Found up-to-date module file ../../../Engine/Plugins/Runtime/CustomMeshComponent/Binaries/Win64/UE4Editor-CustomMeshComponent.dll (API version 3944462).
LogModuleManager: Display: Found up-to-date module file ../../../Engine/Plugins/Runtime/ExampleDeviceProfileSelector/Binaries/Win64/UE4Editor-ExampleDeviceProfileSelector.dll (API version 3944462).
LogModuleManager: Display: Found up-to-date module file ../../../Engine/Plugins/Runtime/ImmediatePhysics/Binaries/Win64/UE4Editor-ImmediatePhysics.dll (API version 3944462).
LogModuleManager: Display: Found up-to-date module file ../../../Engine/Plugins/Runtime/ImmediatePhysics/Binaries/Win64/UE4Editor-ImmediatePhysicsEditor.dll (API version 3944462).
LogModuleManager: Display: Found up-to-date module file ../../../Engine/Plugins/Runtime/LocationServicesBPLibrary/Binaries/Win64/UE4Editor-LocationServicesBPLibrary.dll (API version 3944462).
LogModuleManager: Display: Found up-to-date module file ../../../Engine/Plugins/Runtime/MobilePatchingUtils/Binaries/Win64/UE4Editor-MobilePatchingUtils.dll (API version 3944462).
LogModuleManager: Display: Found up-to-date module file ../../../Engine/Plugins/Runtime/Oculus/OculusVR/Binaries/Win64/UE4Editor-OculusHMD.dll (API version 3944462).
LogModuleManager: Display: Found up-to-date module file ../../../Engine/Plugins/Runtime/Oculus/OculusVR/Binaries/Win64/UE4Editor-OculusInput.dll (API version 3944462).
LogModuleManager: Display: Found up-to-date module file ../../../Engine/Plugins/Runtime/Oculus/OculusVR/Binaries/Win64/UE4Editor-OculusEditor.dll (API version 3944462).
LogModuleManager: Display: Found up-to-date module file ../../../Engine/Plugins/Runtime/PhysXVehicles/Binaries/Win64/UE4Editor-PhysXVehicles.dll (API version 3944462).
LogModuleManager: Display: Found up-to-date module file ../../../Engine/Plugins/Runtime/PhysXVehicles/Binaries/Win64/UE4Editor-PhysXVehiclesEditor.dll (API version 3944462).
LogModuleManager: Display: Found up-to-date module file ../../../Engine/Plugins/Runtime/ProceduralMeshComponent/Binaries/Win64/UE4Editor-ProceduralMeshComponent.dll (API version 3944462).
LogModuleManager: Display: Found up-to-date module file ../../../Engine/Plugins/Runtime/ProceduralMeshComponent/Binaries/Win64/UE4Editor-ProceduralMeshComponentEditor.dll (API version 3944462).
LogModuleManager: Display: Found up-to-date module file ../../../Engine/Plugins/Runtime/RuntimePhysXCooking/Binaries/Win64/UE4Editor-RuntimePhysXCooking.dll (API version 3944462).
LogModuleManager: Display: Found up-to-date module file ../../../Engine/Plugins/Runtime/Steam/SteamVR/Binaries/Win64/UE4Editor-SteamVR.dll (API version 3944462).
LogModuleManager: Display: Found up-to-date module file ../../../Engine/Plugins/Runtime/Steam/SteamVR/Binaries/Win64/UE4Editor-SteamVRController.dll (API version 3944462).
LogModuleManager: Display: Found up-to-date module file ../../../Engine/Plugins/Runtime/WindowsMoviePlayer/Binaries/Win64/UE4Editor-WindowsMoviePlayer.dll (API version 3944462).
LogInit: Using libcurl 7.47.1
LogInit:  - built for x86_64-pc-win32
LogInit:  - supports SSL with OpenSSL/1.0.2g
LogInit:  - supports HTTP deflate (compression) using libz 1.2.8
LogInit:  - other features:
LogInit:      CURL_VERSION_SSL
LogInit:      CURL_VERSION_LIBZ
LogInit:      CURL_VERSION_IPV6
LogInit:      CURL_VERSION_ASYNCHDNS
LogInit:      CURL_VERSION_LARGEFILE
LogInit:      CURL_VERSION_IDN
LogInit:  CurlRequestOptions (configurable via config and command line):
LogInit:  - bVerifyPeer = false  - Libcurl will NOT verify peer certificate
LogInit:  - bUseHttpProxy = false  - Libcurl will NOT use HTTP proxy
LogInit:  - bDontReuseConnections = false  - Libcurl will reuse connections
LogInit:  - CertBundlePath = nullptr  - Libcurl will use whatever was configured at build time.
LogInit:  - MaxHostConnections = 16  - Libcurl will limit the number of connections to a host
LogInit:  - LocalHostAddr = Default
LogInit: WinSock: version 1.1 (2.2), MaxSocks=32767, MaxUdp=65467
LogInit: WinSock: I am DESKTOP-81T1O89 (192.168.0.40:0)
LogInit: Build: ++UE4+Release-4.19-CL-4033788
LogInit: Engine Version: 4.19.2-4033788+++UE4+Release-4.19
LogInit: Compatible Engine Version: 4.19.0-3944462+++UE4+Release-4.19
LogInit: Net CL: 3944462
LogDevObjectVersion: Number of dev versions registered: 18
LogDevObjectVersion:   Dev-Blueprints (B0D832E4-1F89-4F0D-ACCF-7EB736FD4AA2): 10
LogDevObjectVersion:   Dev-Build (E1C64328-A22C-4D53-A36C-8E866417BD8C): 0
LogDevObjectVersion:   Dev-Core (375EC13C-06E4-48FB-B500-84F0262A717E): 2
LogDevObjectVersion:   Dev-Editor (E4B068ED-F494-42E9-A231-DA0B2E46BB41): 23
LogDevObjectVersion:   Dev-Framework (CFFC743F-43B0-4480-9391-14DF171D2073): 33
LogDevObjectVersion:   Dev-Mobile (B02B49B5-BB20-44E9-A304-32B752E40360): 2
LogDevObjectVersion:   Dev-Networking (A4E4105C-59A1-49B5-A7C5-40C4547EDFEE): 0
LogDevObjectVersion:   Dev-Online (39C831C9-5AE6-47DC-9A44-9C173E1C8E7C): 0
LogDevObjectVersion:   Dev-Physics (78F01B33-EBEA-4F98-B9B4-84EACCB95AA2): 0
LogDevObjectVersion:   Dev-Platform (6631380F-2D4D-43E0-8009-CF276956A95A): 0
LogDevObjectVersion:   Dev-Rendering (12F88B9F-8875-4AFC-A67C-D90C383ABD29): 25
LogDevObjectVersion:   Dev-Sequencer (7B5AE74C-D270-4C10-A958-57980B212A5A): 6
LogDevObjectVersion:   Dev-VR (D7296918-1DD6-4BDD-9DE2-64A83CC13884): 1
LogDevObjectVersion:   Dev-LoadTimes (C2A15278-BFE7-4AFE-6C17-90FF531DF755): 1
LogDevObjectVersion:   Private-Geometry (6EACA3D4-40EC-4CC1-B786-8BED09428FC5): 2
LogDevObjectVersion:   Dev-AnimPhys (29E575DD-E0A3-4627-9D10-D276232CDCEA): 16
LogDevObjectVersion:   Dev-ReflectionCapture (6B266CEC-1EC7-4B8F-A30B-E4D90942FC07): 1
LogDevObjectVersion:   Dev-Automation (0DF73D61-A23F-47EA-B727-89E90C41499A): 1
LogInit: Compiled (64-bit): Apr 27 2018 02:06:57
LogInit: Compiled with Visual C++: 19.00.24215.01
LogInit: Build Configuration: Development
LogInit: Branch Name: ++UE4+Release-4.19
LogInit: Command Line:  -skipcompile
LogInit: Base Directory: C:/Program Files/Epic Games/UE_4.19/Engine/Binaries/Win64/
LogInit: Installed Engine Build: 1
LogStreaming: Display: Took  0.003s to delete old logs.
LogInit: Presizing for max 8388607 objects, including 0 objects not considered by GC, pre-allocating 0 bytes for permanent pool.
LogInit: Object subsystem initialized
[2018.11.19-13.58.02:046][  0]LogInit: Selected Device Profile: [Windows]
[2018.11.19-13.58.02:046][  0]LogInit: Applying CVar settings loaded from the selected device profile: [Windows]
[2018.11.19-13.58.02:058][  0]LogInit: Computer: DESKTOP-81T1O89
[2018.11.19-13.58.02:059][  0]LogInit: User: wzeitler
[2018.11.19-13.58.02:060][  0]LogInit: CPU Page size=4096, Cores=2
[2018.11.19-13.58.02:061][  0]LogInit: High frequency timer resolution =2.343753 MHz
[2018.11.19-13.58.02:062][  0]LogMemory: Memory total: Physical=15.9GB (16GB approx)
[2018.11.19-13.58.02:062][  0]LogMemory: Platform Memory Stats for Windows
[2018.11.19-13.58.02:062][  0]LogMemory: Process Physical Memory: 273.58 MB used, 273.58 MB peak
[2018.11.19-13.58.02:062][  0]LogMemory: Process Virtual Memory: 265.91 MB used, 265.91 MB peak
[2018.11.19-13.58.02:062][  0]LogMemory: Physical Memory: 5922.67 MB used,  10344.90 MB free, 16267.57 MB total
[2018.11.19-13.58.02:063][  0]LogMemory: Virtual Memory: 4778.17 MB used,  10344.90 MB free, 134217728.00 MB total
[2018.11.19-13.58.02:134][  0]LogInit: Using OS detected language (de-DE).
[2018.11.19-13.58.02:135][  0]LogInit: Using OS detected locale (de-DE).
[2018.11.19-13.58.02:140][  0]LogTextLocalizationManager: No localization for 'de-DE' exists, so 'en' will be used for the language.
[2018.11.19-13.58.02:765][  0]LogStreaming: Display: Took  0.631s to EndInitTextLocalization.
[2018.11.19-13.58.02:766][  0]LogInit: Setting process to per monitor DPI aware
[2018.11.19-13.58.02:826][  0]LogSlate: New Slate User Created.  User Index 0, Is Virtual User: 0
[2018.11.19-13.58.02:827][  0]LogSlate: Slate User Registered.  User Index 0, Is Virtual User: 0
[2018.11.19-13.58.03:094][  0]LogD3D11RHI: D3D11 adapters:
[2018.11.19-13.58.03:115][  0]LogD3D11RHI:    0. 'Intel(R) HD Graphics 520' (Feature Level 11_0)
[2018.11.19-13.58.03:115][  0]LogD3D11RHI:       128/0/8133 MB DedicatedVideo/DedicatedSystem/SharedSystem, Outputs:1, VendorId:0x8086
[2018.11.19-13.58.03:122][  0]LogD3D11RHI:    1. 'Microsoft Basic Render Driver' (Feature Level 11_0)
[2018.11.19-13.58.03:122][  0]LogD3D11RHI:       0/0/8133 MB DedicatedVideo/DedicatedSystem/SharedSystem, Outputs:0, VendorId:0x1414
[2018.11.19-13.58.03:122][  0]LogD3D11RHI: Chosen D3D11 Adapter: 0
[2018.11.19-13.58.03:129][  0]LogD3D11RHI: Creating new Direct3DDevice
[2018.11.19-13.58.03:129][  0]LogD3D11RHI:     GPU DeviceId: 0x1916 (for the marketing name, search the web for "GPU Device Id")
[2018.11.19-13.58.03:129][  0]LogWindows: EnumDisplayDevices:
[2018.11.19-13.58.03:129][  0]LogWindows:    0. 'Intel(R) HD Graphics 520' (P:1 D:1)
[2018.11.19-13.58.03:130][  0]LogWindows:    1. 'Intel(R) HD Graphics 520' (P:0 D:0)
[2018.11.19-13.58.03:130][  0]LogWindows:    2. 'Intel(R) HD Graphics 520' (P:0 D:0)
[2018.11.19-13.58.03:130][  0]LogWindows: DebugString: GetVideoDriverDetailsInvalid PrimaryIsNotTheChoosenAdapter GetVideoDriverDetailsInvalid PrimaryIsNotTheChoosenAdapter GetVideoDriverDetailsInvalid PrimaryIsNotTheChoosenAdapter FoundDriverCount:0 
[2018.11.19-13.58.03:130][  0]LogD3D11RHI:     Adapter Name: Intel(R) HD Graphics 520
[2018.11.19-13.58.03:130][  0]LogD3D11RHI:   Driver Version: Unknown (internal:Unknown, unified:Unknown)
[2018.11.19-13.58.03:130][  0]LogD3D11RHI:      Driver Date: Unknown
[2018.11.19-13.58.03:130][  0]LogRHI: Texture pool is 1523 MB (70% of 2176 MB)
[2018.11.19-13.58.03:144][  0]LogD3D11RHI: Async texture creation enabled
[2018.11.19-13.58.03:151][  0]LogD3D11RHI: GPU Timing Frequency: 12.000000 (Debug: 2 0)
[2018.11.19-13.58.03:153][  0]LogShaderCompilers: Guid format shader working directory is -25 characters bigger than the processId version (../../../../../../Users/wzeitler/Desktop/GameEngines/EX2_Waldemar_Zeitler/Intermediate/Shaders/WorkingDirectory/14192/).
[2018.11.19-13.58.03:153][  0]LogShaderCompilers: Cleaned the shader compiler working directory 'C:/Users/wzeitler/AppData/Local/Temp/UnrealShaderWorkingDir/F68860DF4E27B98C49DB69A36FD0F61C/'.
[2018.11.19-13.58.03:479][  0]LogTemp: Display: Loaded TP AllDesktopTargetPlatform
[2018.11.19-13.58.03:501][  0]LogTemp: Display: Loaded TP MacClientTargetPlatform
[2018.11.19-13.58.03:523][  0]LogTemp: Display: Loaded TP MacNoEditorTargetPlatform
[2018.11.19-13.58.03:545][  0]LogTemp: Display: Loaded TP MacServerTargetPlatform
[2018.11.19-13.58.03:565][  0]LogTemp: Display: Loaded TP MacTargetPlatform
[2018.11.19-13.58.03:588][  0]LogTemp: Display: Loaded TP WindowsClientTargetPlatform
[2018.11.19-13.58.03:607][  0]LogTemp: Display: Loaded TP WindowsNoEditorTargetPlatform
[2018.11.19-13.58.03:630][  0]LogTemp: Display: Loaded TP WindowsServerTargetPlatform
[2018.11.19-13.58.03:644][  0]LogTemp: Display: Loaded TP WindowsTargetPlatform
[2018.11.19-13.58.03:666][  0]LogTemp: Display: Loaded TP Android_ASTCTargetPlatform
[2018.11.19-13.58.03:687][  0]LogTemp: Display: Loaded TP Android_ATCTargetPlatform
[2018.11.19-13.58.03:709][  0]LogTemp: Display: Loaded TP Android_DXTTargetPlatform
[2018.11.19-13.58.03:731][  0]LogTemp: Display: Loaded TP Android_ETC1aTargetPlatform
[2018.11.19-13.58.03:752][  0]LogTemp: Display: Loaded TP Android_ETC1TargetPlatform
[2018.11.19-13.58.03:777][  0]LogTemp: Display: Loaded TP Android_ETC2TargetPlatform
[2018.11.19-13.58.03:825][  0]LogTemp: Display: Loaded TP Android_MultiTargetPlatform
[2018.11.19-13.58.03:825][  0]LogTemp: Display: Loaded TP Android_PVRTCTargetPlatform
[2018.11.19-13.58.03:845][  0]LogTemp: Display: Loaded TP AndroidTargetPlatform
[2018.11.19-13.58.03:850][  0]LogTemp: Display: Loaded TP HTML5TargetPlatform
[2018.11.19-13.58.03:914][  0]LogTemp: Display: Loaded TP IOSTargetPlatform
[2018.11.19-13.58.03:934][  0]LogTemp: Display: Loaded TP TVOSTargetPlatform
[2018.11.19-13.58.03:956][  0]LogTemp: Display: Loaded TP LinuxClientTargetPlatform
[2018.11.19-13.58.03:981][  0]LogTemp: Display: Loaded TP LinuxNoEditorTargetPlatform
[2018.11.19-13.58.04:009][  0]LogTemp: Display: Loaded TP LinuxServerTargetPlatform
[2018.11.19-13.58.04:036][  0]LogTemp: Display: Loaded TP LinuxTargetPlatform
[2018.11.19-13.58.04:036][  0]LogTargetPlatformManager: Display: Building Assets For Windows
[2018.11.19-13.58.04:263][  0]LogXGEController: Cleaning working directory: C:/Users/wzeitler/AppData/Local/Temp/UnrealXGEWorkingDir/
[2018.11.19-13.58.04:263][  0]LogXGEController: Cannot use XGE Controller as Incredibuild is not installed on this machine.
[2018.11.19-13.58.04:264][  0]LogShaderCompilers: Cannot use XGE Shader Compiler as Incredibuild is not installed on this machine.
[2018.11.19-13.58.04:264][  0]LogShaderCompilers: Display: Using Local Shader Compiler.
[2018.11.19-13.58.05:285][  0]LogDerivedDataCache: Display: Max Cache Size: 512 MB
[2018.11.19-13.58.05:366][  0]LogDerivedDataCache: Loaded boot cache 0.08s 77MB C:/Users/wzeitler/AppData/Local/UnrealEngine/4.19/DerivedDataCache/Boot.ddc.
[2018.11.19-13.58.05:366][  0]LogDerivedDataCache: Display: Loaded Boot cache: C:/Users/wzeitler/AppData/Local/UnrealEngine/4.19/DerivedDataCache/Boot.ddc
[2018.11.19-13.58.05:366][  0]LogDerivedDataCache: FDerivedDataBackendGraph:  Pak pak cache file ../../../../../../Users/wzeitler/Desktop/GameEngines/EX2_Waldemar_Zeitler/DerivedDataCache/DDC.ddp not found, will not use a pak cache.
[2018.11.19-13.58.05:366][  0]LogDerivedDataCache: Unable to find inner node Pak for hierarchical cache Hierarchy.
[2018.11.19-13.58.05:366][  0]LogDerivedDataCache: FDerivedDataBackendGraph:  CompressedPak pak cache file ../../../../../../Users/wzeitler/Desktop/GameEngines/EX2_Waldemar_Zeitler/DerivedDataCache/Compressed.ddp not found, will not use a pak cache.
[2018.11.19-13.58.05:366][  0]LogDerivedDataCache: Unable to find inner node CompressedPak for hierarchical cache Hierarchy.
[2018.11.19-13.58.05:386][  0]LogDerivedDataCache: Display: Pak cache opened for reading ../../../Engine/DerivedDataCache/Compressed.ddp.
[2018.11.19-13.58.05:401][  0]LogDerivedDataCache: Using Local data cache path C:/Users/wzeitler/AppData/Local/UnrealEngine/Common/DerivedDataCache: Writable
[2018.11.19-13.58.05:401][  0]LogDerivedDataCache: Shared data cache path not found in *engine.ini, will not use an Shared cache.
[2018.11.19-13.58.05:401][  0]LogDerivedDataCache: Unable to find inner node Shared for hierarchical cache Hierarchy.
[2018.11.19-13.58.05:415][  0]LogMaterial: Verifying Global Shaders for PCD3D_SM5
[2018.11.19-13.58.05:415][  0]LogSlate: Using Freetype 2.6.0
[2018.11.19-13.58.05:416][  0]LogSlate: SlateFontCache - WITH_FREETYPE: 1, WITH_HARFBUZZ: 1
[2018.11.19-13.58.05:416][  0]LogSlate: SlateFontCache - WITH_FREETYPE: 1, WITH_HARFBUZZ: 1
[2018.11.19-13.58.05:566][  0]LogAssetRegistry: FAssetRegistry took 0.0309 seconds to start up
[2018.11.19-13.58.05:967][  0]LogInit: Selected Device Profile: [Windows]
[2018.11.19-13.58.06:178][  0]LogSimplygon: Simplygon DLL not present - disabling.
[2018.11.19-13.58.06:184][  0]LogMeshReduction: Using SimplygonSwarm for distributed automatic mesh merging
[2018.11.19-13.58.06:184][  0]LogMeshReduction: Using QuadricMeshReduction for automatic static mesh reduction
[2018.11.19-13.58.06:184][  0]LogMeshReduction: No automatic skeletal mesh reduction module available
[2018.11.19-13.58.06:184][  0]LogMeshReduction: No automatic mesh merging module available
[2018.11.19-13.58.06:184][  0]LogMeshMerging: No automatic mesh merging module available
[2018.11.19-13.58.06:221][  0]LogNetVersion: EX2_Waldemar_Zeitler , NetCL: 3944462, EngineNetVer: 2, GameNetVer: 0 (Checksum: 2336633404)
[2018.11.19-13.58.06:754][  0]LogPackageLocalizationCache: Processed 9 localized package path(s) for 1 prioritized culture(s) in 0.048099 seconds
[2018.11.19-13.58.06:762][  0]LogUObjectArray: 36728 objects as part of root set at end of initial load.
[2018.11.19-13.58.06:762][  0]LogUObjectAllocator: 7314304 out of 0 bytes used by permanent object pool.
[2018.11.19-13.58.06:762][  0]LogUObjectArray: CloseDisregardForGC: 0/0 objects in disregard for GC pool
[2018.11.19-13.58.08:935][  0]LogTcpMessaging: Initializing TcpMessaging bridge
[2018.11.19-13.58.08:970][  0]LogUdpMessaging: Initializing bridge on interface 0.0.0.0:0 to multicast group 230.0.0.1:6666.
[2018.11.19-13.58.09:319][  0]LogUObjectGlobals: Created PersistentFrame Addr=0x000001c2353e7190, Size=112, Default__ThirdPerson_AnimBP_C Function /Game/Mannequin/Animations/ThirdPerson_AnimBP.ThirdPerson_AnimBP_C:ExecuteUbergraph_ThirdPerson_AnimBP
[2018.11.19-13.58.09:330][  0]LogUObjectGlobals: Destroyed PersistentFrame Addr=0x000001c2353e7190, Size=112
[2018.11.19-13.58.09:330][  0]LogUObjectGlobals: Created PersistentFrame Addr=0x000001c2353e7190, Size=112, Default__ThirdPerson_AnimBP_C Function /Engine/Transient.REINST_ThirdPerson_AnimBP_C_0:ExecuteUbergraph_ThirdPerson_AnimBP
[2018.11.19-13.58.09:342][  0]LogUObjectGlobals: Created PersistentFrame Addr=0x000001c235056c50, Size=112, Default__ThirdPerson_AnimBP_C Function /Game/Mannequin/Animations/ThirdPerson_AnimBP.ThirdPerson_AnimBP_C:ExecuteUbergraph_ThirdPerson_AnimBP
[2018.11.19-13.58.09:383][  0]LogUObjectGlobals: Created PersistentFrame Addr=0x000001c235416240, Size=8, Default__ThirdPersonCharacter_C Function /Game/ThirdPersonCPP/Blueprints/ThirdPersonCharacter.ThirdPersonCharacter_C:ExecuteUbergraph_ThirdPersonCharacter
[2018.11.19-13.58.09:386][  0]LogUObjectGlobals: Destroyed PersistentFrame Addr=0x000001c235416240, Size=8
[2018.11.19-13.58.09:386][  0]LogUObjectGlobals: Created PersistentFrame Addr=0x000001c235416240, Size=8, Default__ThirdPersonCharacter_C Function /Engine/Transient.REINST_ThirdPersonCharacter_C_4:ExecuteUbergraph_ThirdPersonCharacter
[2018.11.19-13.58.09:388][  0]LogUObjectGlobals: Created PersistentFrame Addr=0x000001c235416160, Size=8, Default__ThirdPersonCharacter_C Function /Game/ThirdPersonCPP/Blueprints/ThirdPersonCharacter.ThirdPersonCharacter_C:ExecuteUbergraph_ThirdPersonCharacter
[2018.11.19-13.58.09:437][  0]LogSkeletalMesh: Skeletal Mesh found in DDC [3.284903ms] /Game/Mannequin/Character/Mesh/SK_Mannequin.SK_Mannequin
[2018.11.19-13.58.09:640][  0]SourceControl: Source control is disabled
[2018.11.19-13.58.09:640][  0]SourceControl: Source control is disabled
[2018.11.19-13.58.09:662][  0]SourceControl: Source control is disabled
[2018.11.19-13.58.09:685][  0]SourceControl: Source control is disabled
[2018.11.19-13.58.10:403][  0]LogAndroidPermission: UAndroidPermissionCallbackProxy::GetInstance
[2018.11.19-13.58.10:629][  0]LogOcInput: OculusInput pre-init called
[2018.11.19-13.58.10:773][  0]LogEngine: Initializing Engine...
[2018.11.19-13.58.10:775][  0]LogHMD: Failed to initialize OpenVR with code 110
[2018.11.19-13.58.10:777][  0]LogStats: UGameplayTagsManager::ConstructGameplayTagTree: Construct from data asset -  0.000 s
[2018.11.19-13.58.10:777][  0]LogStats: UGameplayTagsManager::ConstructGameplayTagTree: GameplayTagTreeChangedEvent.Broadcast -  0.000 s
[2018.11.19-13.58.11:062][  0]LogAIModule: Creating AISystem for world Untitled
[2018.11.19-13.58.11:076][  0]LogInit: XAudio2 using 'Lautsprecher/Kopfhörer (Realtek High Definition Audio)' : 2 channels at 48 kHz using 32 bits per sample (channel mask 0x3)
[2018.11.19-13.58.11:105][  0]LogInit: FAudioDevice initialized.
[2018.11.19-13.58.11:192][  0]LogDerivedDataCache: Saved boot cache 0.09s 77MB C:/Users/wzeitler/AppData/Local/UnrealEngine/4.19/DerivedDataCache/Boot.ddc.
[2018.11.19-13.58.11:208][  0]LogInit: Texture streaming: Enabled
[2018.11.19-13.58.11:239][  0]LogEngineSessionManager: EngineSessionManager initialized
[2018.11.19-13.58.11:253][  0]LogInit: Transaction tracking system initialized
[2018.11.19-13.58.11:298][  0]BlueprintLog: New page: Editor Load
[2018.11.19-13.58.11:502][  0]LocalizationService: Localization service is disabled
[2018.11.19-13.58.11:666][  0]LogConsoleResponse: Display: 
[2018.11.19-13.58.11:917][  0]LogCook: Display: Max memory allowance for cook 16384mb min free memory 0mb
[2018.11.19-13.58.11:918][  0]LogCook: Display: Mobile HDR setting 1
[2018.11.19-13.58.11:918][  0]LogGameplayTags: Display: UGameplayTagsManager::DoneAddingNativeTags. DelegateIsBound: 0
[2018.11.19-13.58.11:918][  0]LogStats: UGameplayTagsManager::ConstructGameplayTagTree: Construct from data asset -  0.000 s
[2018.11.19-13.58.11:918][  0]LogStats: UGameplayTagsManager::ConstructGameplayTagTree: GameplayTagTreeChangedEvent.Broadcast -  0.000 s
[2018.11.19-13.58.12:424][  0]LogFileCache: Scanning file cache for directory 'C:/Users/wzeitler/Desktop/GameEngines/EX2_Waldemar_Zeitler/Content/' took 0.02s
[2018.11.19-13.58.12:424][  0]SourceControl: Source control is disabled
[2018.11.19-13.58.12:425][  0]Cmd: MAP LOAD FILE="../../../../../../Users/wzeitler/Desktop/GameEngines/EX2_Waldemar_Zeitler/Content/ThirdPersonCPP/Maps/ThirdPersonExampleMap.umap" TEMPLATE=0 SHOWPROGRESS=1 FEATURELEVEL=3
[2018.11.19-13.58.12:425][  0]LightingResults: New page: Lighting Build
[2018.11.19-13.58.12:429][  0]MapCheck: New page: Map Check
[2018.11.19-13.58.12:429][  0]LightingResults: New page: Lighting Build
[2018.11.19-13.58.12:445][  0]LogUObjectGlobals: Destroyed PersistentFrame Addr=0x000001c2353e7190, Size=112
[2018.11.19-13.58.12:446][  0]LogUObjectGlobals: Destroyed PersistentFrame Addr=0x000001c235416240, Size=8
[2018.11.19-13.58.12:672][  0]LogAIModule: Creating AISystem for world ThirdPersonExampleMap
[2018.11.19-13.58.12:684][  0]LogEditorServer: Finished looking for orphan Actors (0.000 secs)
[2018.11.19-13.58.12:707][  0]Cmd: MAP CHECKDEP NOCLEARLOG
[2018.11.19-13.58.12:809][  0]MapCheck: Map check complete: 0 Error(s), 0 Warning(s), took 100,282ms to complete.
[2018.11.19-13.58.12:809][  0]LogFileHelpers: Loading map 'ThirdPersonExampleMap' took 0.383
[2018.11.19-13.58.13:049][  0]LogCollectionManager: Loaded 0 collections in 0.002617 seconds
[2018.11.19-13.58.13:130][  0]LogFileCache: Scanning file cache for directory 'C:/Users/wzeitler/Desktop/GameEngines/EX2_Waldemar_Zeitler/Saved/Collections/' took 0.01s
[2018.11.19-13.58.13:131][  0]LogFileCache: Scanning file cache for directory 'C:/Users/wzeitler/Desktop/GameEngines/EX2_Waldemar_Zeitler/Content/Developers/wzeitler/Collections/' took 0.01s
[2018.11.19-13.58.13:131][  0]LogFileCache: Scanning file cache for directory 'C:/Users/wzeitler/Desktop/GameEngines/EX2_Waldemar_Zeitler/Content/Collections/' took 0.02s
[2018.11.19-13.58.13:131][  0]LogCollectionManager: Rebuilt the GUID cache for 0 collections in 0.000001 seconds
[2018.11.19-13.58.13:157][  0]LogContentBrowser: Native class hierarchy populated in 0.0244 seconds. Added 2454 classes and 560 folders.
[2018.11.19-13.58.13:169][  0]LogContentBrowser: Native class hierarchy updated for 'WidgetCarousel' in 0.0011 seconds. Added 0 classes and 0 folders.
[2018.11.19-13.58.13:231][  0]LogContentBrowser: Native class hierarchy updated for 'AddContentDialog' in 0.0008 seconds. Added 0 classes and 0 folders.
[2018.11.19-13.58.13:242][  0]LogContentBrowser: Native class hierarchy updated for 'SceneOutliner' in 0.0009 seconds. Added 1 classes and 2 folders.
[2018.11.19-13.58.13:331][  0]LogSlate: Took 0.000242 seconds to synchronously load lazily loaded font '../../../Engine/Content/Slate/Fonts/Roboto-Regular.ttf' (155K)
[2018.11.19-13.58.13:334][  0]LogSlate: Took 0.000236 seconds to synchronously load lazily loaded font '../../../Engine/Content/Slate/Fonts/Roboto-Bold.ttf' (160K)
[2018.11.19-13.58.13:344][  0]LogSlate: Took 0.000288 seconds to synchronously load lazily loaded font '../../../Engine/Content/Editor/Slate/Fonts/FontAwesome.ttf' (139K)
[2018.11.19-13.58.13:345][  0]LogSlate: Took 0.000244 seconds to synchronously load lazily loaded font '../../../Engine/Content/Slate/Fonts/DroidSansMono.ttf' (77K)
[2018.11.19-13.58.13:522][  0]LogRenderer: Reallocating scene render targets to support 1176x336 Format 10 NumSamples 1 (Frame:1).
[2018.11.19-13.58.14:595][  0]LogContentBrowser: Native class hierarchy updated for 'HierarchicalLODOutliner' in 0.0024 seconds. Added 0 classes and 0 folders.
[2018.11.19-13.58.14:595][  0]LogLoad: (Engine Initialization) Total time: 16.58 seconds
[2018.11.19-13.58.14:596][  0]LogLoad: (Engine Initialization) Total Blueprint compile time: 0.00 seconds
[2018.11.19-13.58.14:615][  0]LogWindowsTextInputMethodSystem: Display: IME system now deactivated.
[2018.11.19-13.58.14:633][  0]LogContentStreaming: Texture pool size now 1000 MB
[2018.11.19-13.58.14:666][  1]LogAssetRegistry: Asset discovery search completed in 9.1261 seconds
[2018.11.19-13.58.14:669][  1]LogCollectionManager: Rebuilt the object cache for 0 collections in 0.000000 seconds (found 0 objects)
[2018.11.19-13.58.14:669][  1]LogCollectionManager: Fixed up redirectors for 0 collections in 0.000441 seconds (updated 0 objects)
[2018.11.19-13.58.23:148][248]LogSlate: FSceneViewport::OnFocusLost() reason 0
[2018.11.19-13.58.23:186][248]LogSlate: Took 0.000252 seconds to synchronously load lazily loaded font '../../../Engine/Content/Slate/Fonts/Roboto-Light.ttf' (167K)
[2018.11.19-13.58.24:734][271]LogSlate: Took 0.000557 seconds to synchronously load lazily loaded font '../../../Engine/Content/Slate/Fonts/Roboto-Light.ttf' (167K)
[2018.11.19-13.58.24:834][271]LogContentBrowser: Native class hierarchy updated for 'SkeletonEditor' in 0.0009 seconds. Added 1 classes and 2 folders.
[2018.11.19-13.58.25:101][271]LogActorComponent: RegisterComponentWithWorld: (/Engine/Transient.World_4:PersistentLevel.Actor_0.DebugSkelMeshComponent_0) Already registered. Aborting.
[2018.11.19-13.58.25:106][271]LogContentBrowser: Native class hierarchy updated for 'PinnedCommandList' in 0.0010 seconds. Added 1 classes and 0 folders.
[2018.11.19-13.58.25:456][271]LogContentBrowser: Native class hierarchy updated for 'BlueprintGraph' in 0.0011 seconds. Added 116 classes and 0 folders.
[2018.11.19-13.58.25:825][271]LogUObjectGlobals: Created PersistentFrame Addr=0x000001c285861190, Size=4, Default__SKEL_PROTO_BP_AnimBlueprint_0_C Function /Engine/Transient.SKEL_PROTO_BP_AnimBlueprint_0_C:ExecuteUbergraph_PROTO_BP_AnimBlueprint_0
[2018.11.19-13.58.25:827][271]LogUObjectGlobals: Created PersistentFrame Addr=0x000001c285861188, Size=4, Default__PROTO_BP_AnimBlueprint_0_C Function /Engine/Transient.PROTO_BP_AnimBlueprint_0_C:ExecuteUbergraph_PROTO_BP_AnimBlueprint_0
[2018.11.19-13.58.26:310][271]LogSkeletalMesh: USkeletalMeshComponent::InitArticulated : Bodies already created (/Engine/Transient.World_4:PersistentLevel.Actor_0.DebugSkelMeshComponent_0) - call TermArticulated first.
[2018.11.19-13.58.26:766][271]LogSlate: Took 0.000285 seconds to synchronously load lazily loaded font '../../../Engine/Content/Slate/Fonts/Roboto-BoldCondensed.ttf' (158K)
[2018.11.19-13.58.26:940][271]LogContentBrowser: Native class hierarchy updated for 'ClothingSystemEditorInterface' in 0.0021 seconds. Added 1 classes and 0 folders.
[2018.11.19-13.58.36:955][496]LogSlate: Window 'ThirdPerson_AnimBP' being destroyed
[2018.11.19-13.58.36:989][497]LogRenderer: Reallocating scene render targets to support 1468x416 Format 10 NumSamples 1 (Frame:404).
[2018.11.19-13.58.38:385][538]LogTemp: Repeating last play command: Selected Viewport
[2018.11.19-13.58.38:401][538]LogBlueprintUserMessages: Early PlayInEditor Detection: Level '/Game/ThirdPersonCPP/Maps/ThirdPersonExampleMap.ThirdPersonExampleMap:PersistentLevel' has LevelScriptBlueprint '/Game/ThirdPersonCPP/Maps/ThirdPersonExampleMap.ThirdPersonExampleMap:PersistentLevel.ThirdPersonExampleMap' with GeneratedClass '/Game/ThirdPersonCPP/Maps/ThirdPersonExampleMap.ThirdPersonExampleMap_C' with ClassGeneratedBy '/Game/ThirdPersonCPP/Maps/ThirdPersonExampleMap.ThirdPersonExampleMap:PersistentLevel.ThirdPersonExampleMap'
[2018.11.19-13.58.38:402][538]LogPlayLevel: PlayLevel: No blueprints needed recompiling
[2018.11.19-13.58.38:404][538]PIE: New page: PIE session: ThirdPersonExampleMap (19.11.2018 15:58:38)
[2018.11.19-13.58.38:404][538]LogPlayLevel: Creating play world package: /Game/ThirdPersonCPP/Maps/UEDPIE_0_ThirdPersonExampleMap
[2018.11.19-13.58.38:436][538]LogPlayLevel: PIE: StaticDuplicateObject took: (0.031256s)
[2018.11.19-13.58.38:437][538]LogAIModule: Creating AISystem for world ThirdPersonExampleMap
[2018.11.19-13.58.38:438][538]LogPlayLevel: PIE: World Init took: (0.001623s)
[2018.11.19-13.58.38:439][538]LogPlayLevel: PIE: Created PIE world by copying editor world from /Game/ThirdPersonCPP/Maps/ThirdPersonExampleMap.ThirdPersonExampleMap to /Game/ThirdPersonCPP/Maps/UEDPIE_0_ThirdPersonExampleMap.ThirdPersonExampleMap (0.034378s)
[2018.11.19-13.58.38:478][538]LogInit: XAudio2 using 'Lautsprecher/Kopfhörer (Realtek High Definition Audio)' : 2 channels at 48 kHz using 32 bits per sample (channel mask 0x3)
[2018.11.19-13.58.38:496][538]LogInit: FAudioDevice initialized.
[2018.11.19-13.58.38:550][538]LogLoad: Game class is 'EX2_Waldemar_ZeitlerGameMode'
[2018.11.19-13.58.38:554][538]LogWorld: Bringing World /Game/ThirdPersonCPP/Maps/UEDPIE_0_ThirdPersonExampleMap.ThirdPersonExampleMap up for play (max tick rate 60) at 2018.11.19-14.58.38
[2018.11.19-13.58.38:555][538]LogWorld: Bringing up level for play took: 0.003356
[2018.11.19-13.58.38:560][538]LogContentBrowser: Native class hierarchy updated for 'MovieSceneCapture' in 0.0012 seconds. Added 11 classes and 0 folders.
[2018.11.19-13.58.38:562][538]PIE: Play in editor start time for /Game/ThirdPersonCPP/Maps/UEDPIE_0_ThirdPersonExampleMap 0,905
[2018.11.19-13.58.38:563][538]LogBlueprintUserMessages: Late PlayInEditor Detection: Level '/Game/ThirdPersonCPP/Maps/ThirdPersonExampleMap.ThirdPersonExampleMap:PersistentLevel' has LevelScriptBlueprint '/Game/ThirdPersonCPP/Maps/ThirdPersonExampleMap.ThirdPersonExampleMap:PersistentLevel.ThirdPersonExampleMap' with GeneratedClass '/Game/ThirdPersonCPP/Maps/ThirdPersonExampleMap.ThirdPersonExampleMap_C' with ClassGeneratedBy '/Game/ThirdPersonCPP/Maps/ThirdPersonExampleMap.ThirdPersonExampleMap:PersistentLevel.ThirdPersonExampleMap'
[2018.11.19-13.58.47:523][840]LogBlueprintUserMessages: Early EndPlayMap Detection: Level '/Game/ThirdPersonCPP/Maps/ThirdPersonExampleMap.ThirdPersonExampleMap:PersistentLevel' has LevelScriptBlueprint '/Game/ThirdPersonCPP/Maps/ThirdPersonExampleMap.ThirdPersonExampleMap:PersistentLevel.ThirdPersonExampleMap' with GeneratedClass '/Game/ThirdPersonCPP/Maps/ThirdPersonExampleMap.ThirdPersonExampleMap_C' with ClassGeneratedBy '/Game/ThirdPersonCPP/Maps/ThirdPersonExampleMap.ThirdPersonExampleMap:PersistentLevel.ThirdPersonExampleMap'
[2018.11.19-13.58.47:604][840]LogBlueprintUserMessages: Late EndPlayMap Detection: Level '/Game/ThirdPersonCPP/Maps/ThirdPersonExampleMap.ThirdPersonExampleMap:PersistentLevel' has LevelScriptBlueprint '/Game/ThirdPersonCPP/Maps/ThirdPersonExampleMap.ThirdPersonExampleMap:PersistentLevel.ThirdPersonExampleMap' with GeneratedClass '/Game/ThirdPersonCPP/Maps/ThirdPersonExampleMap.ThirdPersonExampleMap_C' with ClassGeneratedBy '/Game/ThirdPersonCPP/Maps/ThirdPersonExampleMap.ThirdPersonExampleMap:PersistentLevel.ThirdPersonExampleMap'
[2018.11.19-13.58.49:255][882]LogSlate: FSceneViewport::OnFocusLost() reason 0
[2018.11.19-13.58.49:391][884]LogRenderer: Reallocating scene render targets to support 1468x420 Format 10 NumSamples 1 (Frame:472).
[2018.11.19-13.58.49:486][885]LogRenderer: Reallocating scene render targets to support 1468x440 Format 10 NumSamples 1 (Frame:474).
[2018.11.19-13.58.49:583][886]LogRenderer: Reallocating scene render targets to support 1468x460 Format 10 NumSamples 1 (Frame:476).
[2018.11.19-13.58.49:711][887]LogRenderer: Reallocating scene render targets to support 1468x484 Format 10 NumSamples 1 (Frame:478).
[2018.11.19-13.58.49:776][888]LogRenderer: Reallocating scene render targets to support 1468x500 Format 10 NumSamples 1 (Frame:480).
[2018.11.19-13.58.49:916][889]LogRenderer: Reallocating scene render targets to support 1468x512 Format 10 NumSamples 1 (Frame:482).
[2018.11.19-13.58.50:009][890]LogRenderer: Reallocating scene render targets to support 1468x520 Format 10 NumSamples 1 (Frame:484).
[2018.11.19-13.58.50:143][891]LogRenderer: Reallocating scene render targets to support 1468x532 Format 10 NumSamples 1 (Frame:486).
[2018.11.19-13.58.50:276][892]LogRenderer: Reallocating scene render targets to support 1468x552 Format 10 NumSamples 1 (Frame:488).
[2018.11.19-13.58.50:431][893]LogRenderer: Reallocating scene render targets to support 1468x564 Format 10 NumSamples 1 (Frame:490).
[2018.11.19-13.58.50:620][894]LogRenderer: Reallocating scene render targets to support 1468x568 Format 10 NumSamples 1 (Frame:492).
[2018.11.19-13.58.51:815][910]LogSavePackage: Save=164.12ms
[2018.11.19-13.58.51:816][910]LogSavePackage: Moving '../../../../../../Users/wzeitler/Desktop/GameEngines/EX2_Waldemar_Zeitler/Saved/ThirdPersonExampleMapB85A676C4FAB51EF043B54B61DEE2D41.tmp' to '../../../../../../Users/wzeitler/Desktop/GameEngines/EX2_Waldemar_Zeitler/Content/ThirdPersonCPP/Maps/ThirdPersonExampleMap.umap'
[2018.11.19-13.58.51:822][910]LogSavePackage: Display: Finished SavePackage ../../../../../../Users/wzeitler/Desktop/GameEngines/EX2_Waldemar_Zeitler/Content/ThirdPersonCPP/Maps/ThirdPersonExampleMap.umap
[2018.11.19-13.58.52:336][910]LogSavePackage: Save=481.24ms
[2018.11.19-13.58.52:336][910]LogSavePackage: Moving '../../../../../../Users/wzeitler/Desktop/GameEngines/EX2_Waldemar_Zeitler/Saved/ThirdPersonExampleMap_BuiltData167F395C453CA8CFEC92DB889B39D079.tmp' to '../../../../../../Users/wzeitler/Desktop/GameEngines/EX2_Waldemar_Zeitler/Content/ThirdPersonCPP/Maps/ThirdPersonExampleMap_BuiltData.uasset'
[2018.11.19-13.58.52:339][910]LogSavePackage: Display: Finished SavePackage ../../../../../../Users/wzeitler/Desktop/GameEngines/EX2_Waldemar_Zeitler/Content/ThirdPersonCPP/Maps/ThirdPersonExampleMap_BuiltData.uasset
[2018.11.19-13.59.06:463][444]LogSlate: Took 0.000344 seconds to synchronously load lazily loaded font '../../../Engine/Content/Slate/Fonts/Roboto-Italic.ttf' (157K)
[2018.11.19-13.59.12:741][682]LogTemp: Repeating last play command: Selected Viewport
[2018.11.19-13.59.12:775][682]LogBlueprintUserMessages: Early PlayInEditor Detection: Level '/Game/ThirdPersonCPP/Maps/ThirdPersonExampleMap.ThirdPersonExampleMap:PersistentLevel' has LevelScriptBlueprint '/Game/ThirdPersonCPP/Maps/ThirdPersonExampleMap.ThirdPersonExampleMap:PersistentLevel.ThirdPersonExampleMap' with GeneratedClass '/Game/ThirdPersonCPP/Maps/ThirdPersonExampleMap.ThirdPersonExampleMap_C' with ClassGeneratedBy '/Game/ThirdPersonCPP/Maps/ThirdPersonExampleMap.ThirdPersonExampleMap:PersistentLevel.ThirdPersonExampleMap'
[2018.11.19-13.59.12:777][682]LogPlayLevel: PlayLevel: No blueprints needed recompiling
[2018.11.19-13.59.12:778][682]PIE: New page: PIE session: ThirdPersonExampleMap (19.11.2018 15:59:12)
[2018.11.19-13.59.12:778][682]LogPlayLevel: Creating play world package: /Game/ThirdPersonCPP/Maps/UEDPIE_0_ThirdPersonExampleMap
[2018.11.19-13.59.12:812][682]LogPlayLevel: PIE: StaticDuplicateObject took: (0.033517s)
[2018.11.19-13.59.12:816][682]LogAIModule: Creating AISystem for world ThirdPersonExampleMap
[2018.11.19-13.59.12:819][682]LogPlayLevel: PIE: World Init took: (0.005572s)
[2018.11.19-13.59.12:820][682]LogPlayLevel: PIE: Created PIE world by copying editor world from /Game/ThirdPersonCPP/Maps/ThirdPersonExampleMap.ThirdPersonExampleMap to /Game/ThirdPersonCPP/Maps/UEDPIE_0_ThirdPersonExampleMap.ThirdPersonExampleMap (0.041585s)
[2018.11.19-13.59.12:856][682]LogInit: XAudio2 using 'Lautsprecher/Kopfhörer (Realtek High Definition Audio)' : 2 channels at 48 kHz using 32 bits per sample (channel mask 0x3)
[2018.11.19-13.59.12:873][682]LogInit: FAudioDevice initialized.
[2018.11.19-13.59.12:912][682]LogLoad: Game class is 'EX2_Waldemar_ZeitlerGameMode'
[2018.11.19-13.59.12:915][682]LogWorld: Bringing World /Game/ThirdPersonCPP/Maps/UEDPIE_0_ThirdPersonExampleMap.ThirdPersonExampleMap up for play (max tick rate 60) at 2018.11.19-14.59.12
[2018.11.19-13.59.12:916][682]LogWorld: Bringing up level for play took: 0.003214
[2018.11.19-13.59.12:918][682]PIE: Play in editor start time for /Game/ThirdPersonCPP/Maps/UEDPIE_0_ThirdPersonExampleMap -0,739
[2018.11.19-13.59.12:919][682]LogBlueprintUserMessages: Late PlayInEditor Detection: Level '/Game/ThirdPersonCPP/Maps/ThirdPersonExampleMap.ThirdPersonExampleMap:PersistentLevel' has LevelScriptBlueprint '/Game/ThirdPersonCPP/Maps/ThirdPersonExampleMap.ThirdPersonExampleMap:PersistentLevel.ThirdPersonExampleMap' with GeneratedClass '/Game/ThirdPersonCPP/Maps/ThirdPersonExampleMap.ThirdPersonExampleMap_C' with ClassGeneratedBy '/Game/ThirdPersonCPP/Maps/ThirdPersonExampleMap.ThirdPersonExampleMap:PersistentLevel.ThirdPersonExampleMap'
[2018.11.19-13.59.18:510][844]LogBlueprintUserMessages: Early EndPlayMap Detection: Level '/Game/ThirdPersonCPP/Maps/ThirdPersonExampleMap.ThirdPersonExampleMap:PersistentLevel' has LevelScriptBlueprint '/Game/ThirdPersonCPP/Maps/ThirdPersonExampleMap.ThirdPersonExampleMap:PersistentLevel.ThirdPersonExampleMap' with GeneratedClass '/Game/ThirdPersonCPP/Maps/ThirdPersonExampleMap.ThirdPersonExampleMap_C' with ClassGeneratedBy '/Game/ThirdPersonCPP/Maps/ThirdPersonExampleMap.ThirdPersonExampleMap:PersistentLevel.ThirdPersonExampleMap'
[2018.11.19-13.59.18:561][844]LogBlueprintUserMessages: Late EndPlayMap Detection: Level '/Game/ThirdPersonCPP/Maps/ThirdPersonExampleMap.ThirdPersonExampleMap:PersistentLevel' has LevelScriptBlueprint '/Game/ThirdPersonCPP/Maps/ThirdPersonExampleMap.ThirdPersonExampleMap:PersistentLevel.ThirdPersonExampleMap' with GeneratedClass '/Game/ThirdPersonCPP/Maps/ThirdPersonExampleMap.ThirdPersonExampleMap_C' with ClassGeneratedBy '/Game/ThirdPersonCPP/Maps/ThirdPersonExampleMap.ThirdPersonExampleMap:PersistentLevel.ThirdPersonExampleMap'
[2018.11.19-13.59.25:967][953]LogSlate: FSceneViewport::OnFocusLost() reason 0
[2018.11.19-14.00.19:504][ 13]BlueprintLog: New page: Compile ThirdPerson_AnimBP
[2018.11.19-14.00.19:553][ 13]LogUObjectGlobals: Destroyed PersistentFrame Addr=0x000001c235056c50, Size=112
[2018.11.19-14.00.19:554][ 13]LogUObjectGlobals: Created PersistentFrame Addr=0x000001c22a590330, Size=112, Default__ThirdPerson_AnimBP_C Function /Engine/Transient.REINST_ThirdPerson_AnimBP_C_2:ExecuteUbergraph_ThirdPerson_AnimBP
[2018.11.19-14.00.19:566][ 13]LogUObjectGlobals: Created PersistentFrame Addr=0x000001c259029830, Size=112, Default__ThirdPerson_AnimBP_C Function /Game/Mannequin/Animations/ThirdPerson_AnimBP.ThirdPerson_AnimBP_C:ExecuteUbergraph_ThirdPerson_AnimBP
[2018.11.19-14.00.25:679][235]LogSavePackage: Save=100.43ms
[2018.11.19-14.00.25:679][235]LogSavePackage: Moving '../../../../../../Users/wzeitler/Desktop/GameEngines/EX2_Waldemar_Zeitler/Saved/ThirdPerson_AnimBPDB3DFA274FDD7F61A52256BF930ADFB4.tmp' to '../../../../../../Users/wzeitler/Desktop/GameEngines/EX2_Waldemar_Zeitler/Content/Mannequin/Animations/ThirdPerson_AnimBP.uasset'
[2018.11.19-14.00.25:682][235]LogSavePackage: Display: Finished SavePackage ../../../../../../Users/wzeitler/Desktop/GameEngines/EX2_Waldemar_Zeitler/Content/Mannequin/Animations/ThirdPerson_AnimBP.uasset
