Log file open, 01/13/19 18:42:11
LogWindows: Failed to load 'aqProf.dll' (GetLastError=126)
LogWindows: File 'aqProf.dll' does not exist
LogWindows: Failed to load 'VtuneApi.dll' (GetLastError=126)
LogWindows: File 'VtuneApi.dll' does not exist
LogWindows: Failed to load 'VtuneApi32e.dll' (GetLastError=126)
LogWindows: File 'VtuneApi32e.dll' does not exist
LogInit: Display: Running engine for game: EX7_Waldemar_Zeitler
LogPlatformFile: Not using cached read wrapper
LogInit: Display: RandInit(1866387505) SRandInit(1866387505).
LogInit: Read version file with build ID '3944462'
LogInit: Overriding engine version to CL 4033788, compatible CL 3944462
LogInit: Registered custom module enumerator with build ID '3944462'
LogTaskGraph: Started task graph with 5 named threads and 23 total threads with 3 sets of task threads.
LogStats: Stats thread started at 0.470151
LogD3D11RHI: Aftermath initialized
LogICUInternationalization: Display: ICU TimeZone Detection - Raw Offset: +1:00, Platform Override: ''
LogModuleManager: Display: Found up-to-date module file ../../../Engine/Plugins/2D/Paper2D/Binaries/Win64/UE4Editor-Paper2D.dll (API version 3944462).
LogModuleManager: Display: Found up-to-date module file ../../../Engine/Plugins/2D/Paper2D/Binaries/Win64/UE4Editor-Paper2DEditor.dll (API version 3944462).
LogModuleManager: Display: Found up-to-date module file ../../../Engine/Plugins/2D/Paper2D/Binaries/Win64/UE4Editor-PaperSpriteSheetImporter.dll (API version 3944462).
LogModuleManager: Display: Found up-to-date module file ../../../Engine/Plugins/2D/Paper2D/Binaries/Win64/UE4Editor-PaperTiledImporter.dll (API version 3944462).
LogModuleManager: Display: Found up-to-date module file ../../../Engine/Plugins/2D/Paper2D/Binaries/Win64/UE4Editor-SmartSnapping.dll (API version 3944462).
LogModuleManager: Display: Found up-to-date module file ../../../Engine/Plugins/Blendables/LightPropagationVolume/Binaries/Win64/UE4Editor-LightPropagationVolumeRuntime.dll (API version 3944462).
LogModuleManager: Display: Found up-to-date module file ../../../Engine/Plugins/Blendables/LightPropagationVolume/Binaries/Win64/UE4Editor-LightPropagationVolumeEditor.dll (API version 3944462).
LogModuleManager: Display: Found up-to-date module file ../../../Engine/Plugins/Developer/CLionSourceCodeAccess/Binaries/Win64/UE4Editor-CLionSourceCodeAccess.dll (API version 3944462).
LogModuleManager: Display: Found up-to-date module file ../../../Engine/Plugins/Developer/GitSourceControl/Binaries/Win64/UE4Editor-GitSourceControl.dll (API version 3944462).
LogModuleManager: Display: Found up-to-date module file ../../../Engine/Plugins/Developer/PerforceSourceControl/Binaries/Win64/UE4Editor-PerforceSourceControl.dll (API version 3944462).
LogModuleManager: Display: Found up-to-date module file ../../../Engine/Plugins/Developer/SubversionSourceControl/Binaries/Win64/UE4Editor-SubversionSourceControl.dll (API version 3944462).
LogModuleManager: Display: Found up-to-date module file ../../../Engine/Plugins/Developer/UObjectPlugin/Binaries/Win64/UE4Editor-UObjectPlugin.dll (API version 3944462).
LogModuleManager: Display: Found up-to-date module file ../../../Engine/Plugins/Developer/VisualStudioCodeSourceCodeAccess/Binaries/Win64/UE4Editor-VisualStudioCodeSourceCodeAccess.dll (API version 3944462).
LogModuleManager: Display: Found up-to-date module file ../../../Engine/Plugins/Developer/VisualStudioSourceCodeAccess/Binaries/Win64/UE4Editor-VisualStudioSourceCodeAccess.dll (API version 3944462).
LogModuleManager: Display: Found up-to-date module file ../../../Engine/Plugins/Editor/AssetManagerEditor/Binaries/Win64/UE4Editor-AssetManagerEditor.dll (API version 3944462).
LogModuleManager: Display: Found up-to-date module file ../../../Engine/Plugins/Editor/CryptoKeys/Binaries/Win64/UE4Editor-CryptoKeys.dll (API version 3944462).
LogModuleManager: Display: Found up-to-date module file ../../../Engine/Plugins/Editor/CryptoKeys/Binaries/Win64/UE4Editor-CryptoKeysOpenSSL.dll (API version 3944462).
LogModuleManager: Display: Found up-to-date module file ../../../Engine/Plugins/Editor/DataValidation/Binaries/Win64/UE4Editor-DataValidation.dll (API version 3944462).
LogModuleManager: Display: Found up-to-date module file ../../../Engine/Plugins/Editor/FacialAnimation/Binaries/Win64/UE4Editor-FacialAnimation.dll (API version 3944462).
LogModuleManager: Display: Found up-to-date module file ../../../Engine/Plugins/Editor/FacialAnimation/Binaries/Win64/UE4Editor-FacialAnimationEditor.dll (API version 3944462).
LogModuleManager: Display: Found up-to-date module file ../../../Engine/Plugins/Editor/GameplayTagsEditor/Binaries/Win64/UE4Editor-GameplayTagsEditor.dll (API version 3944462).
LogModuleManager: Display: Found up-to-date module file ../../../Engine/Plugins/Editor/MobileLauncherProfileWizard/Binaries/Win64/UE4Editor-MobileLauncherProfileWizard.dll (API version 3944462).
LogModuleManager: Display: Found up-to-date module file ../../../Engine/Plugins/Editor/PluginBrowser/Binaries/Win64/UE4Editor-PluginBrowser.dll (API version 3944462).
LogModuleManager: Display: Found up-to-date module file ../../../Engine/Plugins/Editor/SpeedTreeImporter/Binaries/Win64/UE4Editor-SpeedTreeImporter.dll (API version 3944462).
LogModuleManager: Display: Found up-to-date module file ../../../Engine/Plugins/Enterprise/DatasmithContent/Binaries/Win64/UE4Editor-DatasmithContent.dll (API version 3944462).
LogModuleManager: Display: Found up-to-date module file ../../../Engine/Plugins/Experimental/AlembicImporter/Binaries/Win64/UE4Editor-AlembicImporter.dll (API version 3944462).
LogModuleManager: Display: Found up-to-date module file ../../../Engine/Plugins/Experimental/AlembicImporter/Binaries/Win64/UE4Editor-AlembicLibrary.dll (API version 3944462).
LogModuleManager: Display: Found up-to-date module file ../../../Engine/Plugins/Experimental/CharacterAI/Binaries/Win64/UE4Editor-CharacterAI.dll (API version 3944462).
LogModuleManager: Display: Found up-to-date module file ../../../Engine/Plugins/Experimental/HTML5Networking/Binaries/Win64/UE4Editor-HTML5Networking.dll (API version 3944462).
LogModuleManager: Display: Found up-to-date module file ../../../Engine/Plugins/Media/AndroidMedia/Binaries/Win64/UE4Editor-AndroidMediaEditor.dll (API version 3944462).
LogModuleManager: Display: Found up-to-date module file ../../../Engine/Plugins/Media/AndroidMedia/Binaries/Win64/UE4Editor-AndroidMediaFactory.dll (API version 3944462).
LogModuleManager: Display: Found up-to-date module file ../../../Engine/Plugins/Media/AvfMedia/Binaries/Win64/UE4Editor-AvfMediaEditor.dll (API version 3944462).
LogModuleManager: Display: Found up-to-date module file ../../../Engine/Plugins/Media/AvfMedia/Binaries/Win64/UE4Editor-AvfMediaFactory.dll (API version 3944462).
LogModuleManager: Display: Found up-to-date module file ../../../Engine/Plugins/Media/AvfMedia/Binaries/Win64/UE4Editor-AvfMediaFactory.dll (API version 3944462).
LogModuleManager: Display: Found up-to-date module file ../../../Engine/Plugins/Media/ImgMedia/Binaries/Win64/UE4Editor-ImgMedia.dll (API version 3944462).
LogModuleManager: Display: Found up-to-date module file ../../../Engine/Plugins/Media/ImgMedia/Binaries/Win64/UE4Editor-ImgMediaEditor.dll (API version 3944462).
LogModuleManager: Display: Found up-to-date module file ../../../Engine/Plugins/Media/ImgMedia/Binaries/Win64/UE4Editor-ImgMediaFactory.dll (API version 3944462).
LogModuleManager: Display: Found up-to-date module file ../../../Engine/Plugins/Media/ImgMedia/Binaries/Win64/UE4Editor-ImgMediaFactory.dll (API version 3944462).
LogModuleManager: Display: Found up-to-date module file ../../../Engine/Plugins/Media/ImgMedia/Binaries/Win64/UE4Editor-OpenExrWrapper.dll (API version 3944462).
LogModuleManager: Display: Found up-to-date module file ../../../Engine/Plugins/Media/LinearTimecode/Binaries/Win64/UE4Editor-LinearTimecode.dll (API version 3944462).
LogModuleManager: Display: Found up-to-date module file ../../../Engine/Plugins/Media/MediaCompositing/Binaries/Win64/UE4Editor-MediaCompositing.dll (API version 3944462).
LogModuleManager: Display: Found up-to-date module file ../../../Engine/Plugins/Media/MediaCompositing/Binaries/Win64/UE4Editor-MediaCompositingEditor.dll (API version 3944462).
LogModuleManager: Display: Found up-to-date module file ../../../Engine/Plugins/Media/MediaPlayerEditor/Binaries/Win64/UE4Editor-MediaPlayerEditor.dll (API version 3944462).
LogModuleManager: Display: Found up-to-date module file ../../../Engine/Plugins/Media/WmfMedia/Binaries/Win64/UE4Editor-WmfMedia.dll (API version 3944462).
LogModuleManager: Display: Found up-to-date module file ../../../Engine/Plugins/Media/WmfMedia/Binaries/Win64/UE4Editor-WmfMediaEditor.dll (API version 3944462).
LogModuleManager: Display: Found up-to-date module file ../../../Engine/Plugins/Media/WmfMedia/Binaries/Win64/UE4Editor-WmfMediaFactory.dll (API version 3944462).
LogModuleManager: Display: Found up-to-date module file ../../../Engine/Plugins/Media/WmfMedia/Binaries/Win64/UE4Editor-WmfMediaFactory.dll (API version 3944462).
LogModuleManager: Display: Found up-to-date module file ../../../Engine/Plugins/Messaging/TcpMessaging/Binaries/Win64/UE4Editor-TcpMessaging.dll (API version 3944462).
LogModuleManager: Display: Found up-to-date module file ../../../Engine/Plugins/Messaging/UdpMessaging/Binaries/Win64/UE4Editor-UdpMessaging.dll (API version 3944462).
LogModuleManager: Display: Found up-to-date module file ../../../Engine/Plugins/MovieScene/ActorSequence/Binaries/Win64/UE4Editor-ActorSequence.dll (API version 3944462).
LogModuleManager: Display: Found up-to-date module file ../../../Engine/Plugins/MovieScene/LevelSequenceEditor/Binaries/Win64/UE4Editor-LevelSequenceEditor.dll (API version 3944462).
LogModuleManager: Display: Found up-to-date module file ../../../Engine/Plugins/MovieScene/MatineeToLevelSequence/Binaries/Win64/UE4Editor-MatineeToLevelSequence.dll (API version 3944462).
LogModuleManager: Display: Found up-to-date module file ../../../Engine/Plugins/NetcodeUnitTest/NetcodeUnitTest/Binaries/Win64/UE4Editor-NetcodeUnitTest.dll (API version 3944462).
LogModuleManager: Display: Found up-to-date module file ../../../Engine/Plugins/NetcodeUnitTest/NUTUnrealEngine4/Binaries/Win64/UE4Editor-NUTUnrealEngine4.dll (API version 3944462).
LogModuleManager: Display: Found up-to-date module file ../../../Engine/Plugins/Online/OnlineSubsystem/Binaries/Win64/UE4Editor-OnlineSubsystem.dll (API version 3944462).
LogModuleManager: Display: Found up-to-date module file ../../../Engine/Plugins/Runtime/AndroidPermission/Binaries/Win64/UE4Editor-AndroidPermission.dll (API version 3944462).
LogModuleManager: Display: Found up-to-date module file ../../../Engine/Plugins/Online/OnlineSubsystemNull/Binaries/Win64/UE4Editor-OnlineSubsystemNull.dll (API version 3944462).
LogModuleManager: Display: Found up-to-date module file ../../../Engine/Plugins/Online/OnlineSubsystemUtils/Binaries/Win64/UE4Editor-OnlineSubsystemUtils.dll (API version 3944462).
LogModuleManager: Display: Found up-to-date module file ../../../Engine/Plugins/Online/OnlineSubsystemUtils/Binaries/Win64/UE4Editor-OnlineBlueprintSupport.dll (API version 3944462).
LogModuleManager: Display: Found up-to-date module file ../../../Engine/Plugins/Runtime/AndroidDeviceProfileSelector/Binaries/Win64/UE4Editor-AndroidDeviceProfileSelector.dll (API version 3944462).
LogModuleManager: Display: Found up-to-date module file ../../../Engine/Plugins/Runtime/AppleARKit/Binaries/Win64/UE4Editor-AppleARKit.dll (API version 3944462).
LogModuleManager: Display: Found up-to-date module file ../../../Engine/Plugins/Runtime/ProceduralMeshComponent/Binaries/Win64/UE4Editor-ProceduralMeshComponent.dll (API version 3944462).
LogModuleManager: Display: Found up-to-date module file ../../../Engine/Plugins/Runtime/ProceduralMeshComponent/Binaries/Win64/UE4Editor-ProceduralMeshComponentEditor.dll (API version 3944462).
LogModuleManager: Display: Found up-to-date module file ../../../Engine/Plugins/Animation/LiveLink/Binaries/Win64/UE4Editor-LiveLink.dll (API version 3944462).
LogModuleManager: Display: Found up-to-date module file ../../../Engine/Plugins/Animation/LiveLink/Binaries/Win64/UE4Editor-LiveLinkEditor.dll (API version 3944462).
LogModuleManager: Display: Found up-to-date module file ../../../Engine/Plugins/Runtime/ArchVisCharacter/Binaries/Win64/UE4Editor-ArchVisCharacter.dll (API version 3944462).
LogModuleManager: Display: Found up-to-date module file ../../../Engine/Plugins/Runtime/AudioCapture/Binaries/Win64/UE4Editor-AudioCapture.dll (API version 3944462).
LogModuleManager: Display: Found up-to-date module file ../../../Engine/Plugins/Runtime/AudioCapture/Binaries/Win64/UE4Editor-AudioCaptureEditor.dll (API version 3944462).
LogModuleManager: Display: Found up-to-date module file ../../../Engine/Plugins/Runtime/CableComponent/Binaries/Win64/UE4Editor-CableComponent.dll (API version 3944462).
LogModuleManager: Display: Found up-to-date module file ../../../Engine/Plugins/Runtime/CustomMeshComponent/Binaries/Win64/UE4Editor-CustomMeshComponent.dll (API version 3944462).
LogModuleManager: Display: Found up-to-date module file ../../../Engine/Plugins/Runtime/ExampleDeviceProfileSelector/Binaries/Win64/UE4Editor-ExampleDeviceProfileSelector.dll (API version 3944462).
LogModuleManager: Display: Found up-to-date module file ../../../Engine/Plugins/Runtime/ImmediatePhysics/Binaries/Win64/UE4Editor-ImmediatePhysics.dll (API version 3944462).
LogModuleManager: Display: Found up-to-date module file ../../../Engine/Plugins/Runtime/ImmediatePhysics/Binaries/Win64/UE4Editor-ImmediatePhysicsEditor.dll (API version 3944462).
LogModuleManager: Display: Found up-to-date module file ../../../Engine/Plugins/Runtime/LocationServicesBPLibrary/Binaries/Win64/UE4Editor-LocationServicesBPLibrary.dll (API version 3944462).
LogModuleManager: Display: Found up-to-date module file ../../../Engine/Plugins/Runtime/MobilePatchingUtils/Binaries/Win64/UE4Editor-MobilePatchingUtils.dll (API version 3944462).
LogModuleManager: Display: Found up-to-date module file ../../../Engine/Plugins/Runtime/Oculus/OculusVR/Binaries/Win64/UE4Editor-OculusHMD.dll (API version 3944462).
LogModuleManager: Display: Found up-to-date module file ../../../Engine/Plugins/Runtime/Oculus/OculusVR/Binaries/Win64/UE4Editor-OculusInput.dll (API version 3944462).
LogModuleManager: Display: Found up-to-date module file ../../../Engine/Plugins/Runtime/Oculus/OculusVR/Binaries/Win64/UE4Editor-OculusEditor.dll (API version 3944462).
LogModuleManager: Display: Found up-to-date module file ../../../Engine/Plugins/Runtime/PhysXVehicles/Binaries/Win64/UE4Editor-PhysXVehicles.dll (API version 3944462).
LogModuleManager: Display: Found up-to-date module file ../../../Engine/Plugins/Runtime/PhysXVehicles/Binaries/Win64/UE4Editor-PhysXVehiclesEditor.dll (API version 3944462).
LogModuleManager: Display: Found up-to-date module file ../../../Engine/Plugins/Runtime/RuntimePhysXCooking/Binaries/Win64/UE4Editor-RuntimePhysXCooking.dll (API version 3944462).
LogModuleManager: Display: Found up-to-date module file ../../../Engine/Plugins/Runtime/Steam/SteamVR/Binaries/Win64/UE4Editor-SteamVR.dll (API version 3944462).
LogModuleManager: Display: Found up-to-date module file ../../../Engine/Plugins/Runtime/Steam/SteamVR/Binaries/Win64/UE4Editor-SteamVRController.dll (API version 3944462).
LogModuleManager: Display: Found up-to-date module file ../../../Engine/Plugins/Runtime/WindowsMoviePlayer/Binaries/Win64/UE4Editor-WindowsMoviePlayer.dll (API version 3944462).
LogPluginManager: Mounting plugin Paper2D
LogPluginManager: Mounting plugin LiveLink
LogPluginManager: Mounting plugin LightPropagationVolume
LogPluginManager: Mounting plugin CLionSourceCodeAccess
LogPluginManager: Mounting plugin CodeLiteSourceCodeAccess
LogPluginManager: Mounting plugin GitSourceControl
LogPluginManager: Mounting plugin KDevelopSourceCodeAccess
LogPluginManager: Mounting plugin NullSourceCodeAccess
LogPluginManager: Mounting plugin PerforceSourceControl
LogPluginManager: Mounting plugin SubversionSourceControl
LogPluginManager: Mounting plugin UObjectPlugin
LogPluginManager: Mounting plugin VisualStudioCodeSourceCodeAccess
LogPluginManager: Mounting plugin VisualStudioSourceCodeAccess
LogPluginManager: Mounting plugin XCodeSourceCodeAccess
LogPluginManager: Mounting plugin AssetManagerEditor
LogPluginManager: Mounting plugin CryptoKeys
LogPluginManager: Mounting plugin DataValidation
LogPluginManager: Mounting plugin FacialAnimation
LogPluginManager: Mounting plugin GameplayTagsEditor
LogPluginManager: Mounting plugin MobileLauncherProfileWizard
LogPluginManager: Mounting plugin PluginBrowser
LogPluginManager: Mounting plugin SpeedTreeImporter
LogPluginManager: Mounting plugin DatasmithContent
LogPluginManager: Mounting plugin AlembicImporter
LogPluginManager: Mounting plugin CharacterAI
LogPluginManager: Mounting plugin HTML5Networking
LogPluginManager: Mounting plugin AndroidMedia
LogPluginManager: Mounting plugin AvfMedia
LogPluginManager: Mounting plugin ImgMedia
LogPluginManager: Mounting plugin LinearTimecode
LogPluginManager: Mounting plugin MediaCompositing
LogPluginManager: Mounting plugin MediaPlayerEditor
LogPluginManager: Mounting plugin WmfMedia
LogPluginManager: Mounting plugin TcpMessaging
LogPluginManager: Mounting plugin UdpMessaging
LogPluginManager: Mounting plugin ActorSequence
LogPluginManager: Mounting plugin LevelSequenceEditor
LogPluginManager: Mounting plugin MatineeToLevelSequence
LogPluginManager: Mounting plugin NetcodeUnitTest
LogPluginManager: Mounting plugin NUTUnrealEngine4
LogPluginManager: Mounting plugin OnlineSubsystemGooglePlay
LogPluginManager: Mounting plugin OnlineSubsystemIOS
LogPluginManager: Mounting plugin OnlineSubsystem
LogPluginManager: Mounting plugin OnlineSubsystemNull
LogPluginManager: Mounting plugin OnlineSubsystemUtils
LogPluginManager: Mounting plugin AndroidDeviceProfileSelector
LogPluginManager: Mounting plugin AndroidMoviePlayer
LogPluginManager: Mounting plugin AndroidPermission
LogPluginManager: Mounting plugin AppleARKit
LogPluginManager: Mounting plugin AppleMoviePlayer
LogPluginManager: Mounting plugin ArchVisCharacter
LogPluginManager: Mounting plugin AudioCapture
LogPluginManager: Mounting plugin CableComponent
LogPluginManager: Mounting plugin CustomMeshComponent
LogPluginManager: Mounting plugin ExampleDeviceProfileSelector
LogPluginManager: Mounting plugin GoogleCloudMessaging
LogPluginManager: Mounting plugin ImmediatePhysics
LogPluginManager: Mounting plugin IOSDeviceProfileSelector
LogPluginManager: Mounting plugin LinuxDeviceProfileSelector
LogPluginManager: Mounting plugin LocationServicesBPLibrary
LogPluginManager: Mounting plugin MobilePatchingUtils
LogPluginManager: Mounting plugin OculusVR
LogPluginManager: Plugin shader directory ../../../Engine/Plugins/Runtime/Oculus/OculusVR/Shaders found
LogPluginManager: Mapping shader source directory ../../../Engine/Plugins/Runtime/Oculus/OculusVR/Shaders to virtual directory /Plugin/OculusVR
LogPluginManager: Mounting plugin PhysXVehicles
LogPluginManager: Mounting plugin ProceduralMeshComponent
LogPluginManager: Mounting plugin RuntimePhysXCooking
LogPluginManager: Mounting plugin SteamVR
LogPluginManager: Mounting plugin WindowsMoviePlayer
LogStreaming: Display: Took  2.318s to configure plugins.
LogInit: Using libcurl 7.47.1
LogInit:  - built for x86_64-pc-win32
LogInit:  - supports SSL with OpenSSL/1.0.2g
LogInit:  - supports HTTP deflate (compression) using libz 1.2.8
LogInit:  - other features:
LogInit:      CURL_VERSION_SSL
LogInit:      CURL_VERSION_LIBZ
LogInit:      CURL_VERSION_IPV6
LogInit:      CURL_VERSION_ASYNCHDNS
LogInit:      CURL_VERSION_LARGEFILE
LogInit:      CURL_VERSION_IDN
LogInit:  CurlRequestOptions (configurable via config and command line):
LogInit:  - bVerifyPeer = false  - Libcurl will NOT verify peer certificate
LogInit:  - bUseHttpProxy = false  - Libcurl will NOT use HTTP proxy
LogInit:  - bDontReuseConnections = false  - Libcurl will reuse connections
LogInit:  - CertBundlePath = nullptr  - Libcurl will use whatever was configured at build time.
LogInit:  - MaxHostConnections = 16  - Libcurl will limit the number of connections to a host
LogInit:  - LocalHostAddr = Default
LogInit: WinSock: version 1.1 (2.2), MaxSocks=32767, MaxUdp=65467
LogInit: WinSock: I am DESKTOP-J1PRNTM (192.168.178.26:0)
LogInit: Build: ++UE4+Release-4.19-CL-4033788
LogInit: Engine Version: 4.19.2-4033788+++UE4+Release-4.19
LogInit: Compatible Engine Version: 4.19.0-3944462+++UE4+Release-4.19
LogInit: Net CL: 3944462
LogDevObjectVersion: Number of dev versions registered: 18
LogDevObjectVersion:   Dev-Blueprints (B0D832E4-1F89-4F0D-ACCF-7EB736FD4AA2): 10
LogDevObjectVersion:   Dev-Build (E1C64328-A22C-4D53-A36C-8E866417BD8C): 0
LogDevObjectVersion:   Dev-Core (375EC13C-06E4-48FB-B500-84F0262A717E): 2
LogDevObjectVersion:   Dev-Editor (E4B068ED-F494-42E9-A231-DA0B2E46BB41): 23
LogDevObjectVersion:   Dev-Framework (CFFC743F-43B0-4480-9391-14DF171D2073): 33
LogDevObjectVersion:   Dev-Mobile (B02B49B5-BB20-44E9-A304-32B752E40360): 2
LogDevObjectVersion:   Dev-Networking (A4E4105C-59A1-49B5-A7C5-40C4547EDFEE): 0
LogDevObjectVersion:   Dev-Online (39C831C9-5AE6-47DC-9A44-9C173E1C8E7C): 0
LogDevObjectVersion:   Dev-Physics (78F01B33-EBEA-4F98-B9B4-84EACCB95AA2): 0
LogDevObjectVersion:   Dev-Platform (6631380F-2D4D-43E0-8009-CF276956A95A): 0
LogDevObjectVersion:   Dev-Rendering (12F88B9F-8875-4AFC-A67C-D90C383ABD29): 25
LogDevObjectVersion:   Dev-Sequencer (7B5AE74C-D270-4C10-A958-57980B212A5A): 6
LogDevObjectVersion:   Dev-VR (D7296918-1DD6-4BDD-9DE2-64A83CC13884): 1
LogDevObjectVersion:   Dev-LoadTimes (C2A15278-BFE7-4AFE-6C17-90FF531DF755): 1
LogDevObjectVersion:   Private-Geometry (6EACA3D4-40EC-4CC1-B786-8BED09428FC5): 2
LogDevObjectVersion:   Dev-AnimPhys (29E575DD-E0A3-4627-9D10-D276232CDCEA): 16
LogDevObjectVersion:   Dev-ReflectionCapture (6B266CEC-1EC7-4B8F-A30B-E4D90942FC07): 1
LogDevObjectVersion:   Dev-Automation (0DF73D61-A23F-47EA-B727-89E90C41499A): 1
LogInit: Compiled (64-bit): Apr 27 2018 02:06:57
LogInit: Compiled with Visual C++: 19.00.24215.01
LogInit: Build Configuration: Development
LogInit: Branch Name: ++UE4+Release-4.19
LogInit: Command Line:  
LogInit: Base Directory: C:/Program Files/Epic Games/UE_4.19/Engine/Binaries/Win64/
LogInit: Installed Engine Build: 1
LogStreaming: Display: Took  0.000s to delete old logs.
LogInit: Presizing for max 8388607 objects, including 0 objects not considered by GC, pre-allocating 0 bytes for permanent pool.
LogInit: Object subsystem initialized
[2019.01.13-17.42.13:835][  0]LogInit: Selected Device Profile: [Windows]
[2019.01.13-17.42.13:835][  0]LogInit: Applying CVar settings loaded from the selected device profile: [Windows]
[2019.01.13-17.42.13:851][  0]LogInit: Computer: DESKTOP-J1PRNTM
[2019.01.13-17.42.13:851][  0]LogInit: User: WZ
[2019.01.13-17.42.13:851][  0]LogInit: CPU Page size=4096, Cores=4
[2019.01.13-17.42.13:851][  0]LogInit: High frequency timer resolution =3.906243 MHz
[2019.01.13-17.42.13:851][  0]LogMemory: Memory total: Physical=15.9GB (16GB approx)
[2019.01.13-17.42.13:851][  0]LogMemory: Platform Memory Stats for Windows
[2019.01.13-17.42.13:851][  0]LogMemory: Process Physical Memory: 274.86 MB used, 274.86 MB peak
[2019.01.13-17.42.13:851][  0]LogMemory: Process Virtual Memory: 264.68 MB used, 264.68 MB peak
[2019.01.13-17.42.13:851][  0]LogMemory: Physical Memory: 6005.44 MB used,  10239.51 MB free, 16244.95 MB total
[2019.01.13-17.42.13:851][  0]LogMemory: Virtual Memory: 4790.72 MB used,  10239.51 MB free, 134217728.00 MB total
[2019.01.13-17.42.14:071][  0]LogInit: Using OS detected language (de-DE).
[2019.01.13-17.42.14:071][  0]LogInit: Using OS detected locale (de-DE).
[2019.01.13-17.42.14:091][  0]LogTextLocalizationManager: No localization for 'de-DE' exists, so 'en' will be used for the language.
[2019.01.13-17.42.14:476][  0]LogStreaming: Display: Took  0.404s to EndInitTextLocalization.
[2019.01.13-17.42.14:476][  0]LogInit: Setting process to per monitor DPI aware
[2019.01.13-17.42.14:537][  0]LogSlate: New Slate User Created.  User Index 0, Is Virtual User: 0
[2019.01.13-17.42.14:537][  0]LogSlate: Slate User Registered.  User Index 0, Is Virtual User: 0
[2019.01.13-17.42.15:477][  0]LogD3D11RHI: D3D11 adapters:
[2019.01.13-17.42.15:544][  0]LogD3D11RHI:    0. 'NVIDIA GeForce GTX 1080' (Feature Level 11_0)
[2019.01.13-17.42.15:544][  0]LogD3D11RHI:       8079/0/8122 MB DedicatedVideo/DedicatedSystem/SharedSystem, Outputs:2, VendorId:0x10de
[2019.01.13-17.42.15:552][  0]LogD3D11RHI:    1. 'Intel(R) HD Graphics 4600' (Feature Level 11_0)
[2019.01.13-17.42.15:552][  0]LogD3D11RHI:       112/0/2048 MB DedicatedVideo/DedicatedSystem/SharedSystem, Outputs:0, VendorId:0x8086
[2019.01.13-17.42.15:555][  0]LogD3D11RHI:    2. 'Microsoft Basic Render Driver' (Feature Level 11_0)
[2019.01.13-17.42.15:555][  0]LogD3D11RHI:       0/0/8122 MB DedicatedVideo/DedicatedSystem/SharedSystem, Outputs:0, VendorId:0x1414
[2019.01.13-17.42.15:555][  0]LogD3D11RHI: Chosen D3D11 Adapter: 0
[2019.01.13-17.42.15:563][  0]LogD3D11RHI: Creating new Direct3DDevice
[2019.01.13-17.42.15:563][  0]LogD3D11RHI:     GPU DeviceId: 0x1b80 (for the marketing name, search the web for "GPU Device Id")
[2019.01.13-17.42.15:563][  0]LogWindows: EnumDisplayDevices:
[2019.01.13-17.42.15:563][  0]LogWindows:    0. 'NVIDIA GeForce GTX 1080' (P:1 D:1)
[2019.01.13-17.42.15:563][  0]LogWindows:    1. 'NVIDIA GeForce GTX 1080' (P:0 D:1)
[2019.01.13-17.42.15:563][  0]LogWindows:    2. 'NVIDIA GeForce GTX 1080' (P:0 D:0)
[2019.01.13-17.42.15:563][  0]LogWindows:    3. 'NVIDIA GeForce GTX 1080' (P:0 D:0)
[2019.01.13-17.42.15:564][  0]LogWindows:    4. 'Intel(R) HD Graphics 4600' (P:0 D:0)
[2019.01.13-17.42.15:564][  0]LogWindows:    5. 'Intel(R) HD Graphics 4600' (P:0 D:0)
[2019.01.13-17.42.15:564][  0]LogWindows:    6. 'Intel(R) HD Graphics 4600' (P:0 D:0)
[2019.01.13-17.42.15:564][  0]LogWindows: DebugString: GetVideoDriverDetailsInvalid PrimaryIsNotTheChoosenAdapter GetVideoDriverDetailsInvalid PrimaryIsNotTheChoosenAdapter GetVideoDriverDetailsInvalid PrimaryIsNotTheChoosenAdapter GetVideoDriverDetailsInvalid PrimaryIsNotTheChoosenAdapter GetVideoDriverDetailsInvalid PrimaryIsNotTheChoosenAdapter GetVideoDriverDetailsInvalid PrimaryIsNotTheChoosenAdapter GetVideoDriverDetailsInvalid PrimaryIsNotTheChoosenAdapter FoundDriverCount:0 
[2019.01.13-17.42.15:564][  0]LogD3D11RHI:     Adapter Name: NVIDIA GeForce GTX 1080
[2019.01.13-17.42.15:564][  0]LogD3D11RHI:   Driver Version: Unknown (internal:Unknown, unified:Unknown)
[2019.01.13-17.42.15:564][  0]LogD3D11RHI:      Driver Date: Unknown
[2019.01.13-17.42.15:564][  0]LogRHI: Texture pool is 5655 MB (70% of 8079 MB)
[2019.01.13-17.42.15:609][  0]LogD3D11RHI: [Aftermath] Aftermath enabled and primed
[2019.01.13-17.42.15:609][  0]LogD3D11RHI: [Aftermath] Aftermath enabled and primed
[2019.01.13-17.42.15:609][  0]LogD3D11RHI: Async texture creation enabled
[2019.01.13-17.42.15:649][  0]LogD3D11RHI: GPU Timing Frequency: 1000.000000 (Debug: 2 2)
[2019.01.13-17.42.15:752][  0]LogShaderCompilers: Guid format shader working directory is -25 characters bigger than the processId version (../../../../../../Users/W.Z/Desktop/GameEngines/EX7_Waldemar_Zeitler/Intermediate/Shaders/WorkingDirectory/13732/).
[2019.01.13-17.42.15:752][  0]LogShaderCompilers: Cleaned the shader compiler working directory 'C:/Users/W.Z/AppData/Local/Temp/UnrealShaderWorkingDir/005C317D4E16FC9010DBB693D0C04C30/'.
[2019.01.13-17.42.16:253][  0]LogTemp: Display: Loaded TP AllDesktopTargetPlatform
[2019.01.13-17.42.16:264][  0]LogTemp: Display: Loaded TP MacClientTargetPlatform
[2019.01.13-17.42.16:276][  0]LogTemp: Display: Loaded TP MacNoEditorTargetPlatform
[2019.01.13-17.42.16:288][  0]LogTemp: Display: Loaded TP MacServerTargetPlatform
[2019.01.13-17.42.16:303][  0]LogTemp: Display: Loaded TP MacTargetPlatform
[2019.01.13-17.42.16:315][  0]LogTemp: Display: Loaded TP WindowsClientTargetPlatform
[2019.01.13-17.42.16:327][  0]LogTemp: Display: Loaded TP WindowsNoEditorTargetPlatform
[2019.01.13-17.42.16:340][  0]LogTemp: Display: Loaded TP WindowsServerTargetPlatform
[2019.01.13-17.42.16:346][  0]LogTemp: Display: Loaded TP WindowsTargetPlatform
[2019.01.13-17.42.16:357][  0]LogTemp: Display: Loaded TP Android_ASTCTargetPlatform
[2019.01.13-17.42.16:367][  0]LogTemp: Display: Loaded TP Android_ATCTargetPlatform
[2019.01.13-17.42.16:377][  0]LogTemp: Display: Loaded TP Android_DXTTargetPlatform
[2019.01.13-17.42.16:388][  0]LogTemp: Display: Loaded TP Android_ETC1aTargetPlatform
[2019.01.13-17.42.16:398][  0]LogTemp: Display: Loaded TP Android_ETC1TargetPlatform
[2019.01.13-17.42.16:409][  0]LogTemp: Display: Loaded TP Android_ETC2TargetPlatform
[2019.01.13-17.42.16:430][  0]LogTemp: Display: Loaded TP Android_MultiTargetPlatform
[2019.01.13-17.42.16:430][  0]LogTemp: Display: Loaded TP Android_PVRTCTargetPlatform
[2019.01.13-17.42.16:443][  0]LogTemp: Display: Loaded TP AndroidTargetPlatform
[2019.01.13-17.42.16:445][  0]LogTemp: Display: Loaded TP HTML5TargetPlatform
[2019.01.13-17.42.16:501][  0]LogTemp: Display: Loaded TP IOSTargetPlatform
[2019.01.13-17.42.16:511][  0]LogTemp: Display: Loaded TP TVOSTargetPlatform
[2019.01.13-17.42.16:521][  0]LogTemp: Display: Loaded TP LinuxClientTargetPlatform
[2019.01.13-17.42.16:531][  0]LogTemp: Display: Loaded TP LinuxNoEditorTargetPlatform
[2019.01.13-17.42.16:542][  0]LogTemp: Display: Loaded TP LinuxServerTargetPlatform
[2019.01.13-17.42.16:556][  0]LogTemp: Display: Loaded TP LinuxTargetPlatform
[2019.01.13-17.42.16:556][  0]LogTargetPlatformManager: Display: Building Assets For Windows
[2019.01.13-17.42.17:023][  0]LogXGEController: Cleaning working directory: C:/Users/W.Z/AppData/Local/Temp/UnrealXGEWorkingDir/
[2019.01.13-17.42.17:023][  0]LogXGEController: Cannot use XGE Controller as Incredibuild is not installed on this machine.
[2019.01.13-17.42.17:024][  0]LogShaderCompilers: Cannot use XGE Shader Compiler as Incredibuild is not installed on this machine.
[2019.01.13-17.42.17:024][  0]LogShaderCompilers: Display: Using Local Shader Compiler.
[2019.01.13-17.42.18:446][  0]LogDerivedDataCache: Display: Max Cache Size: 512 MB
[2019.01.13-17.42.18:668][  0]LogDerivedDataCache: Loaded boot cache 0.22s 79MB C:/Users/W.Z/AppData/Local/UnrealEngine/4.19/DerivedDataCache/Boot.ddc.
[2019.01.13-17.42.18:668][  0]LogDerivedDataCache: Display: Loaded Boot cache: C:/Users/W.Z/AppData/Local/UnrealEngine/4.19/DerivedDataCache/Boot.ddc
[2019.01.13-17.42.18:668][  0]LogDerivedDataCache: FDerivedDataBackendGraph:  Pak pak cache file ../../../../../../Users/W.Z/Desktop/GameEngines/EX7_Waldemar_Zeitler/DerivedDataCache/DDC.ddp not found, will not use a pak cache.
[2019.01.13-17.42.18:668][  0]LogDerivedDataCache: Unable to find inner node Pak for hierarchical cache Hierarchy.
[2019.01.13-17.42.18:668][  0]LogDerivedDataCache: FDerivedDataBackendGraph:  CompressedPak pak cache file ../../../../../../Users/W.Z/Desktop/GameEngines/EX7_Waldemar_Zeitler/DerivedDataCache/Compressed.ddp not found, will not use a pak cache.
[2019.01.13-17.42.18:668][  0]LogDerivedDataCache: Unable to find inner node CompressedPak for hierarchical cache Hierarchy.
[2019.01.13-17.42.18:686][  0]LogDerivedDataCache: Display: Pak cache opened for reading ../../../Engine/DerivedDataCache/Compressed.ddp.
[2019.01.13-17.42.18:698][  0]LogDerivedDataCache: Using Local data cache path C:/Users/W.Z/AppData/Local/UnrealEngine/Common/DerivedDataCache: Writable
[2019.01.13-17.42.18:698][  0]LogDerivedDataCache: Shared data cache path not found in *engine.ini, will not use an Shared cache.
[2019.01.13-17.42.18:698][  0]LogDerivedDataCache: Unable to find inner node Shared for hierarchical cache Hierarchy.
[2019.01.13-17.42.18:709][  0]LogMaterial: Verifying Global Shaders for PCD3D_SM5
[2019.01.13-17.42.18:710][  0]LogSlate: Using Freetype 2.6.0
[2019.01.13-17.42.18:714][  0]LogSlate: SlateFontCache - WITH_FREETYPE: 1, WITH_HARFBUZZ: 1
[2019.01.13-17.42.18:714][  0]LogSlate: SlateFontCache - WITH_FREETYPE: 1, WITH_HARFBUZZ: 1
[2019.01.13-17.42.21:454][  0]LogAssetRegistry: FAssetRegistry took 0.0258 seconds to start up
[2019.01.13-17.42.21:781][  0]LogInit: Selected Device Profile: [Windows]
[2019.01.13-17.42.22:048][  0]LogSimplygon: Simplygon DLL not present - disabling.
[2019.01.13-17.42.22:053][  0]LogMeshReduction: Using SimplygonSwarm for distributed automatic mesh merging
[2019.01.13-17.42.22:053][  0]LogMeshReduction: Using QuadricMeshReduction for automatic static mesh reduction
[2019.01.13-17.42.22:053][  0]LogMeshReduction: No automatic skeletal mesh reduction module available
[2019.01.13-17.42.22:053][  0]LogMeshReduction: No automatic mesh merging module available
[2019.01.13-17.42.22:053][  0]LogMeshMerging: No automatic mesh merging module available
[2019.01.13-17.42.22:107][  0]LogNetVersion: EX7_Waldemar_Zeitler , NetCL: 3944462, EngineNetVer: 2, GameNetVer: 0 (Checksum: 1704160578)
[2019.01.13-17.42.22:598][  0]LogPackageLocalizationCache: Processed 9 localized package path(s) for 1 prioritized culture(s) in 0.032163 seconds
[2019.01.13-17.42.22:604][  0]LogUObjectArray: 36728 objects as part of root set at end of initial load.
[2019.01.13-17.42.22:604][  0]LogUObjectAllocator: 7314312 out of 0 bytes used by permanent object pool.
[2019.01.13-17.42.22:604][  0]LogUObjectArray: CloseDisregardForGC: 0/0 objects in disregard for GC pool
[2019.01.13-17.42.28:095][  0]LogTcpMessaging: Initializing TcpMessaging bridge
[2019.01.13-17.42.28:127][  0]LogUdpMessaging: Initializing bridge on interface 0.0.0.0:0 to multicast group 230.0.0.1:6666.
[2019.01.13-17.42.28:580][  0]SourceControl: Source control is disabled
[2019.01.13-17.42.28:580][  0]SourceControl: Source control is disabled
[2019.01.13-17.42.28:603][  0]SourceControl: Source control is disabled
[2019.01.13-17.42.28:624][  0]SourceControl: Source control is disabled
[2019.01.13-17.42.29:244][  0]LogAndroidPermission: UAndroidPermissionCallbackProxy::GetInstance
[2019.01.13-17.42.29:426][  0]LogOcInput: OculusInput pre-init called
[2019.01.13-17.42.29:553][  0]LogEngine: Initializing Engine...
[2019.01.13-17.42.29:555][  0]LogHMD: Failed to initialize OpenVR with code 110
[2019.01.13-17.42.29:556][  0]LogStats: UGameplayTagsManager::ConstructGameplayTagTree: Construct from data asset -  0.000 s
[2019.01.13-17.42.29:556][  0]LogStats: UGameplayTagsManager::ConstructGameplayTagTree: GameplayTagTreeChangedEvent.Broadcast -  0.000 s
[2019.01.13-17.42.29:754][  0]LogAIModule: Creating AISystem for world Untitled
[2019.01.13-17.42.29:837][  0]LogInit: XAudio2 using 'Lautsprecher (Realtek High Definition Audio)' : 2 channels at 48 kHz using 32 bits per sample (channel mask 0x3)
[2019.01.13-17.42.29:866][  0]LogInit: FAudioDevice initialized.
[2019.01.13-17.42.30:011][  0]LogDerivedDataCache: Saved boot cache 0.15s 79MB C:/Users/W.Z/AppData/Local/UnrealEngine/4.19/DerivedDataCache/Boot.ddc.
[2019.01.13-17.42.30:027][  0]LogInit: Texture streaming: Enabled
[2019.01.13-17.42.30:048][  0]LogEngineSessionManager: EngineSessionManager initialized
[2019.01.13-17.42.30:069][  0]LogWindowsTextInputMethodSystem: Display: IME system now deactivated.
[2019.01.13-17.42.30:238][  0]LogInit: Transaction tracking system initialized
[2019.01.13-17.42.30:278][  0]BlueprintLog: New page: Editor Load
[2019.01.13-17.42.30:382][  0]LocalizationService: Localization service is disabled
[2019.01.13-17.42.30:508][  0]LogConsoleResponse: Display: 
[2019.01.13-17.42.30:680][  0]LogCook: Display: Max memory allowance for cook 16384mb min free memory 0mb
[2019.01.13-17.42.30:681][  0]LogCook: Display: Mobile HDR setting 1
[2019.01.13-17.42.30:681][  0]LogGameplayTags: Display: UGameplayTagsManager::DoneAddingNativeTags. DelegateIsBound: 0
[2019.01.13-17.42.30:681][  0]LogStats: UGameplayTagsManager::ConstructGameplayTagTree: Construct from data asset -  0.000 s
[2019.01.13-17.42.30:681][  0]LogStats: UGameplayTagsManager::ConstructGameplayTagTree: GameplayTagTreeChangedEvent.Broadcast -  0.000 s
[2019.01.13-17.42.31:234][  0]LogFileCache: Scanning file cache for directory 'C:/Users/W.Z/Desktop/GameEngines/EX7_Waldemar_Zeitler/Content/' took 0.01s
[2019.01.13-17.42.31:234][  0]SourceControl: Source control is disabled
[2019.01.13-17.42.31:236][  0]Cmd: MAP LOAD FILE="../../../../../../Users/W.Z/Desktop/GameEngines/EX7_Waldemar_Zeitler/Content/ThirdPersonBP/Maps/ThirdPersonExampleMap.umap" TEMPLATE=0 SHOWPROGRESS=1 FEATURELEVEL=3
[2019.01.13-17.42.31:238][  0]LightingResults: New page: Lighting Build
[2019.01.13-17.42.31:243][  0]MapCheck: New page: Map Check
[2019.01.13-17.42.31:243][  0]LightingResults: New page: Lighting Build
[2019.01.13-17.42.31:290][  0]LogUObjectGlobals: Created PersistentFrame Addr=0x00000222937be000, Size=64, Default__ThirdPerson_AnimBP_C Function /Game/Mannequin/Animations/ThirdPerson_AnimBP.ThirdPerson_AnimBP_C:ExecuteUbergraph_ThirdPerson_AnimBP
[2019.01.13-17.42.31:299][  0]LogUObjectGlobals: Destroyed PersistentFrame Addr=0x00000222937be000, Size=64
[2019.01.13-17.42.31:299][  0]LogUObjectGlobals: Created PersistentFrame Addr=0x00000222937be140, Size=64, Default__ThirdPerson_AnimBP_C Function /Engine/Transient.REINST_ThirdPerson_AnimBP_C_0:ExecuteUbergraph_ThirdPerson_AnimBP
[2019.01.13-17.42.31:308][  0]LogUObjectGlobals: Created PersistentFrame Addr=0x000002229371a250, Size=72, Default__ThirdPerson_AnimBP_C Function /Game/Mannequin/Animations/ThirdPerson_AnimBP.ThirdPerson_AnimBP_C:ExecuteUbergraph_ThirdPerson_AnimBP
[2019.01.13-17.42.31:340][  0]LogUObjectGlobals: Created PersistentFrame Addr=0x00000222936bda80, Size=296, Default__ThirdPersonCharacter_C Function /Game/ThirdPersonBP/Blueprints/ThirdPersonCharacter.ThirdPersonCharacter_C:ExecuteUbergraph_ThirdPersonCharacter
[2019.01.13-17.42.31:346][  0]LogUObjectGlobals: Destroyed PersistentFrame Addr=0x00000222936bda80, Size=296
[2019.01.13-17.42.31:346][  0]LogUObjectGlobals: Created PersistentFrame Addr=0x00000222936bda80, Size=296, Default__ThirdPersonCharacter_C Function /Engine/Transient.REINST_ThirdPersonCharacter_C_4:ExecuteUbergraph_ThirdPersonCharacter
[2019.01.13-17.42.31:351][  0]LogUObjectGlobals: Created PersistentFrame Addr=0x00000222936bc2c0, Size=296, Default__ThirdPersonCharacter_C Function /Game/ThirdPersonBP/Blueprints/ThirdPersonCharacter.ThirdPersonCharacter_C:ExecuteUbergraph_ThirdPersonCharacter
[2019.01.13-17.42.31:440][  0]LogLinker: Warning: Can't find file '/Game/ThirdPersonBP/Maps/ThirdPersonExampleMap_BuiltData'
[2019.01.13-17.42.31:440][  0]LogLinker: Warning: Can't find file for asset '/Game/ThirdPersonBP/Maps/ThirdPersonExampleMap_BuiltData' while loading ../../../../../../Users/W.Z/Desktop/GameEngines/EX7_Waldemar_Zeitler/Content/ThirdPersonBP/Maps/ThirdPersonExampleMap.umap.
[2019.01.13-17.42.31:440][  0]LoadErrors: Error: /Game/ThirdPersonBP/Maps/ThirdPersonExampleMap : Can't find file for asset. /Game/ThirdPersonBP/Maps/ThirdPersonExampleMap_BuiltData
[2019.01.13-17.42.31:466][  0]LogLinker: Warning: Can't find file '/Game/ThirdPersonBP/Maps/ThirdPersonExampleMap_BuiltData'
[2019.01.13-17.42.31:466][  0]LogLinker: Warning: Can't find file for asset '/Game/ThirdPersonBP/Maps/ThirdPersonExampleMap_BuiltData' while loading ../../../../../../Users/W.Z/Desktop/GameEngines/EX7_Waldemar_Zeitler/Content/ThirdPersonBP/Maps/ThirdPersonExampleMap.umap.
[2019.01.13-17.42.31:466][  0]LoadErrors: Error: /Game/ThirdPersonBP/Maps/ThirdPersonExampleMap : Can't find file for asset. /Game/ThirdPersonBP/Maps/ThirdPersonExampleMap_BuiltData
[2019.01.13-17.42.31:470][  0]LogLinker: Warning: Can't find file '/Game/ThirdPersonBP/Maps/ThirdPersonExampleMap_BuiltData'
[2019.01.13-17.42.31:470][  0]LogLinker: Warning: Can't find file for asset '/Game/ThirdPersonBP/Maps/ThirdPersonExampleMap_BuiltData' while loading NULL.
[2019.01.13-17.42.31:471][  0]LogLinker: Warning: Can't find file '/Game/ThirdPersonBP/Maps/ThirdPersonExampleMap_BuiltData'
[2019.01.13-17.42.31:471][  0]LogLinker: Warning: Can't find file for asset '/Game/ThirdPersonBP/Maps/ThirdPersonExampleMap_BuiltData' while loading NULL.
[2019.01.13-17.42.31:545][  0]LogLinker: Warning: Can't find file '/Game/ThirdPersonBP/Maps/ThirdPersonExampleMap_BuiltData'
[2019.01.13-17.42.31:546][  0]LoadErrors: Failed to load /Game/ThirdPersonBP/Maps/ThirdPersonExampleMap_BuiltData.ThirdPersonExampleMap_BuiltData Referenced by PersistentLevel
[2019.01.13-17.42.31:546][  0]LogLinker: Warning: Can't find file for asset '/Game/ThirdPersonBP/Maps/ThirdPersonExampleMap_BuiltData' while loading NULL.
[2019.01.13-17.42.31:546][  0]LoadErrors: Failed to load /Game/ThirdPersonBP/Maps/ThirdPersonExampleMap_BuiltData.ThirdPersonExampleMap_BuiltData Referenced by PersistentLevel
[2019.01.13-17.42.31:614][  0]LogMaterial: Missing cached shader map for material M_Particle, compiling. 
[2019.01.13-17.42.31:742][  0]LogShaderCompilers: Display: Shaders left to compile 27
[2019.01.13-17.42.31:742][  0]LogShaderCompilers: Display: Shaders left to compile 17
[2019.01.13-17.42.31:742][  0]LogShaderCompilers: Display: Shaders left to compile 7
[2019.01.13-17.42.31:742][  0]LogSkeletalMesh: Skeletal Mesh found in DDC [21.121317ms] /Game/Mannequin/Character/Mesh/SK_Mannequin.SK_Mannequin
[2019.01.13-17.42.31:795][  0]LogAIModule: Creating AISystem for world ThirdPersonExampleMap
[2019.01.13-17.42.31:857][  0]LogEditorServer: Finished looking for orphan Actors (0.000 secs)
[2019.01.13-17.42.31:879][  0]LogUObjectGlobals: Destroyed PersistentFrame Addr=0x00000222937be140, Size=64
[2019.01.13-17.42.31:880][  0]LogUObjectGlobals: Destroyed PersistentFrame Addr=0x00000222936bda80, Size=296
[2019.01.13-17.42.31:882][  0]Cmd: MAP CHECKDEP NOCLEARLOG
[2019.01.13-17.42.31:994][  0]MapCheck: Map check complete: 0 Error(s), 0 Warning(s), took 111,364ms to complete.
[2019.01.13-17.42.31:994][  0]LogFileHelpers: Loading map 'ThirdPersonExampleMap' took 0.759
[2019.01.13-17.42.32:194][  0]LogCollectionManager: Loaded 0 collections in 0.002110 seconds
[2019.01.13-17.42.32:247][  0]LogFileCache: Scanning file cache for directory 'C:/Users/W.Z/Desktop/GameEngines/EX7_Waldemar_Zeitler/Saved/Collections/' took 0.01s
[2019.01.13-17.42.32:247][  0]LogFileCache: Scanning file cache for directory 'C:/Users/W.Z/Desktop/GameEngines/EX7_Waldemar_Zeitler/Content/Developers/WZ/Collections/' took 0.01s
[2019.01.13-17.42.32:247][  0]LogFileCache: Scanning file cache for directory 'C:/Users/W.Z/Desktop/GameEngines/EX7_Waldemar_Zeitler/Content/Collections/' took 0.01s
[2019.01.13-17.42.32:247][  0]LogCollectionManager: Rebuilt the GUID cache for 0 collections in 0.000001 seconds
[2019.01.13-17.42.32:255][  0]LogContentBrowser: Native class hierarchy populated in 0.0080 seconds. Added 2452 classes and 558 folders.
[2019.01.13-17.42.32:265][  0]LogContentBrowser: Native class hierarchy updated for 'WidgetCarousel' in 0.0002 seconds. Added 0 classes and 0 folders.
[2019.01.13-17.42.32:694][  0]LogContentBrowser: Native class hierarchy updated for 'AddContentDialog' in 0.0005 seconds. Added 0 classes and 0 folders.
[2019.01.13-17.42.32:706][  0]LogContentBrowser: Native class hierarchy updated for 'SceneOutliner' in 0.0004 seconds. Added 1 classes and 2 folders.
[2019.01.13-17.42.32:821][  0]LogSlate: Took 0.010650 seconds to synchronously load lazily loaded font '../../../Engine/Content/Slate/Fonts/Roboto-Regular.ttf' (155K)
[2019.01.13-17.42.32:826][  0]LogSlate: Took 0.003065 seconds to synchronously load lazily loaded font '../../../Engine/Content/Slate/Fonts/Roboto-Bold.ttf' (160K)
[2019.01.13-17.42.32:838][  0]LogSlate: Took 0.003621 seconds to synchronously load lazily loaded font '../../../Engine/Content/Editor/Slate/Fonts/FontAwesome.ttf' (139K)
[2019.01.13-17.42.33:018][  0]LogRenderer: Reallocating scene render targets to support 1380x680 Format 10 NumSamples 1 (Frame:1).
[2019.01.13-17.42.33:680][  0]LogContentBrowser: Native class hierarchy updated for 'HierarchicalLODOutliner' in 0.0003 seconds. Added 0 classes and 0 folders.
[2019.01.13-17.42.33:680][  0]LogLoad: (Engine Initialization) Total time: 24.46 seconds
[2019.01.13-17.42.33:680][  0]LogLoad: (Engine Initialization) Total Blueprint compile time: 0.00 seconds
[2019.01.13-17.42.33:719][  0]LogContentStreaming: Texture pool size now 1000 MB
[2019.01.13-17.42.33:727][  0]LogSlate: FSceneViewport::OnFocusLost() reason 2
[2019.01.13-17.42.33:817][  0]LogSlate: Took 0.006434 seconds to synchronously load lazily loaded font '../../../Engine/Content/Slate/Fonts/Roboto-Light.ttf' (167K)
[2019.01.13-17.42.33:875][  1]LogAssetRegistry: Asset discovery search completed in 12.4431 seconds
[2019.01.13-17.42.33:877][  1]LogCollectionManager: Rebuilt the object cache for 0 collections in 0.000001 seconds (found 0 objects)
[2019.01.13-17.42.33:877][  1]LogCollectionManager: Fixed up redirectors for 0 collections in 0.000129 seconds (updated 0 objects)
[2019.01.13-17.42.35:050][ 41]LogSlate: Took 0.000232 seconds to synchronously load lazily loaded font '../../../Engine/Content/Slate/Fonts/Roboto-Light.ttf' (167K)
[2019.01.13-17.42.38:422][196]LogSlate: Window 'Message Log' being destroyed
[2019.01.13-17.42.38:425][196]LogSlate: Window 'Message Log' being destroyed
[2019.01.13-17.42.39:908][368]LogStreaming: Warning: Failed to open ANSI TEXT file C:/Users/W.Z/Desktop/GameEngines/EX7_Waldemar_Zeitler/Saved/HardwareSurvey/dxdiag.txt
[2019.01.13-17.42.39:918][369]LogStreaming: Warning: Failed to open ANSI TEXT file C:/Users/W.Z/Desktop/GameEngines/EX7_Waldemar_Zeitler/Saved/HardwareSurvey/dxdiag.txt
[2019.01.13-17.42.39:929][370]LogWindows: Warning: FWindowsPlatformSurvey::TickSurveyHardware() failed to parse available memory from dxdiag report
[2019.01.13-17.42.39:934][370]LogSynthBenchmark: Display: FSynthBenchmark (V0.95):  requested WorkScale=5.00
[2019.01.13-17.42.39:934][370]LogSynthBenchmark: Display: ===============
[2019.01.13-17.42.39:934][370]LogSynthBenchmark: Display: Main Processor:
[2019.01.13-17.42.40:097][370]LogSynthBenchmark: Display:          ... 0.017173 s/Run 'RayIntersect'
[2019.01.13-17.42.40:097][370]LogSynthBenchmark: Display:          ... 0.015342 s/Run 'Fractal'
[2019.01.13-17.42.40:097][370]LogSynthBenchmark: Display: 
[2019.01.13-17.42.40:097][370]LogSynthBenchmark: Display:   CompiledTarget_x_Bits: 64
[2019.01.13-17.42.40:097][370]LogSynthBenchmark: Display:   UE_BUILD_SHIPPING: 0
[2019.01.13-17.42.40:097][370]LogSynthBenchmark: Display:   UE_BUILD_TEST: 0
[2019.01.13-17.42.40:097][370]LogSynthBenchmark: Display:   UE_BUILD_DEBUG: 0
[2019.01.13-17.42.40:097][370]LogSynthBenchmark: Display:   TotalPhysicalGBRam: 16
[2019.01.13-17.42.40:097][370]LogSynthBenchmark: Display:   NumberOfCores (physical): 4
[2019.01.13-17.42.40:097][370]LogSynthBenchmark: Display:   NumberOfCores (logical): 8
[2019.01.13-17.42.40:097][370]LogSynthBenchmark: Display:   CPU Perf Index 0: 149.1 (weight 1.00)
[2019.01.13-17.42.40:097][370]LogSynthBenchmark: Display:   CPU Perf Index 1: 186.4 (weight 1.50)
[2019.01.13-17.42.40:097][370]LogSynthBenchmark: Display:  
[2019.01.13-17.42.40:097][370]LogSynthBenchmark: Display: Graphics:
[2019.01.13-17.42.40:097][370]LogSynthBenchmark: Display:   Adapter Name: 'NVIDIA GeForce GTX 1080'
[2019.01.13-17.42.40:097][370]LogSynthBenchmark: Display:   (On Optimus the name might be wrong, memory should be ok)
[2019.01.13-17.42.40:097][370]LogSynthBenchmark: Display:   Vendor Id: 0x10DE
[2019.01.13-17.42.40:097][370]LogSynthBenchmark: Display:   Device Id: 0x1B80
[2019.01.13-17.42.40:097][370]LogSynthBenchmark: Display:   Device Revision: 0xA1
[2019.01.13-17.42.40:097][370]LogSynthBenchmark: Display:   GPU Memory: 8079/0/8123 MB
[2019.01.13-17.42.40:159][370]LogSynthBenchmark: Display:   GPU first test: 0.01s
[2019.01.13-17.42.40:159][370]LogSynthBenchmark: Display:          ... 12.122 s/GigaPix, Confidence=100% 'ALUHeavyNoise' (likely to be very inaccurate)
[2019.01.13-17.42.40:159][370]LogSynthBenchmark: Display:          ... 10.131 s/GigaPix, Confidence=100% 'TexHeavy' (likely to be very inaccurate)
[2019.01.13-17.42.40:159][370]LogSynthBenchmark: Display:          ... 8.110 s/GigaPix, Confidence=100% 'DepTexHeavy' (likely to be very inaccurate)
[2019.01.13-17.42.40:159][370]LogSynthBenchmark: Display:          ... 28.669 s/GigaPix, Confidence=89% 'FillOnly' (likely to be very inaccurate)
[2019.01.13-17.42.40:159][370]LogSynthBenchmark: Display:          ... 1.383 s/GigaPix, Confidence=100% 'Bandwidth' (likely to be very inaccurate)
[2019.01.13-17.42.40:159][370]LogSynthBenchmark: Display:          ... 92.024 s/GigaVert, Confidence=11% 'VertThroughPut1' (likely to be very inaccurate)
[2019.01.13-17.42.40:159][370]LogSynthBenchmark: Display:          ... 7.899 s/GigaVert, Confidence=89% 'VertThroughPut2' (likely to be very inaccurate)
[2019.01.13-17.42.40:261][370]LogSynthBenchmark: Display:   GPU second test: 0.07s
[2019.01.13-17.42.40:261][370]LogSynthBenchmark: Display:          ... 18.614 s/GigaPix, Confidence=100% 'ALUHeavyNoise' (likely to be inaccurate)
[2019.01.13-17.42.40:261][370]LogSynthBenchmark: Display:          ... 15.240 s/GigaPix, Confidence=89% 'TexHeavy' (likely to be inaccurate)
[2019.01.13-17.42.40:261][370]LogSynthBenchmark: Display:          ... 13.791 s/GigaPix, Confidence=89% 'DepTexHeavy' (likely to be inaccurate)
[2019.01.13-17.42.40:261][370]LogSynthBenchmark: Display:          ... 71.922 s/GigaPix, Confidence=100% 'FillOnly' (likely to be inaccurate)
[2019.01.13-17.42.40:261][370]LogSynthBenchmark: Display:          ... 1.501 s/GigaPix, Confidence=100% 'Bandwidth' (likely to be inaccurate)
[2019.01.13-17.42.40:261][370]LogSynthBenchmark: Display:          ... 7.974 s/GigaVert, Confidence=81% 'VertThroughPut1' (likely to be inaccurate)
[2019.01.13-17.42.40:261][370]LogSynthBenchmark: Display:          ... 5.898 s/GigaVert, Confidence=100% 'VertThroughPut2' (likely to be inaccurate)
[2019.01.13-17.42.40:924][370]LogSynthBenchmark: Display:   GPU third test: 0.63s
[2019.01.13-17.42.40:924][370]LogSynthBenchmark: Display:          ... 22.342 s/GigaPix, Confidence=89% 'ALUHeavyNoise'
[2019.01.13-17.42.40:924][370]LogSynthBenchmark: Display:          ... 17.728 s/GigaPix, Confidence=89% 'TexHeavy'
[2019.01.13-17.42.40:924][370]LogSynthBenchmark: Display:          ... 16.713 s/GigaPix, Confidence=100% 'DepTexHeavy'
[2019.01.13-17.42.40:924][370]LogSynthBenchmark: Display:          ... 95.659 s/GigaPix, Confidence=89% 'FillOnly'
[2019.01.13-17.42.40:924][370]LogSynthBenchmark: Display:          ... 1.610 s/GigaPix, Confidence=100% 'Bandwidth'
[2019.01.13-17.42.40:924][370]LogSynthBenchmark: Display:          ... 6.203 s/GigaVert, Confidence=100% 'VertThroughPut1'
[2019.01.13-17.42.40:924][370]LogSynthBenchmark: Display:          ... 6.342 s/GigaVert, Confidence=100% 'VertThroughPut2'
[2019.01.13-17.42.40:924][370]LogSynthBenchmark: Display:   GPU Final Results:
[2019.01.13-17.42.40:924][370]LogSynthBenchmark: Display:          ... 22.342 s/GigaPix, Confidence=89% 'ALUHeavyNoise'
[2019.01.13-17.42.40:924][370]LogSynthBenchmark: Display:          ... 17.728 s/GigaPix, Confidence=89% 'TexHeavy'
[2019.01.13-17.42.40:924][370]LogSynthBenchmark: Display:          ... 16.713 s/GigaPix, Confidence=100% 'DepTexHeavy'
[2019.01.13-17.42.40:924][370]LogSynthBenchmark: Display:          ... 95.659 s/GigaPix, Confidence=89% 'FillOnly'
[2019.01.13-17.42.40:924][370]LogSynthBenchmark: Display:          ... 1.610 s/GigaPix, Confidence=100% 'Bandwidth'
[2019.01.13-17.42.40:924][370]LogSynthBenchmark: Display:          ... 6.203 s/GigaVert, Confidence=100% 'VertThroughPut1'
[2019.01.13-17.42.40:924][370]LogSynthBenchmark: Display:          ... 6.342 s/GigaVert, Confidence=100% 'VertThroughPut2'
[2019.01.13-17.42.40:924][370]LogSynthBenchmark: Display: 
[2019.01.13-17.42.40:924][370]LogSynthBenchmark: Display:   GPU Perf Index 0: 485.6 (weight 1.00)
[2019.01.13-17.42.40:924][370]LogSynthBenchmark: Display:   GPU Perf Index 1: 238.1 (weight 0.10)
[2019.01.13-17.42.40:924][370]LogSynthBenchmark: Display:   GPU Perf Index 2: 434.5 (weight 0.10)
[2019.01.13-17.42.40:924][370]LogSynthBenchmark: Display:   GPU Perf Index 3: 375.7 (weight 3.00)
[2019.01.13-17.42.40:924][370]LogSynthBenchmark: Display:   GPU Perf Index 4: 150.2 (weight 1.00)
[2019.01.13-17.42.40:924][370]LogSynthBenchmark: Display:   GPU Perf Index 5: 403.6 (weight 0.00)
[2019.01.13-17.42.40:924][370]LogSynthBenchmark: Display:   GPU Perf Index 6: 358.9 (weight 0.00)
[2019.01.13-17.42.40:924][370]LogSynthBenchmark: Display:   CPUIndex: 171.5
[2019.01.13-17.42.40:924][370]LogSynthBenchmark: Display:   GPUIndex: 351.9
[2019.01.13-17.42.40:924][370]LogSynthBenchmark: Display: 
[2019.01.13-17.42.40:924][370]LogSynthBenchmark: Display:          ... Total Time: 0.989561 sec
[2019.01.13-17.43.03:397][607]LogSlate: FSceneViewport::OnFocusLost() reason 0
[2019.01.13-17.43.03:525][619]LogContentBrowser: Native class hierarchy updated for 'Cascade' in 0.0002 seconds. Added 2 classes and 2 folders.
[2019.01.13-17.43.06:793][923]LogSlate: Window 'P_Explosion' being destroyed
[2019.01.13-17.43.09:746][274]LogEditorViewport: Clicking on Actor (LMB): Emitter (P_Explosion)
[2019.01.13-17.43.14:967][889]LogSlate: FSceneViewport::OnFocusLost() reason 0
[2019.01.13-17.43.19:560][440]LogEditorViewport: Clicking on Actor (LMB): Emitter (P_Explosion)
[2019.01.13-17.43.20:386][536]Cmd: DELETE
[2019.01.13-17.43.20:386][536]Cmd: ACTOR DELETE
[2019.01.13-17.43.20:392][536]LogEditorActor: Deleted Actor: Emitter
[2019.01.13-17.43.20:399][536]LogEditorActor: Deleted 1 Actors (0.012 secs)
[2019.01.13-17.46.23:551][336]LogSlate: FSceneViewport::OnFocusLost() reason 0
[2019.01.13-17.46.25:190][336]LogSlate: Window 'Save Content' being destroyed
[2019.01.13-17.46.25:420][336]LogSavePackage: Save=93.54ms
[2019.01.13-17.46.25:420][336]LogSavePackage: Moving '../../../../../../Users/W.Z/Desktop/GameEngines/EX7_Waldemar_Zeitler/Saved/ThirdPersonExampleMap9C883D8E4567B0F680322DAFEDE88752.tmp' to '../../../../../../Users/W.Z/Desktop/GameEngines/EX7_Waldemar_Zeitler/Content/ThirdPersonBP/Maps/ThirdPersonExampleMap.umap'
[2019.01.13-17.46.25:426][336]LogSavePackage: Display: Finished SavePackage ../../../../../../Users/W.Z/Desktop/GameEngines/EX7_Waldemar_Zeitler/Content/ThirdPersonBP/Maps/ThirdPersonExampleMap.umap
[2019.01.13-17.46.25:440][336]LogFileHelpers: Saving map 'ThirdPersonExampleMap' took 0.230
[2019.01.13-17.46.25:477][336]LogCascade: Quitting Cascade. FXSystem=0x0000022292C73920
[2019.01.13-17.46.25:564][336]LogCascade: Quitting Cascade. FXSystem=0x00000222FB727B00
[2019.01.13-17.46.25:621][336]LogActorComponent: UnregisterComponent: (/Engine/Transient.FloorComponent) Not registered. Aborting.
[2019.01.13-17.46.25:648][336]LogSlate: Window 'EX7_Waldemar_Zeitler - Unreal Editor' being destroyed
[2019.01.13-17.46.25:648][336]LogWindowsTextInputMethodSystem: Display: IME system now deactivated.
[2019.01.13-17.46.25:820][337]Cmd: QUIT_EDITOR
[2019.01.13-17.46.25:841][337]LogSlate: Slate User Destroyed.  User Index 0, Is Virtual User: 0
[2019.01.13-17.46.25:842][337]LogExit: Preparing to exit.
[2019.01.13-17.46.26:272][337]LogDirectoryWatcher: A directory notification failed for 'C:/Users/W.Z/Desktop/GameEngines/EX7_Waldemar_Zeitler/Content/', and we were unable to create a new request.
[2019.01.13-17.46.26:287][337]LogExit: Editor shut down
[2019.01.13-17.46.26:290][337]LogExit: Transaction tracking system shut down
[2019.01.13-17.46.26:290][337]LogUObjectGlobals: Destroyed PersistentFrame Addr=0x000002229371a250, Size=72
[2019.01.13-17.46.26:290][337]LogUObjectGlobals: Destroyed PersistentFrame Addr=0x00000222936bc2c0, Size=296
[2019.01.13-17.46.26:433][337]LogDirectoryWatcher: A directory notification for '../../../Engine/Content/' was aborted.
[2019.01.13-17.46.26:433][337]LogDirectoryWatcher: A directory notification for '../../../../../../Users/W.Z/Desktop/GameEngines/EX7_Waldemar_Zeitler/Content/' was aborted.
[2019.01.13-17.46.26:434][337]LogDirectoryWatcher: A directory notification for '../../Plugins/2D/Paper2D/Content/' was aborted.
[2019.01.13-17.46.26:434][337]LogDirectoryWatcher: A directory notification for '../../Plugins/Enterprise/DatasmithContent/Content/' was aborted.
[2019.01.13-17.46.26:434][337]LogDirectoryWatcher: A directory notification for '../../Plugins/Media/MediaCompositing/Content/' was aborted.
[2019.01.13-17.46.26:434][337]LogDirectoryWatcher: A directory notification for '../../Plugins/Runtime/AppleARKit/Content/' was aborted.
[2019.01.13-17.46.26:434][337]LogDirectoryWatcher: A directory notification for '../../Plugins/Runtime/Oculus/OculusVR/Content/' was aborted.
[2019.01.13-17.46.26:434][337]LogDirectoryWatcher: A directory notification for '../../Plugins/Runtime/Steam/SteamVR/Content/' was aborted.
[2019.01.13-17.46.26:507][337]LogExit: Object subsystem successfully closed.
[2019.01.13-17.46.26:529][337]LogShaderCompilers: Display: Shaders left to compile 0
[2019.01.13-17.46.26:532][337]LogD3D11RHI: Shutdown
[2019.01.13-17.46.26:532][337]LogD3D11RHI: CleanupD3DDevice
[2019.01.13-17.46.26:534][337]LogD3D11RHI: ~FD3D11DynamicRHI
[2019.01.13-17.46.26:564][337]LogModuleManager: Shutting down and abandoning module DistCurveEditor (580)
[2019.01.13-17.46.26:564][337]LogModuleManager: Shutting down and abandoning module Cascade (578)
[2019.01.13-17.46.26:564][337]LogModuleManager: Shutting down and abandoning module SynthBenchmark (576)
[2019.01.13-17.46.26:564][337]LogModuleManager: Shutting down and abandoning module HierarchicalLODOutliner (574)
[2019.01.13-17.46.26:564][337]LogModuleManager: Shutting down and abandoning module SceneOutliner (572)
[2019.01.13-17.46.26:564][337]LogModuleManager: Shutting down and abandoning module AddContentDialog (570)
[2019.01.13-17.46.26:564][337]LogDirectoryWatcher: A directory notification for 'C:/Program Files/Epic Games/UE_4.19/FeaturePacks/' was aborted.
[2019.01.13-17.46.26:565][337]LogModuleManager: Shutting down and abandoning module WidgetCarousel (569)
[2019.01.13-17.46.26:565][337]LogModuleManager: Shutting down and abandoning module EditorWidgets (566)
[2019.01.13-17.46.26:565][337]LogModuleManager: Shutting down and abandoning module CollectionManager (564)
[2019.01.13-17.46.26:565][337]LogDirectoryWatcher: A directory notification for 'C:/Users/W.Z/Desktop/GameEngines/EX7_Waldemar_Zeitler/Content/Collections/' was aborted.
[2019.01.13-17.46.26:565][337]LogDirectoryWatcher: A directory notification for 'C:/Users/W.Z/Desktop/GameEngines/EX7_Waldemar_Zeitler/Content/Developers/WZ/Collections/' was aborted.
[2019.01.13-17.46.26:565][337]LogDirectoryWatcher: A directory notification for 'C:/Users/W.Z/Desktop/GameEngines/EX7_Waldemar_Zeitler/Saved/Collections/' was aborted.
[2019.01.13-17.46.26:565][337]LogModuleManager: Shutting down and abandoning module StatsViewer (562)
[2019.01.13-17.46.26:565][337]LogModuleManager: Shutting down and abandoning module FoliageEdit (560)
[2019.01.13-17.46.26:565][337]LogModuleManager: Shutting down and abandoning module LandscapeEditor (558)
[2019.01.13-17.46.26:565][337]LogModuleManager: Shutting down and abandoning module MeshPaintMode (556)
[2019.01.13-17.46.26:565][337]LogModuleManager: Shutting down and abandoning module SceneDepthPickerMode (554)
[2019.01.13-17.46.26:565][337]LogModuleManager: Shutting down and abandoning module ActorPickerMode (552)
[2019.01.13-17.46.26:565][337]LogModuleManager: Shutting down and abandoning module GeometryMode (550)
[2019.01.13-17.46.26:565][337]LogModuleManager: Shutting down and abandoning module TextureAlignMode (548)
[2019.01.13-17.46.26:566][337]LogModuleManager: Shutting down and abandoning module BspMode (546)
[2019.01.13-17.46.26:566][337]LogModuleManager: Shutting down and abandoning module PIEPreviewDeviceProfileSelector (544)
[2019.01.13-17.46.26:566][337]LogModuleManager: Shutting down and abandoning module HardwareSurvey (542)
[2019.01.13-17.46.26:566][337]LogModuleManager: Shutting down and abandoning module SequenceRecorderSections (540)
[2019.01.13-17.46.26:566][337]LogModuleManager: Shutting down and abandoning module AutomationWorker (538)
[2019.01.13-17.46.26:566][337]LogModuleManager: Shutting down and abandoning module AudioCaptureEditor (536)
[2019.01.13-17.46.26:566][337]LogModuleManager: Shutting down and abandoning module SequenceRecorder (535)
[2019.01.13-17.46.26:566][337]LogModuleManager: Shutting down and abandoning module MatineeToLevelSequence (532)
[2019.01.13-17.46.26:566][337]LogModuleManager: Shutting down and abandoning module LevelSequenceEditor (530)
[2019.01.13-17.46.26:566][337]LogModuleManager: Shutting down and abandoning module PlacementMode (529)
[2019.01.13-17.46.26:566][337]LogModuleManager: Shutting down and abandoning module MaterialEditor (528)
[2019.01.13-17.46.26:566][337]LogModuleManager: Shutting down and abandoning module WmfMediaFactory (524)
[2019.01.13-17.46.26:566][337]LogModuleManager: Shutting down and abandoning module WmfMediaEditor (522)
[2019.01.13-17.46.26:566][337]LogModuleManager: Shutting down and abandoning module MediaPlayerEditor (520)
[2019.01.13-17.46.26:566][337]LogModuleManager: Shutting down and abandoning module OpenExrWrapper (518)
[2019.01.13-17.46.26:566][337]LogModuleManager: Shutting down and abandoning module ImgMediaFactory (516)
[2019.01.13-17.46.26:566][337]LogModuleManager: Shutting down and abandoning module ImgMediaEditor (514)
[2019.01.13-17.46.26:566][337]LogModuleManager: Shutting down and abandoning module AvfMediaFactory (512)
[2019.01.13-17.46.26:566][337]LogModuleManager: Shutting down and abandoning module AvfMediaEditor (510)
[2019.01.13-17.46.26:566][337]LogModuleManager: Shutting down and abandoning module AndroidMediaFactory (508)
[2019.01.13-17.46.26:566][337]LogModuleManager: Shutting down and abandoning module AndroidMediaEditor (506)
[2019.01.13-17.46.26:566][337]LogModuleManager: Shutting down and abandoning module CharacterAI (504)
[2019.01.13-17.46.26:566][337]LogModuleManager: Shutting down and abandoning module SmartSnapping (502)
[2019.01.13-17.46.26:566][337]LogModuleManager: Shutting down and abandoning module SessionServices (500)
[2019.01.13-17.46.26:566][337]LogModuleManager: Shutting down and abandoning module ViewportSnapping (498)
[2019.01.13-17.46.26:566][337]LogModuleManager: Shutting down and abandoning module ViewportInteraction (496)
[2019.01.13-17.46.26:566][337]LogModuleManager: Shutting down and abandoning module ClothPainter (494)
[2019.01.13-17.46.26:566][337]LogModuleManager: Shutting down and abandoning module SkeletalMeshEditor (493)
[2019.01.13-17.46.26:566][337]LogModuleManager: Shutting down and abandoning module LogVisualizer (490)
[2019.01.13-17.46.26:566][337]LogModuleManager: Shutting down and abandoning module IntroTutorials (488)
[2019.01.13-17.46.26:566][337]LogModuleManager: Shutting down and abandoning module GameProjectGeneration (487)
[2019.01.13-17.46.26:567][337]LogModuleManager: Shutting down and abandoning module IOSPlatformEditor (484)
[2019.01.13-17.46.26:567][337]LogModuleManager: Shutting down and abandoning module HTML5PlatformEditor (482)
[2019.01.13-17.46.26:567][337]LogModuleManager: Shutting down and abandoning module AndroidPlatformEditor (480)
[2019.01.13-17.46.26:567][337]LogModuleManager: Shutting down and abandoning module AndroidDeviceDetection (479)
[2019.01.13-17.46.27:361][337]LogModuleManager: Shutting down and abandoning module WindowsPlatformEditor (476)
[2019.01.13-17.46.27:361][337]LogModuleManager: Shutting down and abandoning module IOSRuntimeSettings (474)
[2019.01.13-17.46.27:361][337]LogModuleManager: Shutting down and abandoning module AndroidRuntimeSettings (472)
[2019.01.13-17.46.27:361][337]LogModuleManager: Shutting down and abandoning module InputBindingEditor (470)
[2019.01.13-17.46.27:361][337]LogModuleManager: Shutting down and abandoning module MergeActors (468)
[2019.01.13-17.46.27:361][337]LogModuleManager: Shutting down and abandoning module LocalizationDashboard (466)
[2019.01.13-17.46.27:361][337]LogModuleManager: Shutting down and abandoning module LocalizationService (465)
[2019.01.13-17.46.27:361][337]LogModuleManager: Shutting down and abandoning module HardwareTargeting (462)
[2019.01.13-17.46.27:361][337]LogModuleManager: Shutting down and abandoning module DeviceProfileEditor (460)
[2019.01.13-17.46.27:361][337]LogModuleManager: Shutting down and abandoning module UndoHistory (458)
[2019.01.13-17.46.27:361][337]LogModuleManager: Shutting down and abandoning module XmlParser (456)
[2019.01.13-17.46.27:361][337]LogModuleManager: Shutting down and abandoning module Blutility (454)
[2019.01.13-17.46.27:361][337]LogModuleManager: Shutting down and abandoning module ProjectSettingsViewer (452)
[2019.01.13-17.46.27:361][337]LogModuleManager: Shutting down and abandoning module ProjectTargetPlatformEditor (451)
[2019.01.13-17.46.27:362][337]LogModuleManager: Shutting down and abandoning module EditorSettingsViewer (448)
[2019.01.13-17.46.27:362][337]LogModuleManager: Shutting down and abandoning module SettingsEditor (446)
[2019.01.13-17.46.27:362][337]LogModuleManager: Shutting down and abandoning module ProjectLauncher (444)
[2019.01.13-17.46.27:362][337]LogModuleManager: Shutting down and abandoning module SessionFrontend (442)
[2019.01.13-17.46.27:362][337]LogModuleManager: Shutting down and abandoning module ProfilerClient (440)
[2019.01.13-17.46.27:362][337]LogModuleManager: Shutting down and abandoning module DeviceManager (438)
[2019.01.13-17.46.27:362][337]LogModuleManager: Shutting down and abandoning module TargetDeviceServices (437)
[2019.01.13-17.46.27:416][337]LogModuleManager: Shutting down and abandoning module AutomationController (434)
[2019.01.13-17.46.27:416][337]LogModuleManager: Shutting down and abandoning module AutomationWindow (432)
[2019.01.13-17.46.27:416][337]LogModuleManager: Shutting down and abandoning module Layers (430)
[2019.01.13-17.46.27:416][337]LogModuleManager: Shutting down and abandoning module ComponentVisualizers (428)
[2019.01.13-17.46.27:416][337]LogModuleManager: Shutting down and abandoning module DetailCustomizations (426)
[2019.01.13-17.46.27:416][337]LogModuleManager: Shutting down and abandoning module PackagesDialog (424)
[2019.01.13-17.46.27:416][337]LogModuleManager: Shutting down and abandoning module Persona (422)
[2019.01.13-17.46.27:416][337]LogModuleManager: Shutting down and abandoning module AdvancedPreviewScene (421)
[2019.01.13-17.46.27:416][337]LogModuleManager: Shutting down and abandoning module AnimGraph (419)
[2019.01.13-17.46.27:416][337]LogModuleManager: Shutting down and abandoning module Kismet (416)
[2019.01.13-17.46.27:416][337]LogModuleManager: Shutting down and abandoning module GraphEditor (414)
[2019.01.13-17.46.27:416][337]LogModuleManager: Shutting down and abandoning module ClassViewer (412)
[2019.01.13-17.46.27:416][337]LogModuleManager: Shutting down and abandoning module Toolbox (410)
[2019.01.13-17.46.27:416][337]LogModuleManager: Shutting down and abandoning module ModuleUI (408)
[2019.01.13-17.46.27:417][337]LogModuleManager: Shutting down and abandoning module MovieSceneTools (406)
[2019.01.13-17.46.27:417][337]LogModuleManager: Shutting down and abandoning module OutputLog (404)
[2019.01.13-17.46.27:417][337]LogModuleManager: Shutting down and abandoning module GammaUI (402)
[2019.01.13-17.46.27:417][337]LogModuleManager: Shutting down and abandoning module Documentation (400)
[2019.01.13-17.46.27:417][337]LogModuleManager: Shutting down and abandoning module MovieSceneTracks (398)
[2019.01.13-17.46.27:417][337]LogModuleManager: Shutting down and abandoning module MovieScene (396)
[2019.01.13-17.46.27:417][337]LogModuleManager: Shutting down and abandoning module StreamingPauseRendering (394)
[2019.01.13-17.46.27:417][337]LogModuleManager: Shutting down and abandoning module LauncherPlatform (392)
[2019.01.13-17.46.27:417][337]LogModuleManager: Shutting down and abandoning module AnalyticsET (390)
[2019.01.13-17.46.27:417][337]LogModuleManager: Shutting down and abandoning module PortalServices (388)
[2019.01.13-17.46.27:417][337]LogModuleManager: Shutting down and abandoning module PortalRpc (386)
[2019.01.13-17.46.27:417][337]LogModuleManager: Shutting down and abandoning module MessagingRpc (384)
[2019.01.13-17.46.27:417][337]LogModuleManager: Shutting down and abandoning module AIModule (382)
[2019.01.13-17.46.27:417][337]LogModuleManager: Shutting down and abandoning module GameplayDebugger (381)
[2019.01.13-17.46.27:417][337]LogModuleManager: Shutting down and abandoning module AITestSuite (379)
[2019.01.13-17.46.27:417][337]LogModuleManager: Shutting down and abandoning module DesktopPlatform (376)
[2019.01.13-17.46.27:417][337]LogModuleManager: Shutting down and abandoning module ProfilerService (374)
[2019.01.13-17.46.27:544][337]LogModuleManager: Shutting down and abandoning module TaskGraph (372)
[2019.01.13-17.46.27:544][337]LogModuleManager: Shutting down and abandoning module SteamVRController (370)
[2019.01.13-17.46.27:544][337]LogModuleManager: Shutting down and abandoning module ProceduralMeshComponentEditor (368)
[2019.01.13-17.46.27:544][337]LogModuleManager: Shutting down and abandoning module ProceduralMeshComponent (366)
[2019.01.13-17.46.27:544][337]LogModuleManager: Shutting down and abandoning module OculusInput (364)
[2019.01.13-17.46.27:544][337]LogModuleManager: Shutting down and abandoning module MobilePatchingUtils (362)
[2019.01.13-17.46.27:544][337]LogModuleManager: Shutting down and abandoning module CustomMeshComponent (360)
[2019.01.13-17.46.27:544][337]LogModuleManager: Shutting down and abandoning module CableComponent (358)
[2019.01.13-17.46.27:544][337]LogModuleManager: Shutting down and abandoning module AudioCapture (356)
[2019.01.13-17.46.27:544][337]LogModuleManager: Shutting down and abandoning module ArchVisCharacter (354)
[2019.01.13-17.46.27:544][337]LogModuleManager: Shutting down and abandoning module AndroidPermission (352)
[2019.01.13-17.46.27:544][337]LogModuleManager: Shutting down and abandoning module NUTUnrealEngine4 (348)
[2019.01.13-17.46.27:544][337]LogModuleManager: Shutting down and abandoning module NetcodeUnitTest (346)
[2019.01.13-17.46.27:544][337]LogModuleManager: Shutting down and abandoning module MediaCompositingEditor (344)
[2019.01.13-17.46.27:544][337]LogModuleManager: Shutting down and abandoning module MediaCompositing (342)
[2019.01.13-17.46.27:544][337]LogModuleManager: Shutting down and abandoning module LinearTimecode (340)
[2019.01.13-17.46.27:544][337]LogModuleManager: Shutting down and abandoning module ImgMedia (338)
[2019.01.13-17.46.27:547][337]LogModuleManager: Shutting down and abandoning module HTML5Networking (336)
[2019.01.13-17.46.27:547][337]LogModuleManager: Shutting down and abandoning module AlembicImporter (334)
[2019.01.13-17.46.27:547][337]LogModuleManager: Shutting down and abandoning module AlembicLibrary (333)
[2019.01.13-17.46.27:547][337]LogModuleManager: Shutting down and abandoning module GeometryCache (332)
[2019.01.13-17.46.27:547][337]LogModuleManager: Shutting down and abandoning module GeometryCacheEd (331)
[2019.01.13-17.46.27:547][337]LogModuleManager: Shutting down and abandoning module DatasmithContent (326)
[2019.01.13-17.46.27:547][337]LogModuleManager: Shutting down and abandoning module SpeedTreeImporter (324)
[2019.01.13-17.46.27:547][337]LogModuleManager: Shutting down and abandoning module PluginBrowser (322)
[2019.01.13-17.46.27:547][337]LogModuleManager: Shutting down and abandoning module MobileLauncherProfileWizard (320)
[2019.01.13-17.46.27:547][337]LogModuleManager: Shutting down and abandoning module CryptoKeysOpenSSL (318)
[2019.01.13-17.46.27:547][337]LogModuleManager: Shutting down and abandoning module CryptoKeys (316)
[2019.01.13-17.46.27:547][337]LogModuleManager: Shutting down and abandoning module VisualStudioSourceCodeAccess (314)
[2019.01.13-17.46.27:547][337]LogModuleManager: Shutting down and abandoning module VisualStudioCodeSourceCodeAccess (312)
[2019.01.13-17.46.27:547][337]LogModuleManager: Shutting down and abandoning module UObjectPlugin (310)
[2019.01.13-17.46.27:547][337]LogModuleManager: Shutting down and abandoning module SubversionSourceControl (308)
[2019.01.13-17.46.27:547][337]LogModuleManager: Shutting down and abandoning module PerforceSourceControl (306)
[2019.01.13-17.46.27:547][337]LogModuleManager: Shutting down and abandoning module GitSourceControl (304)
[2019.01.13-17.46.27:547][337]LogModuleManager: Shutting down and abandoning module SourceControl (303)
[2019.01.13-17.46.27:547][337]LogModuleManager: Shutting down and abandoning module CLionSourceCodeAccess (300)
[2019.01.13-17.46.27:547][337]LogModuleManager: Shutting down and abandoning module LightPropagationVolumeEditor (298)
[2019.01.13-17.46.27:547][337]LogModuleManager: Shutting down and abandoning module PaperTiledImporter (296)
[2019.01.13-17.46.27:547][337]LogModuleManager: Shutting down and abandoning module PaperSpriteSheetImporter (294)
[2019.01.13-17.46.27:547][337]LogModuleManager: Shutting down and abandoning module Paper2DEditor (292)
[2019.01.13-17.46.27:547][337]LogModuleManager: Shutting down and abandoning module MeshPaint (291)
[2019.01.13-17.46.27:548][337]LogModuleManager: Shutting down and abandoning module RuntimePhysXCooking (288)
[2019.01.13-17.46.27:548][337]LogModuleManager: Shutting down and abandoning module PhysXVehiclesEditor (286)
[2019.01.13-17.46.27:548][337]LogModuleManager: Shutting down and abandoning module PhysXVehicles (284)
[2019.01.13-17.46.27:548][337]LogModuleManager: Shutting down and abandoning module OculusEditor (282)
[2019.01.13-17.46.27:548][337]LogModuleManager: Shutting down and abandoning module LocationServicesBPLibrary (280)
[2019.01.13-17.46.27:548][337]LogModuleManager: Shutting down and abandoning module ImmediatePhysicsEditor (278)
[2019.01.13-17.46.27:548][337]LogModuleManager: Shutting down and abandoning module ImmediatePhysics (276)
[2019.01.13-17.46.27:548][337]LogModuleManager: Shutting down and abandoning module ActorSequence (274)
[2019.01.13-17.46.27:548][337]LogModuleManager: Shutting down and abandoning module UdpMessaging (272)
[2019.01.13-17.46.27:649][337]LogModuleManager: Shutting down and abandoning module TcpMessaging (270)
[2019.01.13-17.46.27:749][337]LogModuleManager: Shutting down and abandoning module GameplayTagsEditor (268)
[2019.01.13-17.46.27:749][337]LogModuleManager: Shutting down and abandoning module FacialAnimationEditor (266)
[2019.01.13-17.46.27:749][337]LogModuleManager: Shutting down and abandoning module FacialAnimation (264)
[2019.01.13-17.46.27:749][337]LogModuleManager: Shutting down and abandoning module DataValidation (262)
[2019.01.13-17.46.27:749][337]LogModuleManager: Shutting down and abandoning module AssetManagerEditor (260)
[2019.01.13-17.46.27:749][337]LogModuleManager: Shutting down and abandoning module LevelEditor (259)
[2019.01.13-17.46.27:749][337]LogModuleManager: Shutting down and abandoning module PixelInspectorModule (258)
[2019.01.13-17.46.27:749][337]LogModuleManager: Shutting down and abandoning module CommonMenuExtensions (256)
[2019.01.13-17.46.27:750][337]LogModuleManager: Shutting down and abandoning module MainFrame (254)
[2019.01.13-17.46.27:750][337]LogModuleManager: Shutting down and abandoning module HotReload (253)
[2019.01.13-17.46.27:750][337]LogModuleManager: Shutting down and abandoning module ContentBrowser (249)
[2019.01.13-17.46.27:751][337]LogModuleManager: Shutting down and abandoning module TreeMap (247)
[2019.01.13-17.46.27:751][337]LogModuleManager: Shutting down and abandoning module LightPropagationVolumeRuntime (244)
[2019.01.13-17.46.27:751][337]LogModuleManager: Shutting down and abandoning module LiveLinkEditor (242)
[2019.01.13-17.46.27:751][337]LogModuleManager: Shutting down and abandoning module LiveLink (240)
[2019.01.13-17.46.27:892][337]LogModuleManager: Shutting down and abandoning module Paper2D (238)
[2019.01.13-17.46.27:892][337]LogModuleManager: Shutting down and abandoning module WindowsMoviePlayer (236)
[2019.01.13-17.46.27:892][337]LogModuleManager: Shutting down and abandoning module WmfMedia (234)
[2019.01.13-17.46.27:893][337]LogModuleManager: Shutting down and abandoning module Media (233)
[2019.01.13-17.46.27:899][337]LogModuleManager: Shutting down and abandoning module PacketHandler (230)
[2019.01.13-17.46.27:899][337]LogModuleManager: Shutting down and abandoning module ClothingSystemEditor (228)
[2019.01.13-17.46.27:899][337]LogModuleManager: Shutting down and abandoning module ClothingSystemRuntime (226)
[2019.01.13-17.46.27:899][337]LogModuleManager: Shutting down and abandoning module MediaAssets (224)
[2019.01.13-17.46.27:899][337]LogModuleManager: Shutting down and abandoning module Overlay (222)
[2019.01.13-17.46.27:899][337]LogModuleManager: Shutting down and abandoning module OverlayEditor (221)
[2019.01.13-17.46.27:899][337]LogModuleManager: Shutting down and abandoning module VREditor (218)
[2019.01.13-17.46.27:899][337]LogModuleManager: Shutting down and abandoning module StringTableEditor (216)
[2019.01.13-17.46.27:899][337]LogModuleManager: Shutting down and abandoning module GameplayTasksEditor (214)
[2019.01.13-17.46.27:899][337]LogModuleManager: Shutting down and abandoning module BehaviorTreeEditor (212)
[2019.01.13-17.46.27:899][337]LogModuleManager: Shutting down and abandoning module FunctionalTesting (210)
[2019.01.13-17.46.27:899][337]LogModuleManager: Shutting down and abandoning module CollisionAnalyzer (208)
[2019.01.13-17.46.27:899][337]LogModuleManager: Shutting down and abandoning module WorkspaceMenuStructure (207)
[2019.01.13-17.46.27:899][337]LogModuleManager: Shutting down and abandoning module UMG (204)
[2019.01.13-17.46.27:899][337]LogModuleManager: Shutting down and abandoning module UMGEditor (203)
[2019.01.13-17.46.27:899][337]LogModuleManager: Shutting down and abandoning module Sequencer (202)
[2019.01.13-17.46.27:899][337]LogModuleManager: Shutting down and abandoning module MessageLog (199)
[2019.01.13-17.46.27:900][337]LogModuleManager: Shutting down and abandoning module SlateReflector (194)
[2019.01.13-17.46.27:900][337]LogModuleManager: Shutting down and abandoning module Slate (192)
[2019.01.13-17.46.27:900][337]LogModuleManager: Shutting down and abandoning module EditorStyle (190)
[2019.01.13-17.46.27:901][337]LogModuleManager: Shutting down and abandoning module MRMesh (188)
[2019.01.13-17.46.27:901][337]LogModuleManager: Shutting down and abandoning module SourceCodeAccess (186)
[2019.01.13-17.46.27:901][337]LogModuleManager: Shutting down and abandoning module HeadMountedDisplay (184)
[2019.01.13-17.46.27:901][337]LogModuleManager: Shutting down and abandoning module XAudio2 (182)
[2019.01.13-17.46.27:901][337]LogModuleManager: Shutting down and abandoning module Networking (180)
[2019.01.13-17.46.27:901][337]LogModuleManager: Shutting down and abandoning module Core (178)
[2019.01.13-17.46.27:901][337]LogModuleManager: Shutting down and abandoning module LevelSequence (176)
[2019.01.13-17.46.27:901][337]LogModuleManager: Shutting down and abandoning module KismetCompiler (174)
[2019.01.13-17.46.27:901][337]LogModuleManager: Shutting down and abandoning module MeshUtilities (172)
[2019.01.13-17.46.27:901][337]LogModuleManager: Shutting down and abandoning module MeshMergeUtilities (171)
[2019.01.13-17.46.27:901][337]LogModuleManager: Shutting down and abandoning module MeshReductionInterface (170)
[2019.01.13-17.46.27:901][337]LogModuleManager: Shutting down and abandoning module SimplygonSwarm (169)
[2019.01.13-17.46.27:901][337]LogModuleManager: Shutting down and abandoning module SimplygonMeshReduction (167)
[2019.01.13-17.46.27:901][337]LogModuleManager: Shutting down and abandoning module QuadricMeshReduction (165)
[2019.01.13-17.46.27:901][337]LogModuleManager: Shutting down and abandoning module MaterialBaking (161)
[2019.01.13-17.46.27:901][337]LogModuleManager: Shutting down and abandoning module DirectoryWatcher (157)
[2019.01.13-17.46.27:902][337]LogModuleManager: Shutting down and abandoning module DerivedDataCache (154)
[2019.01.13-17.46.27:947][337]LogDerivedDataCache: Shutdown
[2019.01.13-17.46.27:947][337]LogModuleManager: Shutting down and abandoning module XGEController (152)
[2019.01.13-17.46.27:947][337]LogXGEController: Cleaning working directory: C:/Users/W.Z/AppData/Local/Temp/UnrealXGEWorkingDir/
[2019.01.13-17.46.27:947][337]LogModuleManager: Shutting down and abandoning module TargetPlatform (150)
[2019.01.13-17.46.27:947][337]LogModuleManager: Shutting down and abandoning module VulkanShaderFormat (149)
[2019.01.13-17.46.27:947][337]LogModuleManager: Shutting down and abandoning module ShaderFormatVectorVM (147)
[2019.01.13-17.46.27:947][337]LogModuleManager: Shutting down and abandoning module ShaderFormatOpenGL (145)
[2019.01.13-17.46.27:947][337]LogModuleManager: Shutting down and abandoning module ShaderFormatD3D (143)
[2019.01.13-17.46.27:947][337]LogModuleManager: Shutting down and abandoning module MetalShaderFormat (141)
[2019.01.13-17.46.27:948][337]LogModuleManager: Shutting down and abandoning module TextureFormatUncompressed (139)
[2019.01.13-17.46.27:948][337]LogModuleManager: Shutting down and abandoning module TextureFormatPVR (137)
[2019.01.13-17.46.27:948][337]LogModuleManager: Shutting down and abandoning module TextureFormatDXT (135)
[2019.01.13-17.46.27:948][337]LogModuleManager: Shutting down and abandoning module TextureFormatIntelISPCTexComp (133)
[2019.01.13-17.46.27:948][337]LogModuleManager: Shutting down and abandoning module TextureFormatASTC (131)
[2019.01.13-17.46.27:948][337]LogModuleManager: Shutting down and abandoning module ImageWrapper (130)
[2019.01.13-17.46.27:948][337]LogModuleManager: Shutting down and abandoning module TextureFormatAndroid (127)
[2019.01.13-17.46.27:948][337]LogModuleManager: Shutting down and abandoning module AudioFormatOpus (125)
[2019.01.13-17.46.27:948][337]LogModuleManager: Shutting down and abandoning module AudioFormatOgg (123)
[2019.01.13-17.46.27:948][337]LogModuleManager: Shutting down and abandoning module AudioFormatADPCM (121)
[2019.01.13-17.46.27:948][337]LogModuleManager: Shutting down and abandoning module LinuxTargetPlatform (119)
[2019.01.13-17.46.27:948][337]LogModuleManager: Shutting down and abandoning module LinuxServerTargetPlatform (117)
[2019.01.13-17.46.27:948][337]LogModuleManager: Shutting down and abandoning module LinuxNoEditorTargetPlatform (115)
[2019.01.13-17.46.27:948][337]LogModuleManager: Shutting down and abandoning module LinuxClientTargetPlatform (113)
[2019.01.13-17.46.27:948][337]LogModuleManager: Shutting down and abandoning module TVOSTargetPlatform (111)
[2019.01.13-17.46.27:948][337]LogModuleManager: Shutting down and abandoning module Messaging (109)
[2019.01.13-17.46.27:948][337]LogModuleManager: Shutting down and abandoning module IOSTargetPlatform (107)
[2019.01.13-17.46.27:948][337]LogModuleManager: Shutting down and abandoning module HTML5TargetPlatform (105)
[2019.01.13-17.46.27:948][337]LogModuleManager: Shutting down and abandoning module AndroidTargetPlatform (103)
[2019.01.13-17.46.27:948][337]LogModuleManager: Shutting down and abandoning module Android_PVRTCTargetPlatform (101)
[2019.01.13-17.46.27:948][337]LogModuleManager: Shutting down and abandoning module Android_MultiTargetPlatform (99)
[2019.01.13-17.46.27:948][337]LogModuleManager: Shutting down and abandoning module Android_ETC2TargetPlatform (97)
[2019.01.13-17.46.27:948][337]LogModuleManager: Shutting down and abandoning module Android_ETC1TargetPlatform (95)
[2019.01.13-17.46.27:948][337]LogModuleManager: Shutting down and abandoning module Android_ETC1aTargetPlatform (93)
[2019.01.13-17.46.27:948][337]LogModuleManager: Shutting down and abandoning module Android_DXTTargetPlatform (91)
[2019.01.13-17.46.27:948][337]LogModuleManager: Shutting down and abandoning module Android_ATCTargetPlatform (89)
[2019.01.13-17.46.27:948][337]LogModuleManager: Shutting down and abandoning module Android_ASTCTargetPlatform (87)
[2019.01.13-17.46.27:948][337]LogModuleManager: Shutting down and abandoning module WindowsTargetPlatform (85)
[2019.01.13-17.46.27:948][337]LogModuleManager: Shutting down and abandoning module WindowsServerTargetPlatform (83)
[2019.01.13-17.46.27:948][337]LogModuleManager: Shutting down and abandoning module WindowsNoEditorTargetPlatform (81)
[2019.01.13-17.46.27:948][337]LogModuleManager: Shutting down and abandoning module WindowsClientTargetPlatform (79)
[2019.01.13-17.46.27:948][337]LogModuleManager: Shutting down and abandoning module MacTargetPlatform (77)
[2019.01.13-17.46.27:948][337]LogModuleManager: Shutting down and abandoning module MacServerTargetPlatform (75)
[2019.01.13-17.46.27:948][337]LogModuleManager: Shutting down and abandoning module MacNoEditorTargetPlatform (73)
[2019.01.13-17.46.27:948][337]LogModuleManager: Shutting down and abandoning module MacClientTargetPlatform (71)
[2019.01.13-17.46.27:948][337]LogModuleManager: Shutting down and abandoning module AllDesktopTargetPlatform (69)
[2019.01.13-17.46.27:948][337]LogModuleManager: Shutting down and abandoning module InputCore (66)
[2019.01.13-17.46.27:948][337]LogModuleManager: Shutting down and abandoning module Settings (64)
[2019.01.13-17.46.27:948][337]LogModuleManager: Shutting down and abandoning module PhysXCooking (62)
[2019.01.13-17.46.27:948][337]LogModuleManager: Shutting down and abandoning module SteamVR (60)
[2019.01.13-17.46.27:948][337]LogModuleManager: Shutting down and abandoning module OculusHMD (58)
[2019.01.13-17.46.27:948][337]LogModuleManager: Shutting down and abandoning module ExampleDeviceProfileSelector (56)
[2019.01.13-17.46.27:948][337]LogModuleManager: Shutting down and abandoning module AppleARKit (54)
[2019.01.13-17.46.27:948][337]LogModuleManager: Shutting down and abandoning module AugmentedReality (51)
[2019.01.13-17.46.27:948][337]LogModuleManager: Shutting down and abandoning module OnlineBlueprintSupport (48)
[2019.01.13-17.46.27:948][337]LogModuleManager: Shutting down and abandoning module OnlineSubsystem (44)
[2019.01.13-17.46.27:948][337]LogModuleManager: Shutting down and abandoning module XMPP (43)
[2019.01.13-17.46.27:948][337]LogModuleManager: Shutting down and abandoning module HTTP (41)
[2019.01.13-17.46.27:948][337]LogHttp: Display: Http module shutting down, but needs to wait on 1 outstanding Http requests:
[2019.01.13-17.46.27:948][337]LogHttp: Display: 	verb=[POST] url=[https://datarouter.ol.epicgames.com/datarouter/api/v1/public/data?SessionID=%7B8E1A4BA5-4F60-F992-F931-04A3B7788117%7D&AppID=UEEditor.Rocket.Release&AppVersion=4.19.2-4033788%2B%2B%2BUE4%2BRelease-4.19&UserID=cddf727c45fe6909b4b386953108c4bb%7C81960cdfb0dd40f9a24ad723c9fb28e5%7Cd4afb290-0dc3-4853-a529-ad761f552ef5&AppEnvironment=datacollector-binary&UploadType=eteventstream] status=Processing
[2019.01.13-17.46.27:958][337]LogModuleManager: Shutting down and abandoning module SSL (40)
[2019.01.13-17.46.27:960][337]LogModuleManager: Shutting down and abandoning module AnimationModifiers (36)
[2019.01.13-17.46.27:960][337]LogModuleManager: Shutting down and abandoning module PropertyEditor (35)
[2019.01.13-17.46.27:960][337]LogModuleManager: Shutting down and abandoning module AudioEditor (32)
[2019.01.13-17.46.27:960][337]LogModuleManager: Shutting down and abandoning module TextureCompressor (30)
[2019.01.13-17.46.27:961][337]LogModuleManager: Shutting down and abandoning module ShaderCore (28)
[2019.01.13-17.46.27:961][337]LogModuleManager: Shutting down and abandoning module Landscape (26)
[2019.01.13-17.46.27:961][337]LogModuleManager: Shutting down and abandoning module SlateRHIRenderer (24)
[2019.01.13-17.46.27:961][337]LogModuleManager: Shutting down and abandoning module OpenGLDrv (22)
[2019.01.13-17.46.27:961][337]LogModuleManager: Shutting down and abandoning module D3D11RHI (20)
[2019.01.13-17.46.27:961][337]LogModuleManager: Shutting down and abandoning module AnimGraphRuntime (18)
[2019.01.13-17.46.27:961][337]LogModuleManager: Shutting down and abandoning module Renderer (16)
[2019.01.13-17.46.27:961][337]LogModuleManager: Shutting down and abandoning module Engine (14)
[2019.01.13-17.46.27:961][337]LogModuleManager: Shutting down and abandoning module CoreUObject (12)
[2019.01.13-17.46.27:961][337]LogModuleManager: Shutting down and abandoning module NetworkFile (10)
[2019.01.13-17.46.27:961][337]LogModuleManager: Shutting down and abandoning module CookedIterativeFile (8)
[2019.01.13-17.46.27:961][337]LogModuleManager: Shutting down and abandoning module StreamingFile (6)
[2019.01.13-17.46.27:961][337]LogModuleManager: Shutting down and abandoning module SandboxFile (4)
[2019.01.13-17.46.27:961][337]LogModuleManager: Shutting down and abandoning module PakFile (2)
[2019.01.13-17.46.27:966][337]LogExit: Exiting.
[2019.01.13-17.46.27:974][337]Log file closed, 01/13/19 18:46:27
