Log file open, 01/14/19 09:04:33
LogWindows: Failed to load 'aqProf.dll' (GetLastError=126)
LogWindows: File 'aqProf.dll' does not exist
LogWindows: Failed to load 'VtuneApi.dll' (GetLastError=126)
LogWindows: File 'VtuneApi.dll' does not exist
LogWindows: Failed to load 'VtuneApi32e.dll' (GetLastError=126)
LogWindows: File 'VtuneApi32e.dll' does not exist
LogInit: Display: Running engine for game: EX7_Waldemar_Zeitler
LogPlatformFile: Not using cached read wrapper
LogInit: Display: RandInit(-1910297007) SRandInit(-1910297007).
LogInit: Read version file with build ID '3944462'
LogInit: Overriding engine version to CL 4033788, compatible CL 3944462
LogInit: Registered custom module enumerator with build ID '3944462'
LogTaskGraph: Started task graph with 5 named threads and 11 total threads with 3 sets of task threads.
LogStats: Stats thread started at 0.788974
LogD3D11RHI: Aftermath initialized
LogICUInternationalization: Display: ICU TimeZone Detection - Raw Offset: +1:00, Platform Override: ''
LogModuleManager: Display: Found up-to-date module file ../../../Engine/Plugins/2D/Paper2D/Binaries/Win64/UE4Editor-Paper2D.dll (API version 3944462).
LogModuleManager: Display: Found up-to-date module file ../../../Engine/Plugins/2D/Paper2D/Binaries/Win64/UE4Editor-Paper2DEditor.dll (API version 3944462).
LogModuleManager: Display: Found up-to-date module file ../../../Engine/Plugins/2D/Paper2D/Binaries/Win64/UE4Editor-PaperSpriteSheetImporter.dll (API version 3944462).
LogModuleManager: Display: Found up-to-date module file ../../../Engine/Plugins/2D/Paper2D/Binaries/Win64/UE4Editor-PaperTiledImporter.dll (API version 3944462).
LogModuleManager: Display: Found up-to-date module file ../../../Engine/Plugins/2D/Paper2D/Binaries/Win64/UE4Editor-SmartSnapping.dll (API version 3944462).
LogModuleManager: Display: Found up-to-date module file ../../../Engine/Plugins/Blendables/LightPropagationVolume/Binaries/Win64/UE4Editor-LightPropagationVolumeRuntime.dll (API version 3944462).
LogModuleManager: Display: Found up-to-date module file ../../../Engine/Plugins/Blendables/LightPropagationVolume/Binaries/Win64/UE4Editor-LightPropagationVolumeEditor.dll (API version 3944462).
LogModuleManager: Display: Found up-to-date module file ../../../Engine/Plugins/Developer/CLionSourceCodeAccess/Binaries/Win64/UE4Editor-CLionSourceCodeAccess.dll (API version 3944462).
LogModuleManager: Display: Found up-to-date module file ../../../Engine/Plugins/Developer/GitSourceControl/Binaries/Win64/UE4Editor-GitSourceControl.dll (API version 3944462).
LogModuleManager: Display: Found up-to-date module file ../../../Engine/Plugins/Developer/PerforceSourceControl/Binaries/Win64/UE4Editor-PerforceSourceControl.dll (API version 3944462).
LogModuleManager: Display: Found up-to-date module file ../../../Engine/Plugins/Developer/SubversionSourceControl/Binaries/Win64/UE4Editor-SubversionSourceControl.dll (API version 3944462).
LogModuleManager: Display: Found up-to-date module file ../../../Engine/Plugins/Developer/UObjectPlugin/Binaries/Win64/UE4Editor-UObjectPlugin.dll (API version 3944462).
LogModuleManager: Display: Found up-to-date module file ../../../Engine/Plugins/Developer/VisualStudioCodeSourceCodeAccess/Binaries/Win64/UE4Editor-VisualStudioCodeSourceCodeAccess.dll (API version 3944462).
LogModuleManager: Display: Found up-to-date module file ../../../Engine/Plugins/Developer/VisualStudioSourceCodeAccess/Binaries/Win64/UE4Editor-VisualStudioSourceCodeAccess.dll (API version 3944462).
LogModuleManager: Display: Found up-to-date module file ../../../Engine/Plugins/Editor/AssetManagerEditor/Binaries/Win64/UE4Editor-AssetManagerEditor.dll (API version 3944462).
LogModuleManager: Display: Found up-to-date module file ../../../Engine/Plugins/Editor/CryptoKeys/Binaries/Win64/UE4Editor-CryptoKeys.dll (API version 3944462).
LogModuleManager: Display: Found up-to-date module file ../../../Engine/Plugins/Editor/CryptoKeys/Binaries/Win64/UE4Editor-CryptoKeysOpenSSL.dll (API version 3944462).
LogModuleManager: Display: Found up-to-date module file ../../../Engine/Plugins/Editor/DataValidation/Binaries/Win64/UE4Editor-DataValidation.dll (API version 3944462).
LogModuleManager: Display: Found up-to-date module file ../../../Engine/Plugins/Editor/FacialAnimation/Binaries/Win64/UE4Editor-FacialAnimation.dll (API version 3944462).
LogModuleManager: Display: Found up-to-date module file ../../../Engine/Plugins/Editor/FacialAnimation/Binaries/Win64/UE4Editor-FacialAnimationEditor.dll (API version 3944462).
LogModuleManager: Display: Found up-to-date module file ../../../Engine/Plugins/Editor/GameplayTagsEditor/Binaries/Win64/UE4Editor-GameplayTagsEditor.dll (API version 3944462).
LogModuleManager: Display: Found up-to-date module file ../../../Engine/Plugins/Editor/MobileLauncherProfileWizard/Binaries/Win64/UE4Editor-MobileLauncherProfileWizard.dll (API version 3944462).
LogModuleManager: Display: Found up-to-date module file ../../../Engine/Plugins/Editor/PluginBrowser/Binaries/Win64/UE4Editor-PluginBrowser.dll (API version 3944462).
LogModuleManager: Display: Found up-to-date module file ../../../Engine/Plugins/Editor/SpeedTreeImporter/Binaries/Win64/UE4Editor-SpeedTreeImporter.dll (API version 3944462).
LogModuleManager: Display: Found up-to-date module file ../../../Engine/Plugins/Enterprise/DatasmithContent/Binaries/Win64/UE4Editor-DatasmithContent.dll (API version 3944462).
LogModuleManager: Display: Found up-to-date module file ../../../Engine/Plugins/Experimental/AlembicImporter/Binaries/Win64/UE4Editor-AlembicImporter.dll (API version 3944462).
LogModuleManager: Display: Found up-to-date module file ../../../Engine/Plugins/Experimental/AlembicImporter/Binaries/Win64/UE4Editor-AlembicLibrary.dll (API version 3944462).
LogModuleManager: Display: Found up-to-date module file ../../../Engine/Plugins/Experimental/CharacterAI/Binaries/Win64/UE4Editor-CharacterAI.dll (API version 3944462).
LogModuleManager: Display: Found up-to-date module file ../../../Engine/Plugins/Experimental/HTML5Networking/Binaries/Win64/UE4Editor-HTML5Networking.dll (API version 3944462).
LogModuleManager: Display: Found up-to-date module file ../../../Engine/Plugins/Media/AndroidMedia/Binaries/Win64/UE4Editor-AndroidMediaEditor.dll (API version 3944462).
LogModuleManager: Display: Found up-to-date module file ../../../Engine/Plugins/Media/AndroidMedia/Binaries/Win64/UE4Editor-AndroidMediaFactory.dll (API version 3944462).
LogModuleManager: Display: Found up-to-date module file ../../../Engine/Plugins/Media/AvfMedia/Binaries/Win64/UE4Editor-AvfMediaEditor.dll (API version 3944462).
LogModuleManager: Display: Found up-to-date module file ../../../Engine/Plugins/Media/AvfMedia/Binaries/Win64/UE4Editor-AvfMediaFactory.dll (API version 3944462).
LogModuleManager: Display: Found up-to-date module file ../../../Engine/Plugins/Media/AvfMedia/Binaries/Win64/UE4Editor-AvfMediaFactory.dll (API version 3944462).
LogModuleManager: Display: Found up-to-date module file ../../../Engine/Plugins/Media/ImgMedia/Binaries/Win64/UE4Editor-ImgMedia.dll (API version 3944462).
LogModuleManager: Display: Found up-to-date module file ../../../Engine/Plugins/Media/ImgMedia/Binaries/Win64/UE4Editor-ImgMediaEditor.dll (API version 3944462).
LogModuleManager: Display: Found up-to-date module file ../../../Engine/Plugins/Media/ImgMedia/Binaries/Win64/UE4Editor-ImgMediaFactory.dll (API version 3944462).
LogModuleManager: Display: Found up-to-date module file ../../../Engine/Plugins/Media/ImgMedia/Binaries/Win64/UE4Editor-ImgMediaFactory.dll (API version 3944462).
LogModuleManager: Display: Found up-to-date module file ../../../Engine/Plugins/Media/ImgMedia/Binaries/Win64/UE4Editor-OpenExrWrapper.dll (API version 3944462).
LogModuleManager: Display: Found up-to-date module file ../../../Engine/Plugins/Media/LinearTimecode/Binaries/Win64/UE4Editor-LinearTimecode.dll (API version 3944462).
LogModuleManager: Display: Found up-to-date module file ../../../Engine/Plugins/Media/MediaCompositing/Binaries/Win64/UE4Editor-MediaCompositing.dll (API version 3944462).
LogModuleManager: Display: Found up-to-date module file ../../../Engine/Plugins/Media/MediaCompositing/Binaries/Win64/UE4Editor-MediaCompositingEditor.dll (API version 3944462).
LogModuleManager: Display: Found up-to-date module file ../../../Engine/Plugins/Media/MediaPlayerEditor/Binaries/Win64/UE4Editor-MediaPlayerEditor.dll (API version 3944462).
LogModuleManager: Display: Found up-to-date module file ../../../Engine/Plugins/Media/WmfMedia/Binaries/Win64/UE4Editor-WmfMedia.dll (API version 3944462).
LogModuleManager: Display: Found up-to-date module file ../../../Engine/Plugins/Media/WmfMedia/Binaries/Win64/UE4Editor-WmfMediaEditor.dll (API version 3944462).
LogModuleManager: Display: Found up-to-date module file ../../../Engine/Plugins/Media/WmfMedia/Binaries/Win64/UE4Editor-WmfMediaFactory.dll (API version 3944462).
LogModuleManager: Display: Found up-to-date module file ../../../Engine/Plugins/Media/WmfMedia/Binaries/Win64/UE4Editor-WmfMediaFactory.dll (API version 3944462).
LogModuleManager: Display: Found up-to-date module file ../../../Engine/Plugins/Messaging/TcpMessaging/Binaries/Win64/UE4Editor-TcpMessaging.dll (API version 3944462).
LogModuleManager: Display: Found up-to-date module file ../../../Engine/Plugins/Messaging/UdpMessaging/Binaries/Win64/UE4Editor-UdpMessaging.dll (API version 3944462).
LogModuleManager: Display: Found up-to-date module file ../../../Engine/Plugins/MovieScene/ActorSequence/Binaries/Win64/UE4Editor-ActorSequence.dll (API version 3944462).
LogModuleManager: Display: Found up-to-date module file ../../../Engine/Plugins/MovieScene/LevelSequenceEditor/Binaries/Win64/UE4Editor-LevelSequenceEditor.dll (API version 3944462).
LogModuleManager: Display: Found up-to-date module file ../../../Engine/Plugins/MovieScene/MatineeToLevelSequence/Binaries/Win64/UE4Editor-MatineeToLevelSequence.dll (API version 3944462).
LogModuleManager: Display: Found up-to-date module file ../../../Engine/Plugins/NetcodeUnitTest/NetcodeUnitTest/Binaries/Win64/UE4Editor-NetcodeUnitTest.dll (API version 3944462).
LogModuleManager: Display: Found up-to-date module file ../../../Engine/Plugins/NetcodeUnitTest/NUTUnrealEngine4/Binaries/Win64/UE4Editor-NUTUnrealEngine4.dll (API version 3944462).
LogModuleManager: Display: Found up-to-date module file ../../../Engine/Plugins/Online/OnlineSubsystem/Binaries/Win64/UE4Editor-OnlineSubsystem.dll (API version 3944462).
LogModuleManager: Display: Found up-to-date module file ../../../Engine/Plugins/Runtime/AndroidPermission/Binaries/Win64/UE4Editor-AndroidPermission.dll (API version 3944462).
LogModuleManager: Display: Found up-to-date module file ../../../Engine/Plugins/Online/OnlineSubsystemNull/Binaries/Win64/UE4Editor-OnlineSubsystemNull.dll (API version 3944462).
LogModuleManager: Display: Found up-to-date module file ../../../Engine/Plugins/Online/OnlineSubsystemUtils/Binaries/Win64/UE4Editor-OnlineSubsystemUtils.dll (API version 3944462).
LogModuleManager: Display: Found up-to-date module file ../../../Engine/Plugins/Online/OnlineSubsystemUtils/Binaries/Win64/UE4Editor-OnlineBlueprintSupport.dll (API version 3944462).
LogModuleManager: Display: Found up-to-date module file ../../../Engine/Plugins/Runtime/AndroidDeviceProfileSelector/Binaries/Win64/UE4Editor-AndroidDeviceProfileSelector.dll (API version 3944462).
LogModuleManager: Display: Found up-to-date module file ../../../Engine/Plugins/Runtime/AppleARKit/Binaries/Win64/UE4Editor-AppleARKit.dll (API version 3944462).
LogModuleManager: Display: Found up-to-date module file ../../../Engine/Plugins/Runtime/ProceduralMeshComponent/Binaries/Win64/UE4Editor-ProceduralMeshComponent.dll (API version 3944462).
LogModuleManager: Display: Found up-to-date module file ../../../Engine/Plugins/Runtime/ProceduralMeshComponent/Binaries/Win64/UE4Editor-ProceduralMeshComponentEditor.dll (API version 3944462).
LogModuleManager: Display: Found up-to-date module file ../../../Engine/Plugins/Animation/LiveLink/Binaries/Win64/UE4Editor-LiveLink.dll (API version 3944462).
LogModuleManager: Display: Found up-to-date module file ../../../Engine/Plugins/Animation/LiveLink/Binaries/Win64/UE4Editor-LiveLinkEditor.dll (API version 3944462).
LogModuleManager: Display: Found up-to-date module file ../../../Engine/Plugins/Runtime/ArchVisCharacter/Binaries/Win64/UE4Editor-ArchVisCharacter.dll (API version 3944462).
LogModuleManager: Display: Found up-to-date module file ../../../Engine/Plugins/Runtime/AudioCapture/Binaries/Win64/UE4Editor-AudioCapture.dll (API version 3944462).
LogModuleManager: Display: Found up-to-date module file ../../../Engine/Plugins/Runtime/AudioCapture/Binaries/Win64/UE4Editor-AudioCaptureEditor.dll (API version 3944462).
LogModuleManager: Display: Found up-to-date module file ../../../Engine/Plugins/Runtime/CableComponent/Binaries/Win64/UE4Editor-CableComponent.dll (API version 3944462).
LogModuleManager: Display: Found up-to-date module file ../../../Engine/Plugins/Runtime/CustomMeshComponent/Binaries/Win64/UE4Editor-CustomMeshComponent.dll (API version 3944462).
LogModuleManager: Display: Found up-to-date module file ../../../Engine/Plugins/Runtime/ExampleDeviceProfileSelector/Binaries/Win64/UE4Editor-ExampleDeviceProfileSelector.dll (API version 3944462).
LogModuleManager: Display: Found up-to-date module file ../../../Engine/Plugins/Runtime/ImmediatePhysics/Binaries/Win64/UE4Editor-ImmediatePhysics.dll (API version 3944462).
LogModuleManager: Display: Found up-to-date module file ../../../Engine/Plugins/Runtime/ImmediatePhysics/Binaries/Win64/UE4Editor-ImmediatePhysicsEditor.dll (API version 3944462).
LogModuleManager: Display: Found up-to-date module file ../../../Engine/Plugins/Runtime/LocationServicesBPLibrary/Binaries/Win64/UE4Editor-LocationServicesBPLibrary.dll (API version 3944462).
LogModuleManager: Display: Found up-to-date module file ../../../Engine/Plugins/Runtime/MobilePatchingUtils/Binaries/Win64/UE4Editor-MobilePatchingUtils.dll (API version 3944462).
LogModuleManager: Display: Found up-to-date module file ../../../Engine/Plugins/Runtime/Oculus/OculusVR/Binaries/Win64/UE4Editor-OculusHMD.dll (API version 3944462).
LogModuleManager: Display: Found up-to-date module file ../../../Engine/Plugins/Runtime/Oculus/OculusVR/Binaries/Win64/UE4Editor-OculusInput.dll (API version 3944462).
LogModuleManager: Display: Found up-to-date module file ../../../Engine/Plugins/Runtime/Oculus/OculusVR/Binaries/Win64/UE4Editor-OculusEditor.dll (API version 3944462).
LogModuleManager: Display: Found up-to-date module file ../../../Engine/Plugins/Runtime/PhysXVehicles/Binaries/Win64/UE4Editor-PhysXVehicles.dll (API version 3944462).
LogModuleManager: Display: Found up-to-date module file ../../../Engine/Plugins/Runtime/PhysXVehicles/Binaries/Win64/UE4Editor-PhysXVehiclesEditor.dll (API version 3944462).
LogModuleManager: Display: Found up-to-date module file ../../../Engine/Plugins/Runtime/RuntimePhysXCooking/Binaries/Win64/UE4Editor-RuntimePhysXCooking.dll (API version 3944462).
LogModuleManager: Display: Found up-to-date module file ../../../Engine/Plugins/Runtime/Steam/SteamVR/Binaries/Win64/UE4Editor-SteamVR.dll (API version 3944462).
LogModuleManager: Display: Found up-to-date module file ../../../Engine/Plugins/Runtime/Steam/SteamVR/Binaries/Win64/UE4Editor-SteamVRController.dll (API version 3944462).
LogModuleManager: Display: Found up-to-date module file ../../../Engine/Plugins/Runtime/WindowsMoviePlayer/Binaries/Win64/UE4Editor-WindowsMoviePlayer.dll (API version 3944462).
LogPluginManager: Mounting plugin Paper2D
LogPluginManager: Mounting plugin LiveLink
LogPluginManager: Mounting plugin LightPropagationVolume
LogPluginManager: Mounting plugin CLionSourceCodeAccess
LogPluginManager: Mounting plugin CodeLiteSourceCodeAccess
LogPluginManager: Mounting plugin GitSourceControl
LogPluginManager: Mounting plugin KDevelopSourceCodeAccess
LogPluginManager: Mounting plugin NullSourceCodeAccess
LogPluginManager: Mounting plugin PerforceSourceControl
LogPluginManager: Mounting plugin SubversionSourceControl
LogPluginManager: Mounting plugin UObjectPlugin
LogPluginManager: Mounting plugin VisualStudioCodeSourceCodeAccess
LogPluginManager: Mounting plugin VisualStudioSourceCodeAccess
LogPluginManager: Mounting plugin XCodeSourceCodeAccess
LogPluginManager: Mounting plugin AssetManagerEditor
LogPluginManager: Mounting plugin CryptoKeys
LogPluginManager: Mounting plugin DataValidation
LogPluginManager: Mounting plugin FacialAnimation
LogPluginManager: Mounting plugin GameplayTagsEditor
LogPluginManager: Mounting plugin MobileLauncherProfileWizard
LogPluginManager: Mounting plugin PluginBrowser
LogPluginManager: Mounting plugin SpeedTreeImporter
LogPluginManager: Mounting plugin DatasmithContent
LogPluginManager: Mounting plugin AlembicImporter
LogPluginManager: Mounting plugin CharacterAI
LogPluginManager: Mounting plugin HTML5Networking
LogPluginManager: Mounting plugin AndroidMedia
LogPluginManager: Mounting plugin AvfMedia
LogPluginManager: Mounting plugin ImgMedia
LogPluginManager: Mounting plugin LinearTimecode
LogPluginManager: Mounting plugin MediaCompositing
LogPluginManager: Mounting plugin MediaPlayerEditor
LogPluginManager: Mounting plugin WmfMedia
LogPluginManager: Mounting plugin TcpMessaging
LogPluginManager: Mounting plugin UdpMessaging
LogPluginManager: Mounting plugin ActorSequence
LogPluginManager: Mounting plugin LevelSequenceEditor
LogPluginManager: Mounting plugin MatineeToLevelSequence
LogPluginManager: Mounting plugin NetcodeUnitTest
LogPluginManager: Mounting plugin NUTUnrealEngine4
LogPluginManager: Mounting plugin OnlineSubsystemGooglePlay
LogPluginManager: Mounting plugin OnlineSubsystemIOS
LogPluginManager: Mounting plugin OnlineSubsystem
LogPluginManager: Mounting plugin OnlineSubsystemNull
LogPluginManager: Mounting plugin OnlineSubsystemUtils
LogPluginManager: Mounting plugin AndroidDeviceProfileSelector
LogPluginManager: Mounting plugin AndroidMoviePlayer
LogPluginManager: Mounting plugin AndroidPermission
LogPluginManager: Mounting plugin AppleARKit
LogPluginManager: Mounting plugin AppleMoviePlayer
LogPluginManager: Mounting plugin ArchVisCharacter
LogPluginManager: Mounting plugin AudioCapture
LogPluginManager: Mounting plugin CableComponent
LogPluginManager: Mounting plugin CustomMeshComponent
LogPluginManager: Mounting plugin ExampleDeviceProfileSelector
LogPluginManager: Mounting plugin GoogleCloudMessaging
LogPluginManager: Mounting plugin ImmediatePhysics
LogPluginManager: Mounting plugin IOSDeviceProfileSelector
LogPluginManager: Mounting plugin LinuxDeviceProfileSelector
LogPluginManager: Mounting plugin LocationServicesBPLibrary
LogPluginManager: Mounting plugin MobilePatchingUtils
LogPluginManager: Mounting plugin OculusVR
LogPluginManager: Plugin shader directory ../../../Engine/Plugins/Runtime/Oculus/OculusVR/Shaders found
LogPluginManager: Mapping shader source directory ../../../Engine/Plugins/Runtime/Oculus/OculusVR/Shaders to virtual directory /Plugin/OculusVR
LogPluginManager: Mounting plugin PhysXVehicles
LogPluginManager: Mounting plugin ProceduralMeshComponent
LogPluginManager: Mounting plugin RuntimePhysXCooking
LogPluginManager: Mounting plugin SteamVR
LogPluginManager: Mounting plugin WindowsMoviePlayer
LogStreaming: Display: Took  1.796s to configure plugins.
LogInit: Using libcurl 7.47.1
LogInit:  - built for x86_64-pc-win32
LogInit:  - supports SSL with OpenSSL/1.0.2g
LogInit:  - supports HTTP deflate (compression) using libz 1.2.8
LogInit:  - other features:
LogInit:      CURL_VERSION_SSL
LogInit:      CURL_VERSION_LIBZ
LogInit:      CURL_VERSION_IPV6
LogInit:      CURL_VERSION_ASYNCHDNS
LogInit:      CURL_VERSION_LARGEFILE
LogInit:      CURL_VERSION_IDN
LogInit:  CurlRequestOptions (configurable via config and command line):
LogInit:  - bVerifyPeer = false  - Libcurl will NOT verify peer certificate
LogInit:  - bUseHttpProxy = false  - Libcurl will NOT use HTTP proxy
LogInit:  - bDontReuseConnections = false  - Libcurl will reuse connections
LogInit:  - CertBundlePath = nullptr  - Libcurl will use whatever was configured at build time.
LogInit:  - MaxHostConnections = 16  - Libcurl will limit the number of connections to a host
LogInit:  - LocalHostAddr = Default
LogInit: WinSock: version 1.1 (2.2), MaxSocks=32767, MaxUdp=65467
LogInit: WinSock: I am DESKTOP-81T1O89 (172.17.0.227:0)
LogInit: Build: ++UE4+Release-4.19-CL-4033788
LogInit: Engine Version: 4.19.2-4033788+++UE4+Release-4.19
LogInit: Compatible Engine Version: 4.19.0-3944462+++UE4+Release-4.19
LogInit: Net CL: 3944462
LogDevObjectVersion: Number of dev versions registered: 18
LogDevObjectVersion:   Dev-Blueprints (B0D832E4-1F89-4F0D-ACCF-7EB736FD4AA2): 10
LogDevObjectVersion:   Dev-Build (E1C64328-A22C-4D53-A36C-8E866417BD8C): 0
LogDevObjectVersion:   Dev-Core (375EC13C-06E4-48FB-B500-84F0262A717E): 2
LogDevObjectVersion:   Dev-Editor (E4B068ED-F494-42E9-A231-DA0B2E46BB41): 23
LogDevObjectVersion:   Dev-Framework (CFFC743F-43B0-4480-9391-14DF171D2073): 33
LogDevObjectVersion:   Dev-Mobile (B02B49B5-BB20-44E9-A304-32B752E40360): 2
LogDevObjectVersion:   Dev-Networking (A4E4105C-59A1-49B5-A7C5-40C4547EDFEE): 0
LogDevObjectVersion:   Dev-Online (39C831C9-5AE6-47DC-9A44-9C173E1C8E7C): 0
LogDevObjectVersion:   Dev-Physics (78F01B33-EBEA-4F98-B9B4-84EACCB95AA2): 0
LogDevObjectVersion:   Dev-Platform (6631380F-2D4D-43E0-8009-CF276956A95A): 0
LogDevObjectVersion:   Dev-Rendering (12F88B9F-8875-4AFC-A67C-D90C383ABD29): 25
LogDevObjectVersion:   Dev-Sequencer (7B5AE74C-D270-4C10-A958-57980B212A5A): 6
LogDevObjectVersion:   Dev-VR (D7296918-1DD6-4BDD-9DE2-64A83CC13884): 1
LogDevObjectVersion:   Dev-LoadTimes (C2A15278-BFE7-4AFE-6C17-90FF531DF755): 1
LogDevObjectVersion:   Private-Geometry (6EACA3D4-40EC-4CC1-B786-8BED09428FC5): 2
LogDevObjectVersion:   Dev-AnimPhys (29E575DD-E0A3-4627-9D10-D276232CDCEA): 16
LogDevObjectVersion:   Dev-ReflectionCapture (6B266CEC-1EC7-4B8F-A30B-E4D90942FC07): 1
LogDevObjectVersion:   Dev-Automation (0DF73D61-A23F-47EA-B727-89E90C41499A): 1
LogInit: Compiled (64-bit): Apr 27 2018 02:06:57
LogInit: Compiled with Visual C++: 19.00.24215.01
LogInit: Build Configuration: Development
LogInit: Branch Name: ++UE4+Release-4.19
LogInit: Command Line:  
LogInit: Base Directory: C:/Program Files/Epic Games/UE_4.19/Engine/Binaries/Win64/
LogInit: Installed Engine Build: 1
LogStreaming: Display: Took  0.002s to delete old logs.
LogInit: Presizing for max 8388607 objects, including 0 objects not considered by GC, pre-allocating 0 bytes for permanent pool.
LogInit: Object subsystem initialized
[2019.01.14-08.04.36:007][  0]LogInit: Selected Device Profile: [Windows]
[2019.01.14-08.04.36:007][  0]LogInit: Applying CVar settings loaded from the selected device profile: [Windows]
[2019.01.14-08.04.36:040][  0]LogInit: Computer: DESKTOP-81T1O89
[2019.01.14-08.04.36:040][  0]LogInit: User: wzeitler
[2019.01.14-08.04.36:041][  0]LogInit: CPU Page size=4096, Cores=2
[2019.01.14-08.04.36:041][  0]LogInit: High frequency timer resolution =2.343753 MHz
[2019.01.14-08.04.36:041][  0]LogMemory: Memory total: Physical=15.9GB (16GB approx)
[2019.01.14-08.04.36:041][  0]LogMemory: Platform Memory Stats for Windows
[2019.01.14-08.04.36:041][  0]LogMemory: Process Physical Memory: 272.77 MB used, 272.77 MB peak
[2019.01.14-08.04.36:041][  0]LogMemory: Process Virtual Memory: 267.97 MB used, 267.97 MB peak
[2019.01.14-08.04.36:041][  0]LogMemory: Physical Memory: 5582.25 MB used,  10685.32 MB free, 16267.57 MB total
[2019.01.14-08.04.36:041][  0]LogMemory: Virtual Memory: 4780.55 MB used,  10685.32 MB free, 134217728.00 MB total
[2019.01.14-08.04.36:214][  0]LogInit: Using OS detected language (de-DE).
[2019.01.14-08.04.36:214][  0]LogInit: Using OS detected locale (de-DE).
[2019.01.14-08.04.36:245][  0]LogTextLocalizationManager: No localization for 'de-DE' exists, so 'en' will be used for the language.
[2019.01.14-08.04.36:957][  0]LogStreaming: Display: Took  0.742s to EndInitTextLocalization.
[2019.01.14-08.04.36:958][  0]LogInit: Setting process to per monitor DPI aware
[2019.01.14-08.04.37:046][  0]LogSlate: New Slate User Created.  User Index 0, Is Virtual User: 0
[2019.01.14-08.04.37:046][  0]LogSlate: Slate User Registered.  User Index 0, Is Virtual User: 0
[2019.01.14-08.04.38:351][  0]LogD3D11RHI: D3D11 adapters:
[2019.01.14-08.04.38:372][  0]LogD3D11RHI:    0. 'Intel(R) HD Graphics 520' (Feature Level 11_0)
[2019.01.14-08.04.38:372][  0]LogD3D11RHI:       128/0/8133 MB DedicatedVideo/DedicatedSystem/SharedSystem, Outputs:1, VendorId:0x8086
[2019.01.14-08.04.38:377][  0]LogD3D11RHI:    1. 'Microsoft Basic Render Driver' (Feature Level 11_0)
[2019.01.14-08.04.38:377][  0]LogD3D11RHI:       0/0/8133 MB DedicatedVideo/DedicatedSystem/SharedSystem, Outputs:0, VendorId:0x1414
[2019.01.14-08.04.38:377][  0]LogD3D11RHI: Chosen D3D11 Adapter: 0
[2019.01.14-08.04.38:387][  0]LogD3D11RHI: Creating new Direct3DDevice
[2019.01.14-08.04.38:387][  0]LogD3D11RHI:     GPU DeviceId: 0x1916 (for the marketing name, search the web for "GPU Device Id")
[2019.01.14-08.04.38:387][  0]LogWindows: EnumDisplayDevices:
[2019.01.14-08.04.38:387][  0]LogWindows:    0. 'Intel(R) HD Graphics 520' (P:1 D:1)
[2019.01.14-08.04.38:388][  0]LogWindows:    1. 'Intel(R) HD Graphics 520' (P:0 D:0)
[2019.01.14-08.04.38:388][  0]LogWindows:    2. 'Intel(R) HD Graphics 520' (P:0 D:0)
[2019.01.14-08.04.38:388][  0]LogWindows: DebugString: GetVideoDriverDetailsInvalid PrimaryIsNotTheChoosenAdapter GetVideoDriverDetailsInvalid PrimaryIsNotTheChoosenAdapter GetVideoDriverDetailsInvalid PrimaryIsNotTheChoosenAdapter FoundDriverCount:0 
[2019.01.14-08.04.38:388][  0]LogD3D11RHI:     Adapter Name: Intel(R) HD Graphics 520
[2019.01.14-08.04.38:388][  0]LogD3D11RHI:   Driver Version: Unknown (internal:Unknown, unified:Unknown)
[2019.01.14-08.04.38:388][  0]LogD3D11RHI:      Driver Date: Unknown
[2019.01.14-08.04.38:388][  0]LogRHI: Texture pool is 1523 MB (70% of 2176 MB)
[2019.01.14-08.04.38:404][  0]LogD3D11RHI: Async texture creation enabled
[2019.01.14-08.04.38:435][  0]LogD3D11RHI: GPU Timing Frequency: 12.000000 (Debug: 2 0)
[2019.01.14-08.04.38:441][  0]LogShaderCompilers: Guid format shader working directory is -25 characters bigger than the processId version (../../../../../../Users/wzeitler/Desktop/GameEngines/EX7_Waldemar_Zeitler/Intermediate/Shaders/WorkingDirectory/11120/).
[2019.01.14-08.04.38:441][  0]LogShaderCompilers: Cleaned the shader compiler working directory 'C:/Users/wzeitler/AppData/Local/Temp/UnrealShaderWorkingDir/4753E1504F11A8E4AAE80380B169FD41/'.
[2019.01.14-08.04.38:888][  0]LogTemp: Display: Loaded TP AllDesktopTargetPlatform
[2019.01.14-08.04.38:914][  0]LogTemp: Display: Loaded TP MacClientTargetPlatform
[2019.01.14-08.04.38:952][  0]LogTemp: Display: Loaded TP MacNoEditorTargetPlatform
[2019.01.14-08.04.38:977][  0]LogTemp: Display: Loaded TP MacServerTargetPlatform
[2019.01.14-08.04.39:009][  0]LogTemp: Display: Loaded TP MacTargetPlatform
[2019.01.14-08.04.39:034][  0]LogTemp: Display: Loaded TP WindowsClientTargetPlatform
[2019.01.14-08.04.39:062][  0]LogTemp: Display: Loaded TP WindowsNoEditorTargetPlatform
[2019.01.14-08.04.39:100][  0]LogTemp: Display: Loaded TP WindowsServerTargetPlatform
[2019.01.14-08.04.39:117][  0]LogTemp: Display: Loaded TP WindowsTargetPlatform
[2019.01.14-08.04.39:147][  0]LogTemp: Display: Loaded TP Android_ASTCTargetPlatform
[2019.01.14-08.04.39:176][  0]LogTemp: Display: Loaded TP Android_ATCTargetPlatform
[2019.01.14-08.04.39:204][  0]LogTemp: Display: Loaded TP Android_DXTTargetPlatform
[2019.01.14-08.04.39:235][  0]LogTemp: Display: Loaded TP Android_ETC1aTargetPlatform
[2019.01.14-08.04.39:265][  0]LogTemp: Display: Loaded TP Android_ETC1TargetPlatform
[2019.01.14-08.04.39:285][  0]LogTemp: Display: Loaded TP Android_ETC2TargetPlatform
[2019.01.14-08.04.39:324][  0]LogTemp: Display: Loaded TP Android_MultiTargetPlatform
[2019.01.14-08.04.39:324][  0]LogTemp: Display: Loaded TP Android_PVRTCTargetPlatform
[2019.01.14-08.04.39:343][  0]LogTemp: Display: Loaded TP AndroidTargetPlatform
[2019.01.14-08.04.39:345][  0]LogTemp: Display: Loaded TP HTML5TargetPlatform
[2019.01.14-08.04.39:397][  0]LogTemp: Display: Loaded TP IOSTargetPlatform
[2019.01.14-08.04.39:424][  0]LogTemp: Display: Loaded TP TVOSTargetPlatform
[2019.01.14-08.04.39:459][  0]LogTemp: Display: Loaded TP LinuxClientTargetPlatform
[2019.01.14-08.04.39:489][  0]LogTemp: Display: Loaded TP LinuxNoEditorTargetPlatform
[2019.01.14-08.04.39:522][  0]LogTemp: Display: Loaded TP LinuxServerTargetPlatform
[2019.01.14-08.04.39:562][  0]LogTemp: Display: Loaded TP LinuxTargetPlatform
[2019.01.14-08.04.39:562][  0]LogTargetPlatformManager: Display: Building Assets For Windows
[2019.01.14-08.04.39:920][  0]LogXGEController: Cleaning working directory: C:/Users/wzeitler/AppData/Local/Temp/UnrealXGEWorkingDir/
[2019.01.14-08.04.39:921][  0]LogXGEController: Cannot use XGE Controller as Incredibuild is not installed on this machine.
[2019.01.14-08.04.39:921][  0]LogShaderCompilers: Cannot use XGE Shader Compiler as Incredibuild is not installed on this machine.
[2019.01.14-08.04.39:921][  0]LogShaderCompilers: Display: Using Local Shader Compiler.
[2019.01.14-08.04.41:756][  0]LogDerivedDataCache: Display: Max Cache Size: 512 MB
[2019.01.14-08.04.42:208][  0]LogDerivedDataCache: Loaded boot cache 0.45s 74MB C:/Users/wzeitler/AppData/Local/UnrealEngine/4.19/DerivedDataCache/Boot.ddc.
[2019.01.14-08.04.42:208][  0]LogDerivedDataCache: Display: Loaded Boot cache: C:/Users/wzeitler/AppData/Local/UnrealEngine/4.19/DerivedDataCache/Boot.ddc
[2019.01.14-08.04.42:208][  0]LogDerivedDataCache: FDerivedDataBackendGraph:  Pak pak cache file ../../../../../../Users/wzeitler/Desktop/GameEngines/EX7_Waldemar_Zeitler/DerivedDataCache/DDC.ddp not found, will not use a pak cache.
[2019.01.14-08.04.42:208][  0]LogDerivedDataCache: Unable to find inner node Pak for hierarchical cache Hierarchy.
[2019.01.14-08.04.42:208][  0]LogDerivedDataCache: FDerivedDataBackendGraph:  CompressedPak pak cache file ../../../../../../Users/wzeitler/Desktop/GameEngines/EX7_Waldemar_Zeitler/DerivedDataCache/Compressed.ddp not found, will not use a pak cache.
[2019.01.14-08.04.42:208][  0]LogDerivedDataCache: Unable to find inner node CompressedPak for hierarchical cache Hierarchy.
[2019.01.14-08.04.42:254][  0]LogDerivedDataCache: Display: Pak cache opened for reading ../../../Engine/DerivedDataCache/Compressed.ddp.
[2019.01.14-08.04.42:269][  0]LogDerivedDataCache: Using Local data cache path C:/Users/wzeitler/AppData/Local/UnrealEngine/Common/DerivedDataCache: Writable
[2019.01.14-08.04.42:269][  0]LogDerivedDataCache: Shared data cache path not found in *engine.ini, will not use an Shared cache.
[2019.01.14-08.04.42:269][  0]LogDerivedDataCache: Unable to find inner node Shared for hierarchical cache Hierarchy.
[2019.01.14-08.04.42:299][  0]LogMaterial: Verifying Global Shaders for PCD3D_SM5
[2019.01.14-08.04.42:305][  0]LogSlate: Using Freetype 2.6.0
[2019.01.14-08.04.42:312][  0]LogSlate: SlateFontCache - WITH_FREETYPE: 1, WITH_HARFBUZZ: 1
[2019.01.14-08.04.42:313][  0]LogSlate: SlateFontCache - WITH_FREETYPE: 1, WITH_HARFBUZZ: 1
[2019.01.14-08.04.43:259][  0]LogAssetRegistry: FAssetRegistry took 0.0340 seconds to start up
[2019.01.14-08.04.43:825][  0]LogInit: Selected Device Profile: [Windows]
[2019.01.14-08.04.44:295][  0]LogSimplygon: Simplygon DLL not present - disabling.
[2019.01.14-08.04.44:305][  0]LogMeshReduction: Using SimplygonSwarm for distributed automatic mesh merging
[2019.01.14-08.04.44:305][  0]LogMeshReduction: Using QuadricMeshReduction for automatic static mesh reduction
[2019.01.14-08.04.44:305][  0]LogMeshReduction: No automatic skeletal mesh reduction module available
[2019.01.14-08.04.44:305][  0]LogMeshReduction: No automatic mesh merging module available
[2019.01.14-08.04.44:305][  0]LogMeshMerging: No automatic mesh merging module available
[2019.01.14-08.04.44:394][  0]LogNetVersion: EX7_Waldemar_Zeitler , NetCL: 3944462, EngineNetVer: 2, GameNetVer: 0 (Checksum: 1704160578)
[2019.01.14-08.04.45:461][  0]LogPackageLocalizationCache: Processed 9 localized package path(s) for 1 prioritized culture(s) in 0.074012 seconds
[2019.01.14-08.04.45:474][  0]LogUObjectArray: 36728 objects as part of root set at end of initial load.
[2019.01.14-08.04.45:474][  0]LogUObjectAllocator: 7314304 out of 0 bytes used by permanent object pool.
[2019.01.14-08.04.45:474][  0]LogUObjectArray: CloseDisregardForGC: 0/0 objects in disregard for GC pool
[2019.01.14-08.04.52:985][  0]LogTcpMessaging: Initializing TcpMessaging bridge
[2019.01.14-08.04.53:037][  0]LogUdpMessaging: Initializing bridge on interface 0.0.0.0:0 to multicast group 230.0.0.1:6666.
[2019.01.14-08.04.53:710][  0]SourceControl: Source control is disabled
[2019.01.14-08.04.53:710][  0]SourceControl: Source control is disabled
[2019.01.14-08.04.53:742][  0]SourceControl: Source control is disabled
[2019.01.14-08.04.53:766][  0]SourceControl: Source control is disabled
[2019.01.14-08.04.54:569][  0]LogAndroidPermission: UAndroidPermissionCallbackProxy::GetInstance
[2019.01.14-08.04.54:805][  0]LogOcInput: OculusInput pre-init called
[2019.01.14-08.04.54:980][  0]LogEngine: Initializing Engine...
[2019.01.14-08.04.54:984][  0]LogHMD: Failed to initialize OpenVR with code 110
[2019.01.14-08.04.54:986][  0]LogStats: UGameplayTagsManager::ConstructGameplayTagTree: Construct from data asset -  0.000 s
[2019.01.14-08.04.54:987][  0]LogStats: UGameplayTagsManager::ConstructGameplayTagTree: GameplayTagTreeChangedEvent.Broadcast -  0.000 s
[2019.01.14-08.04.55:377][  0]LogAIModule: Creating AISystem for world Untitled
[2019.01.14-08.04.55:398][  0]LogInit: XAudio2 using 'Lautsprecher/Kopfhörer (Realtek High Definition Audio)' : 2 channels at 48 kHz using 32 bits per sample (channel mask 0x3)
[2019.01.14-08.04.55:421][  0]LogInit: FAudioDevice initialized.
[2019.01.14-08.04.55:521][  0]LogDerivedDataCache: Saved boot cache 0.10s 74MB C:/Users/wzeitler/AppData/Local/UnrealEngine/4.19/DerivedDataCache/Boot.ddc.
[2019.01.14-08.04.55:537][  0]LogInit: Texture streaming: Enabled
[2019.01.14-08.04.55:563][  0]LogEngineSessionManager: EngineSessionManager initialized
[2019.01.14-08.04.55:588][  0]LogInit: Transaction tracking system initialized
[2019.01.14-08.04.55:656][  0]BlueprintLog: New page: Editor Load
[2019.01.14-08.04.55:855][  0]LocalizationService: Localization service is disabled
[2019.01.14-08.04.56:052][  0]LogConsoleResponse: Display: 
[2019.01.14-08.04.56:483][  0]LogCook: Display: Max memory allowance for cook 16384mb min free memory 0mb
[2019.01.14-08.04.56:483][  0]LogCook: Display: Mobile HDR setting 1
[2019.01.14-08.04.56:483][  0]LogGameplayTags: Display: UGameplayTagsManager::DoneAddingNativeTags. DelegateIsBound: 0
[2019.01.14-08.04.56:483][  0]LogStats: UGameplayTagsManager::ConstructGameplayTagTree: Construct from data asset -  0.000 s
[2019.01.14-08.04.56:483][  0]LogStats: UGameplayTagsManager::ConstructGameplayTagTree: GameplayTagTreeChangedEvent.Broadcast -  0.000 s
[2019.01.14-08.04.57:121][  0]LogFileCache: Scanning file cache for directory 'C:/Users/wzeitler/Desktop/GameEngines/EX7_Waldemar_Zeitler/Content/' took 0.01s
[2019.01.14-08.04.57:121][  0]SourceControl: Source control is disabled
[2019.01.14-08.04.57:123][  0]Cmd: MAP LOAD FILE="../../../../../../Users/wzeitler/Desktop/GameEngines/EX7_Waldemar_Zeitler/Content/ThirdPersonBP/Maps/ThirdPersonExampleMap.umap" TEMPLATE=0 SHOWPROGRESS=1 FEATURELEVEL=3
[2019.01.14-08.04.57:125][  0]LightingResults: New page: Lighting Build
[2019.01.14-08.04.57:134][  0]MapCheck: New page: Map Check
[2019.01.14-08.04.57:134][  0]LightingResults: New page: Lighting Build
[2019.01.14-08.04.57:296][  0]LogUObjectGlobals: Created PersistentFrame Addr=0x0000019a7043f1c0, Size=64, Default__ThirdPerson_AnimBP_C Function /Game/Mannequin/Animations/ThirdPerson_AnimBP.ThirdPerson_AnimBP_C:ExecuteUbergraph_ThirdPerson_AnimBP
[2019.01.14-08.04.57:324][  0]LogUObjectGlobals: Destroyed PersistentFrame Addr=0x0000019a7043f1c0, Size=64
[2019.01.14-08.04.57:324][  0]LogUObjectGlobals: Created PersistentFrame Addr=0x0000019a7043f280, Size=64, Default__ThirdPerson_AnimBP_C Function /Engine/Transient.REINST_ThirdPerson_AnimBP_C_0:ExecuteUbergraph_ThirdPerson_AnimBP
[2019.01.14-08.04.57:348][  0]LogUObjectGlobals: Created PersistentFrame Addr=0x0000019a7038a200, Size=72, Default__ThirdPerson_AnimBP_C Function /Game/Mannequin/Animations/ThirdPerson_AnimBP.ThirdPerson_AnimBP_C:ExecuteUbergraph_ThirdPerson_AnimBP
[2019.01.14-08.04.57:485][  0]LogUObjectGlobals: Created PersistentFrame Addr=0x0000019a56727600, Size=296, Default__ThirdPersonCharacter_C Function /Game/ThirdPersonBP/Blueprints/ThirdPersonCharacter.ThirdPersonCharacter_C:ExecuteUbergraph_ThirdPersonCharacter
[2019.01.14-08.04.57:504][  0]LogUObjectGlobals: Destroyed PersistentFrame Addr=0x0000019a56727600, Size=296
[2019.01.14-08.04.57:504][  0]LogUObjectGlobals: Created PersistentFrame Addr=0x0000019a56727600, Size=296, Default__ThirdPersonCharacter_C Function /Engine/Transient.REINST_ThirdPersonCharacter_C_4:ExecuteUbergraph_ThirdPersonCharacter
[2019.01.14-08.04.57:521][  0]LogUObjectGlobals: Created PersistentFrame Addr=0x0000019a56725f80, Size=296, Default__ThirdPersonCharacter_C Function /Game/ThirdPersonBP/Blueprints/ThirdPersonCharacter.ThirdPersonCharacter_C:ExecuteUbergraph_ThirdPersonCharacter
[2019.01.14-08.04.58:487][  0]LogTexture: Display: Building textures: sunflare (AutoDXT, 512X512)
[2019.01.14-08.04.58:487][  0]LogTexture: Display: Building textures: smoke_01b (AutoDXT, 256X256)
[2019.01.14-08.04.58:487][  0]LogTexture: Display: Building textures: T_MeshFire_Mask (AutoDXT, 512X512)
[2019.01.14-08.04.58:487][  0]LogTexture: Display: Building textures: T_Flame_Tile (AutoDXT, 512X512)
[2019.01.14-08.04.58:487][  0]LogMaterial: Missing cached shader map for material M_Fire_plane_1, compiling. 
[2019.01.14-08.04.58:537][  0]LogShaderCompilers: Display: Shaders left to compile 33
[2019.01.14-08.04.58:537][  0]LogShaderCompilers: Display: Shaders left to compile 23
[2019.01.14-08.04.58:537][  0]LogShaderCompilers: Display: Shaders left to compile 13
[2019.01.14-08.04.58:537][  0]LogMaterial: Missing cached shader map for material M_cloud_02, compiling. 
[2019.01.14-08.04.58:559][  0]LogMaterial: Missing cached shader map for material m_flare_03, compiling. 
[2019.01.14-08.04.58:634][  0]LogSkeletalMesh: Skeletal Mesh found in DDC [25.610634ms] /Game/Mannequin/Character/Mesh/SK_Mannequin.SK_Mannequin
[2019.01.14-08.04.58:770][  0]LogAIModule: Creating AISystem for world ThirdPersonExampleMap
[2019.01.14-08.04.58:803][  0]LogEditorServer: Finished looking for orphan Actors (0.000 secs)
[2019.01.14-08.04.58:830][  0]LogUObjectGlobals: Destroyed PersistentFrame Addr=0x0000019a7043f280, Size=64
[2019.01.14-08.04.58:830][  0]LogUObjectGlobals: Destroyed PersistentFrame Addr=0x0000019a56727600, Size=296
[2019.01.14-08.04.58:833][  0]Cmd: MAP CHECKDEP NOCLEARLOG
[2019.01.14-08.04.58:933][  0]MapCheck: Map check complete: 0 Error(s), 0 Warning(s), took 100,768ms to complete.
[2019.01.14-08.04.58:933][  0]LogFileHelpers: Loading map 'ThirdPersonExampleMap' took 1.811
[2019.01.14-08.04.59:179][  0]LogCollectionManager: Loaded 0 collections in 0.002876 seconds
[2019.01.14-08.04.59:246][  0]LogFileCache: Scanning file cache for directory 'C:/Users/wzeitler/Desktop/GameEngines/EX7_Waldemar_Zeitler/Saved/Collections/' took 0.01s
[2019.01.14-08.04.59:246][  0]LogFileCache: Scanning file cache for directory 'C:/Users/wzeitler/Desktop/GameEngines/EX7_Waldemar_Zeitler/Content/Developers/wzeitler/Collections/' took 0.01s
[2019.01.14-08.04.59:246][  0]LogFileCache: Scanning file cache for directory 'C:/Users/wzeitler/Desktop/GameEngines/EX7_Waldemar_Zeitler/Content/Collections/' took 0.01s
[2019.01.14-08.04.59:246][  0]LogCollectionManager: Rebuilt the GUID cache for 0 collections in 0.000000 seconds
[2019.01.14-08.04.59:266][  0]LogContentBrowser: Native class hierarchy populated in 0.0177 seconds. Added 2452 classes and 558 folders.
[2019.01.14-08.04.59:286][  0]LogContentBrowser: Native class hierarchy updated for 'WidgetCarousel' in 0.0004 seconds. Added 0 classes and 0 folders.
[2019.01.14-08.04.59:544][  0]LogContentBrowser: Native class hierarchy updated for 'AddContentDialog' in 0.0004 seconds. Added 0 classes and 0 folders.
[2019.01.14-08.04.59:561][  0]LogContentBrowser: Native class hierarchy updated for 'SceneOutliner' in 0.0004 seconds. Added 1 classes and 2 folders.
[2019.01.14-08.04.59:773][  0]LogSlate: Took 0.007340 seconds to synchronously load lazily loaded font '../../../Engine/Content/Slate/Fonts/Roboto-Regular.ttf' (155K)
[2019.01.14-08.04.59:780][  0]LogSlate: Took 0.003431 seconds to synchronously load lazily loaded font '../../../Engine/Content/Slate/Fonts/Roboto-Bold.ttf' (160K)
[2019.01.14-08.04.59:794][  0]LogSlate: Took 0.002061 seconds to synchronously load lazily loaded font '../../../Engine/Content/Editor/Slate/Fonts/FontAwesome.ttf' (139K)
[2019.01.14-08.05.00:043][  0]LogRenderer: Reallocating scene render targets to support 972x452 Format 10 NumSamples 1 (Frame:1).
[2019.01.14-08.05.08:275][  0]LogShaderCompilers: Display: Shaders left to compile 63
[2019.01.14-08.05.08:275][  0]LogShaderCompilers: Display: Shaders left to compile 53
[2019.01.14-08.05.08:275][  0]LogShaderCompilers: Display: Shaders left to compile 43
[2019.01.14-08.05.08:275][  0]LogShaderCompilers: Display: Shaders left to compile 33
[2019.01.14-08.05.08:275][  0]LogShaderCompilers: Display: Shaders left to compile 23
[2019.01.14-08.05.08:275][  0]LogShaderCompilers: Display: Shaders left to compile 13
[2019.01.14-08.05.08:298][  0]LogContentBrowser: Native class hierarchy updated for 'HierarchicalLODOutliner' in 0.0004 seconds. Added 0 classes and 0 folders.
[2019.01.14-08.05.08:298][  0]LogLoad: (Engine Initialization) Total time: 38.67 seconds
[2019.01.14-08.05.08:298][  0]LogLoad: (Engine Initialization) Total Blueprint compile time: 0.00 seconds
[2019.01.14-08.05.08:317][  0]LogWindowsTextInputMethodSystem: Display: IME system now deactivated.
[2019.01.14-08.05.08:364][  0]LogContentStreaming: Texture pool size now 1000 MB
[2019.01.14-08.05.08:437][  0]LogSlate: Took 0.002537 seconds to synchronously load lazily loaded font '../../../Engine/Content/Slate/Fonts/Roboto-Light.ttf' (167K)
[2019.01.14-08.05.08:869][  2]LogAssetRegistry: Asset discovery search completed in 25.6318 seconds
[2019.01.14-08.05.08:871][  2]LogCollectionManager: Rebuilt the object cache for 0 collections in 0.000000 seconds (found 0 objects)
[2019.01.14-08.05.08:871][  2]LogCollectionManager: Fixed up redirectors for 0 collections in 0.000144 seconds (updated 0 objects)
[2019.01.14-08.05.09:860][  4]LogShaderCompilers: Display: Shaders left to compile 3
[2019.01.14-08.52.27:503][ 19]LogHttp: Warning: 0000019A7041D600: HTTP request timed out after 1498.54 seconds URL=https://datarouter.ol.epicgames.com/datarouter/api/v1/public/data?SessionID=%7BCD67F3ED-4F88-E7A3-FF54-118C2E3F5EC7%7D&AppID=UEEditor.Rocket.Release&AppVersion=4.19.2-4033788%2B%2B%2BUE4%2BRelease-4.19&UserID=2ff6c5a540089756003881b73c6ca5d7%7C81960cdfb0dd40f9a24ad723c9fb28e5%7C0b082382-5e59-4a5c-a137-aee0840e5662&AppEnvironment=datacollector-binary&UploadType=eteventstream
[2019.01.14-08.52.28:379][ 19]LogHttp: Warning: 0000019A7041D600: request failed, libcurl error: 0 (No error)
[2019.01.14-08.52.28:379][ 19]LogHttp: Warning: 0000019A7041D600: libcurl info message cache 0 (Found bundle for host datarouter.ol.epicgames.com: 0x19a11993fb8 [can pipeline])
[2019.01.14-08.52.28:380][ 19]LogHttp: Warning: 0000019A7041D600: libcurl info message cache 1 (Re-using existing connection! (#1) with host datarouter.ol.epicgames.com)
[2019.01.14-08.52.28:380][ 19]LogHttp: Warning: 0000019A7041D600: libcurl info message cache 2 (Connected to datarouter.ol.epicgames.com (52.72.40.152) port 443 (#1))
[2019.01.14-08.52.28:380][ 19]LogHttp: Warning: 0000019A7041D600: libcurl info message cache 3 (upload completely sent off: 6384 out of 6384 bytes)
[2019.01.14-08.52.28:380][ 19]LogHttp: Warning: 0000019A7041D600: libcurl info message cache 4 (Closing connection 1)
[2019.01.14-08.52.28:380][ 19]LogHttp: Warning: 0000019A7041D600: libcurl info message cache 5 (TLSv1.2 (OUT), TLS alert, Client hello (1):)
[2019.01.14-08.52.35:335][120]LogSlate: FSceneViewport::OnFocusLost() reason 0
[2019.01.14-08.52.54:749][673]LogSlate: Took 0.000422 seconds to synchronously load lazily loaded font '../../../Engine/Content/Slate/Fonts/Roboto-Light.ttf' (167K)
[2019.01.14-08.52.56:266][673]LogSlate: Window 'Pick Parent Class' being destroyed
[2019.01.14-08.53.15:664][159]LogMetaData: Removing '/Game/DynamiteActor.DynamiteActor:UserConstructionScript.K2Node_FunctionEntry_0' ref from Metadata '/Game/DynamicActor.PackageMetaData'
[2019.01.14-08.53.15:664][159]LogMetaData: Removing '/Game/DynamiteActor.SKEL_DynamiteActor_C' ref from Metadata '/Game/DynamicActor.PackageMetaData'
[2019.01.14-08.53.15:664][159]LogMetaData: Removing '/Game/DynamiteActor.DynamiteActor_C' ref from Metadata '/Game/DynamicActor.PackageMetaData'
[2019.01.14-08.53.15:664][159]LogMetaData: Removing '/Game/DynamiteActor.DynamiteActor:EventGraph.K2Node_Event_0' ref from Metadata '/Game/DynamicActor.PackageMetaData'
[2019.01.14-08.53.15:664][159]LogMetaData: Removing '/Game/DynamiteActor.DynamiteActor:EventGraph.K2Node_Event_1' ref from Metadata '/Game/DynamicActor.PackageMetaData'
[2019.01.14-08.53.15:664][159]LogMetaData: Removing '/Game/DynamiteActor.DynamiteActor:EventGraph.K2Node_Event_2' ref from Metadata '/Game/DynamicActor.PackageMetaData'
[2019.01.14-08.53.15:684][159]Cmd: OBJ SAVEPACKAGE PACKAGE="/Game/DynamiteActor" FILE="../../../../../../Users/wzeitler/Desktop/GameEngines/EX7_Waldemar_Zeitler/Content/DynamiteActor.uasset" SILENT=true
[2019.01.14-08.53.15:698][159]LogSavePackage: Save=8.46ms
[2019.01.14-08.53.15:698][159]LogSavePackage: Moving '../../../../../../Users/wzeitler/Desktop/GameEngines/EX7_Waldemar_Zeitler/Saved/DynamiteActorD10352A54BF58F5B6BB2A1947C3C5DF0.tmp' to '../../../../../../Users/wzeitler/Desktop/GameEngines/EX7_Waldemar_Zeitler/Content/DynamiteActor.uasset'
[2019.01.14-08.53.15:702][159]LogSavePackage: Display: Finished SavePackage ../../../../../../Users/wzeitler/Desktop/GameEngines/EX7_Waldemar_Zeitler/Content/DynamiteActor.uasset
[2019.01.14-08.53.32:852][289]LogContentBrowser: Native class hierarchy updated for 'BlueprintGraph' in 0.0008 seconds. Added 116 classes and 0 folders.
[2019.01.14-08.53.33:248][289]LogUObjectGlobals: Created PersistentFrame Addr=0x0000019a2400e560, Size=4, Default__SKEL_PROTO_BP_AnimBlueprint_0_C Function /Engine/Transient.SKEL_PROTO_BP_AnimBlueprint_0_C:ExecuteUbergraph_PROTO_BP_AnimBlueprint_0
[2019.01.14-08.53.33:249][289]LogUObjectGlobals: Created PersistentFrame Addr=0x0000019a2400e558, Size=4, Default__PROTO_BP_AnimBlueprint_0_C Function /Engine/Transient.PROTO_BP_AnimBlueprint_0_C:ExecuteUbergraph_PROTO_BP_AnimBlueprint_0
[2019.01.14-08.53.33:986][289]LogRenderer: Reallocating scene render targets to support 972x540 Format 10 NumSamples 1 (Frame:1).
[2019.01.14-08.53.44:976][488]LogSlate: Took 0.007083 seconds to synchronously load lazily loaded font '../../../Engine/Content/Slate/Fonts/Roboto-BoldCondensedItalic.ttf' (160K)
[2019.01.14-08.54.42:980][339]LogSlate: Window 'DynamiteActor*' being destroyed
[2019.01.14-08.54.57:700][941]LogMetaData: Removing '/Game/Dynamite/DynamiteActor.DynamiteActor_C' ref from Metadata '/Game/DynamiteActor.PackageMetaData'
[2019.01.14-08.54.57:700][941]LogMetaData: Removing '/Game/Dynamite/DynamiteActor.SKEL_DynamiteActor_C:UserConstructionScript' ref from Metadata '/Game/DynamiteActor.PackageMetaData'
[2019.01.14-08.54.57:700][941]LogMetaData: Removing '/Game/Dynamite/DynamiteActor.SKEL_DynamiteActor_C' ref from Metadata '/Game/DynamiteActor.PackageMetaData'
[2019.01.14-08.54.57:701][941]LogMetaData: Removing '/Game/Dynamite/DynamiteActor.SKEL_DynamiteActor_C:DefaultSceneRoot' ref from Metadata '/Game/DynamiteActor.PackageMetaData'
[2019.01.14-08.54.57:701][941]LogMetaData: Removing '/Game/Dynamite/DynamiteActor.DynamiteActor:UserConstructionScript.K2Node_FunctionEntry_0' ref from Metadata '/Game/DynamiteActor.PackageMetaData'
[2019.01.14-08.54.57:701][941]LogMetaData: Removing '/Game/Dynamite/DynamiteActor.DynamiteActor:EventGraph.K2Node_Event_0' ref from Metadata '/Game/DynamiteActor.PackageMetaData'
[2019.01.14-08.54.57:701][941]LogMetaData: Removing '/Game/Dynamite/DynamiteActor.DynamiteActor:EventGraph.K2Node_Event_1' ref from Metadata '/Game/DynamiteActor.PackageMetaData'
[2019.01.14-08.54.57:701][941]LogMetaData: Removing '/Game/Dynamite/DynamiteActor.DynamiteActor:EventGraph.K2Node_Event_2' ref from Metadata '/Game/DynamiteActor.PackageMetaData'
[2019.01.14-08.54.57:701][941]LogMetaData: Removing '/Game/Dynamite/DynamiteActor.DynamiteActor_C:DefaultSceneRoot' ref from Metadata '/Game/DynamiteActor.PackageMetaData'
[2019.01.14-08.54.57:701][941]LogMetaData: Removing '/Game/Dynamite/DynamiteActor.SKEL_DynamiteActor_C:Dynamite' ref from Metadata '/Game/DynamiteActor.PackageMetaData'
[2019.01.14-08.54.57:729][941]Cmd: OBJ SAVEPACKAGE PACKAGE="/Game/Dynamite/DynamiteActor" FILE="../../../../../../Users/wzeitler/Desktop/GameEngines/EX7_Waldemar_Zeitler/Content/Dynamite/DynamiteActor.uasset" SILENT=true
[2019.01.14-08.54.57:748][941]LogSavePackage: Save=15.14ms
[2019.01.14-08.54.57:748][941]LogSavePackage: Moving '../../../../../../Users/wzeitler/Desktop/GameEngines/EX7_Waldemar_Zeitler/Saved/DynamiteActor63406A5E43FD4FB280542FAC86840420.tmp' to '../../../../../../Users/wzeitler/Desktop/GameEngines/EX7_Waldemar_Zeitler/Content/Dynamite/DynamiteActor.uasset'
[2019.01.14-08.54.57:753][941]LogSavePackage: Display: Finished SavePackage ../../../../../../Users/wzeitler/Desktop/GameEngines/EX7_Waldemar_Zeitler/Content/Dynamite/DynamiteActor.uasset
[2019.01.14-08.55.22:377][ 77]LogAssetTools: Warning: Failed to import 'C:\Users\wzeitler\Downloads\Dynamite\Dynamite\dinamite.uasset'. Unknown extension 'uasset'.
[2019.01.14-08.55.22:389][ 77]LogAssetTools: Warning: Failed to import 'C:\Users\wzeitler\Downloads\Dynamite\Dynamite\D.uasset'. Unknown extension 'uasset'.
[2019.01.14-08.55.22:401][ 77]LogAssetTools: Warning: Failed to import 'C:\Users\wzeitler\Downloads\Dynamite\Dynamite\diffuse_D_png.uasset'. Unknown extension 'uasset'.
[2019.01.14-08.56.05:450][779]LogSavePackage: Save=235.34ms
[2019.01.14-08.56.05:451][779]LogSavePackage: Moving '../../../../../../Users/wzeitler/Desktop/GameEngines/EX7_Waldemar_Zeitler/Saved/ThirdPersonExampleMapD8396254481BA1AB943DF78E32FF4DDE.tmp' to '../../../../../../Users/wzeitler/Desktop/GameEngines/EX7_Waldemar_Zeitler/Content/ThirdPersonBP/Maps/ThirdPersonExampleMap.umap'
[2019.01.14-08.56.05:455][779]LogSavePackage: Display: Finished SavePackage ../../../../../../Users/wzeitler/Desktop/GameEngines/EX7_Waldemar_Zeitler/Content/ThirdPersonBP/Maps/ThirdPersonExampleMap.umap
[2019.01.14-08.56.06:167][779]LogSavePackage: Save=653.01ms
[2019.01.14-08.56.06:167][779]LogSavePackage: Moving '../../../../../../Users/wzeitler/Desktop/GameEngines/EX7_Waldemar_Zeitler/Saved/ThirdPersonExampleMap_BuiltData44F14928485EDF57D3F4BF80F59D80E9.tmp' to '../../../../../../Users/wzeitler/Desktop/GameEngines/EX7_Waldemar_Zeitler/Content/ThirdPersonBP/Maps/ThirdPersonExampleMap_BuiltData.uasset'
[2019.01.14-08.56.06:171][779]LogSavePackage: Display: Finished SavePackage ../../../../../../Users/wzeitler/Desktop/GameEngines/EX7_Waldemar_Zeitler/Content/ThirdPersonBP/Maps/ThirdPersonExampleMap_BuiltData.uasset
[2019.01.14-08.56.07:072][803]LogSlate: Window 'EX7_Waldemar_Zeitler - Unreal Editor' being destroyed
[2019.01.14-08.56.07:073][803]LogWindowsTextInputMethodSystem: Display: IME system now deactivated.
[2019.01.14-08.56.07:379][804]Cmd: QUIT_EDITOR
[2019.01.14-08.56.07:439][804]LogSlate: Slate User Destroyed.  User Index 0, Is Virtual User: 0
[2019.01.14-08.56.07:439][804]LogExit: Preparing to exit.
[2019.01.14-08.56.07:847][804]LogDirectoryWatcher: A directory notification for 'C:/Users/wzeitler/Desktop/GameEngines/EX7_Waldemar_Zeitler/Content/' was aborted.
[2019.01.14-08.56.07:896][804]LogExit: Editor shut down
[2019.01.14-08.56.07:902][804]LogExit: Transaction tracking system shut down
[2019.01.14-08.56.07:903][804]LogUObjectGlobals: Destroyed PersistentFrame Addr=0x0000019a7038a200, Size=72
[2019.01.14-08.56.07:903][804]LogUObjectGlobals: Destroyed PersistentFrame Addr=0x0000019a56725f80, Size=296
[2019.01.14-08.56.07:907][804]LogUObjectGlobals: Destroyed PersistentFrame Addr=0x0000019a2400e560, Size=4
[2019.01.14-08.56.07:907][804]LogUObjectGlobals: Destroyed PersistentFrame Addr=0x0000019a2400e558, Size=4
[2019.01.14-08.56.08:088][804]LogDirectoryWatcher: A directory notification for '../../../Engine/Content/' was aborted.
[2019.01.14-08.56.08:088][804]LogDirectoryWatcher: A directory notification for '../../../../../../Users/wzeitler/Desktop/GameEngines/EX7_Waldemar_Zeitler/Content/' was aborted.
[2019.01.14-08.56.08:088][804]LogDirectoryWatcher: A directory notification for '../../Plugins/2D/Paper2D/Content/' was aborted.
[2019.01.14-08.56.08:089][804]LogDirectoryWatcher: A directory notification for '../../Plugins/Enterprise/DatasmithContent/Content/' was aborted.
[2019.01.14-08.56.08:089][804]LogDirectoryWatcher: A directory notification for '../../Plugins/Media/MediaCompositing/Content/' was aborted.
[2019.01.14-08.56.08:089][804]LogDirectoryWatcher: A directory notification for '../../Plugins/Runtime/AppleARKit/Content/' was aborted.
[2019.01.14-08.56.08:089][804]LogDirectoryWatcher: A directory notification for '../../Plugins/Runtime/Oculus/OculusVR/Content/' was aborted.
[2019.01.14-08.56.08:089][804]LogDirectoryWatcher: A directory notification for '../../Plugins/Runtime/Steam/SteamVR/Content/' was aborted.
[2019.01.14-08.56.08:253][804]LogExit: Object subsystem successfully closed.
[2019.01.14-08.56.08:269][804]LogShaderCompilers: Display: Shaders left to compile 0
[2019.01.14-08.56.08:273][804]LogD3D11RHI: Shutdown
[2019.01.14-08.56.08:274][804]LogD3D11RHI: CleanupD3DDevice
[2019.01.14-08.56.08:289][804]LogD3D11RHI: ~FD3D11DynamicRHI
[2019.01.14-08.56.08:328][804]LogModuleManager: Shutting down and abandoning module BlueprintGraph (576)
[2019.01.14-08.56.08:328][804]LogModuleManager: Shutting down and abandoning module HierarchicalLODOutliner (574)
[2019.01.14-08.56.08:328][804]LogModuleManager: Shutting down and abandoning module SceneOutliner (572)
[2019.01.14-08.56.08:328][804]LogModuleManager: Shutting down and abandoning module AddContentDialog (570)
[2019.01.14-08.56.08:329][804]LogDirectoryWatcher: A directory notification for 'C:/Program Files/Epic Games/UE_4.19/FeaturePacks/' was aborted.
[2019.01.14-08.56.08:330][804]LogModuleManager: Shutting down and abandoning module WidgetCarousel (569)
[2019.01.14-08.56.08:330][804]LogModuleManager: Shutting down and abandoning module EditorWidgets (566)
[2019.01.14-08.56.08:330][804]LogModuleManager: Shutting down and abandoning module CollectionManager (564)
[2019.01.14-08.56.08:330][804]LogDirectoryWatcher: A directory notification for 'C:/Users/wzeitler/Desktop/GameEngines/EX7_Waldemar_Zeitler/Content/Collections/' was aborted.
[2019.01.14-08.56.08:330][804]LogDirectoryWatcher: A directory notification for 'C:/Users/wzeitler/Desktop/GameEngines/EX7_Waldemar_Zeitler/Content/Developers/wzeitler/Collections/' was aborted.
[2019.01.14-08.56.08:330][804]LogDirectoryWatcher: A directory notification for 'C:/Users/wzeitler/Desktop/GameEngines/EX7_Waldemar_Zeitler/Saved/Collections/' was aborted.
[2019.01.14-08.56.08:330][804]LogModuleManager: Shutting down and abandoning module StatsViewer (562)
[2019.01.14-08.56.08:330][804]LogModuleManager: Shutting down and abandoning module FoliageEdit (560)
[2019.01.14-08.56.08:330][804]LogModuleManager: Shutting down and abandoning module LandscapeEditor (558)
[2019.01.14-08.56.08:331][804]LogModuleManager: Shutting down and abandoning module MeshPaintMode (556)
[2019.01.14-08.56.08:331][804]LogModuleManager: Shutting down and abandoning module SceneDepthPickerMode (554)
[2019.01.14-08.56.08:331][804]LogModuleManager: Shutting down and abandoning module ActorPickerMode (552)
[2019.01.14-08.56.08:331][804]LogModuleManager: Shutting down and abandoning module GeometryMode (550)
[2019.01.14-08.56.08:331][804]LogModuleManager: Shutting down and abandoning module TextureAlignMode (548)
[2019.01.14-08.56.08:331][804]LogModuleManager: Shutting down and abandoning module BspMode (546)
[2019.01.14-08.56.08:331][804]LogModuleManager: Shutting down and abandoning module PIEPreviewDeviceProfileSelector (544)
[2019.01.14-08.56.08:331][804]LogModuleManager: Shutting down and abandoning module HardwareSurvey (542)
[2019.01.14-08.56.08:331][804]LogModuleManager: Shutting down and abandoning module SequenceRecorderSections (540)
[2019.01.14-08.56.08:331][804]LogModuleManager: Shutting down and abandoning module AutomationWorker (538)
[2019.01.14-08.56.08:331][804]LogModuleManager: Shutting down and abandoning module AudioCaptureEditor (536)
[2019.01.14-08.56.08:331][804]LogModuleManager: Shutting down and abandoning module SequenceRecorder (535)
[2019.01.14-08.56.08:331][804]LogModuleManager: Shutting down and abandoning module MatineeToLevelSequence (532)
[2019.01.14-08.56.08:331][804]LogModuleManager: Shutting down and abandoning module LevelSequenceEditor (530)
[2019.01.14-08.56.08:332][804]LogModuleManager: Shutting down and abandoning module PlacementMode (529)
[2019.01.14-08.56.08:332][804]LogModuleManager: Shutting down and abandoning module MaterialEditor (528)
[2019.01.14-08.56.08:333][804]LogModuleManager: Shutting down and abandoning module WmfMediaFactory (524)
[2019.01.14-08.56.08:333][804]LogModuleManager: Shutting down and abandoning module WmfMediaEditor (522)
[2019.01.14-08.56.08:333][804]LogModuleManager: Shutting down and abandoning module MediaPlayerEditor (520)
[2019.01.14-08.56.08:333][804]LogModuleManager: Shutting down and abandoning module OpenExrWrapper (518)
[2019.01.14-08.56.08:333][804]LogModuleManager: Shutting down and abandoning module ImgMediaFactory (516)
[2019.01.14-08.56.08:333][804]LogModuleManager: Shutting down and abandoning module ImgMediaEditor (514)
[2019.01.14-08.56.08:333][804]LogModuleManager: Shutting down and abandoning module AvfMediaFactory (512)
[2019.01.14-08.56.08:333][804]LogModuleManager: Shutting down and abandoning module AvfMediaEditor (510)
[2019.01.14-08.56.08:333][804]LogModuleManager: Shutting down and abandoning module AndroidMediaFactory (508)
[2019.01.14-08.56.08:333][804]LogModuleManager: Shutting down and abandoning module AndroidMediaEditor (506)
[2019.01.14-08.56.08:333][804]LogModuleManager: Shutting down and abandoning module CharacterAI (504)
[2019.01.14-08.56.08:333][804]LogModuleManager: Shutting down and abandoning module SmartSnapping (502)
[2019.01.14-08.56.08:333][804]LogModuleManager: Shutting down and abandoning module SessionServices (500)
[2019.01.14-08.56.08:333][804]LogModuleManager: Shutting down and abandoning module ViewportSnapping (498)
[2019.01.14-08.56.08:333][804]LogModuleManager: Shutting down and abandoning module ViewportInteraction (496)
[2019.01.14-08.56.08:333][804]LogModuleManager: Shutting down and abandoning module ClothPainter (494)
[2019.01.14-08.56.08:333][804]LogModuleManager: Shutting down and abandoning module SkeletalMeshEditor (493)
[2019.01.14-08.56.08:334][804]LogModuleManager: Shutting down and abandoning module LogVisualizer (490)
[2019.01.14-08.56.08:334][804]LogModuleManager: Shutting down and abandoning module IntroTutorials (488)
[2019.01.14-08.56.08:334][804]LogModuleManager: Shutting down and abandoning module GameProjectGeneration (487)
[2019.01.14-08.56.08:335][804]LogModuleManager: Shutting down and abandoning module IOSPlatformEditor (484)
[2019.01.14-08.56.08:335][804]LogModuleManager: Shutting down and abandoning module HTML5PlatformEditor (482)
[2019.01.14-08.56.08:335][804]LogModuleManager: Shutting down and abandoning module AndroidPlatformEditor (480)
[2019.01.14-08.56.08:335][804]LogModuleManager: Shutting down and abandoning module AndroidDeviceDetection (479)
[2019.01.14-08.56.08:656][804]LogModuleManager: Shutting down and abandoning module WindowsPlatformEditor (476)
[2019.01.14-08.56.08:656][804]LogModuleManager: Shutting down and abandoning module IOSRuntimeSettings (474)
[2019.01.14-08.56.08:656][804]LogModuleManager: Shutting down and abandoning module AndroidRuntimeSettings (472)
[2019.01.14-08.56.08:656][804]LogModuleManager: Shutting down and abandoning module InputBindingEditor (470)
[2019.01.14-08.56.08:656][804]LogModuleManager: Shutting down and abandoning module MergeActors (468)
[2019.01.14-08.56.08:657][804]LogModuleManager: Shutting down and abandoning module LocalizationDashboard (466)
[2019.01.14-08.56.08:657][804]LogModuleManager: Shutting down and abandoning module LocalizationService (465)
[2019.01.14-08.56.08:658][804]LogModuleManager: Shutting down and abandoning module HardwareTargeting (462)
[2019.01.14-08.56.08:658][804]LogModuleManager: Shutting down and abandoning module DeviceProfileEditor (460)
[2019.01.14-08.56.08:658][804]LogModuleManager: Shutting down and abandoning module UndoHistory (458)
[2019.01.14-08.56.08:658][804]LogModuleManager: Shutting down and abandoning module XmlParser (456)
[2019.01.14-08.56.08:658][804]LogModuleManager: Shutting down and abandoning module Blutility (454)
[2019.01.14-08.56.08:658][804]LogModuleManager: Shutting down and abandoning module ProjectSettingsViewer (452)
[2019.01.14-08.56.08:658][804]LogModuleManager: Shutting down and abandoning module ProjectTargetPlatformEditor (451)
[2019.01.14-08.56.08:658][804]LogModuleManager: Shutting down and abandoning module EditorSettingsViewer (448)
[2019.01.14-08.56.08:658][804]LogModuleManager: Shutting down and abandoning module SettingsEditor (446)
[2019.01.14-08.56.08:658][804]LogModuleManager: Shutting down and abandoning module ProjectLauncher (444)
[2019.01.14-08.56.08:659][804]LogModuleManager: Shutting down and abandoning module SessionFrontend (442)
[2019.01.14-08.56.08:659][804]LogModuleManager: Shutting down and abandoning module ProfilerClient (440)
[2019.01.14-08.56.08:659][804]LogModuleManager: Shutting down and abandoning module DeviceManager (438)
[2019.01.14-08.56.08:659][804]LogModuleManager: Shutting down and abandoning module TargetDeviceServices (437)
[2019.01.14-08.56.08:713][804]LogModuleManager: Shutting down and abandoning module AutomationController (434)
[2019.01.14-08.56.08:713][804]LogModuleManager: Shutting down and abandoning module AutomationWindow (432)
[2019.01.14-08.56.08:714][804]LogModuleManager: Shutting down and abandoning module Layers (430)
[2019.01.14-08.56.08:715][804]LogModuleManager: Shutting down and abandoning module ComponentVisualizers (428)
[2019.01.14-08.56.08:715][804]LogModuleManager: Shutting down and abandoning module DetailCustomizations (426)
[2019.01.14-08.56.08:715][804]LogModuleManager: Shutting down and abandoning module PackagesDialog (424)
[2019.01.14-08.56.08:715][804]LogModuleManager: Shutting down and abandoning module Persona (422)
[2019.01.14-08.56.08:716][804]LogModuleManager: Shutting down and abandoning module AdvancedPreviewScene (421)
[2019.01.14-08.56.08:716][804]LogModuleManager: Shutting down and abandoning module AnimGraph (419)
[2019.01.14-08.56.08:716][804]LogModuleManager: Shutting down and abandoning module Kismet (416)
[2019.01.14-08.56.08:723][804]LogModuleManager: Shutting down and abandoning module GraphEditor (414)
[2019.01.14-08.56.08:723][804]LogModuleManager: Shutting down and abandoning module ClassViewer (412)
[2019.01.14-08.56.08:724][804]LogModuleManager: Shutting down and abandoning module Toolbox (410)
[2019.01.14-08.56.08:724][804]LogModuleManager: Shutting down and abandoning module ModuleUI (408)
[2019.01.14-08.56.08:725][804]LogModuleManager: Shutting down and abandoning module MovieSceneTools (406)
[2019.01.14-08.56.08:725][804]LogModuleManager: Shutting down and abandoning module OutputLog (404)
[2019.01.14-08.56.08:725][804]LogModuleManager: Shutting down and abandoning module GammaUI (402)
[2019.01.14-08.56.08:725][804]LogModuleManager: Shutting down and abandoning module Documentation (400)
[2019.01.14-08.56.08:725][804]LogModuleManager: Shutting down and abandoning module MovieSceneTracks (398)
[2019.01.14-08.56.08:726][804]LogModuleManager: Shutting down and abandoning module MovieScene (396)
[2019.01.14-08.56.08:726][804]LogModuleManager: Shutting down and abandoning module StreamingPauseRendering (394)
[2019.01.14-08.56.08:726][804]LogModuleManager: Shutting down and abandoning module LauncherPlatform (392)
[2019.01.14-08.56.08:726][804]LogModuleManager: Shutting down and abandoning module AnalyticsET (390)
[2019.01.14-08.56.08:726][804]LogModuleManager: Shutting down and abandoning module PortalServices (388)
[2019.01.14-08.56.08:726][804]LogModuleManager: Shutting down and abandoning module PortalRpc (386)
[2019.01.14-08.56.08:726][804]LogModuleManager: Shutting down and abandoning module MessagingRpc (384)
[2019.01.14-08.56.08:726][804]LogModuleManager: Shutting down and abandoning module AIModule (382)
[2019.01.14-08.56.08:726][804]LogModuleManager: Shutting down and abandoning module GameplayDebugger (381)
[2019.01.14-08.56.08:726][804]LogModuleManager: Shutting down and abandoning module AITestSuite (379)
[2019.01.14-08.56.08:726][804]LogModuleManager: Shutting down and abandoning module DesktopPlatform (376)
[2019.01.14-08.56.08:726][804]LogModuleManager: Shutting down and abandoning module ProfilerService (374)
[2019.01.14-08.56.08:891][804]LogModuleManager: Shutting down and abandoning module TaskGraph (372)
[2019.01.14-08.56.08:891][804]LogModuleManager: Shutting down and abandoning module SteamVRController (370)
[2019.01.14-08.56.08:891][804]LogModuleManager: Shutting down and abandoning module ProceduralMeshComponentEditor (368)
[2019.01.14-08.56.08:891][804]LogModuleManager: Shutting down and abandoning module ProceduralMeshComponent (366)
[2019.01.14-08.56.08:891][804]LogModuleManager: Shutting down and abandoning module OculusInput (364)
[2019.01.14-08.56.08:891][804]LogModuleManager: Shutting down and abandoning module MobilePatchingUtils (362)
[2019.01.14-08.56.08:891][804]LogModuleManager: Shutting down and abandoning module CustomMeshComponent (360)
[2019.01.14-08.56.08:891][804]LogModuleManager: Shutting down and abandoning module CableComponent (358)
[2019.01.14-08.56.08:891][804]LogModuleManager: Shutting down and abandoning module AudioCapture (356)
[2019.01.14-08.56.08:891][804]LogModuleManager: Shutting down and abandoning module ArchVisCharacter (354)
[2019.01.14-08.56.08:891][804]LogModuleManager: Shutting down and abandoning module AndroidPermission (352)
[2019.01.14-08.56.08:891][804]LogModuleManager: Shutting down and abandoning module NUTUnrealEngine4 (348)
[2019.01.14-08.56.08:891][804]LogModuleManager: Shutting down and abandoning module NetcodeUnitTest (346)
[2019.01.14-08.56.08:893][804]LogModuleManager: Shutting down and abandoning module MediaCompositingEditor (344)
[2019.01.14-08.56.08:893][804]LogModuleManager: Shutting down and abandoning module MediaCompositing (342)
[2019.01.14-08.56.08:893][804]LogModuleManager: Shutting down and abandoning module LinearTimecode (340)
[2019.01.14-08.56.08:893][804]LogModuleManager: Shutting down and abandoning module ImgMedia (338)
[2019.01.14-08.56.08:900][804]LogModuleManager: Shutting down and abandoning module HTML5Networking (336)
[2019.01.14-08.56.08:900][804]LogModuleManager: Shutting down and abandoning module AlembicImporter (334)
[2019.01.14-08.56.08:901][804]LogModuleManager: Shutting down and abandoning module AlembicLibrary (333)
[2019.01.14-08.56.08:901][804]LogModuleManager: Shutting down and abandoning module GeometryCache (332)
[2019.01.14-08.56.08:901][804]LogModuleManager: Shutting down and abandoning module GeometryCacheEd (331)
[2019.01.14-08.56.08:901][804]LogModuleManager: Shutting down and abandoning module DatasmithContent (326)
[2019.01.14-08.56.08:901][804]LogModuleManager: Shutting down and abandoning module SpeedTreeImporter (324)
[2019.01.14-08.56.08:901][804]LogModuleManager: Shutting down and abandoning module PluginBrowser (322)
[2019.01.14-08.56.08:902][804]LogModuleManager: Shutting down and abandoning module MobileLauncherProfileWizard (320)
[2019.01.14-08.56.08:902][804]LogModuleManager: Shutting down and abandoning module CryptoKeysOpenSSL (318)
[2019.01.14-08.56.08:902][804]LogModuleManager: Shutting down and abandoning module CryptoKeys (316)
[2019.01.14-08.56.08:902][804]LogModuleManager: Shutting down and abandoning module VisualStudioSourceCodeAccess (314)
[2019.01.14-08.56.08:902][804]LogModuleManager: Shutting down and abandoning module VisualStudioCodeSourceCodeAccess (312)
[2019.01.14-08.56.08:902][804]LogModuleManager: Shutting down and abandoning module UObjectPlugin (310)
[2019.01.14-08.56.08:902][804]LogModuleManager: Shutting down and abandoning module SubversionSourceControl (308)
[2019.01.14-08.56.08:902][804]LogModuleManager: Shutting down and abandoning module PerforceSourceControl (306)
[2019.01.14-08.56.08:902][804]LogModuleManager: Shutting down and abandoning module GitSourceControl (304)
[2019.01.14-08.56.08:902][804]LogModuleManager: Shutting down and abandoning module SourceControl (303)
[2019.01.14-08.56.08:902][804]LogModuleManager: Shutting down and abandoning module CLionSourceCodeAccess (300)
[2019.01.14-08.56.08:902][804]LogModuleManager: Shutting down and abandoning module LightPropagationVolumeEditor (298)
[2019.01.14-08.56.08:902][804]LogModuleManager: Shutting down and abandoning module PaperTiledImporter (296)
[2019.01.14-08.56.08:903][804]LogModuleManager: Shutting down and abandoning module PaperSpriteSheetImporter (294)
[2019.01.14-08.56.08:903][804]LogModuleManager: Shutting down and abandoning module Paper2DEditor (292)
[2019.01.14-08.56.08:903][804]LogModuleManager: Shutting down and abandoning module MeshPaint (291)
[2019.01.14-08.56.08:903][804]LogModuleManager: Shutting down and abandoning module RuntimePhysXCooking (288)
[2019.01.14-08.56.08:903][804]LogModuleManager: Shutting down and abandoning module PhysXVehiclesEditor (286)
[2019.01.14-08.56.08:903][804]LogModuleManager: Shutting down and abandoning module PhysXVehicles (284)
[2019.01.14-08.56.08:903][804]LogModuleManager: Shutting down and abandoning module OculusEditor (282)
[2019.01.14-08.56.08:903][804]LogModuleManager: Shutting down and abandoning module LocationServicesBPLibrary (280)
[2019.01.14-08.56.08:903][804]LogModuleManager: Shutting down and abandoning module ImmediatePhysicsEditor (278)
[2019.01.14-08.56.08:903][804]LogModuleManager: Shutting down and abandoning module ImmediatePhysics (276)
[2019.01.14-08.56.08:903][804]LogModuleManager: Shutting down and abandoning module ActorSequence (274)
[2019.01.14-08.56.08:904][804]LogModuleManager: Shutting down and abandoning module UdpMessaging (272)
[2019.01.14-08.56.09:005][804]LogModuleManager: Shutting down and abandoning module TcpMessaging (270)
[2019.01.14-08.56.09:105][804]LogModuleManager: Shutting down and abandoning module GameplayTagsEditor (268)
[2019.01.14-08.56.09:106][804]LogModuleManager: Shutting down and abandoning module FacialAnimationEditor (266)
[2019.01.14-08.56.09:106][804]LogModuleManager: Shutting down and abandoning module FacialAnimation (264)
[2019.01.14-08.56.09:106][804]LogModuleManager: Shutting down and abandoning module DataValidation (262)
[2019.01.14-08.56.09:106][804]LogModuleManager: Shutting down and abandoning module AssetManagerEditor (260)
[2019.01.14-08.56.09:107][804]LogModuleManager: Shutting down and abandoning module LevelEditor (259)
[2019.01.14-08.56.09:109][804]LogModuleManager: Shutting down and abandoning module PixelInspectorModule (258)
[2019.01.14-08.56.09:109][804]LogModuleManager: Shutting down and abandoning module CommonMenuExtensions (256)
[2019.01.14-08.56.09:109][804]LogModuleManager: Shutting down and abandoning module MainFrame (254)
[2019.01.14-08.56.09:109][804]LogModuleManager: Shutting down and abandoning module HotReload (253)
[2019.01.14-08.56.09:110][804]LogModuleManager: Shutting down and abandoning module ContentBrowser (249)
[2019.01.14-08.56.09:184][804]LogModuleManager: Shutting down and abandoning module TreeMap (247)
[2019.01.14-08.56.09:188][804]LogModuleManager: Shutting down and abandoning module LightPropagationVolumeRuntime (244)
[2019.01.14-08.56.09:189][804]LogModuleManager: Shutting down and abandoning module LiveLinkEditor (242)
[2019.01.14-08.56.09:189][804]LogModuleManager: Shutting down and abandoning module LiveLink (240)
[2019.01.14-08.56.09:883][804]LogModuleManager: Shutting down and abandoning module Paper2D (238)
[2019.01.14-08.56.09:883][804]LogModuleManager: Shutting down and abandoning module WindowsMoviePlayer (236)
[2019.01.14-08.56.09:883][804]LogModuleManager: Shutting down and abandoning module WmfMedia (234)
[2019.01.14-08.56.09:892][804]LogModuleManager: Shutting down and abandoning module Media (233)
[2019.01.14-08.56.09:899][804]LogModuleManager: Shutting down and abandoning module PacketHandler (230)
[2019.01.14-08.56.09:899][804]LogModuleManager: Shutting down and abandoning module ClothingSystemEditor (228)
[2019.01.14-08.56.09:899][804]LogModuleManager: Shutting down and abandoning module ClothingSystemRuntime (226)
[2019.01.14-08.56.09:899][804]LogModuleManager: Shutting down and abandoning module MediaAssets (224)
[2019.01.14-08.56.09:900][804]LogModuleManager: Shutting down and abandoning module Overlay (222)
[2019.01.14-08.56.09:900][804]LogModuleManager: Shutting down and abandoning module OverlayEditor (221)
[2019.01.14-08.56.09:900][804]LogModuleManager: Shutting down and abandoning module VREditor (218)
[2019.01.14-08.56.09:900][804]LogModuleManager: Shutting down and abandoning module StringTableEditor (216)
[2019.01.14-08.56.09:900][804]LogModuleManager: Shutting down and abandoning module GameplayTasksEditor (214)
[2019.01.14-08.56.09:900][804]LogModuleManager: Shutting down and abandoning module BehaviorTreeEditor (212)
[2019.01.14-08.56.09:901][804]LogModuleManager: Shutting down and abandoning module FunctionalTesting (210)
[2019.01.14-08.56.09:901][804]LogModuleManager: Shutting down and abandoning module CollisionAnalyzer (208)
[2019.01.14-08.56.09:901][804]LogModuleManager: Shutting down and abandoning module WorkspaceMenuStructure (207)
[2019.01.14-08.56.09:901][804]LogModuleManager: Shutting down and abandoning module UMG (204)
[2019.01.14-08.56.09:901][804]LogModuleManager: Shutting down and abandoning module UMGEditor (203)
[2019.01.14-08.56.09:903][804]LogModuleManager: Shutting down and abandoning module Sequencer (202)
[2019.01.14-08.56.09:903][804]LogModuleManager: Shutting down and abandoning module MessageLog (199)
[2019.01.14-08.56.09:903][804]LogModuleManager: Shutting down and abandoning module SlateReflector (194)
[2019.01.14-08.56.09:905][804]LogModuleManager: Shutting down and abandoning module Slate (192)
[2019.01.14-08.56.09:905][804]LogModuleManager: Shutting down and abandoning module EditorStyle (190)
[2019.01.14-08.56.09:911][804]LogModuleManager: Shutting down and abandoning module MRMesh (188)
[2019.01.14-08.56.09:911][804]LogModuleManager: Shutting down and abandoning module SourceCodeAccess (186)
[2019.01.14-08.56.09:911][804]LogModuleManager: Shutting down and abandoning module HeadMountedDisplay (184)
[2019.01.14-08.56.09:911][804]LogModuleManager: Shutting down and abandoning module XAudio2 (182)
[2019.01.14-08.56.09:911][804]LogModuleManager: Shutting down and abandoning module Networking (180)
[2019.01.14-08.56.09:911][804]LogModuleManager: Shutting down and abandoning module Core (178)
[2019.01.14-08.56.09:911][804]LogModuleManager: Shutting down and abandoning module LevelSequence (176)
[2019.01.14-08.56.09:911][804]LogModuleManager: Shutting down and abandoning module KismetCompiler (174)
[2019.01.14-08.56.09:911][804]LogModuleManager: Shutting down and abandoning module MeshUtilities (172)
[2019.01.14-08.56.09:912][804]LogModuleManager: Shutting down and abandoning module MeshMergeUtilities (171)
[2019.01.14-08.56.09:912][804]LogModuleManager: Shutting down and abandoning module MeshReductionInterface (170)
[2019.01.14-08.56.09:912][804]LogModuleManager: Shutting down and abandoning module SimplygonSwarm (169)
[2019.01.14-08.56.09:912][804]LogModuleManager: Shutting down and abandoning module SimplygonMeshReduction (167)
[2019.01.14-08.56.09:912][804]LogModuleManager: Shutting down and abandoning module QuadricMeshReduction (165)
[2019.01.14-08.56.09:912][804]LogModuleManager: Shutting down and abandoning module MaterialBaking (161)
[2019.01.14-08.56.09:912][804]LogModuleManager: Shutting down and abandoning module DirectoryWatcher (157)
[2019.01.14-08.56.09:914][804]LogModuleManager: Shutting down and abandoning module DerivedDataCache (154)
[2019.01.14-08.56.09:993][804]LogDerivedDataCache: Shutdown
[2019.01.14-08.56.09:993][804]LogModuleManager: Shutting down and abandoning module XGEController (152)
[2019.01.14-08.56.09:993][804]LogXGEController: Cleaning working directory: C:/Users/wzeitler/AppData/Local/Temp/UnrealXGEWorkingDir/
[2019.01.14-08.56.09:993][804]LogModuleManager: Shutting down and abandoning module TargetPlatform (150)
[2019.01.14-08.56.09:993][804]LogModuleManager: Shutting down and abandoning module VulkanShaderFormat (149)
[2019.01.14-08.56.09:993][804]LogModuleManager: Shutting down and abandoning module ShaderFormatVectorVM (147)
[2019.01.14-08.56.09:994][804]LogModuleManager: Shutting down and abandoning module ShaderFormatOpenGL (145)
[2019.01.14-08.56.09:994][804]LogModuleManager: Shutting down and abandoning module ShaderFormatD3D (143)
[2019.01.14-08.56.09:994][804]LogModuleManager: Shutting down and abandoning module MetalShaderFormat (141)
[2019.01.14-08.56.09:995][804]LogModuleManager: Shutting down and abandoning module TextureFormatUncompressed (139)
[2019.01.14-08.56.09:995][804]LogModuleManager: Shutting down and abandoning module TextureFormatPVR (137)
[2019.01.14-08.56.09:995][804]LogModuleManager: Shutting down and abandoning module TextureFormatDXT (135)
[2019.01.14-08.56.09:995][804]LogModuleManager: Shutting down and abandoning module TextureFormatIntelISPCTexComp (133)
[2019.01.14-08.56.09:995][804]LogModuleManager: Shutting down and abandoning module TextureFormatASTC (131)
[2019.01.14-08.56.09:995][804]LogModuleManager: Shutting down and abandoning module ImageWrapper (130)
[2019.01.14-08.56.09:995][804]LogModuleManager: Shutting down and abandoning module TextureFormatAndroid (127)
[2019.01.14-08.56.09:995][804]LogModuleManager: Shutting down and abandoning module AudioFormatOpus (125)
[2019.01.14-08.56.09:995][804]LogModuleManager: Shutting down and abandoning module AudioFormatOgg (123)
[2019.01.14-08.56.09:995][804]LogModuleManager: Shutting down and abandoning module AudioFormatADPCM (121)
[2019.01.14-08.56.09:995][804]LogModuleManager: Shutting down and abandoning module LinuxTargetPlatform (119)
[2019.01.14-08.56.09:995][804]LogModuleManager: Shutting down and abandoning module LinuxServerTargetPlatform (117)
[2019.01.14-08.56.09:995][804]LogModuleManager: Shutting down and abandoning module LinuxNoEditorTargetPlatform (115)
[2019.01.14-08.56.09:995][804]LogModuleManager: Shutting down and abandoning module LinuxClientTargetPlatform (113)
[2019.01.14-08.56.09:995][804]LogModuleManager: Shutting down and abandoning module TVOSTargetPlatform (111)
[2019.01.14-08.56.09:995][804]LogModuleManager: Shutting down and abandoning module Messaging (109)
[2019.01.14-08.56.09:995][804]LogModuleManager: Shutting down and abandoning module IOSTargetPlatform (107)
[2019.01.14-08.56.09:995][804]LogModuleManager: Shutting down and abandoning module HTML5TargetPlatform (105)
[2019.01.14-08.56.09:996][804]LogModuleManager: Shutting down and abandoning module AndroidTargetPlatform (103)
[2019.01.14-08.56.09:996][804]LogModuleManager: Shutting down and abandoning module Android_PVRTCTargetPlatform (101)
[2019.01.14-08.56.09:996][804]LogModuleManager: Shutting down and abandoning module Android_MultiTargetPlatform (99)
[2019.01.14-08.56.09:996][804]LogModuleManager: Shutting down and abandoning module Android_ETC2TargetPlatform (97)
[2019.01.14-08.56.09:996][804]LogModuleManager: Shutting down and abandoning module Android_ETC1TargetPlatform (95)
[2019.01.14-08.56.09:996][804]LogModuleManager: Shutting down and abandoning module Android_ETC1aTargetPlatform (93)
[2019.01.14-08.56.09:996][804]LogModuleManager: Shutting down and abandoning module Android_DXTTargetPlatform (91)
[2019.01.14-08.56.09:996][804]LogModuleManager: Shutting down and abandoning module Android_ATCTargetPlatform (89)
[2019.01.14-08.56.09:996][804]LogModuleManager: Shutting down and abandoning module Android_ASTCTargetPlatform (87)
[2019.01.14-08.56.09:996][804]LogModuleManager: Shutting down and abandoning module WindowsTargetPlatform (85)
[2019.01.14-08.56.09:996][804]LogModuleManager: Shutting down and abandoning module WindowsServerTargetPlatform (83)
[2019.01.14-08.56.09:996][804]LogModuleManager: Shutting down and abandoning module WindowsNoEditorTargetPlatform (81)
[2019.01.14-08.56.09:996][804]LogModuleManager: Shutting down and abandoning module WindowsClientTargetPlatform (79)
[2019.01.14-08.56.09:996][804]LogModuleManager: Shutting down and abandoning module MacTargetPlatform (77)
[2019.01.14-08.56.09:996][804]LogModuleManager: Shutting down and abandoning module MacServerTargetPlatform (75)
[2019.01.14-08.56.09:997][804]LogModuleManager: Shutting down and abandoning module MacNoEditorTargetPlatform (73)
[2019.01.14-08.56.09:997][804]LogModuleManager: Shutting down and abandoning module MacClientTargetPlatform (71)
[2019.01.14-08.56.09:997][804]LogModuleManager: Shutting down and abandoning module AllDesktopTargetPlatform (69)
[2019.01.14-08.56.09:997][804]LogModuleManager: Shutting down and abandoning module InputCore (66)
[2019.01.14-08.56.09:997][804]LogModuleManager: Shutting down and abandoning module Settings (64)
[2019.01.14-08.56.09:997][804]LogModuleManager: Shutting down and abandoning module PhysXCooking (62)
[2019.01.14-08.56.09:997][804]LogModuleManager: Shutting down and abandoning module SteamVR (60)
[2019.01.14-08.56.09:997][804]LogModuleManager: Shutting down and abandoning module OculusHMD (58)
[2019.01.14-08.56.09:997][804]LogModuleManager: Shutting down and abandoning module ExampleDeviceProfileSelector (56)
[2019.01.14-08.56.09:997][804]LogModuleManager: Shutting down and abandoning module AppleARKit (54)
[2019.01.14-08.56.09:997][804]LogModuleManager: Shutting down and abandoning module AugmentedReality (51)
[2019.01.14-08.56.09:997][804]LogModuleManager: Shutting down and abandoning module OnlineBlueprintSupport (48)
[2019.01.14-08.56.09:997][804]LogModuleManager: Shutting down and abandoning module OnlineSubsystem (44)
[2019.01.14-08.56.09:998][804]LogModuleManager: Shutting down and abandoning module XMPP (43)
[2019.01.14-08.56.09:999][804]LogModuleManager: Shutting down and abandoning module HTTP (41)
[2019.01.14-08.56.09:999][804]LogHttp: Display: Http module shutting down, but needs to wait on 1 outstanding Http requests:
[2019.01.14-08.56.09:999][804]LogHttp: Display: 	verb=[POST] url=[https://datarouter.ol.epicgames.com/datarouter/api/v1/public/data?SessionID=%7BCD67F3ED-4F88-E7A3-FF54-118C2E3F5EC7%7D&AppID=UEEditor.Rocket.Release&AppVersion=4.19.2-4033788%2B%2B%2BUE4%2BRelease-4.19&UserID=2ff6c5a540089756003881b73c6ca5d7%7C81960cdfb0dd40f9a24ad723c9fb28e5%7C0b082382-5e59-4a5c-a137-aee0840e5662&AppEnvironment=datacollector-binary&UploadType=eteventstream] status=Processing
[2019.01.14-08.56.10:026][804]LogModuleManager: Shutting down and abandoning module SSL (40)
[2019.01.14-08.56.10:027][804]LogModuleManager: Shutting down and abandoning module AnimationModifiers (36)
[2019.01.14-08.56.10:029][804]LogModuleManager: Shutting down and abandoning module PropertyEditor (35)
[2019.01.14-08.56.10:029][804]LogModuleManager: Shutting down and abandoning module AudioEditor (32)
[2019.01.14-08.56.10:030][804]LogModuleManager: Shutting down and abandoning module TextureCompressor (30)
[2019.01.14-08.56.10:030][804]LogModuleManager: Shutting down and abandoning module ShaderCore (28)
[2019.01.14-08.56.10:030][804]LogModuleManager: Shutting down and abandoning module Landscape (26)
[2019.01.14-08.56.10:030][804]LogModuleManager: Shutting down and abandoning module SlateRHIRenderer (24)
[2019.01.14-08.56.10:041][804]LogModuleManager: Shutting down and abandoning module OpenGLDrv (22)
[2019.01.14-08.56.10:041][804]LogModuleManager: Shutting down and abandoning module D3D11RHI (20)
[2019.01.14-08.56.10:041][804]LogModuleManager: Shutting down and abandoning module AnimGraphRuntime (18)
[2019.01.14-08.56.10:042][804]LogModuleManager: Shutting down and abandoning module Renderer (16)
[2019.01.14-08.56.10:042][804]LogModuleManager: Shutting down and abandoning module Engine (14)
[2019.01.14-08.56.10:042][804]LogModuleManager: Shutting down and abandoning module CoreUObject (12)
[2019.01.14-08.56.10:042][804]LogModuleManager: Shutting down and abandoning module NetworkFile (10)
[2019.01.14-08.56.10:042][804]LogModuleManager: Shutting down and abandoning module CookedIterativeFile (8)
[2019.01.14-08.56.10:042][804]LogModuleManager: Shutting down and abandoning module StreamingFile (6)
[2019.01.14-08.56.10:042][804]LogModuleManager: Shutting down and abandoning module SandboxFile (4)
[2019.01.14-08.56.10:042][804]LogModuleManager: Shutting down and abandoning module PakFile (2)
[2019.01.14-08.56.10:047][804]LogExit: Exiting.
[2019.01.14-08.56.10:058][804]Log file closed, 01/14/19 09:56:10
