Log file open, 01/14/19 15:24:58
LogWindows: Failed to load 'aqProf.dll' (GetLastError=126)
LogWindows: File 'aqProf.dll' does not exist
LogWindows: Failed to load 'VtuneApi.dll' (GetLastError=126)
LogWindows: File 'VtuneApi.dll' does not exist
LogWindows: Failed to load 'VtuneApi32e.dll' (GetLastError=126)
LogWindows: File 'VtuneApi32e.dll' does not exist
LogInit: Display: Running engine for game: EX7_Waldemar_Zeitler
LogPlatformFile: Not using cached read wrapper
LogInit: Display: RandInit(1097192405) SRandInit(1097192405).
LogInit: Read version file with build ID '3944462'
LogInit: Overriding engine version to CL 4033788, compatible CL 3944462
LogInit: Registered custom module enumerator with build ID '3944462'
LogTaskGraph: Started task graph with 5 named threads and 23 total threads with 3 sets of task threads.
LogStats: Stats thread started at 0.708917
LogD3D11RHI: Aftermath initialized
LogICUInternationalization: Display: ICU TimeZone Detection - Raw Offset: +1:00, Platform Override: ''
LogModuleManager: Display: Found up-to-date module file ../../../Engine/Plugins/2D/Paper2D/Binaries/Win64/UE4Editor-Paper2D.dll (API version 3944462).
LogModuleManager: Display: Found up-to-date module file ../../../Engine/Plugins/2D/Paper2D/Binaries/Win64/UE4Editor-Paper2DEditor.dll (API version 3944462).
LogModuleManager: Display: Found up-to-date module file ../../../Engine/Plugins/2D/Paper2D/Binaries/Win64/UE4Editor-PaperSpriteSheetImporter.dll (API version 3944462).
LogModuleManager: Display: Found up-to-date module file ../../../Engine/Plugins/2D/Paper2D/Binaries/Win64/UE4Editor-PaperTiledImporter.dll (API version 3944462).
LogModuleManager: Display: Found up-to-date module file ../../../Engine/Plugins/2D/Paper2D/Binaries/Win64/UE4Editor-SmartSnapping.dll (API version 3944462).
LogModuleManager: Display: Found up-to-date module file ../../../Engine/Plugins/Blendables/LightPropagationVolume/Binaries/Win64/UE4Editor-LightPropagationVolumeRuntime.dll (API version 3944462).
LogModuleManager: Display: Found up-to-date module file ../../../Engine/Plugins/Blendables/LightPropagationVolume/Binaries/Win64/UE4Editor-LightPropagationVolumeEditor.dll (API version 3944462).
LogModuleManager: Display: Found up-to-date module file ../../../Engine/Plugins/Developer/CLionSourceCodeAccess/Binaries/Win64/UE4Editor-CLionSourceCodeAccess.dll (API version 3944462).
LogModuleManager: Display: Found up-to-date module file ../../../Engine/Plugins/Developer/GitSourceControl/Binaries/Win64/UE4Editor-GitSourceControl.dll (API version 3944462).
LogModuleManager: Display: Found up-to-date module file ../../../Engine/Plugins/Developer/PerforceSourceControl/Binaries/Win64/UE4Editor-PerforceSourceControl.dll (API version 3944462).
LogModuleManager: Display: Found up-to-date module file ../../../Engine/Plugins/Developer/SubversionSourceControl/Binaries/Win64/UE4Editor-SubversionSourceControl.dll (API version 3944462).
LogModuleManager: Display: Found up-to-date module file ../../../Engine/Plugins/Developer/UObjectPlugin/Binaries/Win64/UE4Editor-UObjectPlugin.dll (API version 3944462).
LogModuleManager: Display: Found up-to-date module file ../../../Engine/Plugins/Developer/VisualStudioCodeSourceCodeAccess/Binaries/Win64/UE4Editor-VisualStudioCodeSourceCodeAccess.dll (API version 3944462).
LogModuleManager: Display: Found up-to-date module file ../../../Engine/Plugins/Developer/VisualStudioSourceCodeAccess/Binaries/Win64/UE4Editor-VisualStudioSourceCodeAccess.dll (API version 3944462).
LogModuleManager: Display: Found up-to-date module file ../../../Engine/Plugins/Editor/AssetManagerEditor/Binaries/Win64/UE4Editor-AssetManagerEditor.dll (API version 3944462).
LogModuleManager: Display: Found up-to-date module file ../../../Engine/Plugins/Editor/CryptoKeys/Binaries/Win64/UE4Editor-CryptoKeys.dll (API version 3944462).
LogModuleManager: Display: Found up-to-date module file ../../../Engine/Plugins/Editor/CryptoKeys/Binaries/Win64/UE4Editor-CryptoKeysOpenSSL.dll (API version 3944462).
LogModuleManager: Display: Found up-to-date module file ../../../Engine/Plugins/Editor/DataValidation/Binaries/Win64/UE4Editor-DataValidation.dll (API version 3944462).
LogModuleManager: Display: Found up-to-date module file ../../../Engine/Plugins/Editor/FacialAnimation/Binaries/Win64/UE4Editor-FacialAnimation.dll (API version 3944462).
LogModuleManager: Display: Found up-to-date module file ../../../Engine/Plugins/Editor/FacialAnimation/Binaries/Win64/UE4Editor-FacialAnimationEditor.dll (API version 3944462).
LogModuleManager: Display: Found up-to-date module file ../../../Engine/Plugins/Editor/GameplayTagsEditor/Binaries/Win64/UE4Editor-GameplayTagsEditor.dll (API version 3944462).
LogModuleManager: Display: Found up-to-date module file ../../../Engine/Plugins/Editor/MobileLauncherProfileWizard/Binaries/Win64/UE4Editor-MobileLauncherProfileWizard.dll (API version 3944462).
LogModuleManager: Display: Found up-to-date module file ../../../Engine/Plugins/Editor/PluginBrowser/Binaries/Win64/UE4Editor-PluginBrowser.dll (API version 3944462).
LogModuleManager: Display: Found up-to-date module file ../../../Engine/Plugins/Editor/SpeedTreeImporter/Binaries/Win64/UE4Editor-SpeedTreeImporter.dll (API version 3944462).
LogModuleManager: Display: Found up-to-date module file ../../../Engine/Plugins/Enterprise/DatasmithContent/Binaries/Win64/UE4Editor-DatasmithContent.dll (API version 3944462).
LogModuleManager: Display: Found up-to-date module file ../../../Engine/Plugins/Experimental/AlembicImporter/Binaries/Win64/UE4Editor-AlembicImporter.dll (API version 3944462).
LogModuleManager: Display: Found up-to-date module file ../../../Engine/Plugins/Experimental/AlembicImporter/Binaries/Win64/UE4Editor-AlembicLibrary.dll (API version 3944462).
LogModuleManager: Display: Found up-to-date module file ../../../Engine/Plugins/Experimental/CharacterAI/Binaries/Win64/UE4Editor-CharacterAI.dll (API version 3944462).
LogModuleManager: Display: Found up-to-date module file ../../../Engine/Plugins/Experimental/HTML5Networking/Binaries/Win64/UE4Editor-HTML5Networking.dll (API version 3944462).
LogModuleManager: Display: Found up-to-date module file ../../../Engine/Plugins/Media/AndroidMedia/Binaries/Win64/UE4Editor-AndroidMediaEditor.dll (API version 3944462).
LogModuleManager: Display: Found up-to-date module file ../../../Engine/Plugins/Media/AndroidMedia/Binaries/Win64/UE4Editor-AndroidMediaFactory.dll (API version 3944462).
LogModuleManager: Display: Found up-to-date module file ../../../Engine/Plugins/Media/AvfMedia/Binaries/Win64/UE4Editor-AvfMediaEditor.dll (API version 3944462).
LogModuleManager: Display: Found up-to-date module file ../../../Engine/Plugins/Media/AvfMedia/Binaries/Win64/UE4Editor-AvfMediaFactory.dll (API version 3944462).
LogModuleManager: Display: Found up-to-date module file ../../../Engine/Plugins/Media/AvfMedia/Binaries/Win64/UE4Editor-AvfMediaFactory.dll (API version 3944462).
LogModuleManager: Display: Found up-to-date module file ../../../Engine/Plugins/Media/ImgMedia/Binaries/Win64/UE4Editor-ImgMedia.dll (API version 3944462).
LogModuleManager: Display: Found up-to-date module file ../../../Engine/Plugins/Media/ImgMedia/Binaries/Win64/UE4Editor-ImgMediaEditor.dll (API version 3944462).
LogModuleManager: Display: Found up-to-date module file ../../../Engine/Plugins/Media/ImgMedia/Binaries/Win64/UE4Editor-ImgMediaFactory.dll (API version 3944462).
LogModuleManager: Display: Found up-to-date module file ../../../Engine/Plugins/Media/ImgMedia/Binaries/Win64/UE4Editor-ImgMediaFactory.dll (API version 3944462).
LogModuleManager: Display: Found up-to-date module file ../../../Engine/Plugins/Media/ImgMedia/Binaries/Win64/UE4Editor-OpenExrWrapper.dll (API version 3944462).
LogModuleManager: Display: Found up-to-date module file ../../../Engine/Plugins/Media/LinearTimecode/Binaries/Win64/UE4Editor-LinearTimecode.dll (API version 3944462).
LogModuleManager: Display: Found up-to-date module file ../../../Engine/Plugins/Media/MediaCompositing/Binaries/Win64/UE4Editor-MediaCompositing.dll (API version 3944462).
LogModuleManager: Display: Found up-to-date module file ../../../Engine/Plugins/Media/MediaCompositing/Binaries/Win64/UE4Editor-MediaCompositingEditor.dll (API version 3944462).
LogModuleManager: Display: Found up-to-date module file ../../../Engine/Plugins/Media/MediaPlayerEditor/Binaries/Win64/UE4Editor-MediaPlayerEditor.dll (API version 3944462).
LogModuleManager: Display: Found up-to-date module file ../../../Engine/Plugins/Media/WmfMedia/Binaries/Win64/UE4Editor-WmfMedia.dll (API version 3944462).
LogModuleManager: Display: Found up-to-date module file ../../../Engine/Plugins/Media/WmfMedia/Binaries/Win64/UE4Editor-WmfMediaEditor.dll (API version 3944462).
LogModuleManager: Display: Found up-to-date module file ../../../Engine/Plugins/Media/WmfMedia/Binaries/Win64/UE4Editor-WmfMediaFactory.dll (API version 3944462).
LogModuleManager: Display: Found up-to-date module file ../../../Engine/Plugins/Media/WmfMedia/Binaries/Win64/UE4Editor-WmfMediaFactory.dll (API version 3944462).
LogModuleManager: Display: Found up-to-date module file ../../../Engine/Plugins/Messaging/TcpMessaging/Binaries/Win64/UE4Editor-TcpMessaging.dll (API version 3944462).
LogModuleManager: Display: Found up-to-date module file ../../../Engine/Plugins/Messaging/UdpMessaging/Binaries/Win64/UE4Editor-UdpMessaging.dll (API version 3944462).
LogModuleManager: Display: Found up-to-date module file ../../../Engine/Plugins/MovieScene/ActorSequence/Binaries/Win64/UE4Editor-ActorSequence.dll (API version 3944462).
LogModuleManager: Display: Found up-to-date module file ../../../Engine/Plugins/MovieScene/LevelSequenceEditor/Binaries/Win64/UE4Editor-LevelSequenceEditor.dll (API version 3944462).
LogModuleManager: Display: Found up-to-date module file ../../../Engine/Plugins/MovieScene/MatineeToLevelSequence/Binaries/Win64/UE4Editor-MatineeToLevelSequence.dll (API version 3944462).
LogModuleManager: Display: Found up-to-date module file ../../../Engine/Plugins/NetcodeUnitTest/NetcodeUnitTest/Binaries/Win64/UE4Editor-NetcodeUnitTest.dll (API version 3944462).
LogModuleManager: Display: Found up-to-date module file ../../../Engine/Plugins/NetcodeUnitTest/NUTUnrealEngine4/Binaries/Win64/UE4Editor-NUTUnrealEngine4.dll (API version 3944462).
LogModuleManager: Display: Found up-to-date module file ../../../Engine/Plugins/Online/OnlineSubsystem/Binaries/Win64/UE4Editor-OnlineSubsystem.dll (API version 3944462).
LogModuleManager: Display: Found up-to-date module file ../../../Engine/Plugins/Runtime/AndroidPermission/Binaries/Win64/UE4Editor-AndroidPermission.dll (API version 3944462).
LogModuleManager: Display: Found up-to-date module file ../../../Engine/Plugins/Online/OnlineSubsystemNull/Binaries/Win64/UE4Editor-OnlineSubsystemNull.dll (API version 3944462).
LogModuleManager: Display: Found up-to-date module file ../../../Engine/Plugins/Online/OnlineSubsystemUtils/Binaries/Win64/UE4Editor-OnlineSubsystemUtils.dll (API version 3944462).
LogModuleManager: Display: Found up-to-date module file ../../../Engine/Plugins/Online/OnlineSubsystemUtils/Binaries/Win64/UE4Editor-OnlineBlueprintSupport.dll (API version 3944462).
LogModuleManager: Display: Found up-to-date module file ../../../Engine/Plugins/Runtime/AndroidDeviceProfileSelector/Binaries/Win64/UE4Editor-AndroidDeviceProfileSelector.dll (API version 3944462).
LogModuleManager: Display: Found up-to-date module file ../../../Engine/Plugins/Runtime/AppleARKit/Binaries/Win64/UE4Editor-AppleARKit.dll (API version 3944462).
LogModuleManager: Display: Found up-to-date module file ../../../Engine/Plugins/Runtime/ProceduralMeshComponent/Binaries/Win64/UE4Editor-ProceduralMeshComponent.dll (API version 3944462).
LogModuleManager: Display: Found up-to-date module file ../../../Engine/Plugins/Runtime/ProceduralMeshComponent/Binaries/Win64/UE4Editor-ProceduralMeshComponentEditor.dll (API version 3944462).
LogModuleManager: Display: Found up-to-date module file ../../../Engine/Plugins/Animation/LiveLink/Binaries/Win64/UE4Editor-LiveLink.dll (API version 3944462).
LogModuleManager: Display: Found up-to-date module file ../../../Engine/Plugins/Animation/LiveLink/Binaries/Win64/UE4Editor-LiveLinkEditor.dll (API version 3944462).
LogModuleManager: Display: Found up-to-date module file ../../../Engine/Plugins/Runtime/ArchVisCharacter/Binaries/Win64/UE4Editor-ArchVisCharacter.dll (API version 3944462).
LogModuleManager: Display: Found up-to-date module file ../../../Engine/Plugins/Runtime/AudioCapture/Binaries/Win64/UE4Editor-AudioCapture.dll (API version 3944462).
LogModuleManager: Display: Found up-to-date module file ../../../Engine/Plugins/Runtime/AudioCapture/Binaries/Win64/UE4Editor-AudioCaptureEditor.dll (API version 3944462).
LogModuleManager: Display: Found up-to-date module file ../../../Engine/Plugins/Runtime/CableComponent/Binaries/Win64/UE4Editor-CableComponent.dll (API version 3944462).
LogModuleManager: Display: Found up-to-date module file ../../../Engine/Plugins/Runtime/CustomMeshComponent/Binaries/Win64/UE4Editor-CustomMeshComponent.dll (API version 3944462).
LogModuleManager: Display: Found up-to-date module file ../../../Engine/Plugins/Runtime/ExampleDeviceProfileSelector/Binaries/Win64/UE4Editor-ExampleDeviceProfileSelector.dll (API version 3944462).
LogModuleManager: Display: Found up-to-date module file ../../../Engine/Plugins/Runtime/ImmediatePhysics/Binaries/Win64/UE4Editor-ImmediatePhysics.dll (API version 3944462).
LogModuleManager: Display: Found up-to-date module file ../../../Engine/Plugins/Runtime/ImmediatePhysics/Binaries/Win64/UE4Editor-ImmediatePhysicsEditor.dll (API version 3944462).
LogModuleManager: Display: Found up-to-date module file ../../../Engine/Plugins/Runtime/LocationServicesBPLibrary/Binaries/Win64/UE4Editor-LocationServicesBPLibrary.dll (API version 3944462).
LogModuleManager: Display: Found up-to-date module file ../../../Engine/Plugins/Runtime/MobilePatchingUtils/Binaries/Win64/UE4Editor-MobilePatchingUtils.dll (API version 3944462).
LogModuleManager: Display: Found up-to-date module file ../../../Engine/Plugins/Runtime/Oculus/OculusVR/Binaries/Win64/UE4Editor-OculusHMD.dll (API version 3944462).
LogModuleManager: Display: Found up-to-date module file ../../../Engine/Plugins/Runtime/Oculus/OculusVR/Binaries/Win64/UE4Editor-OculusInput.dll (API version 3944462).
LogModuleManager: Display: Found up-to-date module file ../../../Engine/Plugins/Runtime/Oculus/OculusVR/Binaries/Win64/UE4Editor-OculusEditor.dll (API version 3944462).
LogModuleManager: Display: Found up-to-date module file ../../../Engine/Plugins/Runtime/PhysXVehicles/Binaries/Win64/UE4Editor-PhysXVehicles.dll (API version 3944462).
LogModuleManager: Display: Found up-to-date module file ../../../Engine/Plugins/Runtime/PhysXVehicles/Binaries/Win64/UE4Editor-PhysXVehiclesEditor.dll (API version 3944462).
LogModuleManager: Display: Found up-to-date module file ../../../Engine/Plugins/Runtime/RuntimePhysXCooking/Binaries/Win64/UE4Editor-RuntimePhysXCooking.dll (API version 3944462).
LogModuleManager: Display: Found up-to-date module file ../../../Engine/Plugins/Runtime/Steam/SteamVR/Binaries/Win64/UE4Editor-SteamVR.dll (API version 3944462).
LogModuleManager: Display: Found up-to-date module file ../../../Engine/Plugins/Runtime/Steam/SteamVR/Binaries/Win64/UE4Editor-SteamVRController.dll (API version 3944462).
LogModuleManager: Display: Found up-to-date module file ../../../Engine/Plugins/Runtime/WindowsMoviePlayer/Binaries/Win64/UE4Editor-WindowsMoviePlayer.dll (API version 3944462).
LogPluginManager: Mounting plugin Paper2D
LogPluginManager: Mounting plugin LiveLink
LogPluginManager: Mounting plugin LightPropagationVolume
LogPluginManager: Mounting plugin CLionSourceCodeAccess
LogPluginManager: Mounting plugin CodeLiteSourceCodeAccess
LogPluginManager: Mounting plugin GitSourceControl
LogPluginManager: Mounting plugin KDevelopSourceCodeAccess
LogPluginManager: Mounting plugin NullSourceCodeAccess
LogPluginManager: Mounting plugin PerforceSourceControl
LogPluginManager: Mounting plugin SubversionSourceControl
LogPluginManager: Mounting plugin UObjectPlugin
LogPluginManager: Mounting plugin VisualStudioCodeSourceCodeAccess
LogPluginManager: Mounting plugin VisualStudioSourceCodeAccess
LogPluginManager: Mounting plugin XCodeSourceCodeAccess
LogPluginManager: Mounting plugin AssetManagerEditor
LogPluginManager: Mounting plugin CryptoKeys
LogPluginManager: Mounting plugin DataValidation
LogPluginManager: Mounting plugin FacialAnimation
LogPluginManager: Mounting plugin GameplayTagsEditor
LogPluginManager: Mounting plugin MobileLauncherProfileWizard
LogPluginManager: Mounting plugin PluginBrowser
LogPluginManager: Mounting plugin SpeedTreeImporter
LogPluginManager: Mounting plugin DatasmithContent
LogPluginManager: Mounting plugin AlembicImporter
LogPluginManager: Mounting plugin CharacterAI
LogPluginManager: Mounting plugin HTML5Networking
LogPluginManager: Mounting plugin AndroidMedia
LogPluginManager: Mounting plugin AvfMedia
LogPluginManager: Mounting plugin ImgMedia
LogPluginManager: Mounting plugin LinearTimecode
LogPluginManager: Mounting plugin MediaCompositing
LogPluginManager: Mounting plugin MediaPlayerEditor
LogPluginManager: Mounting plugin WmfMedia
LogPluginManager: Mounting plugin TcpMessaging
LogPluginManager: Mounting plugin UdpMessaging
LogPluginManager: Mounting plugin ActorSequence
LogPluginManager: Mounting plugin LevelSequenceEditor
LogPluginManager: Mounting plugin MatineeToLevelSequence
LogPluginManager: Mounting plugin NetcodeUnitTest
LogPluginManager: Mounting plugin NUTUnrealEngine4
LogPluginManager: Mounting plugin OnlineSubsystemGooglePlay
LogPluginManager: Mounting plugin OnlineSubsystemIOS
LogPluginManager: Mounting plugin OnlineSubsystem
LogPluginManager: Mounting plugin OnlineSubsystemNull
LogPluginManager: Mounting plugin OnlineSubsystemUtils
LogPluginManager: Mounting plugin AndroidDeviceProfileSelector
LogPluginManager: Mounting plugin AndroidMoviePlayer
LogPluginManager: Mounting plugin AndroidPermission
LogPluginManager: Mounting plugin AppleARKit
LogPluginManager: Mounting plugin AppleMoviePlayer
LogPluginManager: Mounting plugin ArchVisCharacter
LogPluginManager: Mounting plugin AudioCapture
LogPluginManager: Mounting plugin CableComponent
LogPluginManager: Mounting plugin CustomMeshComponent
LogPluginManager: Mounting plugin ExampleDeviceProfileSelector
LogPluginManager: Mounting plugin GoogleCloudMessaging
LogPluginManager: Mounting plugin ImmediatePhysics
LogPluginManager: Mounting plugin IOSDeviceProfileSelector
LogPluginManager: Mounting plugin LinuxDeviceProfileSelector
LogPluginManager: Mounting plugin LocationServicesBPLibrary
LogPluginManager: Mounting plugin MobilePatchingUtils
LogPluginManager: Mounting plugin OculusVR
LogPluginManager: Plugin shader directory ../../../Engine/Plugins/Runtime/Oculus/OculusVR/Shaders found
LogPluginManager: Mapping shader source directory ../../../Engine/Plugins/Runtime/Oculus/OculusVR/Shaders to virtual directory /Plugin/OculusVR
LogPluginManager: Mounting plugin PhysXVehicles
LogPluginManager: Mounting plugin ProceduralMeshComponent
LogPluginManager: Mounting plugin RuntimePhysXCooking
LogPluginManager: Mounting plugin SteamVR
LogPluginManager: Mounting plugin WindowsMoviePlayer
LogStreaming: Display: Took  1.361s to configure plugins.
LogInit: Using libcurl 7.47.1
LogInit:  - built for x86_64-pc-win32
LogInit:  - supports SSL with OpenSSL/1.0.2g
LogInit:  - supports HTTP deflate (compression) using libz 1.2.8
LogInit:  - other features:
LogInit:      CURL_VERSION_SSL
LogInit:      CURL_VERSION_LIBZ
LogInit:      CURL_VERSION_IPV6
LogInit:      CURL_VERSION_ASYNCHDNS
LogInit:      CURL_VERSION_LARGEFILE
LogInit:      CURL_VERSION_IDN
LogInit:  CurlRequestOptions (configurable via config and command line):
LogInit:  - bVerifyPeer = false  - Libcurl will NOT verify peer certificate
LogInit:  - bUseHttpProxy = false  - Libcurl will NOT use HTTP proxy
LogInit:  - bDontReuseConnections = false  - Libcurl will reuse connections
LogInit:  - CertBundlePath = nullptr  - Libcurl will use whatever was configured at build time.
LogInit:  - MaxHostConnections = 16  - Libcurl will limit the number of connections to a host
LogInit:  - LocalHostAddr = Default
LogInit: WinSock: version 1.1 (2.2), MaxSocks=32767, MaxUdp=65467
LogInit: WinSock: I am DESKTOP-J1PRNTM (192.168.178.26:0)
LogInit: Build: ++UE4+Release-4.19-CL-4033788
LogInit: Engine Version: 4.19.2-4033788+++UE4+Release-4.19
LogInit: Compatible Engine Version: 4.19.0-3944462+++UE4+Release-4.19
LogInit: Net CL: 3944462
LogDevObjectVersion: Number of dev versions registered: 18
LogDevObjectVersion:   Dev-Blueprints (B0D832E4-1F89-4F0D-ACCF-7EB736FD4AA2): 10
LogDevObjectVersion:   Dev-Build (E1C64328-A22C-4D53-A36C-8E866417BD8C): 0
LogDevObjectVersion:   Dev-Core (375EC13C-06E4-48FB-B500-84F0262A717E): 2
LogDevObjectVersion:   Dev-Editor (E4B068ED-F494-42E9-A231-DA0B2E46BB41): 23
LogDevObjectVersion:   Dev-Framework (CFFC743F-43B0-4480-9391-14DF171D2073): 33
LogDevObjectVersion:   Dev-Mobile (B02B49B5-BB20-44E9-A304-32B752E40360): 2
LogDevObjectVersion:   Dev-Networking (A4E4105C-59A1-49B5-A7C5-40C4547EDFEE): 0
LogDevObjectVersion:   Dev-Online (39C831C9-5AE6-47DC-9A44-9C173E1C8E7C): 0
LogDevObjectVersion:   Dev-Physics (78F01B33-EBEA-4F98-B9B4-84EACCB95AA2): 0
LogDevObjectVersion:   Dev-Platform (6631380F-2D4D-43E0-8009-CF276956A95A): 0
LogDevObjectVersion:   Dev-Rendering (12F88B9F-8875-4AFC-A67C-D90C383ABD29): 25
LogDevObjectVersion:   Dev-Sequencer (7B5AE74C-D270-4C10-A958-57980B212A5A): 6
LogDevObjectVersion:   Dev-VR (D7296918-1DD6-4BDD-9DE2-64A83CC13884): 1
LogDevObjectVersion:   Dev-LoadTimes (C2A15278-BFE7-4AFE-6C17-90FF531DF755): 1
LogDevObjectVersion:   Private-Geometry (6EACA3D4-40EC-4CC1-B786-8BED09428FC5): 2
LogDevObjectVersion:   Dev-AnimPhys (29E575DD-E0A3-4627-9D10-D276232CDCEA): 16
LogDevObjectVersion:   Dev-ReflectionCapture (6B266CEC-1EC7-4B8F-A30B-E4D90942FC07): 1
LogDevObjectVersion:   Dev-Automation (0DF73D61-A23F-47EA-B727-89E90C41499A): 1
LogInit: Compiled (64-bit): Apr 27 2018 02:06:57
LogInit: Compiled with Visual C++: 19.00.24215.01
LogInit: Build Configuration: Development
LogInit: Branch Name: ++UE4+Release-4.19
LogInit: Command Line:  
LogInit: Base Directory: C:/Program Files/Epic Games/UE_4.19/Engine/Binaries/Win64/
LogInit: Installed Engine Build: 1
LogStreaming: Display: Took  0.003s to delete old logs.
LogInit: Presizing for max 8388607 objects, including 0 objects not considered by GC, pre-allocating 0 bytes for permanent pool.
LogInit: Object subsystem initialized
[2019.01.14-14.25.00:235][  0]LogInit: Selected Device Profile: [Windows]
[2019.01.14-14.25.00:235][  0]LogInit: Applying CVar settings loaded from the selected device profile: [Windows]
[2019.01.14-14.25.00:251][  0]LogInit: Computer: DESKTOP-J1PRNTM
[2019.01.14-14.25.00:251][  0]LogInit: User: WZ
[2019.01.14-14.25.00:251][  0]LogInit: CPU Page size=4096, Cores=4
[2019.01.14-14.25.00:251][  0]LogInit: High frequency timer resolution =3.906243 MHz
[2019.01.14-14.25.00:251][  0]LogMemory: Memory total: Physical=15.9GB (16GB approx)
[2019.01.14-14.25.00:251][  0]LogMemory: Platform Memory Stats for Windows
[2019.01.14-14.25.00:251][  0]LogMemory: Process Physical Memory: 274.13 MB used, 274.13 MB peak
[2019.01.14-14.25.00:251][  0]LogMemory: Process Virtual Memory: 264.74 MB used, 264.74 MB peak
[2019.01.14-14.25.00:251][  0]LogMemory: Physical Memory: 5326.49 MB used,  10918.46 MB free, 16244.95 MB total
[2019.01.14-14.25.00:251][  0]LogMemory: Virtual Memory: 4790.72 MB used,  10918.46 MB free, 134217728.00 MB total
[2019.01.14-14.25.00:353][  0]LogInit: Using OS detected language (de-DE).
[2019.01.14-14.25.00:353][  0]LogInit: Using OS detected locale (de-DE).
[2019.01.14-14.25.00:365][  0]LogTextLocalizationManager: No localization for 'de-DE' exists, so 'en' will be used for the language.
[2019.01.14-14.25.00:733][  0]LogStreaming: Display: Took  0.380s to EndInitTextLocalization.
[2019.01.14-14.25.00:734][  0]LogInit: Setting process to per monitor DPI aware
[2019.01.14-14.25.00:795][  0]LogSlate: New Slate User Created.  User Index 0, Is Virtual User: 0
[2019.01.14-14.25.00:795][  0]LogSlate: Slate User Registered.  User Index 0, Is Virtual User: 0
[2019.01.14-14.25.01:320][  0]LogD3D11RHI: D3D11 adapters:
[2019.01.14-14.25.01:379][  0]LogD3D11RHI:    0. 'NVIDIA GeForce GTX 1080' (Feature Level 11_0)
[2019.01.14-14.25.01:380][  0]LogD3D11RHI:       8079/0/8122 MB DedicatedVideo/DedicatedSystem/SharedSystem, Outputs:2, VendorId:0x10de
[2019.01.14-14.25.01:388][  0]LogD3D11RHI:    1. 'Intel(R) HD Graphics 4600' (Feature Level 11_0)
[2019.01.14-14.25.01:388][  0]LogD3D11RHI:       112/0/2048 MB DedicatedVideo/DedicatedSystem/SharedSystem, Outputs:0, VendorId:0x8086
[2019.01.14-14.25.01:390][  0]LogD3D11RHI:    2. 'Microsoft Basic Render Driver' (Feature Level 11_0)
[2019.01.14-14.25.01:390][  0]LogD3D11RHI:       0/0/8122 MB DedicatedVideo/DedicatedSystem/SharedSystem, Outputs:0, VendorId:0x1414
[2019.01.14-14.25.01:390][  0]LogD3D11RHI: Chosen D3D11 Adapter: 0
[2019.01.14-14.25.01:396][  0]LogD3D11RHI: Creating new Direct3DDevice
[2019.01.14-14.25.01:397][  0]LogD3D11RHI:     GPU DeviceId: 0x1b80 (for the marketing name, search the web for "GPU Device Id")
[2019.01.14-14.25.01:397][  0]LogWindows: EnumDisplayDevices:
[2019.01.14-14.25.01:397][  0]LogWindows:    0. 'NVIDIA GeForce GTX 1080' (P:1 D:1)
[2019.01.14-14.25.01:397][  0]LogWindows:    1. 'NVIDIA GeForce GTX 1080' (P:0 D:1)
[2019.01.14-14.25.01:397][  0]LogWindows:    2. 'NVIDIA GeForce GTX 1080' (P:0 D:0)
[2019.01.14-14.25.01:397][  0]LogWindows:    3. 'NVIDIA GeForce GTX 1080' (P:0 D:0)
[2019.01.14-14.25.01:398][  0]LogWindows:    4. 'Intel(R) HD Graphics 4600' (P:0 D:0)
[2019.01.14-14.25.01:398][  0]LogWindows:    5. 'Intel(R) HD Graphics 4600' (P:0 D:0)
[2019.01.14-14.25.01:398][  0]LogWindows:    6. 'Intel(R) HD Graphics 4600' (P:0 D:0)
[2019.01.14-14.25.01:398][  0]LogWindows: DebugString: GetVideoDriverDetailsInvalid PrimaryIsNotTheChoosenAdapter GetVideoDriverDetailsInvalid PrimaryIsNotTheChoosenAdapter GetVideoDriverDetailsInvalid PrimaryIsNotTheChoosenAdapter GetVideoDriverDetailsInvalid PrimaryIsNotTheChoosenAdapter GetVideoDriverDetailsInvalid PrimaryIsNotTheChoosenAdapter GetVideoDriverDetailsInvalid PrimaryIsNotTheChoosenAdapter GetVideoDriverDetailsInvalid PrimaryIsNotTheChoosenAdapter FoundDriverCount:0 
[2019.01.14-14.25.01:398][  0]LogD3D11RHI:     Adapter Name: NVIDIA GeForce GTX 1080
[2019.01.14-14.25.01:398][  0]LogD3D11RHI:   Driver Version: Unknown (internal:Unknown, unified:Unknown)
[2019.01.14-14.25.01:398][  0]LogD3D11RHI:      Driver Date: Unknown
[2019.01.14-14.25.01:398][  0]LogRHI: Texture pool is 5655 MB (70% of 8079 MB)
[2019.01.14-14.25.01:442][  0]LogD3D11RHI: [Aftermath] Aftermath enabled and primed
[2019.01.14-14.25.01:442][  0]LogD3D11RHI: [Aftermath] Aftermath enabled and primed
[2019.01.14-14.25.01:442][  0]LogD3D11RHI: Async texture creation enabled
[2019.01.14-14.25.01:478][  0]LogD3D11RHI: GPU Timing Frequency: 1000.000000 (Debug: 2 2)
[2019.01.14-14.25.01:580][  0]LogShaderCompilers: Guid format shader working directory is -25 characters bigger than the processId version (../../../../../../Users/W.Z/Desktop/GameEngines/EX7_Waldemar_Zeitler/Intermediate/Shaders/WorkingDirectory/16324/).
[2019.01.14-14.25.01:580][  0]LogShaderCompilers: Cleaned the shader compiler working directory 'C:/Users/W.Z/AppData/Local/Temp/UnrealShaderWorkingDir/7E4DDEB143AA9E7578113CB70945FB4B/'.
[2019.01.14-14.25.01:903][  0]LogTemp: Display: Loaded TP AllDesktopTargetPlatform
[2019.01.14-14.25.01:915][  0]LogTemp: Display: Loaded TP MacClientTargetPlatform
[2019.01.14-14.25.01:927][  0]LogTemp: Display: Loaded TP MacNoEditorTargetPlatform
[2019.01.14-14.25.01:940][  0]LogTemp: Display: Loaded TP MacServerTargetPlatform
[2019.01.14-14.25.01:954][  0]LogTemp: Display: Loaded TP MacTargetPlatform
[2019.01.14-14.25.01:967][  0]LogTemp: Display: Loaded TP WindowsClientTargetPlatform
[2019.01.14-14.25.01:980][  0]LogTemp: Display: Loaded TP WindowsNoEditorTargetPlatform
[2019.01.14-14.25.01:993][  0]LogTemp: Display: Loaded TP WindowsServerTargetPlatform
[2019.01.14-14.25.02:000][  0]LogTemp: Display: Loaded TP WindowsTargetPlatform
[2019.01.14-14.25.02:012][  0]LogTemp: Display: Loaded TP Android_ASTCTargetPlatform
[2019.01.14-14.25.02:023][  0]LogTemp: Display: Loaded TP Android_ATCTargetPlatform
[2019.01.14-14.25.02:035][  0]LogTemp: Display: Loaded TP Android_DXTTargetPlatform
[2019.01.14-14.25.02:047][  0]LogTemp: Display: Loaded TP Android_ETC1aTargetPlatform
[2019.01.14-14.25.02:058][  0]LogTemp: Display: Loaded TP Android_ETC1TargetPlatform
[2019.01.14-14.25.02:069][  0]LogTemp: Display: Loaded TP Android_ETC2TargetPlatform
[2019.01.14-14.25.02:093][  0]LogTemp: Display: Loaded TP Android_MultiTargetPlatform
[2019.01.14-14.25.02:093][  0]LogTemp: Display: Loaded TP Android_PVRTCTargetPlatform
[2019.01.14-14.25.02:105][  0]LogTemp: Display: Loaded TP AndroidTargetPlatform
[2019.01.14-14.25.02:108][  0]LogTemp: Display: Loaded TP HTML5TargetPlatform
[2019.01.14-14.25.02:152][  0]LogTemp: Display: Loaded TP IOSTargetPlatform
[2019.01.14-14.25.02:162][  0]LogTemp: Display: Loaded TP TVOSTargetPlatform
[2019.01.14-14.25.02:173][  0]LogTemp: Display: Loaded TP LinuxClientTargetPlatform
[2019.01.14-14.25.02:184][  0]LogTemp: Display: Loaded TP LinuxNoEditorTargetPlatform
[2019.01.14-14.25.02:205][  0]LogTemp: Display: Loaded TP LinuxServerTargetPlatform
[2019.01.14-14.25.02:217][  0]LogTemp: Display: Loaded TP LinuxTargetPlatform
[2019.01.14-14.25.02:217][  0]LogTargetPlatformManager: Display: Building Assets For Windows
[2019.01.14-14.25.02:411][  0]LogXGEController: Cleaning working directory: C:/Users/W.Z/AppData/Local/Temp/UnrealXGEWorkingDir/
[2019.01.14-14.25.02:412][  0]LogXGEController: Cannot use XGE Controller as Incredibuild is not installed on this machine.
[2019.01.14-14.25.02:413][  0]LogShaderCompilers: Cannot use XGE Shader Compiler as Incredibuild is not installed on this machine.
[2019.01.14-14.25.02:413][  0]LogShaderCompilers: Display: Using Local Shader Compiler.
[2019.01.14-14.25.03:282][  0]LogDerivedDataCache: Display: Max Cache Size: 512 MB
[2019.01.14-14.25.03:579][  0]LogDerivedDataCache: Loaded boot cache 0.30s 86MB C:/Users/W.Z/AppData/Local/UnrealEngine/4.19/DerivedDataCache/Boot.ddc.
[2019.01.14-14.25.03:579][  0]LogDerivedDataCache: Display: Loaded Boot cache: C:/Users/W.Z/AppData/Local/UnrealEngine/4.19/DerivedDataCache/Boot.ddc
[2019.01.14-14.25.03:579][  0]LogDerivedDataCache: FDerivedDataBackendGraph:  Pak pak cache file ../../../../../../Users/W.Z/Desktop/GameEngines/EX7_Waldemar_Zeitler/DerivedDataCache/DDC.ddp not found, will not use a pak cache.
[2019.01.14-14.25.03:579][  0]LogDerivedDataCache: Unable to find inner node Pak for hierarchical cache Hierarchy.
[2019.01.14-14.25.03:579][  0]LogDerivedDataCache: FDerivedDataBackendGraph:  CompressedPak pak cache file ../../../../../../Users/W.Z/Desktop/GameEngines/EX7_Waldemar_Zeitler/DerivedDataCache/Compressed.ddp not found, will not use a pak cache.
[2019.01.14-14.25.03:579][  0]LogDerivedDataCache: Unable to find inner node CompressedPak for hierarchical cache Hierarchy.
[2019.01.14-14.25.03:596][  0]LogDerivedDataCache: Display: Pak cache opened for reading ../../../Engine/DerivedDataCache/Compressed.ddp.
[2019.01.14-14.25.03:609][  0]LogDerivedDataCache: Using Local data cache path C:/Users/W.Z/AppData/Local/UnrealEngine/Common/DerivedDataCache: Writable
[2019.01.14-14.25.03:609][  0]LogDerivedDataCache: Shared data cache path not found in *engine.ini, will not use an Shared cache.
[2019.01.14-14.25.03:609][  0]LogDerivedDataCache: Unable to find inner node Shared for hierarchical cache Hierarchy.
[2019.01.14-14.25.03:620][  0]LogMaterial: Verifying Global Shaders for PCD3D_SM5
[2019.01.14-14.25.03:624][  0]LogSlate: Using Freetype 2.6.0
[2019.01.14-14.25.03:628][  0]LogSlate: SlateFontCache - WITH_FREETYPE: 1, WITH_HARFBUZZ: 1
[2019.01.14-14.25.03:628][  0]LogSlate: SlateFontCache - WITH_FREETYPE: 1, WITH_HARFBUZZ: 1
[2019.01.14-14.25.04:059][  0]LogAssetRegistry: FAssetRegistry took 0.0282 seconds to start up
[2019.01.14-14.25.04:407][  0]LogInit: Selected Device Profile: [Windows]
[2019.01.14-14.25.04:621][  0]LogSimplygon: Simplygon DLL not present - disabling.
[2019.01.14-14.25.04:627][  0]LogMeshReduction: Using SimplygonSwarm for distributed automatic mesh merging
[2019.01.14-14.25.04:628][  0]LogMeshReduction: Using QuadricMeshReduction for automatic static mesh reduction
[2019.01.14-14.25.04:628][  0]LogMeshReduction: No automatic skeletal mesh reduction module available
[2019.01.14-14.25.04:628][  0]LogMeshReduction: No automatic mesh merging module available
[2019.01.14-14.25.04:628][  0]LogMeshMerging: No automatic mesh merging module available
[2019.01.14-14.25.04:683][  0]LogNetVersion: EX7_Waldemar_Zeitler , NetCL: 3944462, EngineNetVer: 2, GameNetVer: 0 (Checksum: 1704160578)
[2019.01.14-14.25.05:324][  0]LogPackageLocalizationCache: Processed 9 localized package path(s) for 1 prioritized culture(s) in 0.049169 seconds
[2019.01.14-14.25.05:328][  0]LogUObjectArray: 36728 objects as part of root set at end of initial load.
[2019.01.14-14.25.05:328][  0]LogUObjectAllocator: 7314304 out of 0 bytes used by permanent object pool.
[2019.01.14-14.25.05:328][  0]LogUObjectArray: CloseDisregardForGC: 0/0 objects in disregard for GC pool
[2019.01.14-14.25.08:374][  0]LogTcpMessaging: Initializing TcpMessaging bridge
[2019.01.14-14.25.08:408][  0]LogUdpMessaging: Initializing bridge on interface 0.0.0.0:0 to multicast group 230.0.0.1:6666.
[2019.01.14-14.25.08:856][  0]SourceControl: Source control is disabled
[2019.01.14-14.25.08:857][  0]SourceControl: Source control is disabled
[2019.01.14-14.25.08:889][  0]SourceControl: Source control is disabled
[2019.01.14-14.25.08:912][  0]SourceControl: Source control is disabled
[2019.01.14-14.25.09:516][  0]LogAndroidPermission: UAndroidPermissionCallbackProxy::GetInstance
[2019.01.14-14.25.09:700][  0]LogOcInput: OculusInput pre-init called
[2019.01.14-14.25.09:839][  0]LogEngine: Initializing Engine...
[2019.01.14-14.25.09:842][  0]LogHMD: Failed to initialize OpenVR with code 110
[2019.01.14-14.25.09:844][  0]LogStats: UGameplayTagsManager::ConstructGameplayTagTree: Construct from data asset -  0.000 s
[2019.01.14-14.25.09:844][  0]LogStats: UGameplayTagsManager::ConstructGameplayTagTree: GameplayTagTreeChangedEvent.Broadcast -  0.000 s
[2019.01.14-14.25.10:088][  0]LogAIModule: Creating AISystem for world Untitled
[2019.01.14-14.25.10:139][  0]LogInit: XAudio2 using 'Lautsprecher (Realtek High Definition Audio)' : 2 channels at 48 kHz using 32 bits per sample (channel mask 0x3)
[2019.01.14-14.25.10:168][  0]LogInit: FAudioDevice initialized.
[2019.01.14-14.25.10:266][  0]LogDerivedDataCache: Saved boot cache 0.10s 86MB C:/Users/W.Z/AppData/Local/UnrealEngine/4.19/DerivedDataCache/Boot.ddc.
[2019.01.14-14.25.10:285][  0]LogInit: Texture streaming: Enabled
[2019.01.14-14.25.10:309][  0]LogEngineSessionManager: EngineSessionManager initialized
[2019.01.14-14.25.10:332][  0]LogWindowsTextInputMethodSystem: Display: IME system now deactivated.
[2019.01.14-14.25.10:376][  0]LogInit: Transaction tracking system initialized
[2019.01.14-14.25.10:441][  0]BlueprintLog: New page: Editor Load
[2019.01.14-14.25.10:613][  0]LocalizationService: Localization service is disabled
[2019.01.14-14.25.10:772][  0]LogConsoleResponse: Display: 
[2019.01.14-14.25.10:972][  0]LogCook: Display: Max memory allowance for cook 16384mb min free memory 0mb
[2019.01.14-14.25.10:972][  0]LogCook: Display: Mobile HDR setting 1
[2019.01.14-14.25.10:972][  0]LogGameplayTags: Display: UGameplayTagsManager::DoneAddingNativeTags. DelegateIsBound: 0
[2019.01.14-14.25.10:972][  0]LogStats: UGameplayTagsManager::ConstructGameplayTagTree: Construct from data asset -  0.000 s
[2019.01.14-14.25.10:972][  0]LogStats: UGameplayTagsManager::ConstructGameplayTagTree: GameplayTagTreeChangedEvent.Broadcast -  0.000 s
[2019.01.14-14.25.11:490][  0]LogFileCache: Scanning file cache for directory 'C:/Users/W.Z/Desktop/GameEngines/EX7_Waldemar_Zeitler/Content/' took 0.02s
[2019.01.14-14.25.11:513][  0]SourceControl: Source control is disabled
[2019.01.14-14.25.11:515][  0]Cmd: MAP LOAD FILE="../../../../../../Users/W.Z/Desktop/GameEngines/EX7_Waldemar_Zeitler/Content/ThirdPersonBP/Maps/ThirdPersonExampleMap.umap" TEMPLATE=0 SHOWPROGRESS=1 FEATURELEVEL=3
[2019.01.14-14.25.11:516][  0]LightingResults: New page: Lighting Build
[2019.01.14-14.25.11:541][  0]MapCheck: New page: Map Check
[2019.01.14-14.25.11:541][  0]LightingResults: New page: Lighting Build
[2019.01.14-14.25.11:632][  0]LogUObjectGlobals: Created PersistentFrame Addr=0x000001d266752000, Size=64, Default__ThirdPerson_AnimBP_C Function /Game/Mannequin/Animations/ThirdPerson_AnimBP.ThirdPerson_AnimBP_C:ExecuteUbergraph_ThirdPerson_AnimBP
[2019.01.14-14.25.11:643][  0]LogUObjectGlobals: Destroyed PersistentFrame Addr=0x000001d266752000, Size=64
[2019.01.14-14.25.11:643][  0]LogUObjectGlobals: Created PersistentFrame Addr=0x000001d266752140, Size=64, Default__ThirdPerson_AnimBP_C Function /Engine/Transient.REINST_ThirdPerson_AnimBP_C_0:ExecuteUbergraph_ThirdPerson_AnimBP
[2019.01.14-14.25.11:653][  0]LogUObjectGlobals: Created PersistentFrame Addr=0x000001d25df8e480, Size=72, Default__ThirdPerson_AnimBP_C Function /Game/Mannequin/Animations/ThirdPerson_AnimBP.ThirdPerson_AnimBP_C:ExecuteUbergraph_ThirdPerson_AnimBP
[2019.01.14-14.25.11:745][  0]LogUObjectGlobals: Created PersistentFrame Addr=0x000001d267fe7580, Size=448, Default__ThirdPersonCharacter_C Function /Game/ThirdPersonBP/Blueprints/ThirdPersonCharacter.ThirdPersonCharacter_C:ExecuteUbergraph_ThirdPersonCharacter
[2019.01.14-14.25.11:750][  0]LogUObjectGlobals: Destroyed PersistentFrame Addr=0x000001d267fe7580, Size=448
[2019.01.14-14.25.11:750][  0]LogUObjectGlobals: Created PersistentFrame Addr=0x000001d267fe7580, Size=448, Default__ThirdPersonCharacter_C Function /Engine/Transient.REINST_ThirdPersonCharacter_C_6:ExecuteUbergraph_ThirdPersonCharacter
[2019.01.14-14.25.11:756][  0]LogUObjectGlobals: Created PersistentFrame Addr=0x000001d267ea3c80, Size=448, Default__ThirdPersonCharacter_C Function /Game/ThirdPersonBP/Blueprints/ThirdPersonCharacter.ThirdPersonCharacter_C:ExecuteUbergraph_ThirdPersonCharacter
[2019.01.14-14.25.12:130][  0]LogTexture: Display: Building textures: D (AutoDXT, 1024X1024)
[2019.01.14-14.25.12:144][  0]LogStaticMesh: Building static mesh dinamite...
[2019.01.14-14.25.12:234][  0]LogStaticMesh: Built static mesh [0.09s] /Game/Dynamite/dinamite.dinamite
[2019.01.14-14.25.12:468][  0]LogMaterial: Missing cached shader map for material diffuse_D_png, compiling. 
[2019.01.14-14.25.12:523][  0]LogShaderCompilers: Display: Shaders left to compile 22
[2019.01.14-14.25.12:523][  0]LogShaderCompilers: Display: Shaders left to compile 12
[2019.01.14-14.25.12:523][  0]LogShaderCompilers: Display: Shaders left to compile 2
[2019.01.14-14.25.12:523][  0]LogSkeletalMesh: Skeletal Mesh found in DDC [14.653211ms] /Game/Mannequin/Character/Mesh/SK_Mannequin.SK_Mannequin
[2019.01.14-14.25.12:622][  0]LogAIModule: Creating AISystem for world ThirdPersonExampleMap
[2019.01.14-14.25.12:652][  0]LogEditorServer: Finished looking for orphan Actors (0.000 secs)
[2019.01.14-14.25.12:668][  0]LogUObjectGlobals: Destroyed PersistentFrame Addr=0x000001d266752140, Size=64
[2019.01.14-14.25.12:668][  0]LogUObjectGlobals: Destroyed PersistentFrame Addr=0x000001d267fe7580, Size=448
[2019.01.14-14.25.12:671][  0]Cmd: MAP CHECKDEP NOCLEARLOG
[2019.01.14-14.25.12:769][  0]MapCheck: Map check complete: 0 Error(s), 0 Warning(s), took 97,361ms to complete.
[2019.01.14-14.25.12:769][  0]LogFileHelpers: Loading map 'ThirdPersonExampleMap' took 1.255
[2019.01.14-14.25.13:009][  0]LogCollectionManager: Loaded 0 collections in 0.003352 seconds
[2019.01.14-14.25.13:081][  0]LogFileCache: Scanning file cache for directory 'C:/Users/W.Z/Desktop/GameEngines/EX7_Waldemar_Zeitler/Saved/Collections/' took 0.01s
[2019.01.14-14.25.13:081][  0]LogFileCache: Scanning file cache for directory 'C:/Users/W.Z/Desktop/GameEngines/EX7_Waldemar_Zeitler/Content/Developers/WZ/Collections/' took 0.01s
[2019.01.14-14.25.13:081][  0]LogFileCache: Scanning file cache for directory 'C:/Users/W.Z/Desktop/GameEngines/EX7_Waldemar_Zeitler/Content/Collections/' took 0.01s
[2019.01.14-14.25.13:081][  0]LogCollectionManager: Rebuilt the GUID cache for 0 collections in 0.000000 seconds
[2019.01.14-14.25.13:101][  0]LogContentBrowser: Native class hierarchy populated in 0.0188 seconds. Added 2452 classes and 558 folders.
[2019.01.14-14.25.13:119][  0]LogContentBrowser: Native class hierarchy updated for 'WidgetCarousel' in 0.0003 seconds. Added 0 classes and 0 folders.
[2019.01.14-14.25.13:517][  0]LogContentBrowser: Native class hierarchy updated for 'AddContentDialog' in 0.0003 seconds. Added 0 classes and 0 folders.
[2019.01.14-14.25.13:545][  0]LogContentBrowser: Native class hierarchy updated for 'SceneOutliner' in 0.0003 seconds. Added 1 classes and 2 folders.
[2019.01.14-14.25.13:774][  0]LogSlate: Took 0.002645 seconds to synchronously load lazily loaded font '../../../Engine/Content/Slate/Fonts/Roboto-Regular.ttf' (155K)
[2019.01.14-14.25.13:784][  0]LogSlate: Took 0.005816 seconds to synchronously load lazily loaded font '../../../Engine/Content/Slate/Fonts/Roboto-Bold.ttf' (160K)
[2019.01.14-14.25.13:797][  0]LogSlate: Took 0.001499 seconds to synchronously load lazily loaded font '../../../Engine/Content/Editor/Slate/Fonts/FontAwesome.ttf' (139K)
[2019.01.14-14.25.13:983][  0]LogRenderer: Reallocating scene render targets to support 1380x680 Format 10 NumSamples 1 (Frame:1).
[2019.01.14-14.25.14:307][  0]LogContentBrowser: Native class hierarchy updated for 'HierarchicalLODOutliner' in 0.0003 seconds. Added 0 classes and 0 folders.
[2019.01.14-14.25.14:307][  0]LogLoad: (Engine Initialization) Total time: 18.30 seconds
[2019.01.14-14.25.14:307][  0]LogLoad: (Engine Initialization) Total Blueprint compile time: 0.00 seconds
[2019.01.14-14.25.14:358][  0]LogContentStreaming: Texture pool size now 1000 MB
[2019.01.14-14.25.14:443][  0]LogSlate: Took 0.001992 seconds to synchronously load lazily loaded font '../../../Engine/Content/Slate/Fonts/Roboto-Light.ttf' (167K)
[2019.01.14-14.25.14:484][  1]LogAssetRegistry: Asset discovery search completed in 10.4476 seconds
[2019.01.14-14.25.14:488][  1]LogCollectionManager: Rebuilt the object cache for 0 collections in 0.000001 seconds (found 0 objects)
[2019.01.14-14.25.14:488][  1]LogCollectionManager: Fixed up redirectors for 0 collections in 0.000489 seconds (updated 0 objects)
[2019.01.14-14.25.15:347][ 34]LogSlate: Took 0.000200 seconds to synchronously load lazily loaded font '../../../Engine/Content/Slate/Fonts/Roboto-Light.ttf' (167K)
[2019.01.14-14.26.32:481][266]LogSlate: FSceneViewport::OnFocusLost() reason 0
[2019.01.14-14.26.32:869][277]LogContentBrowser: Native class hierarchy updated for 'BlueprintGraph' in 0.0005 seconds. Added 116 classes and 0 folders.
[2019.01.14-14.26.33:112][277]LogUObjectGlobals: Created PersistentFrame Addr=0x000001d207d86658, Size=4, Default__SKEL_PROTO_BP_AnimBlueprint_0_C Function /Engine/Transient.SKEL_PROTO_BP_AnimBlueprint_0_C:ExecuteUbergraph_PROTO_BP_AnimBlueprint_0
[2019.01.14-14.26.33:113][277]LogUObjectGlobals: Created PersistentFrame Addr=0x000001d207d86650, Size=4, Default__PROTO_BP_AnimBlueprint_0_C Function /Engine/Transient.PROTO_BP_AnimBlueprint_0_C:ExecuteUbergraph_PROTO_BP_AnimBlueprint_0
[2019.01.14-14.26.34:221][277]LogSlate: Took 0.001713 seconds to synchronously load lazily loaded font '../../../Engine/Content/Slate/Fonts/Roboto-BoldCondensed.ttf' (158K)
[2019.01.14-14.26.34:394][278]LogSlate: Took 0.001712 seconds to synchronously load lazily loaded font '../../../Engine/Content/Slate/Fonts/Roboto-Italic.ttf' (157K)
[2019.01.14-14.26.38:857][666]LogRenderer: Reallocating scene render targets to support 1432x924 Format 10 NumSamples 1 (Frame:218).
[2019.01.14-14.26.40:319][827]LogSlate: Window 'ThirdPersonCharacter' being destroyed
[2019.01.14-14.30.35:267][897]LogContentBrowser: Native class hierarchy updated for 'Cascade' in 0.0002 seconds. Added 2 classes and 2 folders.
[2019.01.14-14.30.52:496][929]LogSlate: FSceneViewport::OnFocusLost() reason 0
[2019.01.14-14.31.10:388][ 65]LogSlate: FSceneViewport::OnFocusLost() reason 0
[2019.01.14-14.31.28:185][199]LogParticles: Warning: MaxCount =  929 for Emitter ParticleSpriteEmitter_0 (/Game/Particle/P_ExplosionParticle.P_ExplosionParticle)
[2019.01.14-14.31.29:688][378]LogParticles: Warning: MaxCount =  929 for Emitter ParticleSpriteEmitter_0 (/Game/Particle/P_ExplosionParticle.P_ExplosionParticle)
[2019.01.14-14.31.41:694][817]LogSlate: FSceneViewport::OnFocusLost() reason 0
[2019.01.14-14.31.44:345][135]LogParticles: Warning: MaxCount =  929 for Emitter ParticleSpriteEmitter_0 (/Game/Particle/P_ExplosionParticle.P_ExplosionParticle)
[2019.01.14-14.31.50:028][817]LogParticles: Warning: MaxCount =  929 for Emitter ParticleSpriteEmitter_0 (/Game/Particle/P_ExplosionParticle.P_ExplosionParticle)
[2019.01.14-14.31.51:365][974]LogParticles: Warning: MaxCount =  929 for Emitter ParticleSpriteEmitter_0 (/Game/Particle/P_ExplosionParticle.P_ExplosionParticle)
[2019.01.14-14.31.59:467][943]LogSlate: FSceneViewport::OnFocusLost() reason 0
[2019.01.14-14.31.59:550][950]Cmd: OBJ SAVEPACKAGE PACKAGE="/Game/Particle/P_ExplosionParticle" FILE="../../../../../../Users/W.Z/Desktop/GameEngines/EX7_Waldemar_Zeitler/Content/Particle/P_ExplosionParticle.uasset" SILENT=true
[2019.01.14-14.31.59:591][950]LogSavePackage: Save=23.02ms
[2019.01.14-14.31.59:591][950]LogSavePackage: Moving '../../../../../../Users/W.Z/Desktop/GameEngines/EX7_Waldemar_Zeitler/Saved/P_ExplosionParticleAA1DC14D4907ED33442FB2ACF504678F.tmp' to '../../../../../../Users/W.Z/Desktop/GameEngines/EX7_Waldemar_Zeitler/Content/Particle/P_ExplosionParticle.uasset'
[2019.01.14-14.31.59:595][950]LogSavePackage: Display: Finished SavePackage ../../../../../../Users/W.Z/Desktop/GameEngines/EX7_Waldemar_Zeitler/Content/Particle/P_ExplosionParticle.uasset
[2019.01.14-14.32.15:993][900]LogEditorViewport: Clicking on Actor (LMB): StaticMeshActor (Floor)
[2019.01.14-14.32.25:284][  7]LogSlate: FSceneViewport::OnFocusLost() reason 0
[2019.01.14-14.32.25:519][ 16]LogSavePackage: Save=103.23ms
[2019.01.14-14.32.25:520][ 16]LogSavePackage: Moving '../../../../../../Users/W.Z/Desktop/GameEngines/EX7_Waldemar_Zeitler/Saved/ThirdPersonExampleMap47FB22DB4A4E81D59EBC93AD3840939E.tmp' to '../../../../../../Users/W.Z/Desktop/GameEngines/EX7_Waldemar_Zeitler/Content/ThirdPersonBP/Maps/ThirdPersonExampleMap.umap'
[2019.01.14-14.32.25:524][ 16]LogSavePackage: Display: Finished SavePackage ../../../../../../Users/W.Z/Desktop/GameEngines/EX7_Waldemar_Zeitler/Content/ThirdPersonBP/Maps/ThirdPersonExampleMap.umap
[2019.01.14-14.32.25:697][ 16]LogSavePackage: Save=133.86ms
[2019.01.14-14.32.25:697][ 16]LogSavePackage: Moving '../../../../../../Users/W.Z/Desktop/GameEngines/EX7_Waldemar_Zeitler/Saved/ThirdPersonExampleMap_BuiltData23B4C0CD4540AE1B8A575EA401F5D2E3.tmp' to '../../../../../../Users/W.Z/Desktop/GameEngines/EX7_Waldemar_Zeitler/Content/ThirdPersonBP/Maps/ThirdPersonExampleMap_BuiltData.uasset'
[2019.01.14-14.32.25:699][ 16]LogSavePackage: Display: Finished SavePackage ../../../../../../Users/W.Z/Desktop/GameEngines/EX7_Waldemar_Zeitler/Content/ThirdPersonBP/Maps/ThirdPersonExampleMap_BuiltData.uasset
[2019.01.14-14.33.11:572][485]LogSlate: FSceneViewport::OnFocusLost() reason 0
[2019.01.14-14.33.13:482][714]LogParticles: Warning: MaxCount =  929 for Emitter ParticleSpriteEmitter_0 (/Game/Particle/P_ExplosionParticle.P_ExplosionParticle)
[2019.01.14-14.33.14:772][869]LogParticles: Warning: MaxCount =  929 for Emitter ParticleSpriteEmitter_0 (/Game/Particle/P_ExplosionParticle.P_ExplosionParticle)
[2019.01.14-14.33.18:507][317]LogParticles: Warning: MaxCount =  929 for Emitter ParticleSpriteEmitter_0 (/Game/Particle/P_ExplosionParticle.P_ExplosionParticle)
[2019.01.14-14.33.18:516][318]LogParticles: Warning: MaxCount =  929 for Emitter ParticleSpriteEmitter_0 (/Game/Particle/P_ExplosionParticle.P_ExplosionParticle)
[2019.01.14-14.33.18:516][318]LogParticles: Warning: MaxCount =  929 for Emitter ParticleSpriteEmitter_0 (/Game/Particle/P_ExplosionParticle.P_ExplosionParticle)
[2019.01.14-14.33.18:517][318]LogParticles: Warning: MaxCount =  929 for Emitter ParticleSpriteEmitter_0 (/Game/Particle/P_ExplosionParticle.P_ExplosionParticle)
[2019.01.14-14.33.18:526][319]LogParticles: Warning: MaxCount =  929 for Emitter ParticleSpriteEmitter_0 (/Game/Particle/P_ExplosionParticle.P_ExplosionParticle)
[2019.01.14-14.33.18:526][319]LogParticles: Warning: MaxCount =  929 for Emitter ParticleSpriteEmitter_0 (/Game/Particle/P_ExplosionParticle.P_ExplosionParticle)
[2019.01.14-14.33.18:527][319]LogParticles: Warning: MaxCount =  929 for Emitter ParticleSpriteEmitter_0 (/Game/Particle/P_ExplosionParticle.P_ExplosionParticle)
[2019.01.14-14.33.18:536][320]LogParticles: Warning: MaxCount =  929 for Emitter ParticleSpriteEmitter_0 (/Game/Particle/P_ExplosionParticle.P_ExplosionParticle)
[2019.01.14-14.33.18:536][320]LogParticles: Warning: MaxCount =  929 for Emitter ParticleSpriteEmitter_0 (/Game/Particle/P_ExplosionParticle.P_ExplosionParticle)
[2019.01.14-14.33.18:537][320]LogParticles: Warning: MaxCount =  929 for Emitter ParticleSpriteEmitter_0 (/Game/Particle/P_ExplosionParticle.P_ExplosionParticle)
[2019.01.14-14.33.18:537][320]LogParticles: Warning: MaxCount =  929 for Emitter ParticleSpriteEmitter_0 (/Game/Particle/P_ExplosionParticle.P_ExplosionParticle)
[2019.01.14-14.33.18:545][321]LogParticles: Warning: MaxCount =  929 for Emitter ParticleSpriteEmitter_0 (/Game/Particle/P_ExplosionParticle.P_ExplosionParticle)
[2019.01.14-14.33.18:546][321]LogParticles: Warning: MaxCount =  929 for Emitter ParticleSpriteEmitter_0 (/Game/Particle/P_ExplosionParticle.P_ExplosionParticle)
[2019.01.14-14.33.18:547][321]LogParticles: Warning: MaxCount =  929 for Emitter ParticleSpriteEmitter_0 (/Game/Particle/P_ExplosionParticle.P_ExplosionParticle)
[2019.01.14-14.33.18:547][321]LogParticles: Warning: MaxCount =  929 for Emitter ParticleSpriteEmitter_0 (/Game/Particle/P_ExplosionParticle.P_ExplosionParticle)
[2019.01.14-14.33.18:554][322]LogParticles: Warning: MaxCount =  929 for Emitter ParticleSpriteEmitter_0 (/Game/Particle/P_ExplosionParticle.P_ExplosionParticle)
[2019.01.14-14.33.18:555][322]LogParticles: Warning: MaxCount =  929 for Emitter ParticleSpriteEmitter_0 (/Game/Particle/P_ExplosionParticle.P_ExplosionParticle)
[2019.01.14-14.33.18:555][322]LogParticles: Warning: MaxCount =  929 for Emitter ParticleSpriteEmitter_0 (/Game/Particle/P_ExplosionParticle.P_ExplosionParticle)
[2019.01.14-14.33.18:556][322]LogParticles: Warning: MaxCount =  929 for Emitter ParticleSpriteEmitter_0 (/Game/Particle/P_ExplosionParticle.P_ExplosionParticle)
[2019.01.14-14.33.18:556][322]LogParticles: Warning: MaxCount =  929 for Emitter ParticleSpriteEmitter_0 (/Game/Particle/P_ExplosionParticle.P_ExplosionParticle)
[2019.01.14-14.33.18:564][323]LogParticles: Warning: MaxCount =  929 for Emitter ParticleSpriteEmitter_0 (/Game/Particle/P_ExplosionParticle.P_ExplosionParticle)
[2019.01.14-14.33.18:564][323]LogParticles: Warning: MaxCount =  929 for Emitter ParticleSpriteEmitter_0 (/Game/Particle/P_ExplosionParticle.P_ExplosionParticle)
[2019.01.14-14.33.18:565][323]LogParticles: Warning: MaxCount =  929 for Emitter ParticleSpriteEmitter_0 (/Game/Particle/P_ExplosionParticle.P_ExplosionParticle)
[2019.01.14-14.33.18:565][323]LogParticles: Warning: MaxCount =  929 for Emitter ParticleSpriteEmitter_0 (/Game/Particle/P_ExplosionParticle.P_ExplosionParticle)
[2019.01.14-14.33.18:573][324]LogParticles: Warning: MaxCount =  929 for Emitter ParticleSpriteEmitter_0 (/Game/Particle/P_ExplosionParticle.P_ExplosionParticle)
[2019.01.14-14.33.18:574][324]LogParticles: Warning: MaxCount =  929 for Emitter ParticleSpriteEmitter_0 (/Game/Particle/P_ExplosionParticle.P_ExplosionParticle)
[2019.01.14-14.33.18:574][324]LogParticles: Warning: MaxCount =  929 for Emitter ParticleSpriteEmitter_0 (/Game/Particle/P_ExplosionParticle.P_ExplosionParticle)
[2019.01.14-14.33.18:575][324]LogParticles: Warning: MaxCount =  929 for Emitter ParticleSpriteEmitter_0 (/Game/Particle/P_ExplosionParticle.P_ExplosionParticle)
[2019.01.14-14.33.18:575][324]LogParticles: Warning: MaxCount =  929 for Emitter ParticleSpriteEmitter_0 (/Game/Particle/P_ExplosionParticle.P_ExplosionParticle)
[2019.01.14-14.33.18:576][324]LogParticles: Warning: MaxCount =  929 for Emitter ParticleSpriteEmitter_0 (/Game/Particle/P_ExplosionParticle.P_ExplosionParticle)
[2019.01.14-14.33.18:584][325]LogParticles: Warning: MaxCount =  929 for Emitter ParticleSpriteEmitter_0 (/Game/Particle/P_ExplosionParticle.P_ExplosionParticle)
[2019.01.14-14.33.18:584][325]LogParticles: Warning: MaxCount =  929 for Emitter ParticleSpriteEmitter_0 (/Game/Particle/P_ExplosionParticle.P_ExplosionParticle)
[2019.01.14-14.33.18:585][325]LogParticles: Warning: MaxCount =  929 for Emitter ParticleSpriteEmitter_0 (/Game/Particle/P_ExplosionParticle.P_ExplosionParticle)
[2019.01.14-14.33.18:585][325]LogParticles: Warning: MaxCount =  929 for Emitter ParticleSpriteEmitter_0 (/Game/Particle/P_ExplosionParticle.P_ExplosionParticle)
[2019.01.14-14.33.18:593][326]LogParticles: Warning: MaxCount =  929 for Emitter ParticleSpriteEmitter_0 (/Game/Particle/P_ExplosionParticle.P_ExplosionParticle)
[2019.01.14-14.33.18:594][326]LogParticles: Warning: MaxCount =  929 for Emitter ParticleSpriteEmitter_0 (/Game/Particle/P_ExplosionParticle.P_ExplosionParticle)
[2019.01.14-14.33.18:595][326]LogParticles: Warning: MaxCount =  929 for Emitter ParticleSpriteEmitter_0 (/Game/Particle/P_ExplosionParticle.P_ExplosionParticle)
[2019.01.14-14.33.18:595][326]LogParticles: Warning: MaxCount =  929 for Emitter ParticleSpriteEmitter_0 (/Game/Particle/P_ExplosionParticle.P_ExplosionParticle)
[2019.01.14-14.33.18:595][326]LogParticles: Warning: MaxCount =  929 for Emitter ParticleSpriteEmitter_0 (/Game/Particle/P_ExplosionParticle.P_ExplosionParticle)
[2019.01.14-14.33.18:603][327]LogParticles: Warning: MaxCount =  929 for Emitter ParticleSpriteEmitter_0 (/Game/Particle/P_ExplosionParticle.P_ExplosionParticle)
[2019.01.14-14.33.18:603][327]LogParticles: Warning: MaxCount =  929 for Emitter ParticleSpriteEmitter_0 (/Game/Particle/P_ExplosionParticle.P_ExplosionParticle)
[2019.01.14-14.33.18:604][327]LogParticles: Warning: MaxCount =  929 for Emitter ParticleSpriteEmitter_0 (/Game/Particle/P_ExplosionParticle.P_ExplosionParticle)
[2019.01.14-14.33.18:611][328]LogParticles: Warning: MaxCount =  929 for Emitter ParticleSpriteEmitter_0 (/Game/Particle/P_ExplosionParticle.P_ExplosionParticle)
[2019.01.14-14.33.18:612][328]LogParticles: Warning: MaxCount =  929 for Emitter ParticleSpriteEmitter_0 (/Game/Particle/P_ExplosionParticle.P_ExplosionParticle)
[2019.01.14-14.33.18:613][328]LogParticles: Warning: MaxCount =  929 for Emitter ParticleSpriteEmitter_0 (/Game/Particle/P_ExplosionParticle.P_ExplosionParticle)
[2019.01.14-14.33.18:613][328]LogParticles: Warning: MaxCount =  929 for Emitter ParticleSpriteEmitter_0 (/Game/Particle/P_ExplosionParticle.P_ExplosionParticle)
[2019.01.14-14.33.18:620][329]LogParticles: Warning: MaxCount =  929 for Emitter ParticleSpriteEmitter_0 (/Game/Particle/P_ExplosionParticle.P_ExplosionParticle)
[2019.01.14-14.33.18:621][329]LogParticles: Warning: MaxCount =  929 for Emitter ParticleSpriteEmitter_0 (/Game/Particle/P_ExplosionParticle.P_ExplosionParticle)
[2019.01.14-14.33.18:629][330]LogParticles: Warning: MaxCount =  929 for Emitter ParticleSpriteEmitter_0 (/Game/Particle/P_ExplosionParticle.P_ExplosionParticle)
[2019.01.14-14.33.18:636][331]LogParticles: Warning: MaxCount =  929 for Emitter ParticleSpriteEmitter_0 (/Game/Particle/P_ExplosionParticle.P_ExplosionParticle)
[2019.01.14-14.33.18:637][331]LogParticles: Warning: MaxCount =  929 for Emitter ParticleSpriteEmitter_0 (/Game/Particle/P_ExplosionParticle.P_ExplosionParticle)
[2019.01.14-14.33.21:512][676]LogParticles: Warning: MaxCount =  929 for Emitter ParticleSpriteEmitter_0 (/Game/Particle/P_ExplosionParticle.P_ExplosionParticle)
[2019.01.14-14.33.25:187][117]LogParticles: Warning: MaxCount =  929 for Emitter ParticleSpriteEmitter_0 (/Game/Particle/P_ExplosionParticle.P_ExplosionParticle)
[2019.01.14-14.33.31:112][828]LogParticles: Warning: MaxCount =  929 for Emitter ParticleSpriteEmitter_0 (/Game/Particle/P_ExplosionParticle.P_ExplosionParticle)
[2019.01.14-14.33.34:921][285]LogParticles: Warning: MaxCount =  929 for Emitter ParticleSpriteEmitter_0 (/Game/Particle/P_ExplosionParticle.P_ExplosionParticle)
[2019.01.14-14.33.36:938][527]LogParticles: Warning: MaxCount =  929 for Emitter ParticleSpriteEmitter_0 (/Game/Particle/P_ExplosionParticle.P_ExplosionParticle)
[2019.01.14-14.33.39:321][813]LogParticles: Warning: MaxCount =  929 for Emitter ParticleSpriteEmitter_0 (/Game/Particle/P_ExplosionParticle.P_ExplosionParticle)
[2019.01.14-14.33.56:812][902]LogSlate: FSceneViewport::OnFocusLost() reason 0
[2019.01.14-14.33.58:262][ 76]LogParticles: Warning: MaxCount =  929 for Emitter ParticleSpriteEmitter_0 (/Game/Particle/P_ExplosionParticle.P_ExplosionParticle)
[2019.01.14-14.34.06:646][ 82]LogParticles: Warning: MaxCount =  929 for Emitter ParticleSpriteEmitter_0 (/Game/Particle/P_ExplosionParticle.P_ExplosionParticle)
[2019.01.14-14.34.09:821][463]LogParticles: Warning: MaxCount =  929 for Emitter ParticleSpriteEmitter_0 (/Game/Particle/P_ExplosionParticle.P_ExplosionParticle)
[2019.01.14-14.34.14:238][993]LogParticles: Warning: MaxCount =  929 for Emitter ParticleSpriteEmitter_0 (/Game/Particle/P_ExplosionParticle.P_ExplosionParticle)
[2019.01.14-14.34.15:777][177]LogParticles: Warning: MaxCount =  929 for Emitter ParticleSpriteEmitter_0 (/Game/Particle/P_ExplosionParticle.P_ExplosionParticle)
[2019.01.14-14.34.18:980][561]LogParticles: Warning: MaxCount =  929 for Emitter ParticleSpriteEmitter_0 (/Game/Particle/P_ExplosionParticle.P_ExplosionParticle)
[2019.01.14-14.34.29:991][873]LogSlate: FSceneViewport::OnFocusLost() reason 0
[2019.01.14-14.34.36:309][631]LogParticles: Warning: MaxCount =  929 for Emitter ParticleSpriteEmitter_0 (/Game/Particle/P_ExplosionParticle.P_ExplosionParticle)
[2019.01.14-14.34.40:067][ 82]LogParticles: Warning: MaxCount =  929 for Emitter ParticleSpriteEmitter_0 (/Game/Particle/P_ExplosionParticle.P_ExplosionParticle)
[2019.01.14-14.42.26:045][712]LogFileHelpers: Editor autosave (incl. sublevels) for '/Game/ThirdPersonBP/Maps/ThirdPersonExampleMap' took 0.016
[2019.01.14-14.42.26:047][712]OBJ SavePackage: Generating thumbnails for [1] asset(s) in package [/Game/Particle/P_ExplosionParticle] ([1] browsable assets)...
[2019.01.14-14.42.26:051][712]OBJ SavePackage:     Rendered thumbnail for [ParticleSystem /Game/Particle/P_ExplosionParticle.P_ExplosionParticle]
[2019.01.14-14.42.26:051][712]OBJ SavePackage: Finished generating thumbnails for package [/Game/Particle/P_ExplosionParticle]
[2019.01.14-14.42.26:083][712]LogSavePackage: Save=19.04ms
[2019.01.14-14.42.26:083][712]LogSavePackage: Moving '../../../../../../Users/W.Z/Desktop/GameEngines/EX7_Waldemar_Zeitler/Saved/P_ExplosionParticle_Auto17A4E8C2A4B6BB04054ECBBB4E48FC013.tmp' to '../../../../../../Users/W.Z/Desktop/GameEngines/EX7_Waldemar_Zeitler/Saved/Autosaves/Game/Particle/P_ExplosionParticle_Auto1.uasset'
[2019.01.14-14.42.26:085][712]LogSavePackage: Display: Finished SavePackage ../../../../../../Users/W.Z/Desktop/GameEngines/EX7_Waldemar_Zeitler/Saved/Autosaves/Game/Particle/P_ExplosionParticle_Auto1.uasset
[2019.01.14-14.42.26:085][712]LogFileHelpers: Auto-saving content packages took 0.039
[2019.01.14-14.58.41:122][880]LogSlate: FSceneViewport::OnFocusLost() reason 0
[2019.01.14-14.58.43:507][166]LogParticles: Warning: MaxCount =  929 for Emitter ParticleSpriteEmitter_0 (/Game/Particle/P_ExplosionParticle.P_ExplosionParticle)
[2019.01.14-14.58.45:723][432]LogParticles: Warning: MaxCount =  929 for Emitter ParticleSpriteEmitter_0 (/Game/Particle/P_ExplosionParticle.P_ExplosionParticle)
[2019.01.14-14.59.00:357][171]LogSlate: FSceneViewport::OnFocusLost() reason 0
[2019.01.14-14.59.01:683][330]LogParticles: Warning: MaxCount =  929 for Emitter ParticleSpriteEmitter_0 (/Game/Particle/P_ExplosionParticle.P_ExplosionParticle)
[2019.01.14-14.59.03:941][601]LogParticles: Warning: MaxCount =  929 for Emitter ParticleSpriteEmitter_0 (/Game/Particle/P_ExplosionParticle.P_ExplosionParticle)
[2019.01.14-14.59.14:075][811]LogSlate: FSceneViewport::OnFocusLost() reason 0
[2019.01.14-14.59.16:119][ 56]LogParticles: Warning: MaxCount =  929 for Emitter ParticleSpriteEmitter_0 (/Game/Particle/P_ExplosionParticle.P_ExplosionParticle)
[2019.01.14-14.59.16:875][147]LogParticles: Warning: MaxCount =  929 for Emitter ParticleSpriteEmitter_0 (/Game/Particle/P_ExplosionParticle.P_ExplosionParticle)
[2019.01.14-14.59.35:709][397]LogSlate: FSceneViewport::OnFocusLost() reason 0
[2019.01.14-14.59.38:243][701]LogParticles: Warning: MaxCount =  929 for Emitter ParticleSpriteEmitter_0 (/Game/Particle/P_ExplosionParticle.P_ExplosionParticle)
[2019.01.14-14.59.39:434][844]LogParticles: Warning: MaxCount =  929 for Emitter ParticleSpriteEmitter_0 (/Game/Particle/P_ExplosionParticle.P_ExplosionParticle)
[2019.01.14-14.59.56:385][873]LogSlate: FSceneViewport::OnFocusLost() reason 0
[2019.01.14-14.59.56:493][884]Cmd: OBJ SAVEPACKAGE PACKAGE="/Game/Particle/P_ExplosionParticle" FILE="../../../../../../Users/W.Z/Desktop/GameEngines/EX7_Waldemar_Zeitler/Content/Particle/P_ExplosionParticle.uasset" SILENT=true
[2019.01.14-14.59.56:526][884]LogSavePackage: Save=18.88ms
[2019.01.14-14.59.56:526][884]LogSavePackage: Moving '../../../../../../Users/W.Z/Desktop/GameEngines/EX7_Waldemar_Zeitler/Saved/P_ExplosionParticle5FBF7F6D42F7A89AC8601293ADB40B32.tmp' to '../../../../../../Users/W.Z/Desktop/GameEngines/EX7_Waldemar_Zeitler/Content/Particle/P_ExplosionParticle.uasset'
[2019.01.14-14.59.56:529][884]LogSavePackage: Display: Finished SavePackage ../../../../../../Users/W.Z/Desktop/GameEngines/EX7_Waldemar_Zeitler/Content/Particle/P_ExplosionParticle.uasset
[2019.01.14-14.59.58:835][141]LogCascade: Quitting Cascade. FXSystem=0x000001D22382C860
[2019.01.14-14.59.58:936][141]LogActorComponent: UnregisterComponent: (/Engine/Transient.EditorFloorComp) Not registered. Aborting.
[2019.01.14-14.59.58:988][141]LogSlate: Window 'EX7_Waldemar_Zeitler - Unreal Editor' being destroyed
[2019.01.14-14.59.59:174][142]Cmd: QUIT_EDITOR
[2019.01.14-14.59.59:197][142]LogWindowsTextInputMethodSystem: Display: IME system now deactivated.
[2019.01.14-14.59.59:206][142]LogSlate: Slate User Destroyed.  User Index 0, Is Virtual User: 0
[2019.01.14-14.59.59:206][142]LogExit: Preparing to exit.
[2019.01.14-14.59.59:501][142]LogDirectoryWatcher: A directory notification for 'C:/Users/W.Z/Desktop/GameEngines/EX7_Waldemar_Zeitler/Content/' was aborted.
[2019.01.14-14.59.59:531][142]LogExit: Editor shut down
[2019.01.14-14.59.59:541][142]LogExit: Transaction tracking system shut down
[2019.01.14-14.59.59:541][142]LogUObjectGlobals: Destroyed PersistentFrame Addr=0x000001d25df8e480, Size=72
[2019.01.14-14.59.59:541][142]LogUObjectGlobals: Destroyed PersistentFrame Addr=0x000001d267ea3c80, Size=448
[2019.01.14-14.59.59:547][142]LogUObjectGlobals: Destroyed PersistentFrame Addr=0x000001d207d86658, Size=4
[2019.01.14-14.59.59:547][142]LogUObjectGlobals: Destroyed PersistentFrame Addr=0x000001d207d86650, Size=4
[2019.01.14-14.59.59:731][142]LogDirectoryWatcher: A directory notification for '../../../Engine/Content/' was aborted.
[2019.01.14-14.59.59:731][142]LogDirectoryWatcher: A directory notification for '../../../../../../Users/W.Z/Desktop/GameEngines/EX7_Waldemar_Zeitler/Content/' was aborted.
[2019.01.14-14.59.59:731][142]LogDirectoryWatcher: A directory notification for '../../Plugins/2D/Paper2D/Content/' was aborted.
[2019.01.14-14.59.59:731][142]LogDirectoryWatcher: A directory notification for '../../Plugins/Enterprise/DatasmithContent/Content/' was aborted.
[2019.01.14-14.59.59:731][142]LogDirectoryWatcher: A directory notification for '../../Plugins/Media/MediaCompositing/Content/' was aborted.
[2019.01.14-14.59.59:731][142]LogDirectoryWatcher: A directory notification for '../../Plugins/Runtime/AppleARKit/Content/' was aborted.
[2019.01.14-14.59.59:731][142]LogDirectoryWatcher: A directory notification for '../../Plugins/Runtime/Oculus/OculusVR/Content/' was aborted.
[2019.01.14-14.59.59:731][142]LogDirectoryWatcher: A directory notification for '../../Plugins/Runtime/Steam/SteamVR/Content/' was aborted.
[2019.01.14-14.59.59:880][142]LogExit: Object subsystem successfully closed.
[2019.01.14-14.59.59:913][142]LogShaderCompilers: Display: Shaders left to compile 0
[2019.01.14-14.59.59:916][142]LogD3D11RHI: Shutdown
[2019.01.14-14.59.59:916][142]LogD3D11RHI: CleanupD3DDevice
[2019.01.14-14.59.59:920][142]LogD3D11RHI: ~FD3D11DynamicRHI
[2019.01.14-14.59.59:972][142]LogModuleManager: Shutting down and abandoning module DistCurveEditor (582)
[2019.01.14-14.59.59:972][142]LogModuleManager: Shutting down and abandoning module Cascade (580)
[2019.01.14-14.59.59:973][142]LogModuleManager: Shutting down and abandoning module StaticMeshEditor (578)
[2019.01.14-14.59.59:973][142]LogModuleManager: Shutting down and abandoning module BlueprintGraph (576)
[2019.01.14-14.59.59:973][142]LogModuleManager: Shutting down and abandoning module HierarchicalLODOutliner (574)
[2019.01.14-14.59.59:973][142]LogModuleManager: Shutting down and abandoning module SceneOutliner (572)
[2019.01.14-14.59.59:973][142]LogModuleManager: Shutting down and abandoning module AddContentDialog (570)
[2019.01.14-14.59.59:973][142]LogDirectoryWatcher: A directory notification for 'C:/Program Files/Epic Games/UE_4.19/FeaturePacks/' was aborted.
[2019.01.14-14.59.59:974][142]LogModuleManager: Shutting down and abandoning module WidgetCarousel (569)
[2019.01.14-14.59.59:974][142]LogModuleManager: Shutting down and abandoning module EditorWidgets (566)
[2019.01.14-14.59.59:974][142]LogModuleManager: Shutting down and abandoning module CollectionManager (564)
[2019.01.14-14.59.59:974][142]LogDirectoryWatcher: A directory notification for 'C:/Users/W.Z/Desktop/GameEngines/EX7_Waldemar_Zeitler/Content/Collections/' was aborted.
[2019.01.14-14.59.59:974][142]LogDirectoryWatcher: A directory notification for 'C:/Users/W.Z/Desktop/GameEngines/EX7_Waldemar_Zeitler/Content/Developers/WZ/Collections/' was aborted.
[2019.01.14-14.59.59:974][142]LogDirectoryWatcher: A directory notification for 'C:/Users/W.Z/Desktop/GameEngines/EX7_Waldemar_Zeitler/Saved/Collections/' was aborted.
[2019.01.14-14.59.59:974][142]LogModuleManager: Shutting down and abandoning module StatsViewer (562)
[2019.01.14-14.59.59:975][142]LogModuleManager: Shutting down and abandoning module FoliageEdit (560)
[2019.01.14-14.59.59:975][142]LogModuleManager: Shutting down and abandoning module LandscapeEditor (558)
[2019.01.14-14.59.59:975][142]LogModuleManager: Shutting down and abandoning module MeshPaintMode (556)
[2019.01.14-14.59.59:975][142]LogModuleManager: Shutting down and abandoning module SceneDepthPickerMode (554)
[2019.01.14-14.59.59:975][142]LogModuleManager: Shutting down and abandoning module ActorPickerMode (552)
[2019.01.14-14.59.59:975][142]LogModuleManager: Shutting down and abandoning module GeometryMode (550)
[2019.01.14-14.59.59:976][142]LogModuleManager: Shutting down and abandoning module TextureAlignMode (548)
[2019.01.14-14.59.59:976][142]LogModuleManager: Shutting down and abandoning module BspMode (546)
[2019.01.14-14.59.59:976][142]LogModuleManager: Shutting down and abandoning module PIEPreviewDeviceProfileSelector (544)
[2019.01.14-14.59.59:976][142]LogModuleManager: Shutting down and abandoning module HardwareSurvey (542)
[2019.01.14-14.59.59:976][142]LogModuleManager: Shutting down and abandoning module SequenceRecorderSections (540)
[2019.01.14-14.59.59:976][142]LogModuleManager: Shutting down and abandoning module AutomationWorker (538)
[2019.01.14-14.59.59:976][142]LogModuleManager: Shutting down and abandoning module AudioCaptureEditor (536)
[2019.01.14-14.59.59:976][142]LogModuleManager: Shutting down and abandoning module SequenceRecorder (535)
[2019.01.14-14.59.59:976][142]LogModuleManager: Shutting down and abandoning module MatineeToLevelSequence (532)
[2019.01.14-14.59.59:977][142]LogModuleManager: Shutting down and abandoning module LevelSequenceEditor (530)
[2019.01.14-14.59.59:979][142]LogModuleManager: Shutting down and abandoning module PlacementMode (529)
[2019.01.14-14.59.59:979][142]LogModuleManager: Shutting down and abandoning module MaterialEditor (528)
[2019.01.14-14.59.59:981][142]LogModuleManager: Shutting down and abandoning module WmfMediaFactory (524)
[2019.01.14-14.59.59:981][142]LogModuleManager: Shutting down and abandoning module WmfMediaEditor (522)
[2019.01.14-14.59.59:981][142]LogModuleManager: Shutting down and abandoning module MediaPlayerEditor (520)
[2019.01.14-14.59.59:982][142]LogModuleManager: Shutting down and abandoning module OpenExrWrapper (518)
[2019.01.14-14.59.59:982][142]LogModuleManager: Shutting down and abandoning module ImgMediaFactory (516)
[2019.01.14-14.59.59:982][142]LogModuleManager: Shutting down and abandoning module ImgMediaEditor (514)
[2019.01.14-14.59.59:982][142]LogModuleManager: Shutting down and abandoning module AvfMediaFactory (512)
[2019.01.14-14.59.59:982][142]LogModuleManager: Shutting down and abandoning module AvfMediaEditor (510)
[2019.01.14-14.59.59:982][142]LogModuleManager: Shutting down and abandoning module AndroidMediaFactory (508)
[2019.01.14-14.59.59:982][142]LogModuleManager: Shutting down and abandoning module AndroidMediaEditor (506)
[2019.01.14-14.59.59:982][142]LogModuleManager: Shutting down and abandoning module CharacterAI (504)
[2019.01.14-14.59.59:982][142]LogModuleManager: Shutting down and abandoning module SmartSnapping (502)
[2019.01.14-14.59.59:982][142]LogModuleManager: Shutting down and abandoning module SessionServices (500)
[2019.01.14-14.59.59:982][142]LogModuleManager: Shutting down and abandoning module ViewportSnapping (498)
[2019.01.14-14.59.59:982][142]LogModuleManager: Shutting down and abandoning module ViewportInteraction (496)
[2019.01.14-14.59.59:982][142]LogModuleManager: Shutting down and abandoning module ClothPainter (494)
[2019.01.14-14.59.59:983][142]LogModuleManager: Shutting down and abandoning module SkeletalMeshEditor (493)
[2019.01.14-14.59.59:985][142]LogModuleManager: Shutting down and abandoning module LogVisualizer (490)
[2019.01.14-14.59.59:986][142]LogModuleManager: Shutting down and abandoning module IntroTutorials (488)
[2019.01.14-14.59.59:987][142]LogModuleManager: Shutting down and abandoning module GameProjectGeneration (487)
[2019.01.14-14.59.59:988][142]LogModuleManager: Shutting down and abandoning module IOSPlatformEditor (484)
[2019.01.14-14.59.59:988][142]LogModuleManager: Shutting down and abandoning module HTML5PlatformEditor (482)
[2019.01.14-14.59.59:988][142]LogModuleManager: Shutting down and abandoning module AndroidPlatformEditor (480)
[2019.01.14-14.59.59:988][142]LogModuleManager: Shutting down and abandoning module AndroidDeviceDetection (479)
[2019.01.14-15.00.00:147][142]LogModuleManager: Shutting down and abandoning module WindowsPlatformEditor (476)
[2019.01.14-15.00.00:147][142]LogModuleManager: Shutting down and abandoning module IOSRuntimeSettings (474)
[2019.01.14-15.00.00:147][142]LogModuleManager: Shutting down and abandoning module AndroidRuntimeSettings (472)
[2019.01.14-15.00.00:147][142]LogModuleManager: Shutting down and abandoning module InputBindingEditor (470)
[2019.01.14-15.00.00:147][142]LogModuleManager: Shutting down and abandoning module MergeActors (468)
[2019.01.14-15.00.00:148][142]LogModuleManager: Shutting down and abandoning module LocalizationDashboard (466)
[2019.01.14-15.00.00:148][142]LogModuleManager: Shutting down and abandoning module LocalizationService (465)
[2019.01.14-15.00.00:149][142]LogModuleManager: Shutting down and abandoning module HardwareTargeting (462)
[2019.01.14-15.00.00:149][142]LogModuleManager: Shutting down and abandoning module DeviceProfileEditor (460)
[2019.01.14-15.00.00:149][142]LogModuleManager: Shutting down and abandoning module UndoHistory (458)
[2019.01.14-15.00.00:149][142]LogModuleManager: Shutting down and abandoning module XmlParser (456)
[2019.01.14-15.00.00:149][142]LogModuleManager: Shutting down and abandoning module Blutility (454)
[2019.01.14-15.00.00:149][142]LogModuleManager: Shutting down and abandoning module ProjectSettingsViewer (452)
[2019.01.14-15.00.00:149][142]LogModuleManager: Shutting down and abandoning module ProjectTargetPlatformEditor (451)
[2019.01.14-15.00.00:149][142]LogModuleManager: Shutting down and abandoning module EditorSettingsViewer (448)
[2019.01.14-15.00.00:150][142]LogModuleManager: Shutting down and abandoning module SettingsEditor (446)
[2019.01.14-15.00.00:150][142]LogModuleManager: Shutting down and abandoning module ProjectLauncher (444)
[2019.01.14-15.00.00:150][142]LogModuleManager: Shutting down and abandoning module SessionFrontend (442)
[2019.01.14-15.00.00:150][142]LogModuleManager: Shutting down and abandoning module ProfilerClient (440)
[2019.01.14-15.00.00:151][142]LogModuleManager: Shutting down and abandoning module DeviceManager (438)
[2019.01.14-15.00.00:151][142]LogModuleManager: Shutting down and abandoning module TargetDeviceServices (437)
[2019.01.14-15.00.00:206][142]LogModuleManager: Shutting down and abandoning module AutomationController (434)
[2019.01.14-15.00.00:206][142]LogModuleManager: Shutting down and abandoning module AutomationWindow (432)
[2019.01.14-15.00.00:207][142]LogModuleManager: Shutting down and abandoning module Layers (430)
[2019.01.14-15.00.00:208][142]LogModuleManager: Shutting down and abandoning module ComponentVisualizers (428)
[2019.01.14-15.00.00:208][142]LogModuleManager: Shutting down and abandoning module DetailCustomizations (426)
[2019.01.14-15.00.00:209][142]LogModuleManager: Shutting down and abandoning module PackagesDialog (424)
[2019.01.14-15.00.00:209][142]LogModuleManager: Shutting down and abandoning module Persona (422)
[2019.01.14-15.00.00:210][142]LogModuleManager: Shutting down and abandoning module AdvancedPreviewScene (421)
[2019.01.14-15.00.00:210][142]LogModuleManager: Shutting down and abandoning module AnimGraph (419)
[2019.01.14-15.00.00:210][142]LogModuleManager: Shutting down and abandoning module Kismet (416)
[2019.01.14-15.00.00:214][142]LogModuleManager: Shutting down and abandoning module GraphEditor (414)
[2019.01.14-15.00.00:214][142]LogModuleManager: Shutting down and abandoning module ClassViewer (412)
[2019.01.14-15.00.00:214][142]LogModuleManager: Shutting down and abandoning module Toolbox (410)
[2019.01.14-15.00.00:214][142]LogModuleManager: Shutting down and abandoning module ModuleUI (408)
[2019.01.14-15.00.00:214][142]LogModuleManager: Shutting down and abandoning module MovieSceneTools (406)
[2019.01.14-15.00.00:215][142]LogModuleManager: Shutting down and abandoning module OutputLog (404)
[2019.01.14-15.00.00:215][142]LogModuleManager: Shutting down and abandoning module GammaUI (402)
[2019.01.14-15.00.00:215][142]LogModuleManager: Shutting down and abandoning module Documentation (400)
[2019.01.14-15.00.00:216][142]LogModuleManager: Shutting down and abandoning module MovieSceneTracks (398)
[2019.01.14-15.00.00:216][142]LogModuleManager: Shutting down and abandoning module MovieScene (396)
[2019.01.14-15.00.00:216][142]LogModuleManager: Shutting down and abandoning module StreamingPauseRendering (394)
[2019.01.14-15.00.00:216][142]LogModuleManager: Shutting down and abandoning module LauncherPlatform (392)
[2019.01.14-15.00.00:216][142]LogModuleManager: Shutting down and abandoning module AnalyticsET (390)
[2019.01.14-15.00.00:216][142]LogModuleManager: Shutting down and abandoning module PortalServices (388)
[2019.01.14-15.00.00:216][142]LogModuleManager: Shutting down and abandoning module PortalRpc (386)
[2019.01.14-15.00.00:216][142]LogModuleManager: Shutting down and abandoning module MessagingRpc (384)
[2019.01.14-15.00.00:216][142]LogModuleManager: Shutting down and abandoning module AIModule (382)
[2019.01.14-15.00.00:216][142]LogModuleManager: Shutting down and abandoning module GameplayDebugger (381)
[2019.01.14-15.00.00:216][142]LogModuleManager: Shutting down and abandoning module AITestSuite (379)
[2019.01.14-15.00.00:217][142]LogModuleManager: Shutting down and abandoning module DesktopPlatform (376)
[2019.01.14-15.00.00:217][142]LogModuleManager: Shutting down and abandoning module ProfilerService (374)
[2019.01.14-15.00.00:348][142]LogModuleManager: Shutting down and abandoning module TaskGraph (372)
[2019.01.14-15.00.00:349][142]LogModuleManager: Shutting down and abandoning module SteamVRController (370)
[2019.01.14-15.00.00:349][142]LogModuleManager: Shutting down and abandoning module ProceduralMeshComponentEditor (368)
[2019.01.14-15.00.00:349][142]LogModuleManager: Shutting down and abandoning module ProceduralMeshComponent (366)
[2019.01.14-15.00.00:349][142]LogModuleManager: Shutting down and abandoning module OculusInput (364)
[2019.01.14-15.00.00:349][142]LogModuleManager: Shutting down and abandoning module MobilePatchingUtils (362)
[2019.01.14-15.00.00:350][142]LogModuleManager: Shutting down and abandoning module CustomMeshComponent (360)
[2019.01.14-15.00.00:350][142]LogModuleManager: Shutting down and abandoning module CableComponent (358)
[2019.01.14-15.00.00:350][142]LogModuleManager: Shutting down and abandoning module AudioCapture (356)
[2019.01.14-15.00.00:350][142]LogModuleManager: Shutting down and abandoning module ArchVisCharacter (354)
[2019.01.14-15.00.00:350][142]LogModuleManager: Shutting down and abandoning module AndroidPermission (352)
[2019.01.14-15.00.00:350][142]LogModuleManager: Shutting down and abandoning module NUTUnrealEngine4 (348)
[2019.01.14-15.00.00:350][142]LogModuleManager: Shutting down and abandoning module NetcodeUnitTest (346)
[2019.01.14-15.00.00:351][142]LogModuleManager: Shutting down and abandoning module MediaCompositingEditor (344)
[2019.01.14-15.00.00:351][142]LogModuleManager: Shutting down and abandoning module MediaCompositing (342)
[2019.01.14-15.00.00:351][142]LogModuleManager: Shutting down and abandoning module LinearTimecode (340)
[2019.01.14-15.00.00:351][142]LogModuleManager: Shutting down and abandoning module ImgMedia (338)
[2019.01.14-15.00.00:353][142]LogModuleManager: Shutting down and abandoning module HTML5Networking (336)
[2019.01.14-15.00.00:353][142]LogModuleManager: Shutting down and abandoning module AlembicImporter (334)
[2019.01.14-15.00.00:354][142]LogModuleManager: Shutting down and abandoning module AlembicLibrary (333)
[2019.01.14-15.00.00:354][142]LogModuleManager: Shutting down and abandoning module GeometryCache (332)
[2019.01.14-15.00.00:354][142]LogModuleManager: Shutting down and abandoning module GeometryCacheEd (331)
[2019.01.14-15.00.00:354][142]LogModuleManager: Shutting down and abandoning module DatasmithContent (326)
[2019.01.14-15.00.00:354][142]LogModuleManager: Shutting down and abandoning module SpeedTreeImporter (324)
[2019.01.14-15.00.00:354][142]LogModuleManager: Shutting down and abandoning module PluginBrowser (322)
[2019.01.14-15.00.00:355][142]LogModuleManager: Shutting down and abandoning module MobileLauncherProfileWizard (320)
[2019.01.14-15.00.00:355][142]LogModuleManager: Shutting down and abandoning module CryptoKeysOpenSSL (318)
[2019.01.14-15.00.00:356][142]LogModuleManager: Shutting down and abandoning module CryptoKeys (316)
[2019.01.14-15.00.00:356][142]LogModuleManager: Shutting down and abandoning module VisualStudioSourceCodeAccess (314)
[2019.01.14-15.00.00:356][142]LogModuleManager: Shutting down and abandoning module VisualStudioCodeSourceCodeAccess (312)
[2019.01.14-15.00.00:356][142]LogModuleManager: Shutting down and abandoning module UObjectPlugin (310)
[2019.01.14-15.00.00:356][142]LogModuleManager: Shutting down and abandoning module SubversionSourceControl (308)
[2019.01.14-15.00.00:356][142]LogModuleManager: Shutting down and abandoning module PerforceSourceControl (306)
[2019.01.14-15.00.00:357][142]LogModuleManager: Shutting down and abandoning module GitSourceControl (304)
[2019.01.14-15.00.00:358][142]LogModuleManager: Shutting down and abandoning module SourceControl (303)
[2019.01.14-15.00.00:358][142]LogModuleManager: Shutting down and abandoning module CLionSourceCodeAccess (300)
[2019.01.14-15.00.00:359][142]LogModuleManager: Shutting down and abandoning module LightPropagationVolumeEditor (298)
[2019.01.14-15.00.00:359][142]LogModuleManager: Shutting down and abandoning module PaperTiledImporter (296)
[2019.01.14-15.00.00:359][142]LogModuleManager: Shutting down and abandoning module PaperSpriteSheetImporter (294)
[2019.01.14-15.00.00:359][142]LogModuleManager: Shutting down and abandoning module Paper2DEditor (292)
[2019.01.14-15.00.00:359][142]LogModuleManager: Shutting down and abandoning module MeshPaint (291)
[2019.01.14-15.00.00:360][142]LogModuleManager: Shutting down and abandoning module RuntimePhysXCooking (288)
[2019.01.14-15.00.00:360][142]LogModuleManager: Shutting down and abandoning module PhysXVehiclesEditor (286)
[2019.01.14-15.00.00:360][142]LogModuleManager: Shutting down and abandoning module PhysXVehicles (284)
[2019.01.14-15.00.00:360][142]LogModuleManager: Shutting down and abandoning module OculusEditor (282)
[2019.01.14-15.00.00:360][142]LogModuleManager: Shutting down and abandoning module LocationServicesBPLibrary (280)
[2019.01.14-15.00.00:360][142]LogModuleManager: Shutting down and abandoning module ImmediatePhysicsEditor (278)
[2019.01.14-15.00.00:360][142]LogModuleManager: Shutting down and abandoning module ImmediatePhysics (276)
[2019.01.14-15.00.00:360][142]LogModuleManager: Shutting down and abandoning module ActorSequence (274)
[2019.01.14-15.00.00:360][142]LogModuleManager: Shutting down and abandoning module UdpMessaging (272)
[2019.01.14-15.00.00:461][142]LogModuleManager: Shutting down and abandoning module TcpMessaging (270)
[2019.01.14-15.00.00:561][142]LogModuleManager: Shutting down and abandoning module GameplayTagsEditor (268)
[2019.01.14-15.00.00:561][142]LogModuleManager: Shutting down and abandoning module FacialAnimationEditor (266)
[2019.01.14-15.00.00:561][142]LogModuleManager: Shutting down and abandoning module FacialAnimation (264)
[2019.01.14-15.00.00:561][142]LogModuleManager: Shutting down and abandoning module DataValidation (262)
[2019.01.14-15.00.00:561][142]LogModuleManager: Shutting down and abandoning module AssetManagerEditor (260)
[2019.01.14-15.00.00:562][142]LogModuleManager: Shutting down and abandoning module LevelEditor (259)
[2019.01.14-15.00.00:563][142]LogModuleManager: Shutting down and abandoning module PixelInspectorModule (258)
[2019.01.14-15.00.00:563][142]LogModuleManager: Shutting down and abandoning module CommonMenuExtensions (256)
[2019.01.14-15.00.00:563][142]LogModuleManager: Shutting down and abandoning module MainFrame (254)
[2019.01.14-15.00.00:563][142]LogModuleManager: Shutting down and abandoning module HotReload (253)
[2019.01.14-15.00.00:564][142]LogModuleManager: Shutting down and abandoning module ContentBrowser (249)
[2019.01.14-15.00.00:564][142]LogModuleManager: Shutting down and abandoning module TreeMap (247)
[2019.01.14-15.00.00:565][142]LogModuleManager: Shutting down and abandoning module LightPropagationVolumeRuntime (244)
[2019.01.14-15.00.00:565][142]LogModuleManager: Shutting down and abandoning module LiveLinkEditor (242)
[2019.01.14-15.00.00:565][142]LogModuleManager: Shutting down and abandoning module LiveLink (240)
[2019.01.14-15.00.01:065][142]LogModuleManager: Shutting down and abandoning module Paper2D (238)
[2019.01.14-15.00.01:066][142]LogModuleManager: Shutting down and abandoning module WindowsMoviePlayer (236)
[2019.01.14-15.00.01:066][142]LogModuleManager: Shutting down and abandoning module WmfMedia (234)
[2019.01.14-15.00.01:067][142]LogModuleManager: Shutting down and abandoning module Media (233)
[2019.01.14-15.00.01:073][142]LogModuleManager: Shutting down and abandoning module PacketHandler (230)
[2019.01.14-15.00.01:073][142]LogModuleManager: Shutting down and abandoning module ClothingSystemEditor (228)
[2019.01.14-15.00.01:073][142]LogModuleManager: Shutting down and abandoning module ClothingSystemRuntime (226)
[2019.01.14-15.00.01:073][142]LogModuleManager: Shutting down and abandoning module MediaAssets (224)
[2019.01.14-15.00.01:074][142]LogModuleManager: Shutting down and abandoning module Overlay (222)
[2019.01.14-15.00.01:074][142]LogModuleManager: Shutting down and abandoning module OverlayEditor (221)
[2019.01.14-15.00.01:074][142]LogModuleManager: Shutting down and abandoning module VREditor (218)
[2019.01.14-15.00.01:074][142]LogModuleManager: Shutting down and abandoning module StringTableEditor (216)
[2019.01.14-15.00.01:074][142]LogModuleManager: Shutting down and abandoning module GameplayTasksEditor (214)
[2019.01.14-15.00.01:074][142]LogModuleManager: Shutting down and abandoning module BehaviorTreeEditor (212)
[2019.01.14-15.00.01:076][142]LogModuleManager: Shutting down and abandoning module FunctionalTesting (210)
[2019.01.14-15.00.01:076][142]LogModuleManager: Shutting down and abandoning module CollisionAnalyzer (208)
[2019.01.14-15.00.01:078][142]LogModuleManager: Shutting down and abandoning module WorkspaceMenuStructure (207)
[2019.01.14-15.00.01:078][142]LogModuleManager: Shutting down and abandoning module UMG (204)
[2019.01.14-15.00.01:078][142]LogModuleManager: Shutting down and abandoning module UMGEditor (203)
[2019.01.14-15.00.01:080][142]LogModuleManager: Shutting down and abandoning module Sequencer (202)
[2019.01.14-15.00.01:080][142]LogModuleManager: Shutting down and abandoning module MessageLog (199)
[2019.01.14-15.00.01:080][142]LogModuleManager: Shutting down and abandoning module SlateReflector (194)
[2019.01.14-15.00.01:082][142]LogModuleManager: Shutting down and abandoning module Slate (192)
[2019.01.14-15.00.01:082][142]LogModuleManager: Shutting down and abandoning module EditorStyle (190)
[2019.01.14-15.00.01:083][142]LogModuleManager: Shutting down and abandoning module MRMesh (188)
[2019.01.14-15.00.01:083][142]LogModuleManager: Shutting down and abandoning module SourceCodeAccess (186)
[2019.01.14-15.00.01:083][142]LogModuleManager: Shutting down and abandoning module HeadMountedDisplay (184)
[2019.01.14-15.00.01:084][142]LogModuleManager: Shutting down and abandoning module XAudio2 (182)
[2019.01.14-15.00.01:084][142]LogModuleManager: Shutting down and abandoning module Networking (180)
[2019.01.14-15.00.01:084][142]LogModuleManager: Shutting down and abandoning module Core (178)
[2019.01.14-15.00.01:084][142]LogModuleManager: Shutting down and abandoning module LevelSequence (176)
[2019.01.14-15.00.01:084][142]LogModuleManager: Shutting down and abandoning module KismetCompiler (174)
[2019.01.14-15.00.01:084][142]LogModuleManager: Shutting down and abandoning module MeshUtilities (172)
[2019.01.14-15.00.01:084][142]LogModuleManager: Shutting down and abandoning module MeshMergeUtilities (171)
[2019.01.14-15.00.01:084][142]LogModuleManager: Shutting down and abandoning module MeshReductionInterface (170)
[2019.01.14-15.00.01:084][142]LogModuleManager: Shutting down and abandoning module SimplygonSwarm (169)
[2019.01.14-15.00.01:085][142]LogModuleManager: Shutting down and abandoning module SimplygonMeshReduction (167)
[2019.01.14-15.00.01:085][142]LogModuleManager: Shutting down and abandoning module QuadricMeshReduction (165)
[2019.01.14-15.00.01:085][142]LogModuleManager: Shutting down and abandoning module MaterialBaking (161)
[2019.01.14-15.00.01:085][142]LogModuleManager: Shutting down and abandoning module DirectoryWatcher (157)
[2019.01.14-15.00.01:087][142]LogModuleManager: Shutting down and abandoning module DerivedDataCache (154)
[2019.01.14-15.00.01:107][142]LogDerivedDataCache: Shutdown
[2019.01.14-15.00.01:107][142]LogModuleManager: Shutting down and abandoning module XGEController (152)
[2019.01.14-15.00.01:107][142]LogXGEController: Cleaning working directory: C:/Users/W.Z/AppData/Local/Temp/UnrealXGEWorkingDir/
[2019.01.14-15.00.01:107][142]LogModuleManager: Shutting down and abandoning module TargetPlatform (150)
[2019.01.14-15.00.01:107][142]LogModuleManager: Shutting down and abandoning module VulkanShaderFormat (149)
[2019.01.14-15.00.01:108][142]LogModuleManager: Shutting down and abandoning module ShaderFormatVectorVM (147)
[2019.01.14-15.00.01:108][142]LogModuleManager: Shutting down and abandoning module ShaderFormatOpenGL (145)
[2019.01.14-15.00.01:108][142]LogModuleManager: Shutting down and abandoning module ShaderFormatD3D (143)
[2019.01.14-15.00.01:109][142]LogModuleManager: Shutting down and abandoning module MetalShaderFormat (141)
[2019.01.14-15.00.01:109][142]LogModuleManager: Shutting down and abandoning module TextureFormatUncompressed (139)
[2019.01.14-15.00.01:109][142]LogModuleManager: Shutting down and abandoning module TextureFormatPVR (137)
[2019.01.14-15.00.01:109][142]LogModuleManager: Shutting down and abandoning module TextureFormatDXT (135)
[2019.01.14-15.00.01:109][142]LogModuleManager: Shutting down and abandoning module TextureFormatIntelISPCTexComp (133)
[2019.01.14-15.00.01:110][142]LogModuleManager: Shutting down and abandoning module TextureFormatASTC (131)
[2019.01.14-15.00.01:110][142]LogModuleManager: Shutting down and abandoning module ImageWrapper (130)
[2019.01.14-15.00.01:110][142]LogModuleManager: Shutting down and abandoning module TextureFormatAndroid (127)
[2019.01.14-15.00.01:110][142]LogModuleManager: Shutting down and abandoning module AudioFormatOpus (125)
[2019.01.14-15.00.01:110][142]LogModuleManager: Shutting down and abandoning module AudioFormatOgg (123)
[2019.01.14-15.00.01:110][142]LogModuleManager: Shutting down and abandoning module AudioFormatADPCM (121)
[2019.01.14-15.00.01:110][142]LogModuleManager: Shutting down and abandoning module LinuxTargetPlatform (119)
[2019.01.14-15.00.01:110][142]LogModuleManager: Shutting down and abandoning module LinuxServerTargetPlatform (117)
[2019.01.14-15.00.01:110][142]LogModuleManager: Shutting down and abandoning module LinuxNoEditorTargetPlatform (115)
[2019.01.14-15.00.01:110][142]LogModuleManager: Shutting down and abandoning module LinuxClientTargetPlatform (113)
[2019.01.14-15.00.01:110][142]LogModuleManager: Shutting down and abandoning module TVOSTargetPlatform (111)
[2019.01.14-15.00.01:110][142]LogModuleManager: Shutting down and abandoning module Messaging (109)
[2019.01.14-15.00.01:110][142]LogModuleManager: Shutting down and abandoning module IOSTargetPlatform (107)
[2019.01.14-15.00.01:110][142]LogModuleManager: Shutting down and abandoning module HTML5TargetPlatform (105)
[2019.01.14-15.00.01:110][142]LogModuleManager: Shutting down and abandoning module AndroidTargetPlatform (103)
[2019.01.14-15.00.01:110][142]LogModuleManager: Shutting down and abandoning module Android_PVRTCTargetPlatform (101)
[2019.01.14-15.00.01:110][142]LogModuleManager: Shutting down and abandoning module Android_MultiTargetPlatform (99)
[2019.01.14-15.00.01:110][142]LogModuleManager: Shutting down and abandoning module Android_ETC2TargetPlatform (97)
[2019.01.14-15.00.01:110][142]LogModuleManager: Shutting down and abandoning module Android_ETC1TargetPlatform (95)
[2019.01.14-15.00.01:110][142]LogModuleManager: Shutting down and abandoning module Android_ETC1aTargetPlatform (93)
[2019.01.14-15.00.01:110][142]LogModuleManager: Shutting down and abandoning module Android_DXTTargetPlatform (91)
[2019.01.14-15.00.01:110][142]LogModuleManager: Shutting down and abandoning module Android_ATCTargetPlatform (89)
[2019.01.14-15.00.01:110][142]LogModuleManager: Shutting down and abandoning module Android_ASTCTargetPlatform (87)
[2019.01.14-15.00.01:110][142]LogModuleManager: Shutting down and abandoning module WindowsTargetPlatform (85)
[2019.01.14-15.00.01:110][142]LogModuleManager: Shutting down and abandoning module WindowsServerTargetPlatform (83)
[2019.01.14-15.00.01:110][142]LogModuleManager: Shutting down and abandoning module WindowsNoEditorTargetPlatform (81)
[2019.01.14-15.00.01:110][142]LogModuleManager: Shutting down and abandoning module WindowsClientTargetPlatform (79)
[2019.01.14-15.00.01:110][142]LogModuleManager: Shutting down and abandoning module MacTargetPlatform (77)
[2019.01.14-15.00.01:110][142]LogModuleManager: Shutting down and abandoning module MacServerTargetPlatform (75)
[2019.01.14-15.00.01:110][142]LogModuleManager: Shutting down and abandoning module MacNoEditorTargetPlatform (73)
[2019.01.14-15.00.01:110][142]LogModuleManager: Shutting down and abandoning module MacClientTargetPlatform (71)
[2019.01.14-15.00.01:110][142]LogModuleManager: Shutting down and abandoning module AllDesktopTargetPlatform (69)
[2019.01.14-15.00.01:110][142]LogModuleManager: Shutting down and abandoning module InputCore (66)
[2019.01.14-15.00.01:110][142]LogModuleManager: Shutting down and abandoning module Settings (64)
[2019.01.14-15.00.01:110][142]LogModuleManager: Shutting down and abandoning module PhysXCooking (62)
[2019.01.14-15.00.01:110][142]LogModuleManager: Shutting down and abandoning module SteamVR (60)
[2019.01.14-15.00.01:110][142]LogModuleManager: Shutting down and abandoning module OculusHMD (58)
[2019.01.14-15.00.01:110][142]LogModuleManager: Shutting down and abandoning module ExampleDeviceProfileSelector (56)
[2019.01.14-15.00.01:110][142]LogModuleManager: Shutting down and abandoning module AppleARKit (54)
[2019.01.14-15.00.01:110][142]LogModuleManager: Shutting down and abandoning module AugmentedReality (51)
[2019.01.14-15.00.01:110][142]LogModuleManager: Shutting down and abandoning module OnlineBlueprintSupport (48)
[2019.01.14-15.00.01:110][142]LogModuleManager: Shutting down and abandoning module OnlineSubsystem (44)
[2019.01.14-15.00.01:112][142]LogModuleManager: Shutting down and abandoning module XMPP (43)
[2019.01.14-15.00.01:113][142]LogModuleManager: Shutting down and abandoning module HTTP (41)
[2019.01.14-15.00.01:113][142]LogHttp: Display: Http module shutting down, but needs to wait on 1 outstanding Http requests:
[2019.01.14-15.00.01:113][142]LogHttp: Display: 	verb=[POST] url=[https://datarouter.ol.epicgames.com/datarouter/api/v1/public/data?SessionID=%7B6BAF3310-4F7F-E8BF-B460-1FA163381032%7D&AppID=UEEditor.Rocket.Release&AppVersion=4.19.2-4033788%2B%2B%2BUE4%2BRelease-4.19&UserID=cddf727c45fe6909b4b386953108c4bb%7C81960cdfb0dd40f9a24ad723c9fb28e5%7Cd4afb290-0dc3-4853-a529-ad761f552ef5&AppEnvironment=datacollector-binary&UploadType=eteventstream] status=Processing
[2019.01.14-15.00.01:136][142]LogModuleManager: Shutting down and abandoning module SSL (40)
[2019.01.14-15.00.01:138][142]LogModuleManager: Shutting down and abandoning module AnimationModifiers (36)
[2019.01.14-15.00.01:138][142]LogModuleManager: Shutting down and abandoning module PropertyEditor (35)
[2019.01.14-15.00.01:139][142]LogModuleManager: Shutting down and abandoning module AudioEditor (32)
[2019.01.14-15.00.01:139][142]LogModuleManager: Shutting down and abandoning module TextureCompressor (30)
[2019.01.14-15.00.01:139][142]LogModuleManager: Shutting down and abandoning module ShaderCore (28)
[2019.01.14-15.00.01:139][142]LogModuleManager: Shutting down and abandoning module Landscape (26)
[2019.01.14-15.00.01:139][142]LogModuleManager: Shutting down and abandoning module SlateRHIRenderer (24)
[2019.01.14-15.00.01:141][142]LogModuleManager: Shutting down and abandoning module OpenGLDrv (22)
[2019.01.14-15.00.01:141][142]LogModuleManager: Shutting down and abandoning module D3D11RHI (20)
[2019.01.14-15.00.01:141][142]LogModuleManager: Shutting down and abandoning module AnimGraphRuntime (18)
[2019.01.14-15.00.01:142][142]LogModuleManager: Shutting down and abandoning module Renderer (16)
[2019.01.14-15.00.01:142][142]LogModuleManager: Shutting down and abandoning module Engine (14)
[2019.01.14-15.00.01:142][142]LogModuleManager: Shutting down and abandoning module CoreUObject (12)
[2019.01.14-15.00.01:142][142]LogModuleManager: Shutting down and abandoning module NetworkFile (10)
[2019.01.14-15.00.01:142][142]LogModuleManager: Shutting down and abandoning module CookedIterativeFile (8)
[2019.01.14-15.00.01:142][142]LogModuleManager: Shutting down and abandoning module StreamingFile (6)
[2019.01.14-15.00.01:142][142]LogModuleManager: Shutting down and abandoning module SandboxFile (4)
[2019.01.14-15.00.01:142][142]LogModuleManager: Shutting down and abandoning module PakFile (2)
[2019.01.14-15.00.01:147][142]LogExit: Exiting.
[2019.01.14-15.00.01:155][142]Log file closed, 01/14/19 16:00:01
