Log file open, 01/15/19 16:02:27
LogWindows: Failed to load 'aqProf.dll' (GetLastError=126)
LogWindows: File 'aqProf.dll' does not exist
LogWindows: Failed to load 'VtuneApi.dll' (GetLastError=126)
LogWindows: File 'VtuneApi.dll' does not exist
LogWindows: Failed to load 'VtuneApi32e.dll' (GetLastError=126)
LogWindows: File 'VtuneApi32e.dll' does not exist
LogInit: Display: Running engine for game: EX7_Waldemar_Zeitler
LogPlatformFile: Not using cached read wrapper
LogInit: Display: RandInit(-494528624) SRandInit(-494528624).
LogInit: Read version file with build ID '3944462'
LogInit: Overriding engine version to CL 4033788, compatible CL 3944462
LogInit: Registered custom module enumerator with build ID '3944462'
LogTaskGraph: Started task graph with 5 named threads and 23 total threads with 3 sets of task threads.
LogStats: Stats thread started at 0.284154
LogD3D11RHI: Aftermath initialized
LogICUInternationalization: Display: ICU TimeZone Detection - Raw Offset: +1:00, Platform Override: ''
LogModuleManager: Display: Found up-to-date module file ../../../Engine/Plugins/2D/Paper2D/Binaries/Win64/UE4Editor-Paper2D.dll (API version 3944462).
LogModuleManager: Display: Found up-to-date module file ../../../Engine/Plugins/2D/Paper2D/Binaries/Win64/UE4Editor-Paper2DEditor.dll (API version 3944462).
LogModuleManager: Display: Found up-to-date module file ../../../Engine/Plugins/2D/Paper2D/Binaries/Win64/UE4Editor-PaperSpriteSheetImporter.dll (API version 3944462).
LogModuleManager: Display: Found up-to-date module file ../../../Engine/Plugins/2D/Paper2D/Binaries/Win64/UE4Editor-PaperTiledImporter.dll (API version 3944462).
LogModuleManager: Display: Found up-to-date module file ../../../Engine/Plugins/2D/Paper2D/Binaries/Win64/UE4Editor-SmartSnapping.dll (API version 3944462).
LogModuleManager: Display: Found up-to-date module file ../../../Engine/Plugins/Blendables/LightPropagationVolume/Binaries/Win64/UE4Editor-LightPropagationVolumeRuntime.dll (API version 3944462).
LogModuleManager: Display: Found up-to-date module file ../../../Engine/Plugins/Blendables/LightPropagationVolume/Binaries/Win64/UE4Editor-LightPropagationVolumeEditor.dll (API version 3944462).
LogModuleManager: Display: Found up-to-date module file ../../../Engine/Plugins/Developer/CLionSourceCodeAccess/Binaries/Win64/UE4Editor-CLionSourceCodeAccess.dll (API version 3944462).
LogModuleManager: Display: Found up-to-date module file ../../../Engine/Plugins/Developer/GitSourceControl/Binaries/Win64/UE4Editor-GitSourceControl.dll (API version 3944462).
LogModuleManager: Display: Found up-to-date module file ../../../Engine/Plugins/Developer/PerforceSourceControl/Binaries/Win64/UE4Editor-PerforceSourceControl.dll (API version 3944462).
LogModuleManager: Display: Found up-to-date module file ../../../Engine/Plugins/Developer/SubversionSourceControl/Binaries/Win64/UE4Editor-SubversionSourceControl.dll (API version 3944462).
LogModuleManager: Display: Found up-to-date module file ../../../Engine/Plugins/Developer/UObjectPlugin/Binaries/Win64/UE4Editor-UObjectPlugin.dll (API version 3944462).
LogModuleManager: Display: Found up-to-date module file ../../../Engine/Plugins/Developer/VisualStudioCodeSourceCodeAccess/Binaries/Win64/UE4Editor-VisualStudioCodeSourceCodeAccess.dll (API version 3944462).
LogModuleManager: Display: Found up-to-date module file ../../../Engine/Plugins/Developer/VisualStudioSourceCodeAccess/Binaries/Win64/UE4Editor-VisualStudioSourceCodeAccess.dll (API version 3944462).
LogModuleManager: Display: Found up-to-date module file ../../../Engine/Plugins/Editor/AssetManagerEditor/Binaries/Win64/UE4Editor-AssetManagerEditor.dll (API version 3944462).
LogModuleManager: Display: Found up-to-date module file ../../../Engine/Plugins/Editor/CryptoKeys/Binaries/Win64/UE4Editor-CryptoKeys.dll (API version 3944462).
LogModuleManager: Display: Found up-to-date module file ../../../Engine/Plugins/Editor/CryptoKeys/Binaries/Win64/UE4Editor-CryptoKeysOpenSSL.dll (API version 3944462).
LogModuleManager: Display: Found up-to-date module file ../../../Engine/Plugins/Editor/DataValidation/Binaries/Win64/UE4Editor-DataValidation.dll (API version 3944462).
LogModuleManager: Display: Found up-to-date module file ../../../Engine/Plugins/Editor/FacialAnimation/Binaries/Win64/UE4Editor-FacialAnimation.dll (API version 3944462).
LogModuleManager: Display: Found up-to-date module file ../../../Engine/Plugins/Editor/FacialAnimation/Binaries/Win64/UE4Editor-FacialAnimationEditor.dll (API version 3944462).
LogModuleManager: Display: Found up-to-date module file ../../../Engine/Plugins/Editor/GameplayTagsEditor/Binaries/Win64/UE4Editor-GameplayTagsEditor.dll (API version 3944462).
LogModuleManager: Display: Found up-to-date module file ../../../Engine/Plugins/Editor/MobileLauncherProfileWizard/Binaries/Win64/UE4Editor-MobileLauncherProfileWizard.dll (API version 3944462).
LogModuleManager: Display: Found up-to-date module file ../../../Engine/Plugins/Editor/PluginBrowser/Binaries/Win64/UE4Editor-PluginBrowser.dll (API version 3944462).
LogModuleManager: Display: Found up-to-date module file ../../../Engine/Plugins/Editor/SpeedTreeImporter/Binaries/Win64/UE4Editor-SpeedTreeImporter.dll (API version 3944462).
LogModuleManager: Display: Found up-to-date module file ../../../Engine/Plugins/Enterprise/DatasmithContent/Binaries/Win64/UE4Editor-DatasmithContent.dll (API version 3944462).
LogModuleManager: Display: Found up-to-date module file ../../../Engine/Plugins/Experimental/AlembicImporter/Binaries/Win64/UE4Editor-AlembicImporter.dll (API version 3944462).
LogModuleManager: Display: Found up-to-date module file ../../../Engine/Plugins/Experimental/AlembicImporter/Binaries/Win64/UE4Editor-AlembicLibrary.dll (API version 3944462).
LogModuleManager: Display: Found up-to-date module file ../../../Engine/Plugins/Experimental/CharacterAI/Binaries/Win64/UE4Editor-CharacterAI.dll (API version 3944462).
LogModuleManager: Display: Found up-to-date module file ../../../Engine/Plugins/Experimental/HTML5Networking/Binaries/Win64/UE4Editor-HTML5Networking.dll (API version 3944462).
LogModuleManager: Display: Found up-to-date module file ../../../Engine/Plugins/Media/AndroidMedia/Binaries/Win64/UE4Editor-AndroidMediaEditor.dll (API version 3944462).
LogModuleManager: Display: Found up-to-date module file ../../../Engine/Plugins/Media/AndroidMedia/Binaries/Win64/UE4Editor-AndroidMediaFactory.dll (API version 3944462).
LogModuleManager: Display: Found up-to-date module file ../../../Engine/Plugins/Media/AvfMedia/Binaries/Win64/UE4Editor-AvfMediaEditor.dll (API version 3944462).
LogModuleManager: Display: Found up-to-date module file ../../../Engine/Plugins/Media/AvfMedia/Binaries/Win64/UE4Editor-AvfMediaFactory.dll (API version 3944462).
LogModuleManager: Display: Found up-to-date module file ../../../Engine/Plugins/Media/AvfMedia/Binaries/Win64/UE4Editor-AvfMediaFactory.dll (API version 3944462).
LogModuleManager: Display: Found up-to-date module file ../../../Engine/Plugins/Media/ImgMedia/Binaries/Win64/UE4Editor-ImgMedia.dll (API version 3944462).
LogModuleManager: Display: Found up-to-date module file ../../../Engine/Plugins/Media/ImgMedia/Binaries/Win64/UE4Editor-ImgMediaEditor.dll (API version 3944462).
LogModuleManager: Display: Found up-to-date module file ../../../Engine/Plugins/Media/ImgMedia/Binaries/Win64/UE4Editor-ImgMediaFactory.dll (API version 3944462).
LogModuleManager: Display: Found up-to-date module file ../../../Engine/Plugins/Media/ImgMedia/Binaries/Win64/UE4Editor-ImgMediaFactory.dll (API version 3944462).
LogModuleManager: Display: Found up-to-date module file ../../../Engine/Plugins/Media/ImgMedia/Binaries/Win64/UE4Editor-OpenExrWrapper.dll (API version 3944462).
LogModuleManager: Display: Found up-to-date module file ../../../Engine/Plugins/Media/LinearTimecode/Binaries/Win64/UE4Editor-LinearTimecode.dll (API version 3944462).
LogModuleManager: Display: Found up-to-date module file ../../../Engine/Plugins/Media/MediaCompositing/Binaries/Win64/UE4Editor-MediaCompositing.dll (API version 3944462).
LogModuleManager: Display: Found up-to-date module file ../../../Engine/Plugins/Media/MediaCompositing/Binaries/Win64/UE4Editor-MediaCompositingEditor.dll (API version 3944462).
LogModuleManager: Display: Found up-to-date module file ../../../Engine/Plugins/Media/MediaPlayerEditor/Binaries/Win64/UE4Editor-MediaPlayerEditor.dll (API version 3944462).
LogModuleManager: Display: Found up-to-date module file ../../../Engine/Plugins/Media/WmfMedia/Binaries/Win64/UE4Editor-WmfMedia.dll (API version 3944462).
LogModuleManager: Display: Found up-to-date module file ../../../Engine/Plugins/Media/WmfMedia/Binaries/Win64/UE4Editor-WmfMediaEditor.dll (API version 3944462).
LogModuleManager: Display: Found up-to-date module file ../../../Engine/Plugins/Media/WmfMedia/Binaries/Win64/UE4Editor-WmfMediaFactory.dll (API version 3944462).
LogModuleManager: Display: Found up-to-date module file ../../../Engine/Plugins/Media/WmfMedia/Binaries/Win64/UE4Editor-WmfMediaFactory.dll (API version 3944462).
LogModuleManager: Display: Found up-to-date module file ../../../Engine/Plugins/Messaging/TcpMessaging/Binaries/Win64/UE4Editor-TcpMessaging.dll (API version 3944462).
LogModuleManager: Display: Found up-to-date module file ../../../Engine/Plugins/Messaging/UdpMessaging/Binaries/Win64/UE4Editor-UdpMessaging.dll (API version 3944462).
LogModuleManager: Display: Found up-to-date module file ../../../Engine/Plugins/MovieScene/ActorSequence/Binaries/Win64/UE4Editor-ActorSequence.dll (API version 3944462).
LogModuleManager: Display: Found up-to-date module file ../../../Engine/Plugins/MovieScene/LevelSequenceEditor/Binaries/Win64/UE4Editor-LevelSequenceEditor.dll (API version 3944462).
LogModuleManager: Display: Found up-to-date module file ../../../Engine/Plugins/MovieScene/MatineeToLevelSequence/Binaries/Win64/UE4Editor-MatineeToLevelSequence.dll (API version 3944462).
LogModuleManager: Display: Found up-to-date module file ../../../Engine/Plugins/NetcodeUnitTest/NetcodeUnitTest/Binaries/Win64/UE4Editor-NetcodeUnitTest.dll (API version 3944462).
LogModuleManager: Display: Found up-to-date module file ../../../Engine/Plugins/NetcodeUnitTest/NUTUnrealEngine4/Binaries/Win64/UE4Editor-NUTUnrealEngine4.dll (API version 3944462).
LogModuleManager: Display: Found up-to-date module file ../../../Engine/Plugins/Online/OnlineSubsystem/Binaries/Win64/UE4Editor-OnlineSubsystem.dll (API version 3944462).
LogModuleManager: Display: Found up-to-date module file ../../../Engine/Plugins/Runtime/AndroidPermission/Binaries/Win64/UE4Editor-AndroidPermission.dll (API version 3944462).
LogModuleManager: Display: Found up-to-date module file ../../../Engine/Plugins/Online/OnlineSubsystemNull/Binaries/Win64/UE4Editor-OnlineSubsystemNull.dll (API version 3944462).
LogModuleManager: Display: Found up-to-date module file ../../../Engine/Plugins/Online/OnlineSubsystemUtils/Binaries/Win64/UE4Editor-OnlineSubsystemUtils.dll (API version 3944462).
LogModuleManager: Display: Found up-to-date module file ../../../Engine/Plugins/Online/OnlineSubsystemUtils/Binaries/Win64/UE4Editor-OnlineBlueprintSupport.dll (API version 3944462).
LogModuleManager: Display: Found up-to-date module file ../../../Engine/Plugins/Runtime/AndroidDeviceProfileSelector/Binaries/Win64/UE4Editor-AndroidDeviceProfileSelector.dll (API version 3944462).
LogModuleManager: Display: Found up-to-date module file ../../../Engine/Plugins/Runtime/AppleARKit/Binaries/Win64/UE4Editor-AppleARKit.dll (API version 3944462).
LogModuleManager: Display: Found up-to-date module file ../../../Engine/Plugins/Runtime/ProceduralMeshComponent/Binaries/Win64/UE4Editor-ProceduralMeshComponent.dll (API version 3944462).
LogModuleManager: Display: Found up-to-date module file ../../../Engine/Plugins/Runtime/ProceduralMeshComponent/Binaries/Win64/UE4Editor-ProceduralMeshComponentEditor.dll (API version 3944462).
LogModuleManager: Display: Found up-to-date module file ../../../Engine/Plugins/Animation/LiveLink/Binaries/Win64/UE4Editor-LiveLink.dll (API version 3944462).
LogModuleManager: Display: Found up-to-date module file ../../../Engine/Plugins/Animation/LiveLink/Binaries/Win64/UE4Editor-LiveLinkEditor.dll (API version 3944462).
LogModuleManager: Display: Found up-to-date module file ../../../Engine/Plugins/Runtime/ArchVisCharacter/Binaries/Win64/UE4Editor-ArchVisCharacter.dll (API version 3944462).
LogModuleManager: Display: Found up-to-date module file ../../../Engine/Plugins/Runtime/AudioCapture/Binaries/Win64/UE4Editor-AudioCapture.dll (API version 3944462).
LogModuleManager: Display: Found up-to-date module file ../../../Engine/Plugins/Runtime/AudioCapture/Binaries/Win64/UE4Editor-AudioCaptureEditor.dll (API version 3944462).
LogModuleManager: Display: Found up-to-date module file ../../../Engine/Plugins/Runtime/CableComponent/Binaries/Win64/UE4Editor-CableComponent.dll (API version 3944462).
LogModuleManager: Display: Found up-to-date module file ../../../Engine/Plugins/Runtime/CustomMeshComponent/Binaries/Win64/UE4Editor-CustomMeshComponent.dll (API version 3944462).
LogModuleManager: Display: Found up-to-date module file ../../../Engine/Plugins/Runtime/ExampleDeviceProfileSelector/Binaries/Win64/UE4Editor-ExampleDeviceProfileSelector.dll (API version 3944462).
LogModuleManager: Display: Found up-to-date module file ../../../Engine/Plugins/Runtime/ImmediatePhysics/Binaries/Win64/UE4Editor-ImmediatePhysics.dll (API version 3944462).
LogModuleManager: Display: Found up-to-date module file ../../../Engine/Plugins/Runtime/ImmediatePhysics/Binaries/Win64/UE4Editor-ImmediatePhysicsEditor.dll (API version 3944462).
LogModuleManager: Display: Found up-to-date module file ../../../Engine/Plugins/Runtime/LocationServicesBPLibrary/Binaries/Win64/UE4Editor-LocationServicesBPLibrary.dll (API version 3944462).
LogModuleManager: Display: Found up-to-date module file ../../../Engine/Plugins/Runtime/MobilePatchingUtils/Binaries/Win64/UE4Editor-MobilePatchingUtils.dll (API version 3944462).
LogModuleManager: Display: Found up-to-date module file ../../../Engine/Plugins/Runtime/Oculus/OculusVR/Binaries/Win64/UE4Editor-OculusHMD.dll (API version 3944462).
LogModuleManager: Display: Found up-to-date module file ../../../Engine/Plugins/Runtime/Oculus/OculusVR/Binaries/Win64/UE4Editor-OculusInput.dll (API version 3944462).
LogModuleManager: Display: Found up-to-date module file ../../../Engine/Plugins/Runtime/Oculus/OculusVR/Binaries/Win64/UE4Editor-OculusEditor.dll (API version 3944462).
LogModuleManager: Display: Found up-to-date module file ../../../Engine/Plugins/Runtime/PhysXVehicles/Binaries/Win64/UE4Editor-PhysXVehicles.dll (API version 3944462).
LogModuleManager: Display: Found up-to-date module file ../../../Engine/Plugins/Runtime/PhysXVehicles/Binaries/Win64/UE4Editor-PhysXVehiclesEditor.dll (API version 3944462).
LogModuleManager: Display: Found up-to-date module file ../../../Engine/Plugins/Runtime/RuntimePhysXCooking/Binaries/Win64/UE4Editor-RuntimePhysXCooking.dll (API version 3944462).
LogModuleManager: Display: Found up-to-date module file ../../../Engine/Plugins/Runtime/Steam/SteamVR/Binaries/Win64/UE4Editor-SteamVR.dll (API version 3944462).
LogModuleManager: Display: Found up-to-date module file ../../../Engine/Plugins/Runtime/Steam/SteamVR/Binaries/Win64/UE4Editor-SteamVRController.dll (API version 3944462).
LogModuleManager: Display: Found up-to-date module file ../../../Engine/Plugins/Runtime/WindowsMoviePlayer/Binaries/Win64/UE4Editor-WindowsMoviePlayer.dll (API version 3944462).
LogPluginManager: Mounting plugin Paper2D
LogPluginManager: Mounting plugin LiveLink
LogPluginManager: Mounting plugin LightPropagationVolume
LogPluginManager: Mounting plugin CLionSourceCodeAccess
LogPluginManager: Mounting plugin CodeLiteSourceCodeAccess
LogPluginManager: Mounting plugin GitSourceControl
LogPluginManager: Mounting plugin KDevelopSourceCodeAccess
LogPluginManager: Mounting plugin NullSourceCodeAccess
LogPluginManager: Mounting plugin PerforceSourceControl
LogPluginManager: Mounting plugin SubversionSourceControl
LogPluginManager: Mounting plugin UObjectPlugin
LogPluginManager: Mounting plugin VisualStudioCodeSourceCodeAccess
LogPluginManager: Mounting plugin VisualStudioSourceCodeAccess
LogPluginManager: Mounting plugin XCodeSourceCodeAccess
LogPluginManager: Mounting plugin AssetManagerEditor
LogPluginManager: Mounting plugin CryptoKeys
LogPluginManager: Mounting plugin DataValidation
LogPluginManager: Mounting plugin FacialAnimation
LogPluginManager: Mounting plugin GameplayTagsEditor
LogPluginManager: Mounting plugin MobileLauncherProfileWizard
LogPluginManager: Mounting plugin PluginBrowser
LogPluginManager: Mounting plugin SpeedTreeImporter
LogPluginManager: Mounting plugin DatasmithContent
LogPluginManager: Mounting plugin AlembicImporter
LogPluginManager: Mounting plugin CharacterAI
LogPluginManager: Mounting plugin HTML5Networking
LogPluginManager: Mounting plugin AndroidMedia
LogPluginManager: Mounting plugin AvfMedia
LogPluginManager: Mounting plugin ImgMedia
LogPluginManager: Mounting plugin LinearTimecode
LogPluginManager: Mounting plugin MediaCompositing
LogPluginManager: Mounting plugin MediaPlayerEditor
LogPluginManager: Mounting plugin WmfMedia
LogPluginManager: Mounting plugin TcpMessaging
LogPluginManager: Mounting plugin UdpMessaging
LogPluginManager: Mounting plugin ActorSequence
LogPluginManager: Mounting plugin LevelSequenceEditor
LogPluginManager: Mounting plugin MatineeToLevelSequence
LogPluginManager: Mounting plugin NetcodeUnitTest
LogPluginManager: Mounting plugin NUTUnrealEngine4
LogPluginManager: Mounting plugin OnlineSubsystemGooglePlay
LogPluginManager: Mounting plugin OnlineSubsystemIOS
LogPluginManager: Mounting plugin OnlineSubsystem
LogPluginManager: Mounting plugin OnlineSubsystemNull
LogPluginManager: Mounting plugin OnlineSubsystemUtils
LogPluginManager: Mounting plugin AndroidDeviceProfileSelector
LogPluginManager: Mounting plugin AndroidMoviePlayer
LogPluginManager: Mounting plugin AndroidPermission
LogPluginManager: Mounting plugin AppleARKit
LogPluginManager: Mounting plugin AppleMoviePlayer
LogPluginManager: Mounting plugin ArchVisCharacter
LogPluginManager: Mounting plugin AudioCapture
LogPluginManager: Mounting plugin CableComponent
LogPluginManager: Mounting plugin CustomMeshComponent
LogPluginManager: Mounting plugin ExampleDeviceProfileSelector
LogPluginManager: Mounting plugin GoogleCloudMessaging
LogPluginManager: Mounting plugin ImmediatePhysics
LogPluginManager: Mounting plugin IOSDeviceProfileSelector
LogPluginManager: Mounting plugin LinuxDeviceProfileSelector
LogPluginManager: Mounting plugin LocationServicesBPLibrary
LogPluginManager: Mounting plugin MobilePatchingUtils
LogPluginManager: Mounting plugin OculusVR
LogPluginManager: Plugin shader directory ../../../Engine/Plugins/Runtime/Oculus/OculusVR/Shaders found
LogPluginManager: Mapping shader source directory ../../../Engine/Plugins/Runtime/Oculus/OculusVR/Shaders to virtual directory /Plugin/OculusVR
LogPluginManager: Mounting plugin PhysXVehicles
LogPluginManager: Mounting plugin ProceduralMeshComponent
LogPluginManager: Mounting plugin RuntimePhysXCooking
LogPluginManager: Mounting plugin SteamVR
LogPluginManager: Mounting plugin WindowsMoviePlayer
LogStreaming: Display: Took  1.226s to configure plugins.
LogInit: Using libcurl 7.47.1
LogInit:  - built for x86_64-pc-win32
LogInit:  - supports SSL with OpenSSL/1.0.2g
LogInit:  - supports HTTP deflate (compression) using libz 1.2.8
LogInit:  - other features:
LogInit:      CURL_VERSION_SSL
LogInit:      CURL_VERSION_LIBZ
LogInit:      CURL_VERSION_IPV6
LogInit:      CURL_VERSION_ASYNCHDNS
LogInit:      CURL_VERSION_LARGEFILE
LogInit:      CURL_VERSION_IDN
LogInit:  CurlRequestOptions (configurable via config and command line):
LogInit:  - bVerifyPeer = false  - Libcurl will NOT verify peer certificate
LogInit:  - bUseHttpProxy = false  - Libcurl will NOT use HTTP proxy
LogInit:  - bDontReuseConnections = false  - Libcurl will reuse connections
LogInit:  - CertBundlePath = nullptr  - Libcurl will use whatever was configured at build time.
LogInit:  - MaxHostConnections = 16  - Libcurl will limit the number of connections to a host
LogInit:  - LocalHostAddr = Default
LogInit: WinSock: version 1.1 (2.2), MaxSocks=32767, MaxUdp=65467
LogInit: WinSock: I am DESKTOP-J1PRNTM (192.168.178.26:0)
LogInit: Build: ++UE4+Release-4.19-CL-4033788
LogInit: Engine Version: 4.19.2-4033788+++UE4+Release-4.19
LogInit: Compatible Engine Version: 4.19.0-3944462+++UE4+Release-4.19
LogInit: Net CL: 3944462
LogDevObjectVersion: Number of dev versions registered: 18
LogDevObjectVersion:   Dev-Blueprints (B0D832E4-1F89-4F0D-ACCF-7EB736FD4AA2): 10
LogDevObjectVersion:   Dev-Build (E1C64328-A22C-4D53-A36C-8E866417BD8C): 0
LogDevObjectVersion:   Dev-Core (375EC13C-06E4-48FB-B500-84F0262A717E): 2
LogDevObjectVersion:   Dev-Editor (E4B068ED-F494-42E9-A231-DA0B2E46BB41): 23
LogDevObjectVersion:   Dev-Framework (CFFC743F-43B0-4480-9391-14DF171D2073): 33
LogDevObjectVersion:   Dev-Mobile (B02B49B5-BB20-44E9-A304-32B752E40360): 2
LogDevObjectVersion:   Dev-Networking (A4E4105C-59A1-49B5-A7C5-40C4547EDFEE): 0
LogDevObjectVersion:   Dev-Online (39C831C9-5AE6-47DC-9A44-9C173E1C8E7C): 0
LogDevObjectVersion:   Dev-Physics (78F01B33-EBEA-4F98-B9B4-84EACCB95AA2): 0
LogDevObjectVersion:   Dev-Platform (6631380F-2D4D-43E0-8009-CF276956A95A): 0
LogDevObjectVersion:   Dev-Rendering (12F88B9F-8875-4AFC-A67C-D90C383ABD29): 25
LogDevObjectVersion:   Dev-Sequencer (7B5AE74C-D270-4C10-A958-57980B212A5A): 6
LogDevObjectVersion:   Dev-VR (D7296918-1DD6-4BDD-9DE2-64A83CC13884): 1
LogDevObjectVersion:   Dev-LoadTimes (C2A15278-BFE7-4AFE-6C17-90FF531DF755): 1
LogDevObjectVersion:   Private-Geometry (6EACA3D4-40EC-4CC1-B786-8BED09428FC5): 2
LogDevObjectVersion:   Dev-AnimPhys (29E575DD-E0A3-4627-9D10-D276232CDCEA): 16
LogDevObjectVersion:   Dev-ReflectionCapture (6B266CEC-1EC7-4B8F-A30B-E4D90942FC07): 1
LogDevObjectVersion:   Dev-Automation (0DF73D61-A23F-47EA-B727-89E90C41499A): 1
LogInit: Compiled (64-bit): Apr 27 2018 02:06:57
LogInit: Compiled with Visual C++: 19.00.24215.01
LogInit: Build Configuration: Development
LogInit: Branch Name: ++UE4+Release-4.19
LogInit: Command Line:  
LogInit: Base Directory: C:/Program Files/Epic Games/UE_4.19/Engine/Binaries/Win64/
LogInit: Installed Engine Build: 1
LogStreaming: Display: Took  0.005s to delete old logs.
LogInit: Presizing for max 8388607 objects, including 0 objects not considered by GC, pre-allocating 0 bytes for permanent pool.
LogInit: Object subsystem initialized
[2019.01.15-15.02.29:181][  0]LogInit: Selected Device Profile: [Windows]
[2019.01.15-15.02.29:181][  0]LogInit: Applying CVar settings loaded from the selected device profile: [Windows]
[2019.01.15-15.02.29:194][  0]LogInit: Computer: DESKTOP-J1PRNTM
[2019.01.15-15.02.29:194][  0]LogInit: User: WZ
[2019.01.15-15.02.29:194][  0]LogInit: CPU Page size=4096, Cores=4
[2019.01.15-15.02.29:194][  0]LogInit: High frequency timer resolution =3.906243 MHz
[2019.01.15-15.02.29:195][  0]LogMemory: Memory total: Physical=15.9GB (16GB approx)
[2019.01.15-15.02.29:195][  0]LogMemory: Platform Memory Stats for Windows
[2019.01.15-15.02.29:195][  0]LogMemory: Process Physical Memory: 273.95 MB used, 273.95 MB peak
[2019.01.15-15.02.29:195][  0]LogMemory: Process Virtual Memory: 264.75 MB used, 264.75 MB peak
[2019.01.15-15.02.29:195][  0]LogMemory: Physical Memory: 5936.41 MB used,  10308.54 MB free, 16244.95 MB total
[2019.01.15-15.02.29:195][  0]LogMemory: Virtual Memory: 4790.72 MB used,  10308.54 MB free, 134217728.00 MB total
[2019.01.15-15.02.29:226][  0]LogInit: Using OS detected language (de-DE).
[2019.01.15-15.02.29:226][  0]LogInit: Using OS detected locale (de-DE).
[2019.01.15-15.02.29:233][  0]LogTextLocalizationManager: No localization for 'de-DE' exists, so 'en' will be used for the language.
[2019.01.15-15.02.29:628][  0]LogStreaming: Display: Took  0.402s to EndInitTextLocalization.
[2019.01.15-15.02.29:628][  0]LogInit: Setting process to per monitor DPI aware
[2019.01.15-15.02.29:676][  0]LogSlate: New Slate User Created.  User Index 0, Is Virtual User: 0
[2019.01.15-15.02.29:676][  0]LogSlate: Slate User Registered.  User Index 0, Is Virtual User: 0
[2019.01.15-15.02.30:073][  0]LogD3D11RHI: D3D11 adapters:
[2019.01.15-15.02.30:134][  0]LogD3D11RHI:    0. 'NVIDIA GeForce GTX 1080' (Feature Level 11_0)
[2019.01.15-15.02.30:134][  0]LogD3D11RHI:       8079/0/8122 MB DedicatedVideo/DedicatedSystem/SharedSystem, Outputs:2, VendorId:0x10de
[2019.01.15-15.02.30:140][  0]LogD3D11RHI:    1. 'Intel(R) HD Graphics 4600' (Feature Level 11_0)
[2019.01.15-15.02.30:140][  0]LogD3D11RHI:       112/0/2048 MB DedicatedVideo/DedicatedSystem/SharedSystem, Outputs:0, VendorId:0x8086
[2019.01.15-15.02.30:141][  0]LogD3D11RHI:    2. 'Microsoft Basic Render Driver' (Feature Level 11_0)
[2019.01.15-15.02.30:142][  0]LogD3D11RHI:       0/0/8122 MB DedicatedVideo/DedicatedSystem/SharedSystem, Outputs:0, VendorId:0x1414
[2019.01.15-15.02.30:142][  0]LogD3D11RHI: Chosen D3D11 Adapter: 0
[2019.01.15-15.02.30:148][  0]LogD3D11RHI: Creating new Direct3DDevice
[2019.01.15-15.02.30:148][  0]LogD3D11RHI:     GPU DeviceId: 0x1b80 (for the marketing name, search the web for "GPU Device Id")
[2019.01.15-15.02.30:148][  0]LogWindows: EnumDisplayDevices:
[2019.01.15-15.02.30:148][  0]LogWindows:    0. 'NVIDIA GeForce GTX 1080' (P:1 D:1)
[2019.01.15-15.02.30:149][  0]LogWindows:    1. 'NVIDIA GeForce GTX 1080' (P:0 D:1)
[2019.01.15-15.02.30:149][  0]LogWindows:    2. 'NVIDIA GeForce GTX 1080' (P:0 D:0)
[2019.01.15-15.02.30:149][  0]LogWindows:    3. 'NVIDIA GeForce GTX 1080' (P:0 D:0)
[2019.01.15-15.02.30:149][  0]LogWindows:    4. 'Intel(R) HD Graphics 4600' (P:0 D:0)
[2019.01.15-15.02.30:149][  0]LogWindows:    5. 'Intel(R) HD Graphics 4600' (P:0 D:0)
[2019.01.15-15.02.30:150][  0]LogWindows:    6. 'Intel(R) HD Graphics 4600' (P:0 D:0)
[2019.01.15-15.02.30:150][  0]LogWindows: DebugString: GetVideoDriverDetailsInvalid PrimaryIsNotTheChoosenAdapter GetVideoDriverDetailsInvalid PrimaryIsNotTheChoosenAdapter GetVideoDriverDetailsInvalid PrimaryIsNotTheChoosenAdapter GetVideoDriverDetailsInvalid PrimaryIsNotTheChoosenAdapter GetVideoDriverDetailsInvalid PrimaryIsNotTheChoosenAdapter GetVideoDriverDetailsInvalid PrimaryIsNotTheChoosenAdapter GetVideoDriverDetailsInvalid PrimaryIsNotTheChoosenAdapter FoundDriverCount:0 
[2019.01.15-15.02.30:150][  0]LogD3D11RHI:     Adapter Name: NVIDIA GeForce GTX 1080
[2019.01.15-15.02.30:150][  0]LogD3D11RHI:   Driver Version: Unknown (internal:Unknown, unified:Unknown)
[2019.01.15-15.02.30:150][  0]LogD3D11RHI:      Driver Date: Unknown
[2019.01.15-15.02.30:150][  0]LogRHI: Texture pool is 5655 MB (70% of 8079 MB)
[2019.01.15-15.02.30:190][  0]LogD3D11RHI: [Aftermath] Aftermath enabled and primed
[2019.01.15-15.02.30:190][  0]LogD3D11RHI: [Aftermath] Aftermath enabled and primed
[2019.01.15-15.02.30:190][  0]LogD3D11RHI: Async texture creation enabled
[2019.01.15-15.02.30:216][  0]LogD3D11RHI: GPU Timing Frequency: 1000.000000 (Debug: 2 2)
[2019.01.15-15.02.30:317][  0]LogShaderCompilers: Guid format shader working directory is -24 characters bigger than the processId version (../../../../../../Users/W.Z/Desktop/GameEngines/EX7_Waldemar_Zeitler/Intermediate/Shaders/WorkingDirectory/2352/).
[2019.01.15-15.02.30:317][  0]LogShaderCompilers: Cleaned the shader compiler working directory 'C:/Users/W.Z/AppData/Local/Temp/UnrealShaderWorkingDir/77FD44074325342837A945B7008D96E3/'.
[2019.01.15-15.02.30:545][  0]LogTemp: Display: Loaded TP AllDesktopTargetPlatform
[2019.01.15-15.02.30:557][  0]LogTemp: Display: Loaded TP MacClientTargetPlatform
[2019.01.15-15.02.30:569][  0]LogTemp: Display: Loaded TP MacNoEditorTargetPlatform
[2019.01.15-15.02.30:581][  0]LogTemp: Display: Loaded TP MacServerTargetPlatform
[2019.01.15-15.02.30:594][  0]LogTemp: Display: Loaded TP MacTargetPlatform
[2019.01.15-15.02.30:606][  0]LogTemp: Display: Loaded TP WindowsClientTargetPlatform
[2019.01.15-15.02.30:618][  0]LogTemp: Display: Loaded TP WindowsNoEditorTargetPlatform
[2019.01.15-15.02.30:631][  0]LogTemp: Display: Loaded TP WindowsServerTargetPlatform
[2019.01.15-15.02.30:637][  0]LogTemp: Display: Loaded TP WindowsTargetPlatform
[2019.01.15-15.02.30:648][  0]LogTemp: Display: Loaded TP Android_ASTCTargetPlatform
[2019.01.15-15.02.30:658][  0]LogTemp: Display: Loaded TP Android_ATCTargetPlatform
[2019.01.15-15.02.30:669][  0]LogTemp: Display: Loaded TP Android_DXTTargetPlatform
[2019.01.15-15.02.30:679][  0]LogTemp: Display: Loaded TP Android_ETC1aTargetPlatform
[2019.01.15-15.02.30:689][  0]LogTemp: Display: Loaded TP Android_ETC1TargetPlatform
[2019.01.15-15.02.30:700][  0]LogTemp: Display: Loaded TP Android_ETC2TargetPlatform
[2019.01.15-15.02.30:721][  0]LogTemp: Display: Loaded TP Android_MultiTargetPlatform
[2019.01.15-15.02.30:721][  0]LogTemp: Display: Loaded TP Android_PVRTCTargetPlatform
[2019.01.15-15.02.30:732][  0]LogTemp: Display: Loaded TP AndroidTargetPlatform
[2019.01.15-15.02.30:733][  0]LogTemp: Display: Loaded TP HTML5TargetPlatform
[2019.01.15-15.02.30:771][  0]LogTemp: Display: Loaded TP IOSTargetPlatform
[2019.01.15-15.02.30:781][  0]LogTemp: Display: Loaded TP TVOSTargetPlatform
[2019.01.15-15.02.30:791][  0]LogTemp: Display: Loaded TP LinuxClientTargetPlatform
[2019.01.15-15.02.30:801][  0]LogTemp: Display: Loaded TP LinuxNoEditorTargetPlatform
[2019.01.15-15.02.30:811][  0]LogTemp: Display: Loaded TP LinuxServerTargetPlatform
[2019.01.15-15.02.30:823][  0]LogTemp: Display: Loaded TP LinuxTargetPlatform
[2019.01.15-15.02.30:823][  0]LogTargetPlatformManager: Display: Building Assets For Windows
[2019.01.15-15.02.30:960][  0]LogXGEController: Cleaning working directory: C:/Users/W.Z/AppData/Local/Temp/UnrealXGEWorkingDir/
[2019.01.15-15.02.30:961][  0]LogXGEController: Cannot use XGE Controller as Incredibuild is not installed on this machine.
[2019.01.15-15.02.30:961][  0]LogShaderCompilers: Cannot use XGE Shader Compiler as Incredibuild is not installed on this machine.
[2019.01.15-15.02.30:961][  0]LogShaderCompilers: Display: Using Local Shader Compiler.
[2019.01.15-15.02.31:724][  0]LogDerivedDataCache: Display: Max Cache Size: 512 MB
[2019.01.15-15.02.31:815][  0]LogDerivedDataCache: Loaded boot cache 0.09s 86MB C:/Users/W.Z/AppData/Local/UnrealEngine/4.19/DerivedDataCache/Boot.ddc.
[2019.01.15-15.02.31:815][  0]LogDerivedDataCache: Display: Loaded Boot cache: C:/Users/W.Z/AppData/Local/UnrealEngine/4.19/DerivedDataCache/Boot.ddc
[2019.01.15-15.02.31:815][  0]LogDerivedDataCache: FDerivedDataBackendGraph:  Pak pak cache file ../../../../../../Users/W.Z/Desktop/GameEngines/EX7_Waldemar_Zeitler/DerivedDataCache/DDC.ddp not found, will not use a pak cache.
[2019.01.15-15.02.31:815][  0]LogDerivedDataCache: Unable to find inner node Pak for hierarchical cache Hierarchy.
[2019.01.15-15.02.31:816][  0]LogDerivedDataCache: FDerivedDataBackendGraph:  CompressedPak pak cache file ../../../../../../Users/W.Z/Desktop/GameEngines/EX7_Waldemar_Zeitler/DerivedDataCache/Compressed.ddp not found, will not use a pak cache.
[2019.01.15-15.02.31:816][  0]LogDerivedDataCache: Unable to find inner node CompressedPak for hierarchical cache Hierarchy.
[2019.01.15-15.02.31:829][  0]LogDerivedDataCache: Display: Pak cache opened for reading ../../../Engine/DerivedDataCache/Compressed.ddp.
[2019.01.15-15.02.31:841][  0]LogDerivedDataCache: Using Local data cache path C:/Users/W.Z/AppData/Local/UnrealEngine/Common/DerivedDataCache: Writable
[2019.01.15-15.02.31:841][  0]LogDerivedDataCache: Shared data cache path not found in *engine.ini, will not use an Shared cache.
[2019.01.15-15.02.31:841][  0]LogDerivedDataCache: Unable to find inner node Shared for hierarchical cache Hierarchy.
[2019.01.15-15.02.31:851][  0]LogMaterial: Verifying Global Shaders for PCD3D_SM5
[2019.01.15-15.02.31:852][  0]LogSlate: Using Freetype 2.6.0
[2019.01.15-15.02.31:854][  0]LogSlate: SlateFontCache - WITH_FREETYPE: 1, WITH_HARFBUZZ: 1
[2019.01.15-15.02.31:854][  0]LogSlate: SlateFontCache - WITH_FREETYPE: 1, WITH_HARFBUZZ: 1
[2019.01.15-15.02.32:093][  0]LogAssetRegistry: FAssetRegistry took 0.0280 seconds to start up
[2019.01.15-15.02.32:382][  0]LogInit: Selected Device Profile: [Windows]
[2019.01.15-15.02.32:520][  0]LogSimplygon: Simplygon DLL not present - disabling.
[2019.01.15-15.02.32:523][  0]LogMeshReduction: Using SimplygonSwarm for distributed automatic mesh merging
[2019.01.15-15.02.32:523][  0]LogMeshReduction: Using QuadricMeshReduction for automatic static mesh reduction
[2019.01.15-15.02.32:523][  0]LogMeshReduction: No automatic skeletal mesh reduction module available
[2019.01.15-15.02.32:524][  0]LogMeshReduction: No automatic mesh merging module available
[2019.01.15-15.02.32:524][  0]LogMeshMerging: No automatic mesh merging module available
[2019.01.15-15.02.32:561][  0]LogNetVersion: EX7_Waldemar_Zeitler , NetCL: 3944462, EngineNetVer: 2, GameNetVer: 0 (Checksum: 1704160578)
[2019.01.15-15.02.33:018][  0]LogPackageLocalizationCache: Processed 9 localized package path(s) for 1 prioritized culture(s) in 0.045320 seconds
[2019.01.15-15.02.33:022][  0]LogUObjectArray: 36728 objects as part of root set at end of initial load.
[2019.01.15-15.02.33:022][  0]LogUObjectAllocator: 7314304 out of 0 bytes used by permanent object pool.
[2019.01.15-15.02.33:022][  0]LogUObjectArray: CloseDisregardForGC: 0/0 objects in disregard for GC pool
[2019.01.15-15.02.35:282][  0]LogTcpMessaging: Initializing TcpMessaging bridge
[2019.01.15-15.02.35:316][  0]LogUdpMessaging: Initializing bridge on interface 0.0.0.0:0 to multicast group 230.0.0.1:6666.
[2019.01.15-15.02.35:709][  0]SourceControl: Source control is disabled
[2019.01.15-15.02.35:710][  0]SourceControl: Source control is disabled
[2019.01.15-15.02.35:730][  0]SourceControl: Source control is disabled
[2019.01.15-15.02.35:751][  0]SourceControl: Source control is disabled
[2019.01.15-15.02.36:295][  0]LogAndroidPermission: UAndroidPermissionCallbackProxy::GetInstance
[2019.01.15-15.02.36:471][  0]LogOcInput: OculusInput pre-init called
[2019.01.15-15.02.36:584][  0]LogEngine: Initializing Engine...
[2019.01.15-15.02.36:585][  0]LogHMD: Failed to initialize OpenVR with code 110
[2019.01.15-15.02.36:586][  0]LogStats: UGameplayTagsManager::ConstructGameplayTagTree: Construct from data asset -  0.000 s
[2019.01.15-15.02.36:586][  0]LogStats: UGameplayTagsManager::ConstructGameplayTagTree: GameplayTagTreeChangedEvent.Broadcast -  0.000 s
[2019.01.15-15.02.36:783][  0]LogAIModule: Creating AISystem for world Untitled
[2019.01.15-15.02.36:862][  0]LogInit: XAudio2 using 'Lautsprecher (Realtek High Definition Audio)' : 2 channels at 48 kHz using 32 bits per sample (channel mask 0x3)
[2019.01.15-15.02.36:891][  0]LogInit: FAudioDevice initialized.
[2019.01.15-15.02.36:984][  0]LogDerivedDataCache: Saved boot cache 0.09s 86MB C:/Users/W.Z/AppData/Local/UnrealEngine/4.19/DerivedDataCache/Boot.ddc.
[2019.01.15-15.02.37:005][  0]LogInit: Texture streaming: Enabled
[2019.01.15-15.02.37:025][  0]LogEngineSessionManager: EngineSessionManager initialized
[2019.01.15-15.02.37:039][  0]LogInit: Transaction tracking system initialized
[2019.01.15-15.02.37:067][  0]BlueprintLog: New page: Editor Load
[2019.01.15-15.02.37:160][  0]LocalizationService: Localization service is disabled
[2019.01.15-15.02.37:266][  0]LogConsoleResponse: Display: 
[2019.01.15-15.02.37:409][  0]LogCook: Display: Max memory allowance for cook 16384mb min free memory 0mb
[2019.01.15-15.02.37:409][  0]LogCook: Display: Mobile HDR setting 1
[2019.01.15-15.02.37:409][  0]LogGameplayTags: Display: UGameplayTagsManager::DoneAddingNativeTags. DelegateIsBound: 0
[2019.01.15-15.02.37:409][  0]LogStats: UGameplayTagsManager::ConstructGameplayTagTree: Construct from data asset -  0.000 s
[2019.01.15-15.02.37:409][  0]LogStats: UGameplayTagsManager::ConstructGameplayTagTree: GameplayTagTreeChangedEvent.Broadcast -  0.000 s
[2019.01.15-15.02.37:461][  0]LogFileCache: Scanning file cache for directory 'C:/Users/W.Z/Desktop/GameEngines/EX7_Waldemar_Zeitler/Content/' took 0.01s
[2019.01.15-15.02.37:832][  0]SourceControl: Source control is disabled
[2019.01.15-15.02.37:832][  0]Cmd: MAP LOAD FILE="../../../../../../Users/W.Z/Desktop/GameEngines/EX7_Waldemar_Zeitler/Content/ThirdPersonBP/Maps/ThirdPersonExampleMap.umap" TEMPLATE=0 SHOWPROGRESS=1 FEATURELEVEL=3
[2019.01.15-15.02.37:833][  0]LightingResults: New page: Lighting Build
[2019.01.15-15.02.37:836][  0]MapCheck: New page: Map Check
[2019.01.15-15.02.37:836][  0]LightingResults: New page: Lighting Build
[2019.01.15-15.02.37:887][  0]LogUObjectGlobals: Created PersistentFrame Addr=0x000001f4c2c32980, Size=64, Default__ThirdPerson_AnimBP_C Function /Game/Mannequin/Animations/ThirdPerson_AnimBP.ThirdPerson_AnimBP_C:ExecuteUbergraph_ThirdPerson_AnimBP
[2019.01.15-15.02.37:895][  0]LogUObjectGlobals: Destroyed PersistentFrame Addr=0x000001f4c2c32980, Size=64
[2019.01.15-15.02.37:895][  0]LogUObjectGlobals: Created PersistentFrame Addr=0x000001f4c2c325c0, Size=64, Default__ThirdPerson_AnimBP_C Function /Engine/Transient.REINST_ThirdPerson_AnimBP_C_0:ExecuteUbergraph_ThirdPerson_AnimBP
[2019.01.15-15.02.37:901][  0]LogUObjectGlobals: Created PersistentFrame Addr=0x000001f4c0d40e00, Size=72, Default__ThirdPerson_AnimBP_C Function /Game/Mannequin/Animations/ThirdPerson_AnimBP.ThirdPerson_AnimBP_C:ExecuteUbergraph_ThirdPerson_AnimBP
[2019.01.15-15.02.37:947][  0]LogUObjectGlobals: Created PersistentFrame Addr=0x000001f4df54f680, Size=32, Default__DynamiteActor_C Function /Game/Dynamite/DynamiteActor.DynamiteActor_C:ExecuteUbergraph_DynamiteActor
[2019.01.15-15.02.37:950][  0]LogUObjectGlobals: Destroyed PersistentFrame Addr=0x000001f4df54f680, Size=32
[2019.01.15-15.02.37:950][  0]LogUObjectGlobals: Created PersistentFrame Addr=0x000001f4df54f680, Size=32, Default__DynamiteActor_C Function /Engine/Transient.REINST_DynamiteActor_C_4:ExecuteUbergraph_DynamiteActor
[2019.01.15-15.02.37:951][  0]LogUObjectGlobals: Created PersistentFrame Addr=0x000001f4df54c680, Size=32, Default__DynamiteActor_C Function /Game/Dynamite/DynamiteActor.DynamiteActor_C:ExecuteUbergraph_DynamiteActor
[2019.01.15-15.02.37:958][  0]LogUObjectGlobals: Created PersistentFrame Addr=0x000001f4df671770, Size=8, Default__Runner_AI_CON_C Function /Game/AIControll/Runner_AI_CON.Runner_AI_CON_C:ExecuteUbergraph_Runner_AI_CON
[2019.01.15-15.02.37:959][  0]LogUObjectGlobals: Destroyed PersistentFrame Addr=0x000001f4df671770, Size=8
[2019.01.15-15.02.37:960][  0]LogUObjectGlobals: Created PersistentFrame Addr=0x000001f4df671770, Size=8, Default__Runner_AI_CON_C Function /Engine/Transient.REINST_Runner_AI_CON_C_8:ExecuteUbergraph_Runner_AI_CON
[2019.01.15-15.02.37:960][  0]LogUObjectGlobals: Created PersistentFrame Addr=0x000001f4df671588, Size=8, Default__Runner_AI_CON_C Function /Game/AIControll/Runner_AI_CON.Runner_AI_CON_C:ExecuteUbergraph_Runner_AI_CON
[2019.01.15-15.02.38:011][  0]LogUObjectGlobals: Created PersistentFrame Addr=0x000001f4c193b200, Size=480, Default__ThirdPersonCharacter_C Function /Game/ThirdPersonBP/Blueprints/ThirdPersonCharacter.ThirdPersonCharacter_C:ExecuteUbergraph_ThirdPersonCharacter
[2019.01.15-15.02.38:017][  0]LogUObjectGlobals: Destroyed PersistentFrame Addr=0x000001f4c193b200, Size=480
[2019.01.15-15.02.38:017][  0]LogUObjectGlobals: Created PersistentFrame Addr=0x000001f4c193b200, Size=480, Default__ThirdPersonCharacter_C Function /Engine/Transient.REINST_ThirdPersonCharacter_C_10:ExecuteUbergraph_ThirdPersonCharacter
[2019.01.15-15.02.38:022][  0]LogUObjectGlobals: Created PersistentFrame Addr=0x000001f4c1877a00, Size=480, Default__ThirdPersonCharacter_C Function /Game/ThirdPersonBP/Blueprints/ThirdPersonCharacter.ThirdPersonCharacter_C:ExecuteUbergraph_ThirdPersonCharacter
[2019.01.15-15.02.38:174][  0]LogSkeletalMesh: Skeletal Mesh found in DDC [8.730896ms] /Game/Mannequin/Character/Mesh/SK_Mannequin.SK_Mannequin
[2019.01.15-15.02.38:313][  0]LogAIModule: Creating AISystem for world ThirdPersonExampleMap
[2019.01.15-15.02.38:321][  0]LogEditorServer: Finished looking for orphan Actors (0.000 secs)
[2019.01.15-15.02.38:334][  0]LogUObjectGlobals: Destroyed PersistentFrame Addr=0x000001f4c2c325c0, Size=64
[2019.01.15-15.02.38:334][  0]LogUObjectGlobals: Destroyed PersistentFrame Addr=0x000001f4df54f680, Size=32
[2019.01.15-15.02.38:334][  0]LogUObjectGlobals: Destroyed PersistentFrame Addr=0x000001f4df671770, Size=8
[2019.01.15-15.02.38:334][  0]LogUObjectGlobals: Destroyed PersistentFrame Addr=0x000001f4c193b200, Size=480
[2019.01.15-15.02.38:336][  0]Cmd: MAP CHECKDEP NOCLEARLOG
[2019.01.15-15.02.38:415][  0]MapCheck: Map check complete: 0 Error(s), 0 Warning(s), took 78,884ms to complete.
[2019.01.15-15.02.38:415][  0]LogFileHelpers: Loading map 'ThirdPersonExampleMap' took 0.582
[2019.01.15-15.02.38:550][  0]LogCollectionManager: Loaded 0 collections in 0.002149 seconds
[2019.01.15-15.02.38:594][  0]LogFileCache: Scanning file cache for directory 'C:/Users/W.Z/Desktop/GameEngines/EX7_Waldemar_Zeitler/Saved/Collections/' took 0.01s
[2019.01.15-15.02.38:594][  0]LogFileCache: Scanning file cache for directory 'C:/Users/W.Z/Desktop/GameEngines/EX7_Waldemar_Zeitler/Content/Developers/WZ/Collections/' took 0.01s
[2019.01.15-15.02.38:594][  0]LogFileCache: Scanning file cache for directory 'C:/Users/W.Z/Desktop/GameEngines/EX7_Waldemar_Zeitler/Content/Collections/' took 0.01s
[2019.01.15-15.02.38:594][  0]LogCollectionManager: Rebuilt the GUID cache for 0 collections in 0.000000 seconds
[2019.01.15-15.02.38:601][  0]LogContentBrowser: Native class hierarchy populated in 0.0071 seconds. Added 2459 classes and 560 folders.
[2019.01.15-15.02.38:608][  0]LogContentBrowser: Native class hierarchy updated for 'WidgetCarousel' in 0.0002 seconds. Added 0 classes and 0 folders.
[2019.01.15-15.02.38:681][  0]LogContentBrowser: Native class hierarchy updated for 'AddContentDialog' in 0.0002 seconds. Added 0 classes and 0 folders.
[2019.01.15-15.02.38:687][  0]LogContentBrowser: Native class hierarchy updated for 'SceneOutliner' in 0.0002 seconds. Added 1 classes and 2 folders.
[2019.01.15-15.02.38:749][  0]LogSlate: Took 0.000953 seconds to synchronously load lazily loaded font '../../../Engine/Content/Slate/Fonts/Roboto-Regular.ttf' (155K)
[2019.01.15-15.02.38:753][  0]LogSlate: Took 0.000991 seconds to synchronously load lazily loaded font '../../../Engine/Content/Slate/Fonts/Roboto-Bold.ttf' (160K)
[2019.01.15-15.02.38:759][  0]LogSlate: Took 0.000678 seconds to synchronously load lazily loaded font '../../../Engine/Content/Editor/Slate/Fonts/FontAwesome.ttf' (139K)
[2019.01.15-15.02.38:845][  0]LogRenderer: Reallocating scene render targets to support 1312x744 Format 10 NumSamples 1 (Frame:1).
[2019.01.15-15.02.39:021][  0]LogContentBrowser: Native class hierarchy updated for 'HierarchicalLODOutliner' in 0.0002 seconds. Added 0 classes and 0 folders.
[2019.01.15-15.02.39:021][  0]LogLoad: (Engine Initialization) Total time: 12.70 seconds
[2019.01.15-15.02.39:021][  0]LogLoad: (Engine Initialization) Total Blueprint compile time: 0.00 seconds
[2019.01.15-15.02.39:030][  0]LogWindowsTextInputMethodSystem: Display: IME system now deactivated.
[2019.01.15-15.02.39:048][  0]LogAssetRegistry: Asset discovery search completed in 6.9766 seconds
[2019.01.15-15.02.39:049][  0]LogCollectionManager: Rebuilt the object cache for 0 collections in 0.000001 seconds (found 0 objects)
[2019.01.15-15.02.39:049][  0]LogCollectionManager: Fixed up redirectors for 0 collections in 0.000043 seconds (updated 0 objects)
[2019.01.15-15.02.39:051][  0]LogContentStreaming: Texture pool size now 1000 MB
[2019.01.15-15.02.39:092][  0]LogSlate: Took 0.000709 seconds to synchronously load lazily loaded font '../../../Engine/Content/Slate/Fonts/Roboto-Light.ttf' (167K)
[2019.01.15-15.02.40:047][ 98]LogSlate: Took 0.000216 seconds to synchronously load lazily loaded font '../../../Engine/Content/Slate/Fonts/Roboto-Light.ttf' (167K)
[2019.01.15-15.02.53:457][704]LogSlate: FSceneViewport::OnFocusLost() reason 0
[2019.01.15-15.02.56:010][939]LogContentBrowser: Native class hierarchy updated for 'BlueprintGraph' in 0.0005 seconds. Added 116 classes and 0 folders.
[2019.01.15-15.02.56:241][939]LogUObjectGlobals: Created PersistentFrame Addr=0x000001f4d4c61e38, Size=4, Default__SKEL_PROTO_BP_AnimBlueprint_0_C Function /Engine/Transient.SKEL_PROTO_BP_AnimBlueprint_0_C:ExecuteUbergraph_PROTO_BP_AnimBlueprint_0
[2019.01.15-15.02.56:242][939]LogUObjectGlobals: Created PersistentFrame Addr=0x000001f4d4c61e30, Size=4, Default__PROTO_BP_AnimBlueprint_0_C Function /Engine/Transient.PROTO_BP_AnimBlueprint_0_C:ExecuteUbergraph_PROTO_BP_AnimBlueprint_0
[2019.01.15-15.02.56:800][939]LogSlate: Took 0.000706 seconds to synchronously load lazily loaded font '../../../Engine/Content/Slate/Fonts/Roboto-BoldCondensed.ttf' (158K)
[2019.01.15-15.02.56:861][940]LogSlate: Took 0.000740 seconds to synchronously load lazily loaded font '../../../Engine/Content/Slate/Fonts/Roboto-Italic.ttf' (157K)
[2019.01.15-15.03.00:290][306]LogActorComponent: UnregisterComponent: (/Engine/Transient.EditorFloorComp) Not registered. Aborting.
[2019.01.15-15.03.12:134][711]LogContentBrowser: Native class hierarchy updated for 'Cascade' in 0.0002 seconds. Added 2 classes and 2 folders.
[2019.01.15-15.03.36:096][727]LogSlate: FSceneViewport::OnFocusLost() reason 0
[2019.01.15-15.03.36:505][776]LogCascade: Quitting Cascade. FXSystem=0x000001F4D66D4AE0
[2019.01.15-15.04.20:462][ 79]LogSlate: FSceneViewport::OnFocusLost() reason 0
[2019.01.15-15.04.21:471][200]LogCascade: Quitting Cascade. FXSystem=0x000001F4D6DB0860
[2019.01.15-15.04.22:630][308]LogSavePackage: Save=108.86ms
[2019.01.15-15.04.22:630][308]LogSavePackage: Moving '../../../../../../Users/W.Z/Desktop/GameEngines/EX7_Waldemar_Zeitler/Saved/ThirdPersonExampleMap50A8C44C4E79B9D9E0AD2C932956B6A5.tmp' to '../../../../../../Users/W.Z/Desktop/GameEngines/EX7_Waldemar_Zeitler/Content/ThirdPersonBP/Maps/ThirdPersonExampleMap.umap'
[2019.01.15-15.04.22:633][308]LogSavePackage: Display: Finished SavePackage ../../../../../../Users/W.Z/Desktop/GameEngines/EX7_Waldemar_Zeitler/Content/ThirdPersonBP/Maps/ThirdPersonExampleMap.umap
[2019.01.15-15.04.22:806][308]LogSavePackage: Save=133.58ms
[2019.01.15-15.04.22:806][308]LogSavePackage: Moving '../../../../../../Users/W.Z/Desktop/GameEngines/EX7_Waldemar_Zeitler/Saved/ThirdPersonExampleMap_BuiltData47D4E6364AF4A75A59628492FCCE16D2.tmp' to '../../../../../../Users/W.Z/Desktop/GameEngines/EX7_Waldemar_Zeitler/Content/ThirdPersonBP/Maps/ThirdPersonExampleMap_BuiltData.uasset'
[2019.01.15-15.04.22:808][308]LogSavePackage: Display: Finished SavePackage ../../../../../../Users/W.Z/Desktop/GameEngines/EX7_Waldemar_Zeitler/Content/ThirdPersonBP/Maps/ThirdPersonExampleMap_BuiltData.uasset
[2019.01.15-15.04.23:936][434]LogSlate: Window 'EX7_Waldemar_Zeitler - Unreal Editor' being destroyed
[2019.01.15-15.04.23:937][434]LogWindowsTextInputMethodSystem: Display: IME system now deactivated.
[2019.01.15-15.04.24:099][435]Cmd: QUIT_EDITOR
[2019.01.15-15.04.24:120][435]LogSlate: Slate User Destroyed.  User Index 0, Is Virtual User: 0
[2019.01.15-15.04.24:120][435]LogExit: Preparing to exit.
[2019.01.15-15.04.24:391][435]LogDirectoryWatcher: A directory notification for 'C:/Users/W.Z/Desktop/GameEngines/EX7_Waldemar_Zeitler/Content/' was aborted.
[2019.01.15-15.04.24:418][435]LogExit: Editor shut down
[2019.01.15-15.04.24:420][435]LogExit: Transaction tracking system shut down
[2019.01.15-15.04.24:420][435]LogUObjectGlobals: Destroyed PersistentFrame Addr=0x000001f4c0d40e00, Size=72
[2019.01.15-15.04.24:420][435]LogUObjectGlobals: Destroyed PersistentFrame Addr=0x000001f4df54c680, Size=32
[2019.01.15-15.04.24:420][435]LogUObjectGlobals: Destroyed PersistentFrame Addr=0x000001f4df671588, Size=8
[2019.01.15-15.04.24:420][435]LogUObjectGlobals: Destroyed PersistentFrame Addr=0x000001f4c1877a00, Size=480
[2019.01.15-15.04.24:422][435]LogUObjectGlobals: Destroyed PersistentFrame Addr=0x000001f4d4c61e38, Size=4
[2019.01.15-15.04.24:422][435]LogUObjectGlobals: Destroyed PersistentFrame Addr=0x000001f4d4c61e30, Size=4
[2019.01.15-15.04.24:534][435]LogDirectoryWatcher: A directory notification for '../../../Engine/Content/' was aborted.
[2019.01.15-15.04.24:534][435]LogDirectoryWatcher: A directory notification for '../../../../../../Users/W.Z/Desktop/GameEngines/EX7_Waldemar_Zeitler/Content/' was aborted.
[2019.01.15-15.04.24:534][435]LogDirectoryWatcher: A directory notification for '../../Plugins/2D/Paper2D/Content/' was aborted.
[2019.01.15-15.04.24:535][435]LogDirectoryWatcher: A directory notification for '../../Plugins/Enterprise/DatasmithContent/Content/' was aborted.
[2019.01.15-15.04.24:535][435]LogDirectoryWatcher: A directory notification for '../../Plugins/Media/MediaCompositing/Content/' was aborted.
[2019.01.15-15.04.24:535][435]LogDirectoryWatcher: A directory notification for '../../Plugins/Runtime/AppleARKit/Content/' was aborted.
[2019.01.15-15.04.24:535][435]LogDirectoryWatcher: A directory notification for '../../Plugins/Runtime/Oculus/OculusVR/Content/' was aborted.
[2019.01.15-15.04.24:535][435]LogDirectoryWatcher: A directory notification for '../../Plugins/Runtime/Steam/SteamVR/Content/' was aborted.
[2019.01.15-15.04.24:610][435]LogExit: Object subsystem successfully closed.
[2019.01.15-15.04.24:619][435]LogShaderCompilers: Display: Shaders left to compile 0
[2019.01.15-15.04.24:622][435]LogD3D11RHI: Shutdown
[2019.01.15-15.04.24:622][435]LogD3D11RHI: CleanupD3DDevice
[2019.01.15-15.04.24:623][435]LogD3D11RHI: ~FD3D11DynamicRHI
[2019.01.15-15.04.24:653][435]LogModuleManager: Shutting down and abandoning module DistCurveEditor (582)
[2019.01.15-15.04.24:653][435]LogModuleManager: Shutting down and abandoning module Cascade (580)
[2019.01.15-15.04.24:653][435]LogModuleManager: Shutting down and abandoning module BlueprintGraph (578)
[2019.01.15-15.04.24:653][435]LogModuleManager: Shutting down and abandoning module HierarchicalLODOutliner (576)
[2019.01.15-15.04.24:653][435]LogModuleManager: Shutting down and abandoning module SceneOutliner (574)
[2019.01.15-15.04.24:653][435]LogModuleManager: Shutting down and abandoning module AddContentDialog (572)
[2019.01.15-15.04.24:653][435]LogDirectoryWatcher: A directory notification for 'C:/Program Files/Epic Games/UE_4.19/FeaturePacks/' was aborted.
[2019.01.15-15.04.24:654][435]LogModuleManager: Shutting down and abandoning module WidgetCarousel (571)
[2019.01.15-15.04.24:654][435]LogModuleManager: Shutting down and abandoning module EditorWidgets (568)
[2019.01.15-15.04.24:654][435]LogModuleManager: Shutting down and abandoning module CollectionManager (566)
[2019.01.15-15.04.24:654][435]LogDirectoryWatcher: A directory notification for 'C:/Users/W.Z/Desktop/GameEngines/EX7_Waldemar_Zeitler/Content/Collections/' was aborted.
[2019.01.15-15.04.24:654][435]LogDirectoryWatcher: A directory notification for 'C:/Users/W.Z/Desktop/GameEngines/EX7_Waldemar_Zeitler/Content/Developers/WZ/Collections/' was aborted.
[2019.01.15-15.04.24:654][435]LogDirectoryWatcher: A directory notification for 'C:/Users/W.Z/Desktop/GameEngines/EX7_Waldemar_Zeitler/Saved/Collections/' was aborted.
[2019.01.15-15.04.24:654][435]LogModuleManager: Shutting down and abandoning module StatsViewer (564)
[2019.01.15-15.04.24:654][435]LogModuleManager: Shutting down and abandoning module FoliageEdit (562)
[2019.01.15-15.04.24:654][435]LogModuleManager: Shutting down and abandoning module LandscapeEditor (560)
[2019.01.15-15.04.24:654][435]LogModuleManager: Shutting down and abandoning module MeshPaintMode (558)
[2019.01.15-15.04.24:654][435]LogModuleManager: Shutting down and abandoning module SceneDepthPickerMode (556)
[2019.01.15-15.04.24:654][435]LogModuleManager: Shutting down and abandoning module ActorPickerMode (554)
[2019.01.15-15.04.24:654][435]LogModuleManager: Shutting down and abandoning module GeometryMode (552)
[2019.01.15-15.04.24:654][435]LogModuleManager: Shutting down and abandoning module TextureAlignMode (550)
[2019.01.15-15.04.24:654][435]LogModuleManager: Shutting down and abandoning module BspMode (548)
[2019.01.15-15.04.24:654][435]LogModuleManager: Shutting down and abandoning module PIEPreviewDeviceProfileSelector (546)
[2019.01.15-15.04.24:654][435]LogModuleManager: Shutting down and abandoning module HardwareSurvey (544)
[2019.01.15-15.04.24:654][435]LogModuleManager: Shutting down and abandoning module SequenceRecorderSections (542)
[2019.01.15-15.04.24:654][435]LogModuleManager: Shutting down and abandoning module AutomationWorker (540)
[2019.01.15-15.04.24:654][435]LogModuleManager: Shutting down and abandoning module AudioCaptureEditor (538)
[2019.01.15-15.04.24:655][435]LogModuleManager: Shutting down and abandoning module SequenceRecorder (537)
[2019.01.15-15.04.24:655][435]LogModuleManager: Shutting down and abandoning module MatineeToLevelSequence (534)
[2019.01.15-15.04.24:655][435]LogModuleManager: Shutting down and abandoning module LevelSequenceEditor (532)
[2019.01.15-15.04.24:655][435]LogModuleManager: Shutting down and abandoning module PlacementMode (531)
[2019.01.15-15.04.24:655][435]LogModuleManager: Shutting down and abandoning module MaterialEditor (530)
[2019.01.15-15.04.24:655][435]LogModuleManager: Shutting down and abandoning module WmfMediaFactory (526)
[2019.01.15-15.04.24:655][435]LogModuleManager: Shutting down and abandoning module WmfMediaEditor (524)
[2019.01.15-15.04.24:655][435]LogModuleManager: Shutting down and abandoning module MediaPlayerEditor (522)
[2019.01.15-15.04.24:655][435]LogModuleManager: Shutting down and abandoning module OpenExrWrapper (520)
[2019.01.15-15.04.24:655][435]LogModuleManager: Shutting down and abandoning module ImgMediaFactory (518)
[2019.01.15-15.04.24:655][435]LogModuleManager: Shutting down and abandoning module ImgMediaEditor (516)
[2019.01.15-15.04.24:655][435]LogModuleManager: Shutting down and abandoning module AvfMediaFactory (514)
[2019.01.15-15.04.24:655][435]LogModuleManager: Shutting down and abandoning module AvfMediaEditor (512)
[2019.01.15-15.04.24:655][435]LogModuleManager: Shutting down and abandoning module AndroidMediaFactory (510)
[2019.01.15-15.04.24:655][435]LogModuleManager: Shutting down and abandoning module AndroidMediaEditor (508)
[2019.01.15-15.04.24:655][435]LogModuleManager: Shutting down and abandoning module CharacterAI (506)
[2019.01.15-15.04.24:655][435]LogModuleManager: Shutting down and abandoning module SmartSnapping (504)
[2019.01.15-15.04.24:655][435]LogModuleManager: Shutting down and abandoning module SessionServices (502)
[2019.01.15-15.04.24:655][435]LogModuleManager: Shutting down and abandoning module ViewportSnapping (500)
[2019.01.15-15.04.24:655][435]LogModuleManager: Shutting down and abandoning module ViewportInteraction (498)
[2019.01.15-15.04.24:655][435]LogModuleManager: Shutting down and abandoning module ClothPainter (496)
[2019.01.15-15.04.24:655][435]LogModuleManager: Shutting down and abandoning module SkeletalMeshEditor (495)
[2019.01.15-15.04.24:655][435]LogModuleManager: Shutting down and abandoning module LogVisualizer (492)
[2019.01.15-15.04.24:655][435]LogModuleManager: Shutting down and abandoning module IntroTutorials (490)
[2019.01.15-15.04.24:655][435]LogModuleManager: Shutting down and abandoning module GameProjectGeneration (489)
[2019.01.15-15.04.24:655][435]LogModuleManager: Shutting down and abandoning module IOSPlatformEditor (486)
[2019.01.15-15.04.24:655][435]LogModuleManager: Shutting down and abandoning module HTML5PlatformEditor (484)
[2019.01.15-15.04.24:655][435]LogModuleManager: Shutting down and abandoning module AndroidPlatformEditor (482)
[2019.01.15-15.04.24:655][435]LogModuleManager: Shutting down and abandoning module AndroidDeviceDetection (481)
[2019.01.15-15.04.25:569][435]LogModuleManager: Shutting down and abandoning module WindowsPlatformEditor (478)
[2019.01.15-15.04.25:569][435]LogModuleManager: Shutting down and abandoning module IOSRuntimeSettings (476)
[2019.01.15-15.04.25:569][435]LogModuleManager: Shutting down and abandoning module AndroidRuntimeSettings (474)
[2019.01.15-15.04.25:569][435]LogModuleManager: Shutting down and abandoning module InputBindingEditor (472)
[2019.01.15-15.04.25:569][435]LogModuleManager: Shutting down and abandoning module MergeActors (470)
[2019.01.15-15.04.25:569][435]LogModuleManager: Shutting down and abandoning module LocalizationDashboard (468)
[2019.01.15-15.04.25:569][435]LogModuleManager: Shutting down and abandoning module LocalizationService (467)
[2019.01.15-15.04.25:569][435]LogModuleManager: Shutting down and abandoning module HardwareTargeting (464)
[2019.01.15-15.04.25:569][435]LogModuleManager: Shutting down and abandoning module DeviceProfileEditor (462)
[2019.01.15-15.04.25:569][435]LogModuleManager: Shutting down and abandoning module UndoHistory (460)
[2019.01.15-15.04.25:569][435]LogModuleManager: Shutting down and abandoning module XmlParser (458)
[2019.01.15-15.04.25:569][435]LogModuleManager: Shutting down and abandoning module Blutility (456)
[2019.01.15-15.04.25:569][435]LogModuleManager: Shutting down and abandoning module ProjectSettingsViewer (454)
[2019.01.15-15.04.25:569][435]LogModuleManager: Shutting down and abandoning module ProjectTargetPlatformEditor (453)
[2019.01.15-15.04.25:569][435]LogModuleManager: Shutting down and abandoning module EditorSettingsViewer (450)
[2019.01.15-15.04.25:570][435]LogModuleManager: Shutting down and abandoning module SettingsEditor (448)
[2019.01.15-15.04.25:570][435]LogModuleManager: Shutting down and abandoning module ProjectLauncher (446)
[2019.01.15-15.04.25:570][435]LogModuleManager: Shutting down and abandoning module SessionFrontend (444)
[2019.01.15-15.04.25:570][435]LogModuleManager: Shutting down and abandoning module ProfilerClient (442)
[2019.01.15-15.04.25:570][435]LogModuleManager: Shutting down and abandoning module DeviceManager (440)
[2019.01.15-15.04.25:570][435]LogModuleManager: Shutting down and abandoning module TargetDeviceServices (439)
[2019.01.15-15.04.25:624][435]LogModuleManager: Shutting down and abandoning module AutomationController (436)
[2019.01.15-15.04.25:624][435]LogModuleManager: Shutting down and abandoning module AutomationWindow (434)
[2019.01.15-15.04.25:624][435]LogModuleManager: Shutting down and abandoning module Layers (432)
[2019.01.15-15.04.25:624][435]LogModuleManager: Shutting down and abandoning module ComponentVisualizers (430)
[2019.01.15-15.04.25:624][435]LogModuleManager: Shutting down and abandoning module DetailCustomizations (428)
[2019.01.15-15.04.25:624][435]LogModuleManager: Shutting down and abandoning module PackagesDialog (426)
[2019.01.15-15.04.25:624][435]LogModuleManager: Shutting down and abandoning module Persona (424)
[2019.01.15-15.04.25:624][435]LogModuleManager: Shutting down and abandoning module AdvancedPreviewScene (423)
[2019.01.15-15.04.25:624][435]LogModuleManager: Shutting down and abandoning module AnimGraph (421)
[2019.01.15-15.04.25:624][435]LogModuleManager: Shutting down and abandoning module Kismet (418)
[2019.01.15-15.04.25:628][435]LogModuleManager: Shutting down and abandoning module GraphEditor (416)
[2019.01.15-15.04.25:628][435]LogModuleManager: Shutting down and abandoning module ClassViewer (414)
[2019.01.15-15.04.25:628][435]LogModuleManager: Shutting down and abandoning module Toolbox (412)
[2019.01.15-15.04.25:628][435]LogModuleManager: Shutting down and abandoning module ModuleUI (410)
[2019.01.15-15.04.25:628][435]LogModuleManager: Shutting down and abandoning module MovieSceneTools (408)
[2019.01.15-15.04.25:628][435]LogModuleManager: Shutting down and abandoning module OutputLog (406)
[2019.01.15-15.04.25:628][435]LogModuleManager: Shutting down and abandoning module GammaUI (404)
[2019.01.15-15.04.25:628][435]LogModuleManager: Shutting down and abandoning module Documentation (402)
[2019.01.15-15.04.25:628][435]LogModuleManager: Shutting down and abandoning module MovieSceneTracks (400)
[2019.01.15-15.04.25:629][435]LogModuleManager: Shutting down and abandoning module MovieScene (398)
[2019.01.15-15.04.25:629][435]LogModuleManager: Shutting down and abandoning module StreamingPauseRendering (396)
[2019.01.15-15.04.25:629][435]LogModuleManager: Shutting down and abandoning module LauncherPlatform (394)
[2019.01.15-15.04.25:629][435]LogModuleManager: Shutting down and abandoning module AnalyticsET (392)
[2019.01.15-15.04.25:629][435]LogModuleManager: Shutting down and abandoning module PortalServices (390)
[2019.01.15-15.04.25:629][435]LogModuleManager: Shutting down and abandoning module PortalRpc (388)
[2019.01.15-15.04.25:629][435]LogModuleManager: Shutting down and abandoning module MessagingRpc (386)
[2019.01.15-15.04.25:629][435]LogModuleManager: Shutting down and abandoning module AIModule (384)
[2019.01.15-15.04.25:629][435]LogModuleManager: Shutting down and abandoning module GameplayDebugger (383)
[2019.01.15-15.04.25:629][435]LogModuleManager: Shutting down and abandoning module AITestSuite (381)
[2019.01.15-15.04.25:629][435]LogModuleManager: Shutting down and abandoning module DesktopPlatform (378)
[2019.01.15-15.04.25:629][435]LogModuleManager: Shutting down and abandoning module ProfilerService (376)
[2019.01.15-15.04.25:810][435]LogModuleManager: Shutting down and abandoning module TaskGraph (374)
[2019.01.15-15.04.25:810][435]LogModuleManager: Shutting down and abandoning module SteamVRController (372)
[2019.01.15-15.04.25:810][435]LogModuleManager: Shutting down and abandoning module ProceduralMeshComponentEditor (370)
[2019.01.15-15.04.25:810][435]LogModuleManager: Shutting down and abandoning module ProceduralMeshComponent (368)
[2019.01.15-15.04.25:810][435]LogModuleManager: Shutting down and abandoning module OculusInput (366)
[2019.01.15-15.04.25:810][435]LogModuleManager: Shutting down and abandoning module MobilePatchingUtils (364)
[2019.01.15-15.04.25:810][435]LogModuleManager: Shutting down and abandoning module CustomMeshComponent (362)
[2019.01.15-15.04.25:810][435]LogModuleManager: Shutting down and abandoning module CableComponent (360)
[2019.01.15-15.04.25:810][435]LogModuleManager: Shutting down and abandoning module AudioCapture (358)
[2019.01.15-15.04.25:810][435]LogModuleManager: Shutting down and abandoning module ArchVisCharacter (356)
[2019.01.15-15.04.25:810][435]LogModuleManager: Shutting down and abandoning module AndroidPermission (354)
[2019.01.15-15.04.25:810][435]LogModuleManager: Shutting down and abandoning module NUTUnrealEngine4 (350)
[2019.01.15-15.04.25:810][435]LogModuleManager: Shutting down and abandoning module NetcodeUnitTest (348)
[2019.01.15-15.04.25:810][435]LogModuleManager: Shutting down and abandoning module MediaCompositingEditor (346)
[2019.01.15-15.04.25:810][435]LogModuleManager: Shutting down and abandoning module MediaCompositing (344)
[2019.01.15-15.04.25:810][435]LogModuleManager: Shutting down and abandoning module LinearTimecode (342)
[2019.01.15-15.04.25:810][435]LogModuleManager: Shutting down and abandoning module ImgMedia (340)
[2019.01.15-15.04.25:813][435]LogModuleManager: Shutting down and abandoning module HTML5Networking (338)
[2019.01.15-15.04.25:813][435]LogModuleManager: Shutting down and abandoning module AlembicImporter (336)
[2019.01.15-15.04.25:813][435]LogModuleManager: Shutting down and abandoning module AlembicLibrary (335)
[2019.01.15-15.04.25:813][435]LogModuleManager: Shutting down and abandoning module GeometryCache (334)
[2019.01.15-15.04.25:813][435]LogModuleManager: Shutting down and abandoning module GeometryCacheEd (333)
[2019.01.15-15.04.25:813][435]LogModuleManager: Shutting down and abandoning module DatasmithContent (328)
[2019.01.15-15.04.25:813][435]LogModuleManager: Shutting down and abandoning module SpeedTreeImporter (326)
[2019.01.15-15.04.25:813][435]LogModuleManager: Shutting down and abandoning module PluginBrowser (324)
[2019.01.15-15.04.25:813][435]LogModuleManager: Shutting down and abandoning module MobileLauncherProfileWizard (322)
[2019.01.15-15.04.25:813][435]LogModuleManager: Shutting down and abandoning module CryptoKeysOpenSSL (320)
[2019.01.15-15.04.25:813][435]LogModuleManager: Shutting down and abandoning module CryptoKeys (318)
[2019.01.15-15.04.25:813][435]LogModuleManager: Shutting down and abandoning module VisualStudioSourceCodeAccess (316)
[2019.01.15-15.04.25:813][435]LogModuleManager: Shutting down and abandoning module VisualStudioCodeSourceCodeAccess (314)
[2019.01.15-15.04.25:813][435]LogModuleManager: Shutting down and abandoning module UObjectPlugin (312)
[2019.01.15-15.04.25:813][435]LogModuleManager: Shutting down and abandoning module SubversionSourceControl (310)
[2019.01.15-15.04.25:813][435]LogModuleManager: Shutting down and abandoning module PerforceSourceControl (308)
[2019.01.15-15.04.25:813][435]LogModuleManager: Shutting down and abandoning module GitSourceControl (306)
[2019.01.15-15.04.25:813][435]LogModuleManager: Shutting down and abandoning module SourceControl (305)
[2019.01.15-15.04.25:813][435]LogModuleManager: Shutting down and abandoning module CLionSourceCodeAccess (302)
[2019.01.15-15.04.25:813][435]LogModuleManager: Shutting down and abandoning module LightPropagationVolumeEditor (300)
[2019.01.15-15.04.25:813][435]LogModuleManager: Shutting down and abandoning module PaperTiledImporter (298)
[2019.01.15-15.04.25:813][435]LogModuleManager: Shutting down and abandoning module PaperSpriteSheetImporter (296)
[2019.01.15-15.04.25:813][435]LogModuleManager: Shutting down and abandoning module Paper2DEditor (294)
[2019.01.15-15.04.25:813][435]LogModuleManager: Shutting down and abandoning module MeshPaint (293)
[2019.01.15-15.04.25:813][435]LogModuleManager: Shutting down and abandoning module RuntimePhysXCooking (290)
[2019.01.15-15.04.25:813][435]LogModuleManager: Shutting down and abandoning module PhysXVehiclesEditor (288)
[2019.01.15-15.04.25:813][435]LogModuleManager: Shutting down and abandoning module PhysXVehicles (286)
[2019.01.15-15.04.25:813][435]LogModuleManager: Shutting down and abandoning module OculusEditor (284)
[2019.01.15-15.04.25:813][435]LogModuleManager: Shutting down and abandoning module LocationServicesBPLibrary (282)
[2019.01.15-15.04.25:813][435]LogModuleManager: Shutting down and abandoning module ImmediatePhysicsEditor (280)
[2019.01.15-15.04.25:813][435]LogModuleManager: Shutting down and abandoning module ImmediatePhysics (278)
[2019.01.15-15.04.25:813][435]LogModuleManager: Shutting down and abandoning module ActorSequence (276)
[2019.01.15-15.04.25:813][435]LogModuleManager: Shutting down and abandoning module UdpMessaging (274)
[2019.01.15-15.04.25:914][435]LogModuleManager: Shutting down and abandoning module TcpMessaging (272)
[2019.01.15-15.04.26:015][435]LogModuleManager: Shutting down and abandoning module GameplayTagsEditor (270)
[2019.01.15-15.04.26:015][435]LogModuleManager: Shutting down and abandoning module FacialAnimationEditor (268)
[2019.01.15-15.04.26:015][435]LogModuleManager: Shutting down and abandoning module FacialAnimation (266)
[2019.01.15-15.04.26:015][435]LogModuleManager: Shutting down and abandoning module DataValidation (264)
[2019.01.15-15.04.26:015][435]LogModuleManager: Shutting down and abandoning module AssetManagerEditor (262)
[2019.01.15-15.04.26:015][435]LogModuleManager: Shutting down and abandoning module LevelEditor (261)
[2019.01.15-15.04.26:015][435]LogModuleManager: Shutting down and abandoning module PixelInspectorModule (260)
[2019.01.15-15.04.26:015][435]LogModuleManager: Shutting down and abandoning module CommonMenuExtensions (258)
[2019.01.15-15.04.26:015][435]LogModuleManager: Shutting down and abandoning module MainFrame (256)
[2019.01.15-15.04.26:016][435]LogModuleManager: Shutting down and abandoning module HotReload (255)
[2019.01.15-15.04.26:016][435]LogModuleManager: Shutting down and abandoning module ContentBrowser (251)
[2019.01.15-15.04.26:017][435]LogModuleManager: Shutting down and abandoning module TreeMap (249)
[2019.01.15-15.04.26:017][435]LogModuleManager: Shutting down and abandoning module LightPropagationVolumeRuntime (246)
[2019.01.15-15.04.26:017][435]LogModuleManager: Shutting down and abandoning module LiveLinkEditor (244)
[2019.01.15-15.04.26:017][435]LogModuleManager: Shutting down and abandoning module LiveLink (242)
[2019.01.15-15.04.27:016][435]LogModuleManager: Shutting down and abandoning module Paper2D (240)
[2019.01.15-15.04.27:016][435]LogModuleManager: Shutting down and abandoning module WindowsMoviePlayer (238)
[2019.01.15-15.04.27:016][435]LogModuleManager: Shutting down and abandoning module WmfMedia (236)
[2019.01.15-15.04.27:017][435]LogModuleManager: Shutting down and abandoning module Media (235)
[2019.01.15-15.04.27:023][435]LogModuleManager: Shutting down and abandoning module PacketHandler (232)
[2019.01.15-15.04.27:023][435]LogModuleManager: Shutting down and abandoning module ClothingSystemEditor (230)
[2019.01.15-15.04.27:023][435]LogModuleManager: Shutting down and abandoning module ClothingSystemRuntime (228)
[2019.01.15-15.04.27:023][435]LogModuleManager: Shutting down and abandoning module MediaAssets (226)
[2019.01.15-15.04.27:023][435]LogModuleManager: Shutting down and abandoning module Overlay (224)
[2019.01.15-15.04.27:023][435]LogModuleManager: Shutting down and abandoning module OverlayEditor (223)
[2019.01.15-15.04.27:023][435]LogModuleManager: Shutting down and abandoning module EnvironmentQueryEditor (220)
[2019.01.15-15.04.27:023][435]LogModuleManager: Shutting down and abandoning module VREditor (218)
[2019.01.15-15.04.27:023][435]LogModuleManager: Shutting down and abandoning module StringTableEditor (216)
[2019.01.15-15.04.27:023][435]LogModuleManager: Shutting down and abandoning module GameplayTasksEditor (214)
[2019.01.15-15.04.27:023][435]LogModuleManager: Shutting down and abandoning module BehaviorTreeEditor (212)
[2019.01.15-15.04.27:023][435]LogModuleManager: Shutting down and abandoning module FunctionalTesting (210)
[2019.01.15-15.04.27:023][435]LogModuleManager: Shutting down and abandoning module CollisionAnalyzer (208)
[2019.01.15-15.04.27:023][435]LogModuleManager: Shutting down and abandoning module WorkspaceMenuStructure (207)
[2019.01.15-15.04.27:023][435]LogModuleManager: Shutting down and abandoning module UMG (204)
[2019.01.15-15.04.27:023][435]LogModuleManager: Shutting down and abandoning module UMGEditor (203)
[2019.01.15-15.04.27:023][435]LogModuleManager: Shutting down and abandoning module Sequencer (202)
[2019.01.15-15.04.27:023][435]LogModuleManager: Shutting down and abandoning module MessageLog (199)
[2019.01.15-15.04.27:023][435]LogModuleManager: Shutting down and abandoning module SlateReflector (194)
[2019.01.15-15.04.27:023][435]LogModuleManager: Shutting down and abandoning module Slate (192)
[2019.01.15-15.04.27:023][435]LogModuleManager: Shutting down and abandoning module EditorStyle (190)
[2019.01.15-15.04.27:025][435]LogModuleManager: Shutting down and abandoning module MRMesh (188)
[2019.01.15-15.04.27:025][435]LogModuleManager: Shutting down and abandoning module SourceCodeAccess (186)
[2019.01.15-15.04.27:025][435]LogModuleManager: Shutting down and abandoning module HeadMountedDisplay (184)
[2019.01.15-15.04.27:025][435]LogModuleManager: Shutting down and abandoning module XAudio2 (182)
[2019.01.15-15.04.27:025][435]LogModuleManager: Shutting down and abandoning module Networking (180)
[2019.01.15-15.04.27:025][435]LogModuleManager: Shutting down and abandoning module Core (178)
[2019.01.15-15.04.27:025][435]LogModuleManager: Shutting down and abandoning module LevelSequence (176)
[2019.01.15-15.04.27:025][435]LogModuleManager: Shutting down and abandoning module KismetCompiler (174)
[2019.01.15-15.04.27:025][435]LogModuleManager: Shutting down and abandoning module MeshUtilities (172)
[2019.01.15-15.04.27:025][435]LogModuleManager: Shutting down and abandoning module MeshMergeUtilities (171)
[2019.01.15-15.04.27:025][435]LogModuleManager: Shutting down and abandoning module MeshReductionInterface (170)
[2019.01.15-15.04.27:025][435]LogModuleManager: Shutting down and abandoning module SimplygonSwarm (169)
[2019.01.15-15.04.27:025][435]LogModuleManager: Shutting down and abandoning module SimplygonMeshReduction (167)
[2019.01.15-15.04.27:025][435]LogModuleManager: Shutting down and abandoning module QuadricMeshReduction (165)
[2019.01.15-15.04.27:025][435]LogModuleManager: Shutting down and abandoning module MaterialBaking (161)
[2019.01.15-15.04.27:025][435]LogModuleManager: Shutting down and abandoning module DirectoryWatcher (157)
[2019.01.15-15.04.27:027][435]LogModuleManager: Shutting down and abandoning module DerivedDataCache (154)
[2019.01.15-15.04.27:470][435]LogDerivedDataCache: Shutdown
[2019.01.15-15.04.27:470][435]LogModuleManager: Shutting down and abandoning module XGEController (152)
[2019.01.15-15.04.27:470][435]LogXGEController: Cleaning working directory: C:/Users/W.Z/AppData/Local/Temp/UnrealXGEWorkingDir/
[2019.01.15-15.04.27:471][435]LogModuleManager: Shutting down and abandoning module TargetPlatform (150)
[2019.01.15-15.04.27:471][435]LogModuleManager: Shutting down and abandoning module VulkanShaderFormat (149)
[2019.01.15-15.04.27:471][435]LogModuleManager: Shutting down and abandoning module ShaderFormatVectorVM (147)
[2019.01.15-15.04.27:471][435]LogModuleManager: Shutting down and abandoning module ShaderFormatOpenGL (145)
[2019.01.15-15.04.27:471][435]LogModuleManager: Shutting down and abandoning module ShaderFormatD3D (143)
[2019.01.15-15.04.27:471][435]LogModuleManager: Shutting down and abandoning module MetalShaderFormat (141)
[2019.01.15-15.04.27:471][435]LogModuleManager: Shutting down and abandoning module TextureFormatUncompressed (139)
[2019.01.15-15.04.27:471][435]LogModuleManager: Shutting down and abandoning module TextureFormatPVR (137)
[2019.01.15-15.04.27:471][435]LogModuleManager: Shutting down and abandoning module TextureFormatDXT (135)
[2019.01.15-15.04.27:471][435]LogModuleManager: Shutting down and abandoning module TextureFormatIntelISPCTexComp (133)
[2019.01.15-15.04.27:471][435]LogModuleManager: Shutting down and abandoning module TextureFormatASTC (131)
[2019.01.15-15.04.27:471][435]LogModuleManager: Shutting down and abandoning module ImageWrapper (130)
[2019.01.15-15.04.27:471][435]LogModuleManager: Shutting down and abandoning module TextureFormatAndroid (127)
[2019.01.15-15.04.27:471][435]LogModuleManager: Shutting down and abandoning module AudioFormatOpus (125)
[2019.01.15-15.04.27:471][435]LogModuleManager: Shutting down and abandoning module AudioFormatOgg (123)
[2019.01.15-15.04.27:471][435]LogModuleManager: Shutting down and abandoning module AudioFormatADPCM (121)
[2019.01.15-15.04.27:471][435]LogModuleManager: Shutting down and abandoning module LinuxTargetPlatform (119)
[2019.01.15-15.04.27:471][435]LogModuleManager: Shutting down and abandoning module LinuxServerTargetPlatform (117)
[2019.01.15-15.04.27:471][435]LogModuleManager: Shutting down and abandoning module LinuxNoEditorTargetPlatform (115)
[2019.01.15-15.04.27:471][435]LogModuleManager: Shutting down and abandoning module LinuxClientTargetPlatform (113)
[2019.01.15-15.04.27:471][435]LogModuleManager: Shutting down and abandoning module TVOSTargetPlatform (111)
[2019.01.15-15.04.27:471][435]LogModuleManager: Shutting down and abandoning module Messaging (109)
[2019.01.15-15.04.27:471][435]LogModuleManager: Shutting down and abandoning module IOSTargetPlatform (107)
[2019.01.15-15.04.27:471][435]LogModuleManager: Shutting down and abandoning module HTML5TargetPlatform (105)
[2019.01.15-15.04.27:471][435]LogModuleManager: Shutting down and abandoning module AndroidTargetPlatform (103)
[2019.01.15-15.04.27:471][435]LogModuleManager: Shutting down and abandoning module Android_PVRTCTargetPlatform (101)
[2019.01.15-15.04.27:471][435]LogModuleManager: Shutting down and abandoning module Android_MultiTargetPlatform (99)
[2019.01.15-15.04.27:471][435]LogModuleManager: Shutting down and abandoning module Android_ETC2TargetPlatform (97)
[2019.01.15-15.04.27:471][435]LogModuleManager: Shutting down and abandoning module Android_ETC1TargetPlatform (95)
[2019.01.15-15.04.27:471][435]LogModuleManager: Shutting down and abandoning module Android_ETC1aTargetPlatform (93)
[2019.01.15-15.04.27:471][435]LogModuleManager: Shutting down and abandoning module Android_DXTTargetPlatform (91)
[2019.01.15-15.04.27:471][435]LogModuleManager: Shutting down and abandoning module Android_ATCTargetPlatform (89)
[2019.01.15-15.04.27:471][435]LogModuleManager: Shutting down and abandoning module Android_ASTCTargetPlatform (87)
[2019.01.15-15.04.27:471][435]LogModuleManager: Shutting down and abandoning module WindowsTargetPlatform (85)
[2019.01.15-15.04.27:471][435]LogModuleManager: Shutting down and abandoning module WindowsServerTargetPlatform (83)
[2019.01.15-15.04.27:471][435]LogModuleManager: Shutting down and abandoning module WindowsNoEditorTargetPlatform (81)
[2019.01.15-15.04.27:471][435]LogModuleManager: Shutting down and abandoning module WindowsClientTargetPlatform (79)
[2019.01.15-15.04.27:471][435]LogModuleManager: Shutting down and abandoning module MacTargetPlatform (77)
[2019.01.15-15.04.27:471][435]LogModuleManager: Shutting down and abandoning module MacServerTargetPlatform (75)
[2019.01.15-15.04.27:471][435]LogModuleManager: Shutting down and abandoning module MacNoEditorTargetPlatform (73)
[2019.01.15-15.04.27:472][435]LogModuleManager: Shutting down and abandoning module MacClientTargetPlatform (71)
[2019.01.15-15.04.27:472][435]LogModuleManager: Shutting down and abandoning module AllDesktopTargetPlatform (69)
[2019.01.15-15.04.27:472][435]LogModuleManager: Shutting down and abandoning module InputCore (66)
[2019.01.15-15.04.27:472][435]LogModuleManager: Shutting down and abandoning module Settings (64)
[2019.01.15-15.04.27:472][435]LogModuleManager: Shutting down and abandoning module PhysXCooking (62)
[2019.01.15-15.04.27:472][435]LogModuleManager: Shutting down and abandoning module SteamVR (60)
[2019.01.15-15.04.27:472][435]LogModuleManager: Shutting down and abandoning module OculusHMD (58)
[2019.01.15-15.04.27:472][435]LogModuleManager: Shutting down and abandoning module ExampleDeviceProfileSelector (56)
[2019.01.15-15.04.27:472][435]LogModuleManager: Shutting down and abandoning module AppleARKit (54)
[2019.01.15-15.04.27:472][435]LogModuleManager: Shutting down and abandoning module AugmentedReality (51)
[2019.01.15-15.04.27:472][435]LogModuleManager: Shutting down and abandoning module OnlineBlueprintSupport (48)
[2019.01.15-15.04.27:472][435]LogModuleManager: Shutting down and abandoning module OnlineSubsystem (44)
[2019.01.15-15.04.27:472][435]LogModuleManager: Shutting down and abandoning module XMPP (43)
[2019.01.15-15.04.27:472][435]LogModuleManager: Shutting down and abandoning module HTTP (41)
[2019.01.15-15.04.27:472][435]LogHttp: Display: Http module shutting down, but needs to wait on 1 outstanding Http requests:
[2019.01.15-15.04.27:472][435]LogHttp: Display: 	verb=[POST] url=[https://datarouter.ol.epicgames.com/datarouter/api/v1/public/data?SessionID=%7BFA5C4E6F-4A24-2402-E8A0-C28C3AE3D5F5%7D&AppID=UEEditor.Rocket.Release&AppVersion=4.19.2-4033788%2B%2B%2BUE4%2BRelease-4.19&UserID=cddf727c45fe6909b4b386953108c4bb%7C81960cdfb0dd40f9a24ad723c9fb28e5%7Cd4afb290-0dc3-4853-a529-ad761f552ef5&AppEnvironment=datacollector-binary&UploadType=eteventstream] status=Processing
[2019.01.15-15.04.27:505][435]LogModuleManager: Shutting down and abandoning module SSL (40)
[2019.01.15-15.04.27:507][435]LogModuleManager: Shutting down and abandoning module AnimationModifiers (36)
[2019.01.15-15.04.27:507][435]LogModuleManager: Shutting down and abandoning module PropertyEditor (35)
[2019.01.15-15.04.27:507][435]LogModuleManager: Shutting down and abandoning module AudioEditor (32)
[2019.01.15-15.04.27:507][435]LogModuleManager: Shutting down and abandoning module TextureCompressor (30)
[2019.01.15-15.04.27:507][435]LogModuleManager: Shutting down and abandoning module ShaderCore (28)
[2019.01.15-15.04.27:507][435]LogModuleManager: Shutting down and abandoning module Landscape (26)
[2019.01.15-15.04.27:507][435]LogModuleManager: Shutting down and abandoning module SlateRHIRenderer (24)
[2019.01.15-15.04.27:508][435]LogModuleManager: Shutting down and abandoning module OpenGLDrv (22)
[2019.01.15-15.04.27:508][435]LogModuleManager: Shutting down and abandoning module D3D11RHI (20)
[2019.01.15-15.04.27:508][435]LogModuleManager: Shutting down and abandoning module AnimGraphRuntime (18)
[2019.01.15-15.04.27:508][435]LogModuleManager: Shutting down and abandoning module Renderer (16)
[2019.01.15-15.04.27:508][435]LogModuleManager: Shutting down and abandoning module Engine (14)
[2019.01.15-15.04.27:508][435]LogModuleManager: Shutting down and abandoning module CoreUObject (12)
[2019.01.15-15.04.27:508][435]LogModuleManager: Shutting down and abandoning module NetworkFile (10)
[2019.01.15-15.04.27:508][435]LogModuleManager: Shutting down and abandoning module CookedIterativeFile (8)
[2019.01.15-15.04.27:508][435]LogModuleManager: Shutting down and abandoning module StreamingFile (6)
[2019.01.15-15.04.27:508][435]LogModuleManager: Shutting down and abandoning module SandboxFile (4)
[2019.01.15-15.04.27:508][435]LogModuleManager: Shutting down and abandoning module PakFile (2)
[2019.01.15-15.04.27:512][435]LogExit: Exiting.
[2019.01.15-15.04.27:522][435]Log file closed, 01/15/19 16:04:27
