Log file open, 12/19/18 13:06:36
LogWindows: Failed to load 'aqProf.dll' (GetLastError=126)
LogWindows: File 'aqProf.dll' does not exist
LogWindows: Failed to load 'VtuneApi.dll' (GetLastError=126)
LogWindows: File 'VtuneApi.dll' does not exist
LogWindows: Failed to load 'VtuneApi32e.dll' (GetLastError=126)
LogWindows: File 'VtuneApi32e.dll' does not exist
LogInit: Display: Running engine for game: EX5_Waldemar_Zeitler
LogPlatformFile: Not using cached read wrapper
LogInit: Display: RandInit(421444161) SRandInit(421444161).
LogInit: Read version file with build ID '3944462'
LogInit: Overriding engine version to CL 4033788, compatible CL 3944462
LogInit: Registered custom module enumerator with build ID '3944462'
LogTaskGraph: Started task graph with 5 named threads and 11 total threads with 3 sets of task threads.
LogStats: Stats thread started at 0.549037
LogD3D11RHI: Aftermath initialized
LogICUInternationalization: Display: ICU TimeZone Detection - Raw Offset: +1:00, Platform Override: ''
LogPluginManager: Mounting plugin Paper2D
LogPluginManager: Mounting plugin LiveLink
LogPluginManager: Mounting plugin LightPropagationVolume
LogPluginManager: Mounting plugin CLionSourceCodeAccess
LogPluginManager: Mounting plugin CodeLiteSourceCodeAccess
LogPluginManager: Mounting plugin GitSourceControl
LogPluginManager: Mounting plugin KDevelopSourceCodeAccess
LogPluginManager: Mounting plugin NullSourceCodeAccess
LogPluginManager: Mounting plugin PerforceSourceControl
LogPluginManager: Mounting plugin SubversionSourceControl
LogPluginManager: Mounting plugin UObjectPlugin
LogPluginManager: Mounting plugin VisualStudioCodeSourceCodeAccess
LogPluginManager: Mounting plugin VisualStudioSourceCodeAccess
LogPluginManager: Mounting plugin XCodeSourceCodeAccess
LogPluginManager: Mounting plugin AssetManagerEditor
LogPluginManager: Mounting plugin CryptoKeys
LogPluginManager: Mounting plugin DataValidation
LogPluginManager: Mounting plugin FacialAnimation
LogPluginManager: Mounting plugin GameplayTagsEditor
LogPluginManager: Mounting plugin MobileLauncherProfileWizard
LogPluginManager: Mounting plugin PluginBrowser
LogPluginManager: Mounting plugin SpeedTreeImporter
LogPluginManager: Mounting plugin DatasmithContent
LogPluginManager: Mounting plugin AlembicImporter
LogPluginManager: Mounting plugin CharacterAI
LogPluginManager: Mounting plugin HTML5Networking
LogPluginManager: Mounting plugin AndroidMedia
LogPluginManager: Mounting plugin AvfMedia
LogPluginManager: Mounting plugin ImgMedia
LogPluginManager: Mounting plugin LinearTimecode
LogPluginManager: Mounting plugin MediaCompositing
LogPluginManager: Mounting plugin MediaPlayerEditor
LogPluginManager: Mounting plugin WmfMedia
LogPluginManager: Mounting plugin TcpMessaging
LogPluginManager: Mounting plugin UdpMessaging
LogPluginManager: Mounting plugin ActorSequence
LogPluginManager: Mounting plugin LevelSequenceEditor
LogPluginManager: Mounting plugin MatineeToLevelSequence
LogPluginManager: Mounting plugin NetcodeUnitTest
LogPluginManager: Mounting plugin NUTUnrealEngine4
LogPluginManager: Mounting plugin OnlineSubsystemGooglePlay
LogPluginManager: Mounting plugin OnlineSubsystemIOS
LogPluginManager: Mounting plugin OnlineSubsystem
LogPluginManager: Mounting plugin OnlineSubsystemNull
LogPluginManager: Mounting plugin OnlineSubsystemUtils
LogPluginManager: Mounting plugin AndroidDeviceProfileSelector
LogPluginManager: Mounting plugin AndroidMoviePlayer
LogPluginManager: Mounting plugin AndroidPermission
LogPluginManager: Mounting plugin AppleARKit
LogPluginManager: Mounting plugin AppleMoviePlayer
LogPluginManager: Mounting plugin ArchVisCharacter
LogPluginManager: Mounting plugin AudioCapture
LogPluginManager: Mounting plugin CableComponent
LogPluginManager: Mounting plugin CustomMeshComponent
LogPluginManager: Mounting plugin ExampleDeviceProfileSelector
LogPluginManager: Mounting plugin GoogleCloudMessaging
LogPluginManager: Mounting plugin ImmediatePhysics
LogPluginManager: Mounting plugin IOSDeviceProfileSelector
LogPluginManager: Mounting plugin LinuxDeviceProfileSelector
LogPluginManager: Mounting plugin LocationServicesBPLibrary
LogPluginManager: Mounting plugin MobilePatchingUtils
LogPluginManager: Mounting plugin OculusVR
LogPluginManager: Plugin shader directory ../../../Engine/Plugins/Runtime/Oculus/OculusVR/Shaders found
LogPluginManager: Mapping shader source directory ../../../Engine/Plugins/Runtime/Oculus/OculusVR/Shaders to virtual directory /Plugin/OculusVR
LogPluginManager: Mounting plugin PhysXVehicles
LogPluginManager: Mounting plugin ProceduralMeshComponent
LogPluginManager: Mounting plugin RuntimePhysXCooking
LogPluginManager: Mounting plugin SteamVR
LogPluginManager: Mounting plugin WindowsMoviePlayer
LogStreaming: Display: Took  0.308s to configure plugins.
LogModuleManager: Display: Found up-to-date module file ../../../../../../Users/wzeitler/Desktop/GameEngines/EX5_Waldemar_Zeitler/Binaries/Win64/UE4Editor-EX5_Waldemar_Zeitler-Win64-DebugGame.dll (API version 3944462).
LogModuleManager: Display: Found up-to-date module file ../../../Engine/Plugins/2D/Paper2D/Binaries/Win64/UE4Editor-Paper2D.dll (API version 3944462).
LogModuleManager: Display: Found up-to-date module file ../../../Engine/Plugins/2D/Paper2D/Binaries/Win64/UE4Editor-Paper2DEditor.dll (API version 3944462).
LogModuleManager: Display: Found up-to-date module file ../../../Engine/Plugins/2D/Paper2D/Binaries/Win64/UE4Editor-PaperSpriteSheetImporter.dll (API version 3944462).
LogModuleManager: Display: Found up-to-date module file ../../../Engine/Plugins/2D/Paper2D/Binaries/Win64/UE4Editor-PaperTiledImporter.dll (API version 3944462).
LogModuleManager: Display: Found up-to-date module file ../../../Engine/Plugins/2D/Paper2D/Binaries/Win64/UE4Editor-SmartSnapping.dll (API version 3944462).
LogModuleManager: Display: Found up-to-date module file ../../../Engine/Plugins/Animation/LiveLink/Binaries/Win64/UE4Editor-LiveLink.dll (API version 3944462).
LogModuleManager: Display: Found up-to-date module file ../../../Engine/Plugins/Animation/LiveLink/Binaries/Win64/UE4Editor-LiveLinkEditor.dll (API version 3944462).
LogModuleManager: Display: Found up-to-date module file ../../../Engine/Plugins/Blendables/LightPropagationVolume/Binaries/Win64/UE4Editor-LightPropagationVolumeRuntime.dll (API version 3944462).
LogModuleManager: Display: Found up-to-date module file ../../../Engine/Plugins/Blendables/LightPropagationVolume/Binaries/Win64/UE4Editor-LightPropagationVolumeEditor.dll (API version 3944462).
LogModuleManager: Display: Found up-to-date module file ../../../Engine/Plugins/Developer/CLionSourceCodeAccess/Binaries/Win64/UE4Editor-CLionSourceCodeAccess.dll (API version 3944462).
LogModuleManager: Display: Found up-to-date module file ../../../Engine/Plugins/Developer/GitSourceControl/Binaries/Win64/UE4Editor-GitSourceControl.dll (API version 3944462).
LogModuleManager: Display: Found up-to-date module file ../../../Engine/Plugins/Developer/PerforceSourceControl/Binaries/Win64/UE4Editor-PerforceSourceControl.dll (API version 3944462).
LogModuleManager: Display: Found up-to-date module file ../../../Engine/Plugins/Developer/SubversionSourceControl/Binaries/Win64/UE4Editor-SubversionSourceControl.dll (API version 3944462).
LogModuleManager: Display: Found up-to-date module file ../../../Engine/Plugins/Developer/UObjectPlugin/Binaries/Win64/UE4Editor-UObjectPlugin.dll (API version 3944462).
LogModuleManager: Display: Found up-to-date module file ../../../Engine/Plugins/Developer/VisualStudioCodeSourceCodeAccess/Binaries/Win64/UE4Editor-VisualStudioCodeSourceCodeAccess.dll (API version 3944462).
LogModuleManager: Display: Found up-to-date module file ../../../Engine/Plugins/Developer/VisualStudioSourceCodeAccess/Binaries/Win64/UE4Editor-VisualStudioSourceCodeAccess.dll (API version 3944462).
LogModuleManager: Display: Found up-to-date module file ../../../Engine/Plugins/Editor/AssetManagerEditor/Binaries/Win64/UE4Editor-AssetManagerEditor.dll (API version 3944462).
LogModuleManager: Display: Found up-to-date module file ../../../Engine/Plugins/Editor/CryptoKeys/Binaries/Win64/UE4Editor-CryptoKeys.dll (API version 3944462).
LogModuleManager: Display: Found up-to-date module file ../../../Engine/Plugins/Editor/CryptoKeys/Binaries/Win64/UE4Editor-CryptoKeysOpenSSL.dll (API version 3944462).
LogModuleManager: Display: Found up-to-date module file ../../../Engine/Plugins/Editor/DataValidation/Binaries/Win64/UE4Editor-DataValidation.dll (API version 3944462).
LogModuleManager: Display: Found up-to-date module file ../../../Engine/Plugins/Editor/FacialAnimation/Binaries/Win64/UE4Editor-FacialAnimation.dll (API version 3944462).
LogModuleManager: Display: Found up-to-date module file ../../../Engine/Plugins/Editor/FacialAnimation/Binaries/Win64/UE4Editor-FacialAnimationEditor.dll (API version 3944462).
LogModuleManager: Display: Found up-to-date module file ../../../Engine/Plugins/Editor/GameplayTagsEditor/Binaries/Win64/UE4Editor-GameplayTagsEditor.dll (API version 3944462).
LogModuleManager: Display: Found up-to-date module file ../../../Engine/Plugins/Editor/MobileLauncherProfileWizard/Binaries/Win64/UE4Editor-MobileLauncherProfileWizard.dll (API version 3944462).
LogModuleManager: Display: Found up-to-date module file ../../../Engine/Plugins/Editor/PluginBrowser/Binaries/Win64/UE4Editor-PluginBrowser.dll (API version 3944462).
LogModuleManager: Display: Found up-to-date module file ../../../Engine/Plugins/Editor/SpeedTreeImporter/Binaries/Win64/UE4Editor-SpeedTreeImporter.dll (API version 3944462).
LogModuleManager: Display: Found up-to-date module file ../../../Engine/Plugins/Enterprise/DatasmithContent/Binaries/Win64/UE4Editor-DatasmithContent.dll (API version 3944462).
LogModuleManager: Display: Found up-to-date module file ../../../Engine/Plugins/Experimental/AlembicImporter/Binaries/Win64/UE4Editor-AlembicImporter.dll (API version 3944462).
LogModuleManager: Display: Found up-to-date module file ../../../Engine/Plugins/Experimental/AlembicImporter/Binaries/Win64/UE4Editor-AlembicLibrary.dll (API version 3944462).
LogModuleManager: Display: Found up-to-date module file ../../../Engine/Plugins/Experimental/CharacterAI/Binaries/Win64/UE4Editor-CharacterAI.dll (API version 3944462).
LogModuleManager: Display: Found up-to-date module file ../../../Engine/Plugins/Experimental/HTML5Networking/Binaries/Win64/UE4Editor-HTML5Networking.dll (API version 3944462).
LogModuleManager: Display: Found up-to-date module file ../../../Engine/Plugins/Media/AndroidMedia/Binaries/Win64/UE4Editor-AndroidMediaEditor.dll (API version 3944462).
LogModuleManager: Display: Found up-to-date module file ../../../Engine/Plugins/Media/AndroidMedia/Binaries/Win64/UE4Editor-AndroidMediaFactory.dll (API version 3944462).
LogModuleManager: Display: Found up-to-date module file ../../../Engine/Plugins/Media/AvfMedia/Binaries/Win64/UE4Editor-AvfMediaEditor.dll (API version 3944462).
LogModuleManager: Display: Found up-to-date module file ../../../Engine/Plugins/Media/AvfMedia/Binaries/Win64/UE4Editor-AvfMediaFactory.dll (API version 3944462).
LogModuleManager: Display: Found up-to-date module file ../../../Engine/Plugins/Media/AvfMedia/Binaries/Win64/UE4Editor-AvfMediaFactory.dll (API version 3944462).
LogModuleManager: Display: Found up-to-date module file ../../../Engine/Plugins/Media/ImgMedia/Binaries/Win64/UE4Editor-ImgMedia.dll (API version 3944462).
LogModuleManager: Display: Found up-to-date module file ../../../Engine/Plugins/Media/ImgMedia/Binaries/Win64/UE4Editor-ImgMediaEditor.dll (API version 3944462).
LogModuleManager: Display: Found up-to-date module file ../../../Engine/Plugins/Media/ImgMedia/Binaries/Win64/UE4Editor-ImgMediaFactory.dll (API version 3944462).
LogModuleManager: Display: Found up-to-date module file ../../../Engine/Plugins/Media/ImgMedia/Binaries/Win64/UE4Editor-ImgMediaFactory.dll (API version 3944462).
LogModuleManager: Display: Found up-to-date module file ../../../Engine/Plugins/Media/ImgMedia/Binaries/Win64/UE4Editor-OpenExrWrapper.dll (API version 3944462).
LogModuleManager: Display: Found up-to-date module file ../../../Engine/Plugins/Media/LinearTimecode/Binaries/Win64/UE4Editor-LinearTimecode.dll (API version 3944462).
LogModuleManager: Display: Found up-to-date module file ../../../Engine/Plugins/Media/MediaCompositing/Binaries/Win64/UE4Editor-MediaCompositing.dll (API version 3944462).
LogModuleManager: Display: Found up-to-date module file ../../../Engine/Plugins/Media/MediaCompositing/Binaries/Win64/UE4Editor-MediaCompositingEditor.dll (API version 3944462).
LogModuleManager: Display: Found up-to-date module file ../../../Engine/Plugins/Media/MediaPlayerEditor/Binaries/Win64/UE4Editor-MediaPlayerEditor.dll (API version 3944462).
LogModuleManager: Display: Found up-to-date module file ../../../Engine/Plugins/Media/WmfMedia/Binaries/Win64/UE4Editor-WmfMedia.dll (API version 3944462).
LogModuleManager: Display: Found up-to-date module file ../../../Engine/Plugins/Media/WmfMedia/Binaries/Win64/UE4Editor-WmfMediaEditor.dll (API version 3944462).
LogModuleManager: Display: Found up-to-date module file ../../../Engine/Plugins/Media/WmfMedia/Binaries/Win64/UE4Editor-WmfMediaFactory.dll (API version 3944462).
LogModuleManager: Display: Found up-to-date module file ../../../Engine/Plugins/Media/WmfMedia/Binaries/Win64/UE4Editor-WmfMediaFactory.dll (API version 3944462).
LogModuleManager: Display: Found up-to-date module file ../../../Engine/Plugins/Messaging/TcpMessaging/Binaries/Win64/UE4Editor-TcpMessaging.dll (API version 3944462).
LogModuleManager: Display: Found up-to-date module file ../../../Engine/Plugins/Messaging/UdpMessaging/Binaries/Win64/UE4Editor-UdpMessaging.dll (API version 3944462).
LogModuleManager: Display: Found up-to-date module file ../../../Engine/Plugins/MovieScene/ActorSequence/Binaries/Win64/UE4Editor-ActorSequence.dll (API version 3944462).
LogModuleManager: Display: Found up-to-date module file ../../../Engine/Plugins/MovieScene/LevelSequenceEditor/Binaries/Win64/UE4Editor-LevelSequenceEditor.dll (API version 3944462).
LogModuleManager: Display: Found up-to-date module file ../../../Engine/Plugins/MovieScene/MatineeToLevelSequence/Binaries/Win64/UE4Editor-MatineeToLevelSequence.dll (API version 3944462).
LogModuleManager: Display: Found up-to-date module file ../../../Engine/Plugins/NetcodeUnitTest/NetcodeUnitTest/Binaries/Win64/UE4Editor-NetcodeUnitTest.dll (API version 3944462).
LogModuleManager: Display: Found up-to-date module file ../../../Engine/Plugins/NetcodeUnitTest/NUTUnrealEngine4/Binaries/Win64/UE4Editor-NUTUnrealEngine4.dll (API version 3944462).
LogModuleManager: Display: Found up-to-date module file ../../../Engine/Plugins/Online/OnlineSubsystem/Binaries/Win64/UE4Editor-OnlineSubsystem.dll (API version 3944462).
LogModuleManager: Display: Found up-to-date module file ../../../Engine/Plugins/Online/OnlineSubsystemNull/Binaries/Win64/UE4Editor-OnlineSubsystemNull.dll (API version 3944462).
LogModuleManager: Display: Found up-to-date module file ../../../Engine/Plugins/Online/OnlineSubsystemUtils/Binaries/Win64/UE4Editor-OnlineSubsystemUtils.dll (API version 3944462).
LogModuleManager: Display: Found up-to-date module file ../../../Engine/Plugins/Online/OnlineSubsystemUtils/Binaries/Win64/UE4Editor-OnlineBlueprintSupport.dll (API version 3944462).
LogModuleManager: Display: Found up-to-date module file ../../../Engine/Plugins/Runtime/AndroidDeviceProfileSelector/Binaries/Win64/UE4Editor-AndroidDeviceProfileSelector.dll (API version 3944462).
LogModuleManager: Display: Found up-to-date module file ../../../Engine/Plugins/Runtime/AndroidPermission/Binaries/Win64/UE4Editor-AndroidPermission.dll (API version 3944462).
LogModuleManager: Display: Found up-to-date module file ../../../Engine/Plugins/Runtime/AppleARKit/Binaries/Win64/UE4Editor-AppleARKit.dll (API version 3944462).
LogModuleManager: Display: Found up-to-date module file ../../../Engine/Plugins/Runtime/ArchVisCharacter/Binaries/Win64/UE4Editor-ArchVisCharacter.dll (API version 3944462).
LogModuleManager: Display: Found up-to-date module file ../../../Engine/Plugins/Runtime/AudioCapture/Binaries/Win64/UE4Editor-AudioCapture.dll (API version 3944462).
LogModuleManager: Display: Found up-to-date module file ../../../Engine/Plugins/Runtime/AudioCapture/Binaries/Win64/UE4Editor-AudioCaptureEditor.dll (API version 3944462).
LogModuleManager: Display: Found up-to-date module file ../../../Engine/Plugins/Runtime/CableComponent/Binaries/Win64/UE4Editor-CableComponent.dll (API version 3944462).
LogModuleManager: Display: Found up-to-date module file ../../../Engine/Plugins/Runtime/CustomMeshComponent/Binaries/Win64/UE4Editor-CustomMeshComponent.dll (API version 3944462).
LogModuleManager: Display: Found up-to-date module file ../../../Engine/Plugins/Runtime/ExampleDeviceProfileSelector/Binaries/Win64/UE4Editor-ExampleDeviceProfileSelector.dll (API version 3944462).
LogModuleManager: Display: Found up-to-date module file ../../../Engine/Plugins/Runtime/ImmediatePhysics/Binaries/Win64/UE4Editor-ImmediatePhysics.dll (API version 3944462).
LogModuleManager: Display: Found up-to-date module file ../../../Engine/Plugins/Runtime/ImmediatePhysics/Binaries/Win64/UE4Editor-ImmediatePhysicsEditor.dll (API version 3944462).
LogModuleManager: Display: Found up-to-date module file ../../../Engine/Plugins/Runtime/LocationServicesBPLibrary/Binaries/Win64/UE4Editor-LocationServicesBPLibrary.dll (API version 3944462).
LogModuleManager: Display: Found up-to-date module file ../../../Engine/Plugins/Runtime/MobilePatchingUtils/Binaries/Win64/UE4Editor-MobilePatchingUtils.dll (API version 3944462).
LogModuleManager: Display: Found up-to-date module file ../../../Engine/Plugins/Runtime/Oculus/OculusVR/Binaries/Win64/UE4Editor-OculusHMD.dll (API version 3944462).
LogModuleManager: Display: Found up-to-date module file ../../../Engine/Plugins/Runtime/Oculus/OculusVR/Binaries/Win64/UE4Editor-OculusInput.dll (API version 3944462).
LogModuleManager: Display: Found up-to-date module file ../../../Engine/Plugins/Runtime/Oculus/OculusVR/Binaries/Win64/UE4Editor-OculusEditor.dll (API version 3944462).
LogModuleManager: Display: Found up-to-date module file ../../../Engine/Plugins/Runtime/PhysXVehicles/Binaries/Win64/UE4Editor-PhysXVehicles.dll (API version 3944462).
LogModuleManager: Display: Found up-to-date module file ../../../Engine/Plugins/Runtime/PhysXVehicles/Binaries/Win64/UE4Editor-PhysXVehiclesEditor.dll (API version 3944462).
LogModuleManager: Display: Found up-to-date module file ../../../Engine/Plugins/Runtime/ProceduralMeshComponent/Binaries/Win64/UE4Editor-ProceduralMeshComponent.dll (API version 3944462).
LogModuleManager: Display: Found up-to-date module file ../../../Engine/Plugins/Runtime/ProceduralMeshComponent/Binaries/Win64/UE4Editor-ProceduralMeshComponentEditor.dll (API version 3944462).
LogModuleManager: Display: Found up-to-date module file ../../../Engine/Plugins/Runtime/RuntimePhysXCooking/Binaries/Win64/UE4Editor-RuntimePhysXCooking.dll (API version 3944462).
LogModuleManager: Display: Found up-to-date module file ../../../Engine/Plugins/Runtime/Steam/SteamVR/Binaries/Win64/UE4Editor-SteamVR.dll (API version 3944462).
LogModuleManager: Display: Found up-to-date module file ../../../Engine/Plugins/Runtime/Steam/SteamVR/Binaries/Win64/UE4Editor-SteamVRController.dll (API version 3944462).
LogModuleManager: Display: Found up-to-date module file ../../../Engine/Plugins/Runtime/WindowsMoviePlayer/Binaries/Win64/UE4Editor-WindowsMoviePlayer.dll (API version 3944462).
LogInit: Using libcurl 7.47.1
LogInit:  - built for x86_64-pc-win32
LogInit:  - supports SSL with OpenSSL/1.0.2g
LogInit:  - supports HTTP deflate (compression) using libz 1.2.8
LogInit:  - other features:
LogInit:      CURL_VERSION_SSL
LogInit:      CURL_VERSION_LIBZ
LogInit:      CURL_VERSION_IPV6
LogInit:      CURL_VERSION_ASYNCHDNS
LogInit:      CURL_VERSION_LARGEFILE
LogInit:      CURL_VERSION_IDN
LogInit:  CurlRequestOptions (configurable via config and command line):
LogInit:  - bVerifyPeer = false  - Libcurl will NOT verify peer certificate
LogInit:  - bUseHttpProxy = false  - Libcurl will NOT use HTTP proxy
LogInit:  - bDontReuseConnections = false  - Libcurl will reuse connections
LogInit:  - CertBundlePath = nullptr  - Libcurl will use whatever was configured at build time.
LogInit:  - MaxHostConnections = 16  - Libcurl will limit the number of connections to a host
LogInit:  - LocalHostAddr = Default
LogInit: WinSock: version 1.1 (2.2), MaxSocks=32767, MaxUdp=65467
LogInit: WinSock: I am DESKTOP-81T1O89 (192.168.0.40:0)
LogInit: Build: ++UE4+Release-4.19-CL-4033788
LogInit: Engine Version: 4.19.2-4033788+++UE4+Release-4.19
LogInit: Compatible Engine Version: 4.19.0-3944462+++UE4+Release-4.19
LogInit: Net CL: 3944462
LogDevObjectVersion: Number of dev versions registered: 18
LogDevObjectVersion:   Dev-Blueprints (B0D832E4-1F89-4F0D-ACCF-7EB736FD4AA2): 10
LogDevObjectVersion:   Dev-Build (E1C64328-A22C-4D53-A36C-8E866417BD8C): 0
LogDevObjectVersion:   Dev-Core (375EC13C-06E4-48FB-B500-84F0262A717E): 2
LogDevObjectVersion:   Dev-Editor (E4B068ED-F494-42E9-A231-DA0B2E46BB41): 23
LogDevObjectVersion:   Dev-Framework (CFFC743F-43B0-4480-9391-14DF171D2073): 33
LogDevObjectVersion:   Dev-Mobile (B02B49B5-BB20-44E9-A304-32B752E40360): 2
LogDevObjectVersion:   Dev-Networking (A4E4105C-59A1-49B5-A7C5-40C4547EDFEE): 0
LogDevObjectVersion:   Dev-Online (39C831C9-5AE6-47DC-9A44-9C173E1C8E7C): 0
LogDevObjectVersion:   Dev-Physics (78F01B33-EBEA-4F98-B9B4-84EACCB95AA2): 0
LogDevObjectVersion:   Dev-Platform (6631380F-2D4D-43E0-8009-CF276956A95A): 0
LogDevObjectVersion:   Dev-Rendering (12F88B9F-8875-4AFC-A67C-D90C383ABD29): 25
LogDevObjectVersion:   Dev-Sequencer (7B5AE74C-D270-4C10-A958-57980B212A5A): 6
LogDevObjectVersion:   Dev-VR (D7296918-1DD6-4BDD-9DE2-64A83CC13884): 1
LogDevObjectVersion:   Dev-LoadTimes (C2A15278-BFE7-4AFE-6C17-90FF531DF755): 1
LogDevObjectVersion:   Private-Geometry (6EACA3D4-40EC-4CC1-B786-8BED09428FC5): 2
LogDevObjectVersion:   Dev-AnimPhys (29E575DD-E0A3-4627-9D10-D276232CDCEA): 16
LogDevObjectVersion:   Dev-ReflectionCapture (6B266CEC-1EC7-4B8F-A30B-E4D90942FC07): 1
LogDevObjectVersion:   Dev-Automation (0DF73D61-A23F-47EA-B727-89E90C41499A): 1
LogInit: Compiled (64-bit): Apr 27 2018 02:06:57
LogInit: Compiled with Visual C++: 19.00.24215.01
LogInit: Build Configuration: DebugGame
LogInit: Branch Name: ++UE4+Release-4.19
LogInit: Command Line:  -skipcompile -debug
LogInit: Base Directory: C:/Program Files/Epic Games/UE_4.19/Engine/Binaries/Win64/
LogInit: Installed Engine Build: 1
LogStreaming: Display: Took  0.009s to delete old logs.
LogInit: Presizing for max 8388607 objects, including 0 objects not considered by GC, pre-allocating 0 bytes for permanent pool.
LogInit: Object subsystem initialized
[2018.12.19-12.06.41:134][  0]LogInit: Selected Device Profile: [Windows]
[2018.12.19-12.06.41:134][  0]LogInit: Applying CVar settings loaded from the selected device profile: [Windows]
[2018.12.19-12.06.41:154][  0]LogInit: Computer: DESKTOP-81T1O89
[2018.12.19-12.06.41:154][  0]LogInit: User: wzeitler
[2018.12.19-12.06.41:154][  0]LogInit: CPU Page size=4096, Cores=2
[2018.12.19-12.06.41:154][  0]LogInit: High frequency timer resolution =2.343753 MHz
[2018.12.19-12.06.41:155][  0]LogMemory: Memory total: Physical=15.9GB (16GB approx)
[2018.12.19-12.06.41:155][  0]LogMemory: Platform Memory Stats for Windows
[2018.12.19-12.06.41:155][  0]LogMemory: Process Physical Memory: 273.45 MB used, 273.45 MB peak
[2018.12.19-12.06.41:155][  0]LogMemory: Process Virtual Memory: 266.21 MB used, 266.21 MB peak
[2018.12.19-12.06.41:155][  0]LogMemory: Physical Memory: 6379.48 MB used,  9888.09 MB free, 16267.57 MB total
[2018.12.19-12.06.41:155][  0]LogMemory: Virtual Memory: 4778.49 MB used,  9888.09 MB free, 134217728.00 MB total
[2018.12.19-12.06.41:244][  0]LogInit: Using OS detected language (de-DE).
[2018.12.19-12.06.41:244][  0]LogInit: Using OS detected locale (de-DE).
[2018.12.19-12.06.41:252][  0]LogTextLocalizationManager: No localization for 'de-DE' exists, so 'en' will be used for the language.
[2018.12.19-12.06.42:096][  0]LogStreaming: Display: Took  0.851s to EndInitTextLocalization.
[2018.12.19-12.06.42:096][  0]LogInit: Setting process to per monitor DPI aware
[2018.12.19-12.06.42:143][  0]LogSlate: New Slate User Created.  User Index 0, Is Virtual User: 0
[2018.12.19-12.06.42:143][  0]LogSlate: Slate User Registered.  User Index 0, Is Virtual User: 0
[2018.12.19-12.06.42:431][  0]LogD3D11RHI: D3D11 adapters:
[2018.12.19-12.06.42:464][  0]LogD3D11RHI:    0. 'Intel(R) HD Graphics 520' (Feature Level 11_0)
[2018.12.19-12.06.42:464][  0]LogD3D11RHI:       128/0/8133 MB DedicatedVideo/DedicatedSystem/SharedSystem, Outputs:1, VendorId:0x8086
[2018.12.19-12.06.42:475][  0]LogD3D11RHI:    1. 'Microsoft Basic Render Driver' (Feature Level 11_0)
[2018.12.19-12.06.42:475][  0]LogD3D11RHI:       0/0/8133 MB DedicatedVideo/DedicatedSystem/SharedSystem, Outputs:0, VendorId:0x1414
[2018.12.19-12.06.42:475][  0]LogD3D11RHI: Chosen D3D11 Adapter: 0
[2018.12.19-12.06.42:487][  0]LogD3D11RHI: Creating new Direct3DDevice
[2018.12.19-12.06.42:487][  0]LogD3D11RHI:     GPU DeviceId: 0x1916 (for the marketing name, search the web for "GPU Device Id")
[2018.12.19-12.06.42:487][  0]LogWindows: EnumDisplayDevices:
[2018.12.19-12.06.42:487][  0]LogWindows:    0. 'Intel(R) HD Graphics 520' (P:1 D:1)
[2018.12.19-12.06.42:488][  0]LogWindows:    1. 'Intel(R) HD Graphics 520' (P:0 D:0)
[2018.12.19-12.06.42:489][  0]LogWindows:    2. 'Intel(R) HD Graphics 520' (P:0 D:0)
[2018.12.19-12.06.42:489][  0]LogWindows: DebugString: GetVideoDriverDetailsInvalid PrimaryIsNotTheChoosenAdapter GetVideoDriverDetailsInvalid PrimaryIsNotTheChoosenAdapter GetVideoDriverDetailsInvalid PrimaryIsNotTheChoosenAdapter FoundDriverCount:0 
[2018.12.19-12.06.42:489][  0]LogD3D11RHI:     Adapter Name: Intel(R) HD Graphics 520
[2018.12.19-12.06.42:489][  0]LogD3D11RHI:   Driver Version: Unknown (internal:Unknown, unified:Unknown)
[2018.12.19-12.06.42:489][  0]LogD3D11RHI:      Driver Date: Unknown
[2018.12.19-12.06.42:489][  0]LogRHI: Texture pool is 1523 MB (70% of 2176 MB)
[2018.12.19-12.06.42:510][  0]LogD3D11RHI: Async texture creation enabled
[2018.12.19-12.06.42:527][  0]LogD3D11RHI: GPU Timing Frequency: 12.000000 (Debug: 2 0)
[2018.12.19-12.06.42:531][  0]LogShaderCompilers: Guid format shader working directory is -25 characters bigger than the processId version (../../../../../../Users/wzeitler/Desktop/GameEngines/EX5_Waldemar_Zeitler/Intermediate/Shaders/WorkingDirectory/15776/).
[2018.12.19-12.06.42:533][  0]LogShaderCompilers: Cleaned the shader compiler working directory 'C:/Users/wzeitler/AppData/Local/Temp/UnrealShaderWorkingDir/B8ACDE3A497A4989CF4418A47667CBDE/'.
[2018.12.19-12.06.42:888][  0]LogTemp: Display: Loaded TP AllDesktopTargetPlatform
[2018.12.19-12.06.42:911][  0]LogTemp: Display: Loaded TP MacClientTargetPlatform
[2018.12.19-12.06.42:936][  0]LogTemp: Display: Loaded TP MacNoEditorTargetPlatform
[2018.12.19-12.06.42:971][  0]LogTemp: Display: Loaded TP MacServerTargetPlatform
[2018.12.19-12.06.43:004][  0]LogTemp: Display: Loaded TP MacTargetPlatform
[2018.12.19-12.06.43:029][  0]LogTemp: Display: Loaded TP WindowsClientTargetPlatform
[2018.12.19-12.06.43:062][  0]LogTemp: Display: Loaded TP WindowsNoEditorTargetPlatform
[2018.12.19-12.06.43:093][  0]LogTemp: Display: Loaded TP WindowsServerTargetPlatform
[2018.12.19-12.06.43:107][  0]LogTemp: Display: Loaded TP WindowsTargetPlatform
[2018.12.19-12.06.43:133][  0]LogTemp: Display: Loaded TP Android_ASTCTargetPlatform
[2018.12.19-12.06.43:160][  0]LogTemp: Display: Loaded TP Android_ATCTargetPlatform
[2018.12.19-12.06.43:189][  0]LogTemp: Display: Loaded TP Android_DXTTargetPlatform
[2018.12.19-12.06.43:218][  0]LogTemp: Display: Loaded TP Android_ETC1aTargetPlatform
[2018.12.19-12.06.43:242][  0]LogTemp: Display: Loaded TP Android_ETC1TargetPlatform
[2018.12.19-12.06.43:272][  0]LogTemp: Display: Loaded TP Android_ETC2TargetPlatform
[2018.12.19-12.06.43:323][  0]LogTemp: Display: Loaded TP Android_MultiTargetPlatform
[2018.12.19-12.06.43:323][  0]LogTemp: Display: Loaded TP Android_PVRTCTargetPlatform
[2018.12.19-12.06.43:361][  0]LogTemp: Display: Loaded TP AndroidTargetPlatform
[2018.12.19-12.06.43:369][  0]LogTemp: Display: Loaded TP HTML5TargetPlatform
[2018.12.19-12.06.43:447][  0]LogTemp: Display: Loaded TP IOSTargetPlatform
[2018.12.19-12.06.43:515][  0]LogTemp: Display: Loaded TP TVOSTargetPlatform
[2018.12.19-12.06.43:583][  0]LogTemp: Display: Loaded TP LinuxClientTargetPlatform
[2018.12.19-12.06.43:659][  0]LogTemp: Display: Loaded TP LinuxNoEditorTargetPlatform
[2018.12.19-12.06.43:708][  0]LogTemp: Display: Loaded TP LinuxServerTargetPlatform
[2018.12.19-12.06.43:732][  0]LogTemp: Display: Loaded TP LinuxTargetPlatform
[2018.12.19-12.06.43:732][  0]LogTargetPlatformManager: Display: Building Assets For Windows
[2018.12.19-12.06.44:043][  0]LogXGEController: Cleaning working directory: C:/Users/wzeitler/AppData/Local/Temp/UnrealXGEWorkingDir/
[2018.12.19-12.06.44:044][  0]LogXGEController: Cannot use XGE Controller as Incredibuild is not installed on this machine.
[2018.12.19-12.06.44:044][  0]LogShaderCompilers: Cannot use XGE Shader Compiler as Incredibuild is not installed on this machine.
[2018.12.19-12.06.44:044][  0]LogShaderCompilers: Display: Using Local Shader Compiler.
[2018.12.19-12.06.45:142][  0]LogDerivedDataCache: Display: Max Cache Size: 512 MB
[2018.12.19-12.06.45:238][  0]LogDerivedDataCache: Loaded boot cache 0.10s 74MB C:/Users/wzeitler/AppData/Local/UnrealEngine/4.19/DerivedDataCache/Boot.ddc.
[2018.12.19-12.06.45:238][  0]LogDerivedDataCache: Display: Loaded Boot cache: C:/Users/wzeitler/AppData/Local/UnrealEngine/4.19/DerivedDataCache/Boot.ddc
[2018.12.19-12.06.45:238][  0]LogDerivedDataCache: FDerivedDataBackendGraph:  Pak pak cache file ../../../../../../Users/wzeitler/Desktop/GameEngines/EX5_Waldemar_Zeitler/DerivedDataCache/DDC.ddp not found, will not use a pak cache.
[2018.12.19-12.06.45:239][  0]LogDerivedDataCache: Unable to find inner node Pak for hierarchical cache Hierarchy.
[2018.12.19-12.06.45:239][  0]LogDerivedDataCache: FDerivedDataBackendGraph:  CompressedPak pak cache file ../../../../../../Users/wzeitler/Desktop/GameEngines/EX5_Waldemar_Zeitler/DerivedDataCache/Compressed.ddp not found, will not use a pak cache.
[2018.12.19-12.06.45:239][  0]LogDerivedDataCache: Unable to find inner node CompressedPak for hierarchical cache Hierarchy.
[2018.12.19-12.06.45:263][  0]LogDerivedDataCache: Display: Pak cache opened for reading ../../../Engine/DerivedDataCache/Compressed.ddp.
[2018.12.19-12.06.45:278][  0]LogDerivedDataCache: Using Local data cache path C:/Users/wzeitler/AppData/Local/UnrealEngine/Common/DerivedDataCache: Writable
[2018.12.19-12.06.45:278][  0]LogDerivedDataCache: Shared data cache path not found in *engine.ini, will not use an Shared cache.
[2018.12.19-12.06.45:278][  0]LogDerivedDataCache: Unable to find inner node Shared for hierarchical cache Hierarchy.
[2018.12.19-12.06.45:296][  0]LogMaterial: Verifying Global Shaders for PCD3D_SM5
[2018.12.19-12.06.45:297][  0]LogSlate: Using Freetype 2.6.0
[2018.12.19-12.06.45:298][  0]LogSlate: SlateFontCache - WITH_FREETYPE: 1, WITH_HARFBUZZ: 1
[2018.12.19-12.06.45:298][  0]LogSlate: SlateFontCache - WITH_FREETYPE: 1, WITH_HARFBUZZ: 1
[2018.12.19-12.06.45:460][  0]LogAssetRegistry: FAssetRegistry took 0.0320 seconds to start up
[2018.12.19-12.06.45:907][  0]LogInit: Selected Device Profile: [Windows]
[2018.12.19-12.06.46:163][  0]LogSimplygon: Simplygon DLL not present - disabling.
[2018.12.19-12.06.46:172][  0]LogMeshReduction: Using SimplygonSwarm for distributed automatic mesh merging
[2018.12.19-12.06.46:172][  0]LogMeshReduction: Using QuadricMeshReduction for automatic static mesh reduction
[2018.12.19-12.06.46:172][  0]LogMeshReduction: No automatic skeletal mesh reduction module available
[2018.12.19-12.06.46:172][  0]LogMeshReduction: No automatic mesh merging module available
[2018.12.19-12.06.46:172][  0]LogMeshMerging: No automatic mesh merging module available
[2018.12.19-12.06.46:217][  0]LogNetVersion: EX5_Waldemar_Zeitler , NetCL: 3944462, EngineNetVer: 2, GameNetVer: 0 (Checksum: 1683245723)
[2018.12.19-12.06.46:900][  0]LogPackageLocalizationCache: Processed 9 localized package path(s) for 1 prioritized culture(s) in 0.090299 seconds
[2018.12.19-12.06.46:909][  0]LogUObjectArray: 36728 objects as part of root set at end of initial load.
[2018.12.19-12.06.46:910][  0]LogUObjectAllocator: 7314304 out of 0 bytes used by permanent object pool.
[2018.12.19-12.06.46:910][  0]LogUObjectArray: CloseDisregardForGC: 0/0 objects in disregard for GC pool
[2018.12.19-12.06.50:570][  0]LogTcpMessaging: Initializing TcpMessaging bridge
[2018.12.19-12.06.50:631][  0]LogUdpMessaging: Initializing bridge on interface 0.0.0.0:0 to multicast group 230.0.0.1:6666.
[2018.12.19-12.06.51:649][  0]SourceControl: Source control is disabled
[2018.12.19-12.06.51:649][  0]SourceControl: Source control is disabled
[2018.12.19-12.06.51:698][  0]SourceControl: Source control is disabled
[2018.12.19-12.06.51:739][  0]SourceControl: Source control is disabled
[2018.12.19-12.06.52:894][  0]LogAndroidPermission: UAndroidPermissionCallbackProxy::GetInstance
[2018.12.19-12.06.53:328][  0]LogOcInput: OculusInput pre-init called
[2018.12.19-12.06.53:609][  0]LogEngine: Initializing Engine...
[2018.12.19-12.06.53:612][  0]LogHMD: Failed to initialize OpenVR with code 110
[2018.12.19-12.06.53:614][  0]LogStats: UGameplayTagsManager::ConstructGameplayTagTree: Construct from data asset -  0.000 s
[2018.12.19-12.06.53:614][  0]LogStats: UGameplayTagsManager::ConstructGameplayTagTree: GameplayTagTreeChangedEvent.Broadcast -  0.000 s
[2018.12.19-12.06.54:072][  0]LogAIModule: Creating AISystem for world Untitled
[2018.12.19-12.06.54:096][  0]LogInit: XAudio2 using 'Lautsprecher/Kopfhörer (Realtek High Definition Audio)' : 2 channels at 48 kHz using 32 bits per sample (channel mask 0x3)
[2018.12.19-12.06.54:532][  0]LogInit: FAudioDevice initialized.
[2018.12.19-12.06.54:639][  0]LogDerivedDataCache: Saved boot cache 0.11s 74MB C:/Users/wzeitler/AppData/Local/UnrealEngine/4.19/DerivedDataCache/Boot.ddc.
[2018.12.19-12.06.54:649][  0]LogInit: Texture streaming: Enabled
[2018.12.19-12.06.54:846][  0]LogEngineSessionManager: EngineSessionManager initialized
[2018.12.19-12.06.54:846][  0]LogEngineSessionManager: EngineSessionManager sent abnormal shutdown report. Type=Debugger, SessionId={82A5F249-4F32-6B40-4D32-A58C14C3C7F4}
[2018.12.19-12.06.54:874][  0]LogInit: Transaction tracking system initialized
[2018.12.19-12.06.54:936][  0]BlueprintLog: New page: Editor Load
[2018.12.19-12.06.55:179][  0]LocalizationService: Localization service is disabled
[2018.12.19-12.06.55:527][  0]LogConsoleResponse: Display: 
[2018.12.19-12.06.55:809][  0]LogCook: Display: Max memory allowance for cook 16384mb min free memory 0mb
[2018.12.19-12.06.55:809][  0]LogCook: Display: Mobile HDR setting 1
[2018.12.19-12.06.55:809][  0]LogFileCache: Scanning file cache for directory 'C:/Users/wzeitler/Desktop/GameEngines/EX5_Waldemar_Zeitler/Content/' took 0.01s
[2018.12.19-12.06.55:809][  0]LogGameplayTags: Display: UGameplayTagsManager::DoneAddingNativeTags. DelegateIsBound: 0
[2018.12.19-12.06.55:809][  0]LogStats: UGameplayTagsManager::ConstructGameplayTagTree: Construct from data asset -  0.000 s
[2018.12.19-12.06.55:809][  0]LogStats: UGameplayTagsManager::ConstructGameplayTagTree: GameplayTagTreeChangedEvent.Broadcast -  0.000 s
[2018.12.19-12.06.56:631][  0]SourceControl: Source control is disabled
[2018.12.19-12.06.56:631][  0]Cmd: MAP LOAD FILE="../../../../../../Users/wzeitler/Desktop/GameEngines/EX5_Waldemar_Zeitler/Content/NewMap.umap" TEMPLATE=0 SHOWPROGRESS=1 FEATURELEVEL=3
[2018.12.19-12.06.56:633][  0]LightingResults: New page: Lighting Build
[2018.12.19-12.06.56:638][  0]MapCheck: New page: Map Check
[2018.12.19-12.06.56:639][  0]LightingResults: New page: Lighting Build
[2018.12.19-12.06.56:984][  0]LogAIModule: Creating AISystem for world NewMap
[2018.12.19-12.06.56:991][  0]LogEditorServer: Finished looking for orphan Actors (0.000 secs)
[2018.12.19-12.06.57:021][  0]Cmd: MAP CHECKDEP NOCLEARLOG
[2018.12.19-12.06.57:109][  0]MapCheck: Map check complete: 0 Error(s), 0 Warning(s), took 88,037ms to complete.
[2018.12.19-12.06.57:110][  0]LogFileHelpers: Loading map 'NewMap' took 0.478
[2018.12.19-12.06.57:343][  0]LogCollectionManager: Loaded 0 collections in 0.004573 seconds
[2018.12.19-12.06.57:401][  0]LogFileCache: Scanning file cache for directory 'C:/Users/wzeitler/Desktop/GameEngines/EX5_Waldemar_Zeitler/Saved/Collections/' took 0.01s
[2018.12.19-12.06.57:402][  0]LogFileCache: Scanning file cache for directory 'C:/Users/wzeitler/Desktop/GameEngines/EX5_Waldemar_Zeitler/Content/Developers/wzeitler/Collections/' took 0.01s
[2018.12.19-12.06.57:402][  0]LogFileCache: Scanning file cache for directory 'C:/Users/wzeitler/Desktop/GameEngines/EX5_Waldemar_Zeitler/Content/Collections/' took 0.02s
[2018.12.19-12.06.57:402][  0]LogCollectionManager: Rebuilt the GUID cache for 0 collections in 0.000001 seconds
[2018.12.19-12.06.57:422][  0]LogContentBrowser: Native class hierarchy populated in 0.0192 seconds. Added 2458 classes and 561 folders.
[2018.12.19-12.06.57:439][  0]LogContentBrowser: Native class hierarchy updated for 'WidgetCarousel' in 0.0014 seconds. Added 0 classes and 0 folders.
[2018.12.19-12.06.57:516][  0]LogContentBrowser: Native class hierarchy updated for 'AddContentDialog' in 0.0010 seconds. Added 0 classes and 0 folders.
[2018.12.19-12.06.57:531][  0]LogContentBrowser: Native class hierarchy updated for 'SceneOutliner' in 0.0027 seconds. Added 1 classes and 2 folders.
[2018.12.19-12.06.57:646][  0]LogSlate: Took 0.000333 seconds to synchronously load lazily loaded font '../../../Engine/Content/Slate/Fonts/Roboto-Regular.ttf' (155K)
[2018.12.19-12.06.57:652][  0]LogSlate: Took 0.000559 seconds to synchronously load lazily loaded font '../../../Engine/Content/Slate/Fonts/Roboto-Bold.ttf' (160K)
[2018.12.19-12.06.57:662][  0]LogSlate: Took 0.000303 seconds to synchronously load lazily loaded font '../../../Engine/Content/Editor/Slate/Fonts/FontAwesome.ttf' (139K)
[2018.12.19-12.06.57:844][  0]LogRenderer: Reallocating scene render targets to support 820x472 Format 10 NumSamples 1 (Frame:1).
[2018.12.19-12.06.59:116][  0]LogSlate: Took 0.000222 seconds to synchronously load lazily loaded font '../../../Engine/Content/Slate/Fonts/Roboto-Light.ttf' (167K)
[2018.12.19-12.06.59:276][  0]LogContentBrowser: Native class hierarchy updated for 'HierarchicalLODOutliner' in 0.0022 seconds. Added 0 classes and 0 folders.
[2018.12.19-12.06.59:277][  0]LogLoad: (Engine Initialization) Total time: 24.70 seconds
[2018.12.19-12.06.59:277][  0]LogLoad: (Engine Initialization) Total Blueprint compile time: 0.00 seconds
[2018.12.19-12.06.59:655][  0]LogContentStreaming: Texture pool size now 1000 MB
[2018.12.19-12.07.01:295][  4]LogAssetRegistry: Asset discovery search completed in 15.8618 seconds
[2018.12.19-12.07.01:307][  4]LogCollectionManager: Rebuilt the object cache for 0 collections in 0.000001 seconds (found 0 objects)
[2018.12.19-12.07.01:308][  4]LogCollectionManager: Fixed up redirectors for 0 collections in 0.000896 seconds (updated 0 objects)
[2018.12.19-12.07.10:282][ 31]LogSlate: FSceneViewport::OnFocusLost() reason 0
[2018.12.19-12.07.10:340][ 32]LogTemp: Repeating last play command: Selected Viewport
[2018.12.19-12.07.10:400][ 32]LogPlayLevel: PlayLevel: No blueprints needed recompiling
[2018.12.19-12.07.10:404][ 32]PIE: New page: PIE session: NewMap (19.12.2018 14:07:10)
[2018.12.19-12.07.10:405][ 32]LogPlayLevel: Creating play world package: /Game/UEDPIE_0_NewMap
[2018.12.19-12.07.10:422][ 32]LogPlayLevel: PIE: StaticDuplicateObject took: (0.016579s)
[2018.12.19-12.07.10:426][ 32]LogAIModule: Creating AISystem for world NewMap
[2018.12.19-12.07.10:427][ 32]LogPlayLevel: PIE: World Init took: (0.003258s)
[2018.12.19-12.07.10:428][ 32]LogPlayLevel: PIE: Created PIE world by copying editor world from /Game/NewMap.NewMap to /Game/UEDPIE_0_NewMap.NewMap (0.023482s)
[2018.12.19-12.07.10:461][ 32]LogInit: XAudio2 using 'Lautsprecher/Kopfhörer (Realtek High Definition Audio)' : 2 channels at 48 kHz using 32 bits per sample (channel mask 0x3)
[2018.12.19-12.07.10:484][ 32]LogInit: FAudioDevice initialized.
[2018.12.19-12.07.10:545][ 32]LogLoad: Game class is 'GameModeBase'
[2018.12.19-12.07.10:549][ 32]LogWorld: Bringing World /Game/UEDPIE_0_NewMap.NewMap up for play (max tick rate 60) at 2018.12.19-13.07.10
[2018.12.19-12.07.10:550][ 32]LogWorld: Bringing up level for play took: 0.002314
[2018.12.19-12.07.10:561][ 32]LogContentBrowser: Native class hierarchy updated for 'MovieSceneCapture' in 0.0020 seconds. Added 11 classes and 0 folders.
[2018.12.19-12.07.10:563][ 32]PIE: Play in editor start time for /Game/UEDPIE_0_NewMap 0,958
[2018.12.19-12.07.48:341][850]LogSlate: FSceneViewport::OnFocusLost() reason 0
[2018.12.19-12.07.48:535][853]Candidate modules for hot reload:
[2018.12.19-12.07.48:535][853]  EX5_Waldemar_Zeitler
[2018.12.19-12.07.48:536][853]Launching UnrealBuildTool... [C:/Program Files/Epic Games/UE_4.19/Engine/Binaries/DotNET/UnrealBuildTool.exe EX5_Waldemar_Zeitler -ModuleWithSuffix=EX5_Waldemar_Zeitler,8815 Win64 DebugGame -editorrecompile -canskiplink "C:/Users/wzeitler/Desktop/GameEngines/EX5_Waldemar_Zeitler/EX5_Waldemar_Zeitler.uproject" ]
[2018.12.19-12.07.48:554][853]Warning: Starting HotReload took  0.1s.
[2018.12.19-12.08.27:208][130]CompilerResultsLog: New page: Compilation - 19.12.2018 14:08:27
[2018.12.19-12.08.27:208][130]CompilerResultsLog: Using 'git status' to determine working set for adaptive non-unity build.
[2018.12.19-12.08.27:209][130]CompilerResultsLog: Creating makefile for hot reloading EX5_Waldemar_Zeitler (no existing makefile)
[2018.12.19-12.08.27:209][130]CompilerResultsLog: Compiling game modules for hot reload
[2018.12.19-12.08.27:209][130]CompilerResultsLog: Distributing 3 actions to XGE
[2018.12.19-12.08.27:209][130]CompilerResultsLog: --------------------Build System Warning---------------------------------------
[2018.12.19-12.08.27:210][130]CompilerResultsLog: License is invalid:
[2018.12.19-12.08.27:210][130]CompilerResultsLog:     License information is invalid. Please try reloading your license file using the Coordinator Monitor application on the Coordinator machine, or reinstall IncrediBuild.
[2018.12.19-12.08.27:210][130]CompilerResultsLog:     This build will run in standalone mode.
[2018.12.19-12.08.27:211][130]CompilerResultsLog: 
[2018.12.19-12.08.27:211][130]CompilerResultsLog: -------------------------------------------------------------------------------
[2018.12.19-12.08.27:211][130]CompilerResultsLog: --------------------Project: Default-------------------------------------------
[2018.12.19-12.08.27:211][130]CompilerResultsLog: CraneActor.cpp (0:03.45 at +0:00)
[2018.12.19-12.08.27:211][130]CompilerResultsLog: UE4Editor-EX5_Waldemar_Zeitler-8815-Win64-DebugGame.dll (0:02.87 at +0:03)
[2018.12.19-12.08.27:212][130]CompilerResultsLog:    Bibliothek "C:\Users\wzeitler\Desktop\GameEngines\EX5_Waldemar_Zeitler\Intermediate\Build\Win64\UE4Editor\DebugGame\UE4Editor-EX5_Waldemar_Zeitler-8815-Win64-DebugGame.suppressed.lib" und Objekt "C:\Users\wzeitler\Desktop\GameEngines\EX5_Waldemar_Zeitler\Intermediate\Build\Win64\UE4Editor\DebugGame\UE4Editor-EX5_Waldemar_Zeitler-8815-Win64-DebugGame.suppressed.exp" werden erstellt.
[2018.12.19-12.08.27:212][130]CompilerResultsLog: UE4Editor-EX5_Waldemar_Zeitler-8815-Win64-DebugGame.lib (0:00.39 at +0:06)
[2018.12.19-12.08.27:212][130]CompilerResultsLog:    Bibliothek "C:\Users\wzeitler\Desktop\GameEngines\EX5_Waldemar_Zeitler\Intermediate\Build\Win64\UE4Editor\DebugGame\UE4Editor-EX5_Waldemar_Zeitler-8815-Win64-DebugGame.lib" und Objekt "C:\Users\wzeitler\Desktop\GameEngines\EX5_Waldemar_Zeitler\Intermediate\Build\Win64\UE4Editor\DebugGame\UE4Editor-EX5_Waldemar_Zeitler-8815-Win64-DebugGame.exp" werden erstellt.
[2018.12.19-12.08.27:212][130]CompilerResultsLog: ---------------------- Done ----------------------
[2018.12.19-12.08.27:213][130]CompilerResultsLog: 
[2018.12.19-12.08.27:213][130]CompilerResultsLog:     Rebuild All: 1 succeeded, 0 failed, 0 skipped
[2018.12.19-12.08.27:213][130]CompilerResultsLog: 
[2018.12.19-12.08.27:213][130]CompilerResultsLog: 1 build system warning(s):
[2018.12.19-12.08.27:213][130]CompilerResultsLog:    - License is invalid
[2018.12.19-12.08.27:213][130]CompilerResultsLog: 
[2018.12.19-12.08.27:213][130]CompilerResultsLog: 
[2018.12.19-12.08.27:215][130]CompilerResultsLog: 
[2018.12.19-12.08.27:215][130]CompilerResultsLog: Total build time: 37,92 seconds (XGE executor: 7,25 seconds)
[2018.12.19-12.08.27:215][130]LogMainFrame: MainFrame: Module compiling took 38.689 seconds
[2018.12.19-12.08.27:296][130]LogClass: Joints HotReload.
[2018.12.19-12.08.27:297][130]LogClass: Link HotReload.
[2018.12.19-12.08.27:304][130]LogContentBrowser: Native class hierarchy updated for 'EX5_Waldemar_Zeitler' in 0.0022 seconds. Added 6 classes and 3 folders.
[2018.12.19-12.08.27:307][130]Display: HotReload successful (2 functions remapped  2 scriptstructs remapped)
[2018.12.19-12.08.27:446][130]LogContentBrowser: Native class hierarchy populated in 0.0177 seconds. Added 2459 classes and 563 folders.
[2018.12.19-12.08.27:449][130]Display: HotReload took 39.0s.
[2018.12.19-12.08.31:206][339]LogTemp: Repeating last play command: Selected Viewport
[2018.12.19-12.08.31:234][339]LogPlayLevel: PlayLevel: No blueprints needed recompiling
[2018.12.19-12.08.31:235][339]PIE: New page: PIE session: NewMap (19.12.2018 14:08:31)
[2018.12.19-12.08.31:235][339]LogPlayLevel: Creating play world package: /Game/UEDPIE_0_NewMap
[2018.12.19-12.08.31:242][339]LogPlayLevel: PIE: StaticDuplicateObject took: (0.005220s)
[2018.12.19-12.08.31:242][339]LogAIModule: Creating AISystem for world NewMap
[2018.12.19-12.08.31:243][339]LogPlayLevel: PIE: World Init took: (0.001933s)
[2018.12.19-12.08.31:243][339]LogPlayLevel: PIE: Created PIE world by copying editor world from /Game/NewMap.NewMap to /Game/UEDPIE_0_NewMap.NewMap (0.008798s)
[2018.12.19-12.08.31:287][339]LogInit: XAudio2 using 'Lautsprecher/Kopfhörer (Realtek High Definition Audio)' : 2 channels at 48 kHz using 32 bits per sample (channel mask 0x3)
[2018.12.19-12.08.31:321][339]LogInit: FAudioDevice initialized.
[2018.12.19-12.08.31:376][339]LogLoad: Game class is 'GameModeBase'
[2018.12.19-12.08.31:379][339]LogWorld: Bringing World /Game/UEDPIE_0_NewMap.NewMap up for play (max tick rate 60) at 2018.12.19-13.08.31
[2018.12.19-12.08.31:380][339]LogWorld: Bringing up level for play took: 0.002371
[2018.12.19-12.08.31:384][339]PIE: Play in editor start time for /Game/UEDPIE_0_NewMap -0,221
