Log file open, 12/19/18 14:53:12
LogWindows: Failed to load 'aqProf.dll' (GetLastError=126)
LogWindows: File 'aqProf.dll' does not exist
LogWindows: Failed to load 'VtuneApi.dll' (GetLastError=126)
LogWindows: File 'VtuneApi.dll' does not exist
LogWindows: Failed to load 'VtuneApi32e.dll' (GetLastError=126)
LogWindows: File 'VtuneApi32e.dll' does not exist
LogInit: Display: Running engine for game: EX5_Waldemar_Zeitler
LogPlatformFile: Not using cached read wrapper
LogInit: Display: RandInit(-1767308930) SRandInit(-1767308930).
LogInit: Read version file with build ID '3944462'
LogInit: Overriding engine version to CL 4033788, compatible CL 3944462
LogInit: Registered custom module enumerator with build ID '3944462'
LogTaskGraph: Started task graph with 5 named threads and 11 total threads with 3 sets of task threads.
LogStats: Stats thread started at 0.352679
LogD3D11RHI: Aftermath initialized
LogICUInternationalization: Display: ICU TimeZone Detection - Raw Offset: +1:00, Platform Override: ''
LogPluginManager: Mounting plugin Paper2D
LogPluginManager: Mounting plugin LiveLink
LogPluginManager: Mounting plugin LightPropagationVolume
LogPluginManager: Mounting plugin CLionSourceCodeAccess
LogPluginManager: Mounting plugin CodeLiteSourceCodeAccess
LogPluginManager: Mounting plugin GitSourceControl
LogPluginManager: Mounting plugin KDevelopSourceCodeAccess
LogPluginManager: Mounting plugin NullSourceCodeAccess
LogPluginManager: Mounting plugin PerforceSourceControl
LogPluginManager: Mounting plugin SubversionSourceControl
LogPluginManager: Mounting plugin UObjectPlugin
LogPluginManager: Mounting plugin VisualStudioCodeSourceCodeAccess
LogPluginManager: Mounting plugin VisualStudioSourceCodeAccess
LogPluginManager: Mounting plugin XCodeSourceCodeAccess
LogPluginManager: Mounting plugin AssetManagerEditor
LogPluginManager: Mounting plugin CryptoKeys
LogPluginManager: Mounting plugin DataValidation
LogPluginManager: Mounting plugin FacialAnimation
LogPluginManager: Mounting plugin GameplayTagsEditor
LogPluginManager: Mounting plugin MobileLauncherProfileWizard
LogPluginManager: Mounting plugin PluginBrowser
LogPluginManager: Mounting plugin SpeedTreeImporter
LogPluginManager: Mounting plugin DatasmithContent
LogPluginManager: Mounting plugin AlembicImporter
LogPluginManager: Mounting plugin CharacterAI
LogPluginManager: Mounting plugin HTML5Networking
LogPluginManager: Mounting plugin AndroidMedia
LogPluginManager: Mounting plugin AvfMedia
LogPluginManager: Mounting plugin ImgMedia
LogPluginManager: Mounting plugin LinearTimecode
LogPluginManager: Mounting plugin MediaCompositing
LogPluginManager: Mounting plugin MediaPlayerEditor
LogPluginManager: Mounting plugin WmfMedia
LogPluginManager: Mounting plugin TcpMessaging
LogPluginManager: Mounting plugin UdpMessaging
LogPluginManager: Mounting plugin ActorSequence
LogPluginManager: Mounting plugin LevelSequenceEditor
LogPluginManager: Mounting plugin MatineeToLevelSequence
LogPluginManager: Mounting plugin NetcodeUnitTest
LogPluginManager: Mounting plugin NUTUnrealEngine4
LogPluginManager: Mounting plugin OnlineSubsystemGooglePlay
LogPluginManager: Mounting plugin OnlineSubsystemIOS
LogPluginManager: Mounting plugin OnlineSubsystem
LogPluginManager: Mounting plugin OnlineSubsystemNull
LogPluginManager: Mounting plugin OnlineSubsystemUtils
LogPluginManager: Mounting plugin AndroidDeviceProfileSelector
LogPluginManager: Mounting plugin AndroidMoviePlayer
LogPluginManager: Mounting plugin AndroidPermission
LogPluginManager: Mounting plugin AppleARKit
LogPluginManager: Mounting plugin AppleMoviePlayer
LogPluginManager: Mounting plugin ArchVisCharacter
LogPluginManager: Mounting plugin AudioCapture
LogPluginManager: Mounting plugin CableComponent
LogPluginManager: Mounting plugin CustomMeshComponent
LogPluginManager: Mounting plugin ExampleDeviceProfileSelector
LogPluginManager: Mounting plugin GoogleCloudMessaging
LogPluginManager: Mounting plugin ImmediatePhysics
LogPluginManager: Mounting plugin IOSDeviceProfileSelector
LogPluginManager: Mounting plugin LinuxDeviceProfileSelector
LogPluginManager: Mounting plugin LocationServicesBPLibrary
LogPluginManager: Mounting plugin MobilePatchingUtils
LogPluginManager: Mounting plugin OculusVR
LogPluginManager: Plugin shader directory ../../../Engine/Plugins/Runtime/Oculus/OculusVR/Shaders found
LogPluginManager: Mapping shader source directory ../../../Engine/Plugins/Runtime/Oculus/OculusVR/Shaders to virtual directory /Plugin/OculusVR
LogPluginManager: Mounting plugin PhysXVehicles
LogPluginManager: Mounting plugin ProceduralMeshComponent
LogPluginManager: Mounting plugin RuntimePhysXCooking
LogPluginManager: Mounting plugin SteamVR
LogPluginManager: Mounting plugin WindowsMoviePlayer
LogStreaming: Display: Took  0.275s to configure plugins.
LogModuleManager: Display: Found up-to-date module file ../../../../../../Users/wzeitler/Desktop/GameEngines/EX5_Waldemar_Zeitler/Binaries/Win64/UE4Editor-EX5_Waldemar_Zeitler-Win64-DebugGame.dll (API version 3944462).
LogModuleManager: Display: Found up-to-date module file ../../../Engine/Plugins/2D/Paper2D/Binaries/Win64/UE4Editor-Paper2D.dll (API version 3944462).
LogModuleManager: Display: Found up-to-date module file ../../../Engine/Plugins/2D/Paper2D/Binaries/Win64/UE4Editor-Paper2DEditor.dll (API version 3944462).
LogModuleManager: Display: Found up-to-date module file ../../../Engine/Plugins/2D/Paper2D/Binaries/Win64/UE4Editor-PaperSpriteSheetImporter.dll (API version 3944462).
LogModuleManager: Display: Found up-to-date module file ../../../Engine/Plugins/2D/Paper2D/Binaries/Win64/UE4Editor-PaperTiledImporter.dll (API version 3944462).
LogModuleManager: Display: Found up-to-date module file ../../../Engine/Plugins/2D/Paper2D/Binaries/Win64/UE4Editor-SmartSnapping.dll (API version 3944462).
LogModuleManager: Display: Found up-to-date module file ../../../Engine/Plugins/Animation/LiveLink/Binaries/Win64/UE4Editor-LiveLink.dll (API version 3944462).
LogModuleManager: Display: Found up-to-date module file ../../../Engine/Plugins/Animation/LiveLink/Binaries/Win64/UE4Editor-LiveLinkEditor.dll (API version 3944462).
LogModuleManager: Display: Found up-to-date module file ../../../Engine/Plugins/Blendables/LightPropagationVolume/Binaries/Win64/UE4Editor-LightPropagationVolumeRuntime.dll (API version 3944462).
LogModuleManager: Display: Found up-to-date module file ../../../Engine/Plugins/Blendables/LightPropagationVolume/Binaries/Win64/UE4Editor-LightPropagationVolumeEditor.dll (API version 3944462).
LogModuleManager: Display: Found up-to-date module file ../../../Engine/Plugins/Developer/CLionSourceCodeAccess/Binaries/Win64/UE4Editor-CLionSourceCodeAccess.dll (API version 3944462).
LogModuleManager: Display: Found up-to-date module file ../../../Engine/Plugins/Developer/GitSourceControl/Binaries/Win64/UE4Editor-GitSourceControl.dll (API version 3944462).
LogModuleManager: Display: Found up-to-date module file ../../../Engine/Plugins/Developer/PerforceSourceControl/Binaries/Win64/UE4Editor-PerforceSourceControl.dll (API version 3944462).
LogModuleManager: Display: Found up-to-date module file ../../../Engine/Plugins/Developer/SubversionSourceControl/Binaries/Win64/UE4Editor-SubversionSourceControl.dll (API version 3944462).
LogModuleManager: Display: Found up-to-date module file ../../../Engine/Plugins/Developer/UObjectPlugin/Binaries/Win64/UE4Editor-UObjectPlugin.dll (API version 3944462).
LogModuleManager: Display: Found up-to-date module file ../../../Engine/Plugins/Developer/VisualStudioCodeSourceCodeAccess/Binaries/Win64/UE4Editor-VisualStudioCodeSourceCodeAccess.dll (API version 3944462).
LogModuleManager: Display: Found up-to-date module file ../../../Engine/Plugins/Developer/VisualStudioSourceCodeAccess/Binaries/Win64/UE4Editor-VisualStudioSourceCodeAccess.dll (API version 3944462).
LogModuleManager: Display: Found up-to-date module file ../../../Engine/Plugins/Editor/AssetManagerEditor/Binaries/Win64/UE4Editor-AssetManagerEditor.dll (API version 3944462).
LogModuleManager: Display: Found up-to-date module file ../../../Engine/Plugins/Editor/CryptoKeys/Binaries/Win64/UE4Editor-CryptoKeys.dll (API version 3944462).
LogModuleManager: Display: Found up-to-date module file ../../../Engine/Plugins/Editor/CryptoKeys/Binaries/Win64/UE4Editor-CryptoKeysOpenSSL.dll (API version 3944462).
LogModuleManager: Display: Found up-to-date module file ../../../Engine/Plugins/Editor/DataValidation/Binaries/Win64/UE4Editor-DataValidation.dll (API version 3944462).
LogModuleManager: Display: Found up-to-date module file ../../../Engine/Plugins/Editor/FacialAnimation/Binaries/Win64/UE4Editor-FacialAnimation.dll (API version 3944462).
LogModuleManager: Display: Found up-to-date module file ../../../Engine/Plugins/Editor/FacialAnimation/Binaries/Win64/UE4Editor-FacialAnimationEditor.dll (API version 3944462).
LogModuleManager: Display: Found up-to-date module file ../../../Engine/Plugins/Editor/GameplayTagsEditor/Binaries/Win64/UE4Editor-GameplayTagsEditor.dll (API version 3944462).
LogModuleManager: Display: Found up-to-date module file ../../../Engine/Plugins/Editor/MobileLauncherProfileWizard/Binaries/Win64/UE4Editor-MobileLauncherProfileWizard.dll (API version 3944462).
LogModuleManager: Display: Found up-to-date module file ../../../Engine/Plugins/Editor/PluginBrowser/Binaries/Win64/UE4Editor-PluginBrowser.dll (API version 3944462).
LogModuleManager: Display: Found up-to-date module file ../../../Engine/Plugins/Editor/SpeedTreeImporter/Binaries/Win64/UE4Editor-SpeedTreeImporter.dll (API version 3944462).
LogModuleManager: Display: Found up-to-date module file ../../../Engine/Plugins/Enterprise/DatasmithContent/Binaries/Win64/UE4Editor-DatasmithContent.dll (API version 3944462).
LogModuleManager: Display: Found up-to-date module file ../../../Engine/Plugins/Experimental/AlembicImporter/Binaries/Win64/UE4Editor-AlembicImporter.dll (API version 3944462).
LogModuleManager: Display: Found up-to-date module file ../../../Engine/Plugins/Experimental/AlembicImporter/Binaries/Win64/UE4Editor-AlembicLibrary.dll (API version 3944462).
LogModuleManager: Display: Found up-to-date module file ../../../Engine/Plugins/Experimental/CharacterAI/Binaries/Win64/UE4Editor-CharacterAI.dll (API version 3944462).
LogModuleManager: Display: Found up-to-date module file ../../../Engine/Plugins/Experimental/HTML5Networking/Binaries/Win64/UE4Editor-HTML5Networking.dll (API version 3944462).
LogModuleManager: Display: Found up-to-date module file ../../../Engine/Plugins/Media/AndroidMedia/Binaries/Win64/UE4Editor-AndroidMediaEditor.dll (API version 3944462).
LogModuleManager: Display: Found up-to-date module file ../../../Engine/Plugins/Media/AndroidMedia/Binaries/Win64/UE4Editor-AndroidMediaFactory.dll (API version 3944462).
LogModuleManager: Display: Found up-to-date module file ../../../Engine/Plugins/Media/AvfMedia/Binaries/Win64/UE4Editor-AvfMediaEditor.dll (API version 3944462).
LogModuleManager: Display: Found up-to-date module file ../../../Engine/Plugins/Media/AvfMedia/Binaries/Win64/UE4Editor-AvfMediaFactory.dll (API version 3944462).
LogModuleManager: Display: Found up-to-date module file ../../../Engine/Plugins/Media/AvfMedia/Binaries/Win64/UE4Editor-AvfMediaFactory.dll (API version 3944462).
LogModuleManager: Display: Found up-to-date module file ../../../Engine/Plugins/Media/ImgMedia/Binaries/Win64/UE4Editor-ImgMedia.dll (API version 3944462).
LogModuleManager: Display: Found up-to-date module file ../../../Engine/Plugins/Media/ImgMedia/Binaries/Win64/UE4Editor-ImgMediaEditor.dll (API version 3944462).
LogModuleManager: Display: Found up-to-date module file ../../../Engine/Plugins/Media/ImgMedia/Binaries/Win64/UE4Editor-ImgMediaFactory.dll (API version 3944462).
LogModuleManager: Display: Found up-to-date module file ../../../Engine/Plugins/Media/ImgMedia/Binaries/Win64/UE4Editor-ImgMediaFactory.dll (API version 3944462).
LogModuleManager: Display: Found up-to-date module file ../../../Engine/Plugins/Media/ImgMedia/Binaries/Win64/UE4Editor-OpenExrWrapper.dll (API version 3944462).
LogModuleManager: Display: Found up-to-date module file ../../../Engine/Plugins/Media/LinearTimecode/Binaries/Win64/UE4Editor-LinearTimecode.dll (API version 3944462).
LogModuleManager: Display: Found up-to-date module file ../../../Engine/Plugins/Media/MediaCompositing/Binaries/Win64/UE4Editor-MediaCompositing.dll (API version 3944462).
LogModuleManager: Display: Found up-to-date module file ../../../Engine/Plugins/Media/MediaCompositing/Binaries/Win64/UE4Editor-MediaCompositingEditor.dll (API version 3944462).
LogModuleManager: Display: Found up-to-date module file ../../../Engine/Plugins/Media/MediaPlayerEditor/Binaries/Win64/UE4Editor-MediaPlayerEditor.dll (API version 3944462).
LogModuleManager: Display: Found up-to-date module file ../../../Engine/Plugins/Media/WmfMedia/Binaries/Win64/UE4Editor-WmfMedia.dll (API version 3944462).
LogModuleManager: Display: Found up-to-date module file ../../../Engine/Plugins/Media/WmfMedia/Binaries/Win64/UE4Editor-WmfMediaEditor.dll (API version 3944462).
LogModuleManager: Display: Found up-to-date module file ../../../Engine/Plugins/Media/WmfMedia/Binaries/Win64/UE4Editor-WmfMediaFactory.dll (API version 3944462).
LogModuleManager: Display: Found up-to-date module file ../../../Engine/Plugins/Media/WmfMedia/Binaries/Win64/UE4Editor-WmfMediaFactory.dll (API version 3944462).
LogModuleManager: Display: Found up-to-date module file ../../../Engine/Plugins/Messaging/TcpMessaging/Binaries/Win64/UE4Editor-TcpMessaging.dll (API version 3944462).
LogModuleManager: Display: Found up-to-date module file ../../../Engine/Plugins/Messaging/UdpMessaging/Binaries/Win64/UE4Editor-UdpMessaging.dll (API version 3944462).
LogModuleManager: Display: Found up-to-date module file ../../../Engine/Plugins/MovieScene/ActorSequence/Binaries/Win64/UE4Editor-ActorSequence.dll (API version 3944462).
LogModuleManager: Display: Found up-to-date module file ../../../Engine/Plugins/MovieScene/LevelSequenceEditor/Binaries/Win64/UE4Editor-LevelSequenceEditor.dll (API version 3944462).
LogModuleManager: Display: Found up-to-date module file ../../../Engine/Plugins/MovieScene/MatineeToLevelSequence/Binaries/Win64/UE4Editor-MatineeToLevelSequence.dll (API version 3944462).
LogModuleManager: Display: Found up-to-date module file ../../../Engine/Plugins/NetcodeUnitTest/NetcodeUnitTest/Binaries/Win64/UE4Editor-NetcodeUnitTest.dll (API version 3944462).
LogModuleManager: Display: Found up-to-date module file ../../../Engine/Plugins/NetcodeUnitTest/NUTUnrealEngine4/Binaries/Win64/UE4Editor-NUTUnrealEngine4.dll (API version 3944462).
LogModuleManager: Display: Found up-to-date module file ../../../Engine/Plugins/Online/OnlineSubsystem/Binaries/Win64/UE4Editor-OnlineSubsystem.dll (API version 3944462).
LogModuleManager: Display: Found up-to-date module file ../../../Engine/Plugins/Online/OnlineSubsystemNull/Binaries/Win64/UE4Editor-OnlineSubsystemNull.dll (API version 3944462).
LogModuleManager: Display: Found up-to-date module file ../../../Engine/Plugins/Online/OnlineSubsystemUtils/Binaries/Win64/UE4Editor-OnlineSubsystemUtils.dll (API version 3944462).
LogModuleManager: Display: Found up-to-date module file ../../../Engine/Plugins/Online/OnlineSubsystemUtils/Binaries/Win64/UE4Editor-OnlineBlueprintSupport.dll (API version 3944462).
LogModuleManager: Display: Found up-to-date module file ../../../Engine/Plugins/Runtime/AndroidDeviceProfileSelector/Binaries/Win64/UE4Editor-AndroidDeviceProfileSelector.dll (API version 3944462).
LogModuleManager: Display: Found up-to-date module file ../../../Engine/Plugins/Runtime/AndroidPermission/Binaries/Win64/UE4Editor-AndroidPermission.dll (API version 3944462).
LogModuleManager: Display: Found up-to-date module file ../../../Engine/Plugins/Runtime/AppleARKit/Binaries/Win64/UE4Editor-AppleARKit.dll (API version 3944462).
LogModuleManager: Display: Found up-to-date module file ../../../Engine/Plugins/Runtime/ArchVisCharacter/Binaries/Win64/UE4Editor-ArchVisCharacter.dll (API version 3944462).
LogModuleManager: Display: Found up-to-date module file ../../../Engine/Plugins/Runtime/AudioCapture/Binaries/Win64/UE4Editor-AudioCapture.dll (API version 3944462).
LogModuleManager: Display: Found up-to-date module file ../../../Engine/Plugins/Runtime/AudioCapture/Binaries/Win64/UE4Editor-AudioCaptureEditor.dll (API version 3944462).
LogModuleManager: Display: Found up-to-date module file ../../../Engine/Plugins/Runtime/CableComponent/Binaries/Win64/UE4Editor-CableComponent.dll (API version 3944462).
LogModuleManager: Display: Found up-to-date module file ../../../Engine/Plugins/Runtime/CustomMeshComponent/Binaries/Win64/UE4Editor-CustomMeshComponent.dll (API version 3944462).
LogModuleManager: Display: Found up-to-date module file ../../../Engine/Plugins/Runtime/ExampleDeviceProfileSelector/Binaries/Win64/UE4Editor-ExampleDeviceProfileSelector.dll (API version 3944462).
LogModuleManager: Display: Found up-to-date module file ../../../Engine/Plugins/Runtime/ImmediatePhysics/Binaries/Win64/UE4Editor-ImmediatePhysics.dll (API version 3944462).
LogModuleManager: Display: Found up-to-date module file ../../../Engine/Plugins/Runtime/ImmediatePhysics/Binaries/Win64/UE4Editor-ImmediatePhysicsEditor.dll (API version 3944462).
LogModuleManager: Display: Found up-to-date module file ../../../Engine/Plugins/Runtime/LocationServicesBPLibrary/Binaries/Win64/UE4Editor-LocationServicesBPLibrary.dll (API version 3944462).
LogModuleManager: Display: Found up-to-date module file ../../../Engine/Plugins/Runtime/MobilePatchingUtils/Binaries/Win64/UE4Editor-MobilePatchingUtils.dll (API version 3944462).
LogModuleManager: Display: Found up-to-date module file ../../../Engine/Plugins/Runtime/Oculus/OculusVR/Binaries/Win64/UE4Editor-OculusHMD.dll (API version 3944462).
LogModuleManager: Display: Found up-to-date module file ../../../Engine/Plugins/Runtime/Oculus/OculusVR/Binaries/Win64/UE4Editor-OculusInput.dll (API version 3944462).
LogModuleManager: Display: Found up-to-date module file ../../../Engine/Plugins/Runtime/Oculus/OculusVR/Binaries/Win64/UE4Editor-OculusEditor.dll (API version 3944462).
LogModuleManager: Display: Found up-to-date module file ../../../Engine/Plugins/Runtime/PhysXVehicles/Binaries/Win64/UE4Editor-PhysXVehicles.dll (API version 3944462).
LogModuleManager: Display: Found up-to-date module file ../../../Engine/Plugins/Runtime/PhysXVehicles/Binaries/Win64/UE4Editor-PhysXVehiclesEditor.dll (API version 3944462).
LogModuleManager: Display: Found up-to-date module file ../../../Engine/Plugins/Runtime/ProceduralMeshComponent/Binaries/Win64/UE4Editor-ProceduralMeshComponent.dll (API version 3944462).
LogModuleManager: Display: Found up-to-date module file ../../../Engine/Plugins/Runtime/ProceduralMeshComponent/Binaries/Win64/UE4Editor-ProceduralMeshComponentEditor.dll (API version 3944462).
LogModuleManager: Display: Found up-to-date module file ../../../Engine/Plugins/Runtime/RuntimePhysXCooking/Binaries/Win64/UE4Editor-RuntimePhysXCooking.dll (API version 3944462).
LogModuleManager: Display: Found up-to-date module file ../../../Engine/Plugins/Runtime/Steam/SteamVR/Binaries/Win64/UE4Editor-SteamVR.dll (API version 3944462).
LogModuleManager: Display: Found up-to-date module file ../../../Engine/Plugins/Runtime/Steam/SteamVR/Binaries/Win64/UE4Editor-SteamVRController.dll (API version 3944462).
LogModuleManager: Display: Found up-to-date module file ../../../Engine/Plugins/Runtime/WindowsMoviePlayer/Binaries/Win64/UE4Editor-WindowsMoviePlayer.dll (API version 3944462).
LogInit: Using libcurl 7.47.1
LogInit:  - built for x86_64-pc-win32
LogInit:  - supports SSL with OpenSSL/1.0.2g
LogInit:  - supports HTTP deflate (compression) using libz 1.2.8
LogInit:  - other features:
LogInit:      CURL_VERSION_SSL
LogInit:      CURL_VERSION_LIBZ
LogInit:      CURL_VERSION_IPV6
LogInit:      CURL_VERSION_ASYNCHDNS
LogInit:      CURL_VERSION_LARGEFILE
LogInit:      CURL_VERSION_IDN
LogInit:  CurlRequestOptions (configurable via config and command line):
LogInit:  - bVerifyPeer = false  - Libcurl will NOT verify peer certificate
LogInit:  - bUseHttpProxy = false  - Libcurl will NOT use HTTP proxy
LogInit:  - bDontReuseConnections = false  - Libcurl will reuse connections
LogInit:  - CertBundlePath = nullptr  - Libcurl will use whatever was configured at build time.
LogInit:  - MaxHostConnections = 16  - Libcurl will limit the number of connections to a host
LogInit:  - LocalHostAddr = Default
LogInit: WinSock: version 1.1 (2.2), MaxSocks=32767, MaxUdp=65467
LogInit: WinSock: I am DESKTOP-81T1O89 (192.168.0.40:0)
LogInit: Build: ++UE4+Release-4.19-CL-4033788
LogInit: Engine Version: 4.19.2-4033788+++UE4+Release-4.19
LogInit: Compatible Engine Version: 4.19.0-3944462+++UE4+Release-4.19
LogInit: Net CL: 3944462
LogDevObjectVersion: Number of dev versions registered: 18
LogDevObjectVersion:   Dev-Blueprints (B0D832E4-1F89-4F0D-ACCF-7EB736FD4AA2): 10
LogDevObjectVersion:   Dev-Build (E1C64328-A22C-4D53-A36C-8E866417BD8C): 0
LogDevObjectVersion:   Dev-Core (375EC13C-06E4-48FB-B500-84F0262A717E): 2
LogDevObjectVersion:   Dev-Editor (E4B068ED-F494-42E9-A231-DA0B2E46BB41): 23
LogDevObjectVersion:   Dev-Framework (CFFC743F-43B0-4480-9391-14DF171D2073): 33
LogDevObjectVersion:   Dev-Mobile (B02B49B5-BB20-44E9-A304-32B752E40360): 2
LogDevObjectVersion:   Dev-Networking (A4E4105C-59A1-49B5-A7C5-40C4547EDFEE): 0
LogDevObjectVersion:   Dev-Online (39C831C9-5AE6-47DC-9A44-9C173E1C8E7C): 0
LogDevObjectVersion:   Dev-Physics (78F01B33-EBEA-4F98-B9B4-84EACCB95AA2): 0
LogDevObjectVersion:   Dev-Platform (6631380F-2D4D-43E0-8009-CF276956A95A): 0
LogDevObjectVersion:   Dev-Rendering (12F88B9F-8875-4AFC-A67C-D90C383ABD29): 25
LogDevObjectVersion:   Dev-Sequencer (7B5AE74C-D270-4C10-A958-57980B212A5A): 6
LogDevObjectVersion:   Dev-VR (D7296918-1DD6-4BDD-9DE2-64A83CC13884): 1
LogDevObjectVersion:   Dev-LoadTimes (C2A15278-BFE7-4AFE-6C17-90FF531DF755): 1
LogDevObjectVersion:   Private-Geometry (6EACA3D4-40EC-4CC1-B786-8BED09428FC5): 2
LogDevObjectVersion:   Dev-AnimPhys (29E575DD-E0A3-4627-9D10-D276232CDCEA): 16
LogDevObjectVersion:   Dev-ReflectionCapture (6B266CEC-1EC7-4B8F-A30B-E4D90942FC07): 1
LogDevObjectVersion:   Dev-Automation (0DF73D61-A23F-47EA-B727-89E90C41499A): 1
LogInit: Compiled (64-bit): Apr 27 2018 02:06:57
LogInit: Compiled with Visual C++: 19.00.24215.01
LogInit: Build Configuration: DebugGame
LogInit: Branch Name: ++UE4+Release-4.19
LogInit: Command Line:  -skipcompile -debug
LogInit: Base Directory: C:/Program Files/Epic Games/UE_4.19/Engine/Binaries/Win64/
LogInit: Installed Engine Build: 1
LogStreaming: Display: Took  0.010s to delete old logs.
LogInit: Presizing for max 8388607 objects, including 0 objects not considered by GC, pre-allocating 0 bytes for permanent pool.
LogInit: Object subsystem initialized
[2018.12.19-13.53.15:849][  0]LogInit: Selected Device Profile: [Windows]
[2018.12.19-13.53.15:849][  0]LogInit: Applying CVar settings loaded from the selected device profile: [Windows]
[2018.12.19-13.53.15:868][  0]LogInit: Computer: DESKTOP-81T1O89
[2018.12.19-13.53.15:868][  0]LogInit: User: wzeitler
[2018.12.19-13.53.15:868][  0]LogInit: CPU Page size=4096, Cores=2
[2018.12.19-13.53.15:868][  0]LogInit: High frequency timer resolution =2.343753 MHz
[2018.12.19-13.53.15:868][  0]LogMemory: Memory total: Physical=15.9GB (16GB approx)
[2018.12.19-13.53.15:869][  0]LogMemory: Platform Memory Stats for Windows
[2018.12.19-13.53.15:869][  0]LogMemory: Process Physical Memory: 273.49 MB used, 273.49 MB peak
[2018.12.19-13.53.15:869][  0]LogMemory: Process Virtual Memory: 266.06 MB used, 266.06 MB peak
[2018.12.19-13.53.15:869][  0]LogMemory: Physical Memory: 6376.24 MB used,  9891.33 MB free, 16267.57 MB total
[2018.12.19-13.53.15:869][  0]LogMemory: Virtual Memory: 4778.49 MB used,  9891.33 MB free, 134217728.00 MB total
[2018.12.19-13.53.15:941][  0]LogInit: Using OS detected language (de-DE).
[2018.12.19-13.53.15:941][  0]LogInit: Using OS detected locale (de-DE).
[2018.12.19-13.53.15:946][  0]LogTextLocalizationManager: No localization for 'de-DE' exists, so 'en' will be used for the language.
[2018.12.19-13.53.16:554][  0]LogStreaming: Display: Took  0.612s to EndInitTextLocalization.
[2018.12.19-13.53.16:554][  0]LogInit: Setting process to per monitor DPI aware
[2018.12.19-13.53.16:612][  0]LogSlate: New Slate User Created.  User Index 0, Is Virtual User: 0
[2018.12.19-13.53.16:612][  0]LogSlate: Slate User Registered.  User Index 0, Is Virtual User: 0
[2018.12.19-13.53.16:888][  0]LogD3D11RHI: D3D11 adapters:
[2018.12.19-13.53.16:910][  0]LogD3D11RHI:    0. 'Intel(R) HD Graphics 520' (Feature Level 11_0)
[2018.12.19-13.53.16:911][  0]LogD3D11RHI:       128/0/8133 MB DedicatedVideo/DedicatedSystem/SharedSystem, Outputs:1, VendorId:0x8086
[2018.12.19-13.53.16:918][  0]LogD3D11RHI:    1. 'Microsoft Basic Render Driver' (Feature Level 11_0)
[2018.12.19-13.53.16:918][  0]LogD3D11RHI:       0/0/8133 MB DedicatedVideo/DedicatedSystem/SharedSystem, Outputs:0, VendorId:0x1414
[2018.12.19-13.53.16:918][  0]LogD3D11RHI: Chosen D3D11 Adapter: 0
[2018.12.19-13.53.16:926][  0]LogD3D11RHI: Creating new Direct3DDevice
[2018.12.19-13.53.16:927][  0]LogD3D11RHI:     GPU DeviceId: 0x1916 (for the marketing name, search the web for "GPU Device Id")
[2018.12.19-13.53.16:927][  0]LogWindows: EnumDisplayDevices:
[2018.12.19-13.53.16:927][  0]LogWindows:    0. 'Intel(R) HD Graphics 520' (P:1 D:1)
[2018.12.19-13.53.16:927][  0]LogWindows:    1. 'Intel(R) HD Graphics 520' (P:0 D:0)
[2018.12.19-13.53.16:928][  0]LogWindows:    2. 'Intel(R) HD Graphics 520' (P:0 D:0)
[2018.12.19-13.53.16:928][  0]LogWindows: DebugString: GetVideoDriverDetailsInvalid PrimaryIsNotTheChoosenAdapter GetVideoDriverDetailsInvalid PrimaryIsNotTheChoosenAdapter GetVideoDriverDetailsInvalid PrimaryIsNotTheChoosenAdapter FoundDriverCount:0 
[2018.12.19-13.53.16:928][  0]LogD3D11RHI:     Adapter Name: Intel(R) HD Graphics 520
[2018.12.19-13.53.16:928][  0]LogD3D11RHI:   Driver Version: Unknown (internal:Unknown, unified:Unknown)
[2018.12.19-13.53.16:928][  0]LogD3D11RHI:      Driver Date: Unknown
[2018.12.19-13.53.16:928][  0]LogRHI: Texture pool is 1523 MB (70% of 2176 MB)
[2018.12.19-13.53.16:944][  0]LogD3D11RHI: Async texture creation enabled
[2018.12.19-13.53.16:954][  0]LogD3D11RHI: GPU Timing Frequency: 12.000000 (Debug: 2 0)
[2018.12.19-13.53.16:955][  0]LogShaderCompilers: Guid format shader working directory is -25 characters bigger than the processId version (../../../../../../Users/wzeitler/Desktop/GameEngines/EX5_Waldemar_Zeitler/Intermediate/Shaders/WorkingDirectory/13960/).
[2018.12.19-13.53.16:956][  0]LogShaderCompilers: Cleaned the shader compiler working directory 'C:/Users/wzeitler/AppData/Local/Temp/UnrealShaderWorkingDir/894DBB174B2D164DEABCC696AAC94BAA/'.
[2018.12.19-13.53.17:363][  0]LogTemp: Display: Loaded TP AllDesktopTargetPlatform
[2018.12.19-13.53.17:387][  0]LogTemp: Display: Loaded TP MacClientTargetPlatform
[2018.12.19-13.53.17:414][  0]LogTemp: Display: Loaded TP MacNoEditorTargetPlatform
[2018.12.19-13.53.17:445][  0]LogTemp: Display: Loaded TP MacServerTargetPlatform
[2018.12.19-13.53.17:478][  0]LogTemp: Display: Loaded TP MacTargetPlatform
[2018.12.19-13.53.17:508][  0]LogTemp: Display: Loaded TP WindowsClientTargetPlatform
[2018.12.19-13.53.17:534][  0]LogTemp: Display: Loaded TP WindowsNoEditorTargetPlatform
[2018.12.19-13.53.17:560][  0]LogTemp: Display: Loaded TP WindowsServerTargetPlatform
[2018.12.19-13.53.17:576][  0]LogTemp: Display: Loaded TP WindowsTargetPlatform
[2018.12.19-13.53.17:600][  0]LogTemp: Display: Loaded TP Android_ASTCTargetPlatform
[2018.12.19-13.53.17:629][  0]LogTemp: Display: Loaded TP Android_ATCTargetPlatform
[2018.12.19-13.53.17:657][  0]LogTemp: Display: Loaded TP Android_DXTTargetPlatform
[2018.12.19-13.53.17:681][  0]LogTemp: Display: Loaded TP Android_ETC1aTargetPlatform
[2018.12.19-13.53.17:705][  0]LogTemp: Display: Loaded TP Android_ETC1TargetPlatform
[2018.12.19-13.53.17:725][  0]LogTemp: Display: Loaded TP Android_ETC2TargetPlatform
[2018.12.19-13.53.17:772][  0]LogTemp: Display: Loaded TP Android_MultiTargetPlatform
[2018.12.19-13.53.17:772][  0]LogTemp: Display: Loaded TP Android_PVRTCTargetPlatform
[2018.12.19-13.53.17:794][  0]LogTemp: Display: Loaded TP AndroidTargetPlatform
[2018.12.19-13.53.17:799][  0]LogTemp: Display: Loaded TP HTML5TargetPlatform
[2018.12.19-13.53.17:870][  0]LogTemp: Display: Loaded TP IOSTargetPlatform
[2018.12.19-13.53.17:900][  0]LogTemp: Display: Loaded TP TVOSTargetPlatform
[2018.12.19-13.53.17:927][  0]LogTemp: Display: Loaded TP LinuxClientTargetPlatform
[2018.12.19-13.53.17:954][  0]LogTemp: Display: Loaded TP LinuxNoEditorTargetPlatform
[2018.12.19-13.53.17:979][  0]LogTemp: Display: Loaded TP LinuxServerTargetPlatform
[2018.12.19-13.53.18:010][  0]LogTemp: Display: Loaded TP LinuxTargetPlatform
[2018.12.19-13.53.18:010][  0]LogTargetPlatformManager: Display: Building Assets For Windows
[2018.12.19-13.53.18:312][  0]LogXGEController: Cleaning working directory: C:/Users/wzeitler/AppData/Local/Temp/UnrealXGEWorkingDir/
[2018.12.19-13.53.18:312][  0]LogXGEController: Cannot use XGE Controller as Incredibuild is not installed on this machine.
[2018.12.19-13.53.18:313][  0]LogShaderCompilers: Cannot use XGE Shader Compiler as Incredibuild is not installed on this machine.
[2018.12.19-13.53.18:313][  0]LogShaderCompilers: Display: Using Local Shader Compiler.
[2018.12.19-13.53.19:314][  0]LogDerivedDataCache: Display: Max Cache Size: 512 MB
[2018.12.19-13.53.19:403][  0]LogDerivedDataCache: Loaded boot cache 0.09s 74MB C:/Users/wzeitler/AppData/Local/UnrealEngine/4.19/DerivedDataCache/Boot.ddc.
[2018.12.19-13.53.19:403][  0]LogDerivedDataCache: Display: Loaded Boot cache: C:/Users/wzeitler/AppData/Local/UnrealEngine/4.19/DerivedDataCache/Boot.ddc
[2018.12.19-13.53.19:404][  0]LogDerivedDataCache: FDerivedDataBackendGraph:  Pak pak cache file ../../../../../../Users/wzeitler/Desktop/GameEngines/EX5_Waldemar_Zeitler/DerivedDataCache/DDC.ddp not found, will not use a pak cache.
[2018.12.19-13.53.19:404][  0]LogDerivedDataCache: Unable to find inner node Pak for hierarchical cache Hierarchy.
[2018.12.19-13.53.19:404][  0]LogDerivedDataCache: FDerivedDataBackendGraph:  CompressedPak pak cache file ../../../../../../Users/wzeitler/Desktop/GameEngines/EX5_Waldemar_Zeitler/DerivedDataCache/Compressed.ddp not found, will not use a pak cache.
[2018.12.19-13.53.19:404][  0]LogDerivedDataCache: Unable to find inner node CompressedPak for hierarchical cache Hierarchy.
[2018.12.19-13.53.19:426][  0]LogDerivedDataCache: Display: Pak cache opened for reading ../../../Engine/DerivedDataCache/Compressed.ddp.
[2018.12.19-13.53.19:441][  0]LogDerivedDataCache: Using Local data cache path C:/Users/wzeitler/AppData/Local/UnrealEngine/Common/DerivedDataCache: Writable
[2018.12.19-13.53.19:441][  0]LogDerivedDataCache: Shared data cache path not found in *engine.ini, will not use an Shared cache.
[2018.12.19-13.53.19:441][  0]LogDerivedDataCache: Unable to find inner node Shared for hierarchical cache Hierarchy.
[2018.12.19-13.53.19:465][  0]LogMaterial: Verifying Global Shaders for PCD3D_SM5
[2018.12.19-13.53.19:466][  0]LogSlate: Using Freetype 2.6.0
[2018.12.19-13.53.19:467][  0]LogSlate: SlateFontCache - WITH_FREETYPE: 1, WITH_HARFBUZZ: 1
[2018.12.19-13.53.19:467][  0]LogSlate: SlateFontCache - WITH_FREETYPE: 1, WITH_HARFBUZZ: 1
[2018.12.19-13.53.19:740][  0]LogAssetRegistry: FAssetRegistry took 0.0408 seconds to start up
[2018.12.19-13.53.20:176][  0]LogInit: Selected Device Profile: [Windows]
[2018.12.19-13.53.20:427][  0]LogSimplygon: Simplygon DLL not present - disabling.
[2018.12.19-13.53.20:435][  0]LogMeshReduction: Using SimplygonSwarm for distributed automatic mesh merging
[2018.12.19-13.53.20:435][  0]LogMeshReduction: Using QuadricMeshReduction for automatic static mesh reduction
[2018.12.19-13.53.20:436][  0]LogMeshReduction: No automatic skeletal mesh reduction module available
[2018.12.19-13.53.20:436][  0]LogMeshReduction: No automatic mesh merging module available
[2018.12.19-13.53.20:436][  0]LogMeshMerging: No automatic mesh merging module available
[2018.12.19-13.53.20:485][  0]LogNetVersion: EX5_Waldemar_Zeitler , NetCL: 3944462, EngineNetVer: 2, GameNetVer: 0 (Checksum: 1683245723)
[2018.12.19-13.53.21:399][  0]LogPackageLocalizationCache: Processed 9 localized package path(s) for 1 prioritized culture(s) in 0.110116 seconds
[2018.12.19-13.53.21:412][  0]LogUObjectArray: 36728 objects as part of root set at end of initial load.
[2018.12.19-13.53.21:412][  0]LogUObjectAllocator: 7314304 out of 0 bytes used by permanent object pool.
[2018.12.19-13.53.21:412][  0]LogUObjectArray: CloseDisregardForGC: 0/0 objects in disregard for GC pool
[2018.12.19-13.53.24:293][  0]LogTcpMessaging: Initializing TcpMessaging bridge
[2018.12.19-13.53.24:394][  0]LogUdpMessaging: Initializing bridge on interface 0.0.0.0:0 to multicast group 230.0.0.1:6666.
[2018.12.19-13.53.25:286][  0]SourceControl: Source control is disabled
[2018.12.19-13.53.25:286][  0]SourceControl: Source control is disabled
[2018.12.19-13.53.25:320][  0]SourceControl: Source control is disabled
[2018.12.19-13.53.25:349][  0]SourceControl: Source control is disabled
[2018.12.19-13.53.26:250][  0]LogAndroidPermission: UAndroidPermissionCallbackProxy::GetInstance
[2018.12.19-13.53.26:586][  0]LogOcInput: OculusInput pre-init called
[2018.12.19-13.53.26:770][  0]LogEngine: Initializing Engine...
[2018.12.19-13.53.26:773][  0]LogHMD: Failed to initialize OpenVR with code 110
[2018.12.19-13.53.26:775][  0]LogStats: UGameplayTagsManager::ConstructGameplayTagTree: Construct from data asset -  0.000 s
[2018.12.19-13.53.26:775][  0]LogStats: UGameplayTagsManager::ConstructGameplayTagTree: GameplayTagTreeChangedEvent.Broadcast -  0.000 s
[2018.12.19-13.53.27:227][  0]LogAIModule: Creating AISystem for world Untitled
[2018.12.19-13.53.27:248][  0]LogInit: XAudio2 using 'Lautsprecher/Kopfhörer (Realtek High Definition Audio)' : 2 channels at 48 kHz using 32 bits per sample (channel mask 0x3)
[2018.12.19-13.53.27:588][  0]LogInit: FAudioDevice initialized.
[2018.12.19-13.53.27:783][  0]LogDerivedDataCache: Saved boot cache 0.19s 74MB C:/Users/wzeitler/AppData/Local/UnrealEngine/4.19/DerivedDataCache/Boot.ddc.
[2018.12.19-13.53.27:809][  0]LogInit: Texture streaming: Enabled
[2018.12.19-13.53.27:854][  0]LogEngineSessionManager: EngineSessionManager initialized
[2018.12.19-13.53.27:854][  0]LogEngineSessionManager: EngineSessionManager sent abnormal shutdown report. Type=Debugger, SessionId={889D4740-4649-5EA4-E217-83A18EF8E7F9}
[2018.12.19-13.53.27:876][  0]LogInit: Transaction tracking system initialized
[2018.12.19-13.53.27:967][  0]BlueprintLog: New page: Editor Load
[2018.12.19-13.53.28:229][  0]LocalizationService: Localization service is disabled
[2018.12.19-13.53.28:480][  0]LogConsoleResponse: Display: 
[2018.12.19-13.53.28:779][  0]LogFileCache: Scanning file cache for directory 'C:/Users/wzeitler/Desktop/GameEngines/EX5_Waldemar_Zeitler/Content/' took 0.01s
[2018.12.19-13.53.28:780][  0]LogCook: Display: Max memory allowance for cook 16384mb min free memory 0mb
[2018.12.19-13.53.28:780][  0]LogCook: Display: Mobile HDR setting 1
[2018.12.19-13.53.28:780][  0]LogGameplayTags: Display: UGameplayTagsManager::DoneAddingNativeTags. DelegateIsBound: 0
[2018.12.19-13.53.28:780][  0]LogStats: UGameplayTagsManager::ConstructGameplayTagTree: Construct from data asset -  0.000 s
[2018.12.19-13.53.28:780][  0]LogStats: UGameplayTagsManager::ConstructGameplayTagTree: GameplayTagTreeChangedEvent.Broadcast -  0.000 s
[2018.12.19-13.53.29:534][  0]SourceControl: Source control is disabled
[2018.12.19-13.53.29:535][  0]Cmd: MAP LOAD FILE="../../../../../../Users/wzeitler/Desktop/GameEngines/EX5_Waldemar_Zeitler/Content/NewMap.umap" TEMPLATE=0 SHOWPROGRESS=1 FEATURELEVEL=3
[2018.12.19-13.53.29:536][  0]LightingResults: New page: Lighting Build
[2018.12.19-13.53.29:541][  0]MapCheck: New page: Map Check
[2018.12.19-13.53.29:542][  0]LightingResults: New page: Lighting Build
[2018.12.19-13.53.29:984][  0]LogAIModule: Creating AISystem for world NewMap
[2018.12.19-13.53.29:995][  0]LogEditorServer: Finished looking for orphan Actors (0.000 secs)
[2018.12.19-13.53.30:036][  0]Cmd: MAP CHECKDEP NOCLEARLOG
[2018.12.19-13.53.30:158][  0]MapCheck: Map check complete: 0 Error(s), 0 Warning(s), took 121,567ms to complete.
[2018.12.19-13.53.30:158][  0]LogFileHelpers: Loading map 'NewMap' took 0.624
[2018.12.19-13.53.30:520][  0]LogCollectionManager: Loaded 0 collections in 0.003988 seconds
[2018.12.19-13.53.30:577][  0]LogFileCache: Scanning file cache for directory 'C:/Users/wzeitler/Desktop/GameEngines/EX5_Waldemar_Zeitler/Saved/Collections/' took 0.01s
[2018.12.19-13.53.30:577][  0]LogFileCache: Scanning file cache for directory 'C:/Users/wzeitler/Desktop/GameEngines/EX5_Waldemar_Zeitler/Content/Developers/wzeitler/Collections/' took 0.02s
[2018.12.19-13.53.30:578][  0]LogFileCache: Scanning file cache for directory 'C:/Users/wzeitler/Desktop/GameEngines/EX5_Waldemar_Zeitler/Content/Collections/' took 0.02s
[2018.12.19-13.53.30:578][  0]LogCollectionManager: Rebuilt the GUID cache for 0 collections in 0.000000 seconds
[2018.12.19-13.53.30:596][  0]LogContentBrowser: Native class hierarchy populated in 0.0184 seconds. Added 2458 classes and 561 folders.
[2018.12.19-13.53.30:613][  0]LogContentBrowser: Native class hierarchy updated for 'WidgetCarousel' in 0.0013 seconds. Added 0 classes and 0 folders.
[2018.12.19-13.53.30:720][  0]LogContentBrowser: Native class hierarchy updated for 'AddContentDialog' in 0.0014 seconds. Added 0 classes and 0 folders.
[2018.12.19-13.53.30:740][  0]LogContentBrowser: Native class hierarchy updated for 'SceneOutliner' in 0.0015 seconds. Added 1 classes and 2 folders.
[2018.12.19-13.53.30:842][  0]LogSlate: Took 0.000338 seconds to synchronously load lazily loaded font '../../../Engine/Content/Slate/Fonts/Roboto-Regular.ttf' (155K)
[2018.12.19-13.53.30:850][  0]LogSlate: Took 0.000413 seconds to synchronously load lazily loaded font '../../../Engine/Content/Slate/Fonts/Roboto-Bold.ttf' (160K)
[2018.12.19-13.53.30:866][  0]LogSlate: Took 0.000377 seconds to synchronously load lazily loaded font '../../../Engine/Content/Editor/Slate/Fonts/FontAwesome.ttf' (139K)
[2018.12.19-13.53.31:117][  0]LogRenderer: Reallocating scene render targets to support 820x472 Format 10 NumSamples 1 (Frame:1).
[2018.12.19-13.53.32:390][  0]LogSlate: Took 0.000217 seconds to synchronously load lazily loaded font '../../../Engine/Content/Slate/Fonts/Roboto-Light.ttf' (167K)
[2018.12.19-13.53.32:547][  0]LogContentBrowser: Native class hierarchy updated for 'HierarchicalLODOutliner' in 0.0023 seconds. Added 0 classes and 0 folders.
[2018.12.19-13.53.32:547][  0]LogLoad: (Engine Initialization) Total time: 21.58 seconds
[2018.12.19-13.53.32:548][  0]LogLoad: (Engine Initialization) Total Blueprint compile time: 0.00 seconds
[2018.12.19-13.53.32:559][  0]LogWindowsTextInputMethodSystem: Display: IME system now deactivated.
[2018.12.19-13.53.32:591][  0]LogContentStreaming: Texture pool size now 1000 MB
[2018.12.19-13.53.33:980][  2]LogAssetRegistry: Asset discovery search completed in 14.2658 seconds
[2018.12.19-13.53.33:984][  2]LogCollectionManager: Rebuilt the object cache for 0 collections in 0.000001 seconds (found 0 objects)
[2018.12.19-13.53.33:984][  2]LogCollectionManager: Fixed up redirectors for 0 collections in 0.000399 seconds (updated 0 objects)
[2018.12.19-13.53.37:803][319]LogSlate: FSceneViewport::OnFocusLost() reason 0
[2018.12.19-13.53.37:907][327]LogTemp: Repeating last play command: Selected Viewport
[2018.12.19-13.53.37:938][327]LogPlayLevel: PlayLevel: No blueprints needed recompiling
[2018.12.19-13.53.37:939][327]PIE: New page: PIE session: NewMap (19.12.2018 15:53:37)
[2018.12.19-13.53.37:940][327]LogPlayLevel: Creating play world package: /Game/UEDPIE_0_NewMap
[2018.12.19-13.53.37:946][327]LogPlayLevel: PIE: StaticDuplicateObject took: (0.006328s)
[2018.12.19-13.53.37:948][327]LogAIModule: Creating AISystem for world NewMap
[2018.12.19-13.53.37:948][327]LogPlayLevel: PIE: World Init took: (0.002310s)
[2018.12.19-13.53.37:949][327]LogPlayLevel: PIE: Created PIE world by copying editor world from /Game/NewMap.NewMap to /Game/UEDPIE_0_NewMap.NewMap (0.010032s)
[2018.12.19-13.53.37:988][327]LogInit: XAudio2 using 'Lautsprecher/Kopfhörer (Realtek High Definition Audio)' : 2 channels at 48 kHz using 32 bits per sample (channel mask 0x3)
[2018.12.19-13.53.38:014][327]LogInit: FAudioDevice initialized.
[2018.12.19-13.53.38:072][327]LogLoad: Game class is 'GameModeBase'
[2018.12.19-13.53.38:075][327]LogWorld: Bringing World /Game/UEDPIE_0_NewMap.NewMap up for play (max tick rate 0) at 2018.12.19-14.53.38
[2018.12.19-13.53.38:076][327]LogWorld: Bringing up level for play took: 0.001716
[2018.12.19-13.53.38:084][327]LogContentBrowser: Native class hierarchy updated for 'MovieSceneCapture' in 0.0018 seconds. Added 11 classes and 0 folders.
[2018.12.19-13.53.38:086][327]PIE: Play in editor start time for /Game/UEDPIE_0_NewMap 0,487
[2018.12.19-13.55.01:469][ 18]LogSlate: FSceneViewport::OnFocusLost() reason 0
[2018.12.19-13.55.01:722][ 26]LogSlate: Window 'EX5_Waldemar_Zeitler [DebugGame] - Unreal Editor' being destroyed
[2018.12.19-13.55.01:723][ 26]LogWindowsTextInputMethodSystem: Display: IME system now deactivated.
[2018.12.19-13.55.02:121][ 27]Cmd: QUIT_EDITOR
[2018.12.19-13.55.03:242][ 27]LogSlate: Slate User Destroyed.  User Index 0, Is Virtual User: 0
[2018.12.19-13.55.03:244][ 27]LogExit: Preparing to exit.
[2018.12.19-13.55.04:221][ 27]LogDirectoryWatcher: A directory notification for 'C:/Users/wzeitler/Desktop/GameEngines/EX5_Waldemar_Zeitler/Content/' was aborted.
[2018.12.19-13.55.04:316][ 27]LogExit: Editor shut down
[2018.12.19-13.55.04:329][ 27]LogExit: Transaction tracking system shut down
[2018.12.19-13.55.04:540][ 27]LogDirectoryWatcher: A directory notification for '../../../Engine/Content/' was aborted.
[2018.12.19-13.55.04:540][ 27]LogDirectoryWatcher: A directory notification for '../../../../../../Users/wzeitler/Desktop/GameEngines/EX5_Waldemar_Zeitler/Content/' was aborted.
[2018.12.19-13.55.04:541][ 27]LogDirectoryWatcher: A directory notification for '../../Plugins/2D/Paper2D/Content/' was aborted.
[2018.12.19-13.55.04:542][ 27]LogDirectoryWatcher: A directory notification for '../../Plugins/Enterprise/DatasmithContent/Content/' was aborted.
[2018.12.19-13.55.04:542][ 27]LogDirectoryWatcher: A directory notification for '../../Plugins/Media/MediaCompositing/Content/' was aborted.
[2018.12.19-13.55.04:542][ 27]LogDirectoryWatcher: A directory notification for '../../Plugins/Runtime/AppleARKit/Content/' was aborted.
[2018.12.19-13.55.04:543][ 27]LogDirectoryWatcher: A directory notification for '../../Plugins/Runtime/Oculus/OculusVR/Content/' was aborted.
[2018.12.19-13.55.04:543][ 27]LogDirectoryWatcher: A directory notification for '../../Plugins/Runtime/Steam/SteamVR/Content/' was aborted.
[2018.12.19-13.55.04:636][ 27]LogExit: Object subsystem successfully closed.
[2018.12.19-13.55.04:666][ 27]LogShaderCompilers: Display: Shaders left to compile 0
[2018.12.19-13.55.04:675][ 27]LogD3D11RHI: Shutdown
[2018.12.19-13.55.04:677][ 27]LogD3D11RHI: CleanupD3DDevice
[2018.12.19-13.55.04:710][ 27]LogD3D11RHI: ~FD3D11DynamicRHI
[2018.12.19-13.55.04:775][ 27]LogModuleManager: Shutting down and abandoning module MovieSceneCapture (578)
[2018.12.19-13.55.04:775][ 27]LogModuleManager: Shutting down and abandoning module HierarchicalLODOutliner (576)
[2018.12.19-13.55.04:776][ 27]LogModuleManager: Shutting down and abandoning module DesktopPlatform (574)
[2018.12.19-13.55.04:776][ 27]LogModuleManager: Shutting down and abandoning module SceneOutliner (572)
[2018.12.19-13.55.04:776][ 27]LogModuleManager: Shutting down and abandoning module AddContentDialog (570)
[2018.12.19-13.55.04:777][ 27]LogDirectoryWatcher: A directory notification for 'C:/Program Files/Epic Games/UE_4.19/FeaturePacks/' was aborted.
[2018.12.19-13.55.04:780][ 27]LogModuleManager: Shutting down and abandoning module WidgetCarousel (569)
[2018.12.19-13.55.04:780][ 27]LogModuleManager: Shutting down and abandoning module EditorWidgets (566)
[2018.12.19-13.55.04:780][ 27]LogModuleManager: Shutting down and abandoning module CollectionManager (564)
[2018.12.19-13.55.04:781][ 27]LogDirectoryWatcher: A directory notification for 'C:/Users/wzeitler/Desktop/GameEngines/EX5_Waldemar_Zeitler/Content/Collections/' was aborted.
[2018.12.19-13.55.04:781][ 27]LogDirectoryWatcher: A directory notification for 'C:/Users/wzeitler/Desktop/GameEngines/EX5_Waldemar_Zeitler/Content/Developers/wzeitler/Collections/' was aborted.
[2018.12.19-13.55.04:781][ 27]LogDirectoryWatcher: A directory notification for 'C:/Users/wzeitler/Desktop/GameEngines/EX5_Waldemar_Zeitler/Saved/Collections/' was aborted.
[2018.12.19-13.55.04:782][ 27]LogModuleManager: Shutting down and abandoning module StatsViewer (562)
[2018.12.19-13.55.04:782][ 27]LogModuleManager: Shutting down and abandoning module FoliageEdit (560)
[2018.12.19-13.55.04:782][ 27]LogModuleManager: Shutting down and abandoning module LandscapeEditor (558)
[2018.12.19-13.55.04:783][ 27]LogModuleManager: Shutting down and abandoning module MeshPaintMode (556)
[2018.12.19-13.55.04:784][ 27]LogModuleManager: Shutting down and abandoning module SceneDepthPickerMode (554)
[2018.12.19-13.55.04:784][ 27]LogModuleManager: Shutting down and abandoning module ActorPickerMode (552)
[2018.12.19-13.55.04:784][ 27]LogModuleManager: Shutting down and abandoning module GeometryMode (550)
[2018.12.19-13.55.04:785][ 27]LogModuleManager: Shutting down and abandoning module TextureAlignMode (548)
[2018.12.19-13.55.04:785][ 27]LogModuleManager: Shutting down and abandoning module BspMode (546)
[2018.12.19-13.55.04:785][ 27]LogModuleManager: Shutting down and abandoning module PIEPreviewDeviceProfileSelector (544)
[2018.12.19-13.55.04:785][ 27]LogModuleManager: Shutting down and abandoning module HardwareSurvey (542)
[2018.12.19-13.55.04:786][ 27]LogModuleManager: Shutting down and abandoning module SequenceRecorderSections (540)
[2018.12.19-13.55.04:786][ 27]LogModuleManager: Shutting down and abandoning module AutomationWorker (538)
[2018.12.19-13.55.04:786][ 27]LogModuleManager: Shutting down and abandoning module AudioCaptureEditor (536)
[2018.12.19-13.55.04:787][ 27]LogModuleManager: Shutting down and abandoning module SequenceRecorder (535)
[2018.12.19-13.55.04:787][ 27]LogModuleManager: Shutting down and abandoning module MatineeToLevelSequence (532)
[2018.12.19-13.55.04:788][ 27]LogModuleManager: Shutting down and abandoning module LevelSequenceEditor (530)
[2018.12.19-13.55.04:790][ 27]LogModuleManager: Shutting down and abandoning module PlacementMode (529)
[2018.12.19-13.55.04:791][ 27]LogModuleManager: Shutting down and abandoning module MaterialEditor (528)
[2018.12.19-13.55.04:795][ 27]LogModuleManager: Shutting down and abandoning module WmfMediaFactory (524)
[2018.12.19-13.55.04:796][ 27]LogModuleManager: Shutting down and abandoning module WmfMediaEditor (522)
[2018.12.19-13.55.04:796][ 27]LogModuleManager: Shutting down and abandoning module MediaPlayerEditor (520)
[2018.12.19-13.55.04:797][ 27]LogModuleManager: Shutting down and abandoning module OpenExrWrapper (518)
[2018.12.19-13.55.04:797][ 27]LogModuleManager: Shutting down and abandoning module ImgMediaFactory (516)
[2018.12.19-13.55.04:798][ 27]LogModuleManager: Shutting down and abandoning module ImgMediaEditor (514)
[2018.12.19-13.55.04:798][ 27]LogModuleManager: Shutting down and abandoning module AvfMediaFactory (512)
[2018.12.19-13.55.04:798][ 27]LogModuleManager: Shutting down and abandoning module AvfMediaEditor (510)
[2018.12.19-13.55.04:799][ 27]LogModuleManager: Shutting down and abandoning module AndroidMediaFactory (508)
[2018.12.19-13.55.04:799][ 27]LogModuleManager: Shutting down and abandoning module AndroidMediaEditor (506)
[2018.12.19-13.55.04:800][ 27]LogModuleManager: Shutting down and abandoning module CharacterAI (504)
[2018.12.19-13.55.04:800][ 27]LogModuleManager: Shutting down and abandoning module SmartSnapping (502)
[2018.12.19-13.55.04:800][ 27]LogModuleManager: Shutting down and abandoning module SessionServices (500)
[2018.12.19-13.55.04:801][ 27]LogModuleManager: Shutting down and abandoning module ViewportSnapping (498)
[2018.12.19-13.55.04:801][ 27]LogModuleManager: Shutting down and abandoning module ViewportInteraction (496)
[2018.12.19-13.55.04:801][ 27]LogModuleManager: Shutting down and abandoning module ClothPainter (494)
[2018.12.19-13.55.04:802][ 27]LogModuleManager: Shutting down and abandoning module SkeletalMeshEditor (493)
[2018.12.19-13.55.04:804][ 27]LogModuleManager: Shutting down and abandoning module LogVisualizer (490)
[2018.12.19-13.55.04:804][ 27]LogModuleManager: Shutting down and abandoning module IntroTutorials (488)
[2018.12.19-13.55.04:805][ 27]LogModuleManager: Shutting down and abandoning module GameProjectGeneration (487)
[2018.12.19-13.55.04:807][ 27]LogModuleManager: Shutting down and abandoning module IOSPlatformEditor (484)
[2018.12.19-13.55.04:807][ 27]LogModuleManager: Shutting down and abandoning module HTML5PlatformEditor (482)
[2018.12.19-13.55.04:808][ 27]LogModuleManager: Shutting down and abandoning module AndroidPlatformEditor (480)
[2018.12.19-13.55.04:808][ 27]LogModuleManager: Shutting down and abandoning module AndroidDeviceDetection (479)
[2018.12.19-13.55.05:137][ 27]LogModuleManager: Shutting down and abandoning module WindowsPlatformEditor (476)
[2018.12.19-13.55.05:137][ 27]LogModuleManager: Shutting down and abandoning module IOSRuntimeSettings (474)
[2018.12.19-13.55.05:138][ 27]LogModuleManager: Shutting down and abandoning module AndroidRuntimeSettings (472)
[2018.12.19-13.55.05:138][ 27]LogModuleManager: Shutting down and abandoning module InputBindingEditor (470)
[2018.12.19-13.55.05:139][ 27]LogModuleManager: Shutting down and abandoning module MergeActors (468)
[2018.12.19-13.55.05:142][ 27]LogModuleManager: Shutting down and abandoning module LocalizationDashboard (466)
[2018.12.19-13.55.05:143][ 27]LogModuleManager: Shutting down and abandoning module LocalizationService (465)
[2018.12.19-13.55.05:144][ 27]LogModuleManager: Shutting down and abandoning module HardwareTargeting (462)
[2018.12.19-13.55.05:144][ 27]LogModuleManager: Shutting down and abandoning module DeviceProfileEditor (460)
[2018.12.19-13.55.05:147][ 27]LogModuleManager: Shutting down and abandoning module UndoHistory (458)
[2018.12.19-13.55.05:147][ 27]LogModuleManager: Shutting down and abandoning module XmlParser (456)
[2018.12.19-13.55.05:147][ 27]LogModuleManager: Shutting down and abandoning module Blutility (454)
[2018.12.19-13.55.05:147][ 27]LogModuleManager: Shutting down and abandoning module ProjectSettingsViewer (452)
[2018.12.19-13.55.05:149][ 27]LogModuleManager: Shutting down and abandoning module ProjectTargetPlatformEditor (451)
[2018.12.19-13.55.05:149][ 27]LogModuleManager: Shutting down and abandoning module EditorSettingsViewer (448)
[2018.12.19-13.55.05:150][ 27]LogModuleManager: Shutting down and abandoning module SettingsEditor (446)
[2018.12.19-13.55.05:152][ 27]LogModuleManager: Shutting down and abandoning module ProjectLauncher (444)
[2018.12.19-13.55.05:153][ 27]LogModuleManager: Shutting down and abandoning module SessionFrontend (442)
[2018.12.19-13.55.05:153][ 27]LogModuleManager: Shutting down and abandoning module ProfilerClient (440)
[2018.12.19-13.55.05:154][ 27]LogModuleManager: Shutting down and abandoning module DeviceManager (438)
[2018.12.19-13.55.05:155][ 27]LogModuleManager: Shutting down and abandoning module TargetDeviceServices (437)
[2018.12.19-13.55.05:211][ 27]LogModuleManager: Shutting down and abandoning module AutomationController (434)
[2018.12.19-13.55.05:211][ 27]LogModuleManager: Shutting down and abandoning module AutomationWindow (432)
[2018.12.19-13.55.05:213][ 27]LogModuleManager: Shutting down and abandoning module Layers (430)
[2018.12.19-13.55.05:214][ 27]LogModuleManager: Shutting down and abandoning module ComponentVisualizers (428)
[2018.12.19-13.55.05:215][ 27]LogModuleManager: Shutting down and abandoning module DetailCustomizations (426)
[2018.12.19-13.55.05:215][ 27]LogModuleManager: Shutting down and abandoning module PackagesDialog (424)
[2018.12.19-13.55.05:216][ 27]LogModuleManager: Shutting down and abandoning module Persona (422)
[2018.12.19-13.55.05:217][ 27]LogModuleManager: Shutting down and abandoning module AdvancedPreviewScene (421)
[2018.12.19-13.55.05:217][ 27]LogModuleManager: Shutting down and abandoning module AnimGraph (419)
[2018.12.19-13.55.05:217][ 27]LogModuleManager: Shutting down and abandoning module Kismet (416)
[2018.12.19-13.55.05:219][ 27]LogModuleManager: Shutting down and abandoning module GraphEditor (414)
[2018.12.19-13.55.05:221][ 27]LogModuleManager: Shutting down and abandoning module ClassViewer (412)
[2018.12.19-13.55.05:222][ 27]LogModuleManager: Shutting down and abandoning module Toolbox (410)
[2018.12.19-13.55.05:222][ 27]LogModuleManager: Shutting down and abandoning module ModuleUI (408)
[2018.12.19-13.55.05:223][ 27]LogModuleManager: Shutting down and abandoning module MovieSceneTools (406)
[2018.12.19-13.55.05:224][ 27]LogModuleManager: Shutting down and abandoning module OutputLog (404)
[2018.12.19-13.55.05:224][ 27]LogModuleManager: Shutting down and abandoning module GammaUI (402)
[2018.12.19-13.55.05:225][ 27]LogModuleManager: Shutting down and abandoning module Documentation (400)
[2018.12.19-13.55.05:225][ 27]LogModuleManager: Shutting down and abandoning module MovieSceneTracks (398)
[2018.12.19-13.55.05:226][ 27]LogModuleManager: Shutting down and abandoning module MovieScene (396)
[2018.12.19-13.55.05:226][ 27]LogModuleManager: Shutting down and abandoning module StreamingPauseRendering (394)
[2018.12.19-13.55.05:226][ 27]LogModuleManager: Shutting down and abandoning module LauncherPlatform (392)
[2018.12.19-13.55.05:227][ 27]LogModuleManager: Shutting down and abandoning module AnalyticsET (390)
[2018.12.19-13.55.05:227][ 27]LogModuleManager: Shutting down and abandoning module PortalServices (388)
[2018.12.19-13.55.05:227][ 27]LogModuleManager: Shutting down and abandoning module PortalRpc (386)
[2018.12.19-13.55.05:227][ 27]LogModuleManager: Shutting down and abandoning module MessagingRpc (384)
[2018.12.19-13.55.05:227][ 27]LogModuleManager: Shutting down and abandoning module AIModule (382)
[2018.12.19-13.55.05:228][ 27]LogModuleManager: Shutting down and abandoning module GameplayDebugger (381)
[2018.12.19-13.55.05:228][ 27]LogModuleManager: Shutting down and abandoning module AITestSuite (379)
[2018.12.19-13.55.05:229][ 27]LogModuleManager: Shutting down and abandoning module ProfilerService (376)
[2018.12.19-13.55.05:320][ 27]LogModuleManager: Shutting down and abandoning module TaskGraph (374)
[2018.12.19-13.55.05:322][ 27]LogModuleManager: Shutting down and abandoning module SteamVRController (372)
[2018.12.19-13.55.05:325][ 27]LogModuleManager: Shutting down and abandoning module ProceduralMeshComponentEditor (370)
[2018.12.19-13.55.05:325][ 27]LogModuleManager: Shutting down and abandoning module ProceduralMeshComponent (368)
[2018.12.19-13.55.05:326][ 27]LogModuleManager: Shutting down and abandoning module OculusInput (366)
[2018.12.19-13.55.05:330][ 27]LogModuleManager: Shutting down and abandoning module MobilePatchingUtils (364)
[2018.12.19-13.55.05:331][ 27]LogModuleManager: Shutting down and abandoning module CustomMeshComponent (362)
[2018.12.19-13.55.05:333][ 27]LogModuleManager: Shutting down and abandoning module CableComponent (360)
[2018.12.19-13.55.05:334][ 27]LogModuleManager: Shutting down and abandoning module AudioCapture (358)
[2018.12.19-13.55.05:342][ 27]LogModuleManager: Shutting down and abandoning module ArchVisCharacter (356)
[2018.12.19-13.55.05:343][ 27]LogModuleManager: Shutting down and abandoning module AndroidPermission (354)
[2018.12.19-13.55.05:343][ 27]LogModuleManager: Shutting down and abandoning module NUTUnrealEngine4 (350)
[2018.12.19-13.55.05:346][ 27]LogModuleManager: Shutting down and abandoning module NetcodeUnitTest (348)
[2018.12.19-13.55.05:353][ 27]LogModuleManager: Shutting down and abandoning module MediaCompositingEditor (346)
[2018.12.19-13.55.05:353][ 27]LogModuleManager: Shutting down and abandoning module MediaCompositing (344)
[2018.12.19-13.55.05:354][ 27]LogModuleManager: Shutting down and abandoning module LinearTimecode (342)
[2018.12.19-13.55.05:359][ 27]LogModuleManager: Shutting down and abandoning module ImgMedia (340)
[2018.12.19-13.55.05:397][ 27]LogModuleManager: Shutting down and abandoning module HTML5Networking (338)
[2018.12.19-13.55.05:398][ 27]LogModuleManager: Shutting down and abandoning module AlembicImporter (336)
[2018.12.19-13.55.05:400][ 27]LogModuleManager: Shutting down and abandoning module AlembicLibrary (335)
[2018.12.19-13.55.05:402][ 27]LogModuleManager: Shutting down and abandoning module GeometryCache (334)
[2018.12.19-13.55.05:402][ 27]LogModuleManager: Shutting down and abandoning module GeometryCacheEd (333)
[2018.12.19-13.55.05:403][ 27]LogModuleManager: Shutting down and abandoning module DatasmithContent (328)
[2018.12.19-13.55.05:403][ 27]LogModuleManager: Shutting down and abandoning module SpeedTreeImporter (326)
[2018.12.19-13.55.05:404][ 27]LogModuleManager: Shutting down and abandoning module PluginBrowser (324)
[2018.12.19-13.55.05:405][ 27]LogModuleManager: Shutting down and abandoning module MobileLauncherProfileWizard (322)
[2018.12.19-13.55.05:406][ 27]LogModuleManager: Shutting down and abandoning module CryptoKeysOpenSSL (320)
[2018.12.19-13.55.05:407][ 27]LogModuleManager: Shutting down and abandoning module CryptoKeys (318)
[2018.12.19-13.55.05:408][ 27]LogModuleManager: Shutting down and abandoning module VisualStudioSourceCodeAccess (316)
[2018.12.19-13.55.05:409][ 27]LogModuleManager: Shutting down and abandoning module VisualStudioCodeSourceCodeAccess (314)
[2018.12.19-13.55.05:410][ 27]LogModuleManager: Shutting down and abandoning module UObjectPlugin (312)
[2018.12.19-13.55.05:411][ 27]LogModuleManager: Shutting down and abandoning module SubversionSourceControl (310)
[2018.12.19-13.55.05:411][ 27]LogModuleManager: Shutting down and abandoning module PerforceSourceControl (308)
[2018.12.19-13.55.05:412][ 27]LogModuleManager: Shutting down and abandoning module GitSourceControl (306)
[2018.12.19-13.55.05:412][ 27]LogModuleManager: Shutting down and abandoning module SourceControl (305)
[2018.12.19-13.55.05:413][ 27]LogModuleManager: Shutting down and abandoning module CLionSourceCodeAccess (302)
[2018.12.19-13.55.05:414][ 27]LogModuleManager: Shutting down and abandoning module LightPropagationVolumeEditor (300)
[2018.12.19-13.55.05:414][ 27]LogModuleManager: Shutting down and abandoning module PaperTiledImporter (298)
[2018.12.19-13.55.05:415][ 27]LogModuleManager: Shutting down and abandoning module PaperSpriteSheetImporter (296)
[2018.12.19-13.55.05:415][ 27]LogModuleManager: Shutting down and abandoning module Paper2DEditor (294)
[2018.12.19-13.55.05:416][ 27]LogModuleManager: Shutting down and abandoning module MeshPaint (293)
[2018.12.19-13.55.05:418][ 27]LogModuleManager: Shutting down and abandoning module EX5_Waldemar_Zeitler (290)
[2018.12.19-13.55.05:418][ 27]LogModuleManager: Shutting down and abandoning module RuntimePhysXCooking (288)
[2018.12.19-13.55.05:419][ 27]LogModuleManager: Shutting down and abandoning module PhysXVehiclesEditor (286)
[2018.12.19-13.55.05:419][ 27]LogModuleManager: Shutting down and abandoning module PhysXVehicles (284)
[2018.12.19-13.55.05:420][ 27]LogModuleManager: Shutting down and abandoning module OculusEditor (282)
[2018.12.19-13.55.05:421][ 27]LogModuleManager: Shutting down and abandoning module LocationServicesBPLibrary (280)
[2018.12.19-13.55.05:421][ 27]LogModuleManager: Shutting down and abandoning module ImmediatePhysicsEditor (278)
[2018.12.19-13.55.05:421][ 27]LogModuleManager: Shutting down and abandoning module ImmediatePhysics (276)
[2018.12.19-13.55.05:422][ 27]LogModuleManager: Shutting down and abandoning module ActorSequence (274)
[2018.12.19-13.55.05:422][ 27]LogModuleManager: Shutting down and abandoning module UdpMessaging (272)
[2018.12.19-13.55.05:523][ 27]LogModuleManager: Shutting down and abandoning module TcpMessaging (270)
[2018.12.19-13.55.05:654][ 27]LogModuleManager: Shutting down and abandoning module GameplayTagsEditor (268)
[2018.12.19-13.55.05:655][ 27]LogModuleManager: Shutting down and abandoning module FacialAnimationEditor (266)
[2018.12.19-13.55.05:655][ 27]LogModuleManager: Shutting down and abandoning module FacialAnimation (264)
[2018.12.19-13.55.05:656][ 27]LogModuleManager: Shutting down and abandoning module DataValidation (262)
[2018.12.19-13.55.05:657][ 27]LogModuleManager: Shutting down and abandoning module AssetManagerEditor (260)
[2018.12.19-13.55.05:659][ 27]LogModuleManager: Shutting down and abandoning module LevelEditor (259)
[2018.12.19-13.55.05:663][ 27]LogModuleManager: Shutting down and abandoning module PixelInspectorModule (258)
[2018.12.19-13.55.05:664][ 27]LogModuleManager: Shutting down and abandoning module CommonMenuExtensions (256)
[2018.12.19-13.55.05:666][ 27]LogModuleManager: Shutting down and abandoning module MainFrame (254)
[2018.12.19-13.55.05:668][ 27]LogModuleManager: Shutting down and abandoning module HotReload (253)
[2018.12.19-13.55.05:670][ 27]LogDirectoryWatcher: A directory notification for 'C:/Users/wzeitler/Desktop/GameEngines/EX5_Waldemar_Zeitler/Binaries/Win64' was aborted.
[2018.12.19-13.55.05:674][ 27]LogModuleManager: Shutting down and abandoning module ContentBrowser (249)
[2018.12.19-13.55.05:681][ 27]LogModuleManager: Shutting down and abandoning module TreeMap (247)
[2018.12.19-13.55.05:682][ 27]LogModuleManager: Shutting down and abandoning module LightPropagationVolumeRuntime (244)
[2018.12.19-13.55.05:685][ 27]LogModuleManager: Shutting down and abandoning module LiveLinkEditor (242)
[2018.12.19-13.55.05:686][ 27]LogModuleManager: Shutting down and abandoning module LiveLink (240)
[2018.12.19-13.55.06:205][ 27]LogModuleManager: Shutting down and abandoning module Paper2D (238)
[2018.12.19-13.55.06:206][ 27]LogModuleManager: Shutting down and abandoning module WindowsMoviePlayer (236)
[2018.12.19-13.55.06:206][ 27]LogModuleManager: Shutting down and abandoning module WmfMedia (234)
[2018.12.19-13.55.06:222][ 27]LogModuleManager: Shutting down and abandoning module Media (233)
[2018.12.19-13.55.06:232][ 27]LogModuleManager: Shutting down and abandoning module PacketHandler (230)
[2018.12.19-13.55.06:232][ 27]LogModuleManager: Shutting down and abandoning module ClothingSystemEditor (228)
[2018.12.19-13.55.06:232][ 27]LogModuleManager: Shutting down and abandoning module ClothingSystemRuntime (226)
[2018.12.19-13.55.06:234][ 27]LogModuleManager: Shutting down and abandoning module MediaAssets (224)
[2018.12.19-13.55.06:234][ 27]LogModuleManager: Shutting down and abandoning module Overlay (222)
[2018.12.19-13.55.06:235][ 27]LogModuleManager: Shutting down and abandoning module OverlayEditor (221)
[2018.12.19-13.55.06:235][ 27]LogModuleManager: Shutting down and abandoning module VREditor (218)
[2018.12.19-13.55.06:236][ 27]LogModuleManager: Shutting down and abandoning module StringTableEditor (216)
[2018.12.19-13.55.06:236][ 27]LogModuleManager: Shutting down and abandoning module GameplayTasksEditor (214)
[2018.12.19-13.55.06:237][ 27]LogModuleManager: Shutting down and abandoning module BehaviorTreeEditor (212)
[2018.12.19-13.55.06:239][ 27]LogModuleManager: Shutting down and abandoning module FunctionalTesting (210)
[2018.12.19-13.55.06:240][ 27]LogModuleManager: Shutting down and abandoning module CollisionAnalyzer (208)
[2018.12.19-13.55.06:241][ 27]LogModuleManager: Shutting down and abandoning module WorkspaceMenuStructure (207)
[2018.12.19-13.55.06:241][ 27]LogModuleManager: Shutting down and abandoning module UMG (204)
[2018.12.19-13.55.06:242][ 27]LogModuleManager: Shutting down and abandoning module UMGEditor (203)
[2018.12.19-13.55.06:244][ 27]LogModuleManager: Shutting down and abandoning module Sequencer (202)
[2018.12.19-13.55.06:246][ 27]LogModuleManager: Shutting down and abandoning module MessageLog (199)
[2018.12.19-13.55.06:246][ 27]LogModuleManager: Shutting down and abandoning module SlateReflector (194)
[2018.12.19-13.55.06:248][ 27]LogModuleManager: Shutting down and abandoning module Slate (192)
[2018.12.19-13.55.06:248][ 27]LogModuleManager: Shutting down and abandoning module EditorStyle (190)
[2018.12.19-13.55.06:255][ 27]LogModuleManager: Shutting down and abandoning module MRMesh (188)
[2018.12.19-13.55.06:256][ 27]LogModuleManager: Shutting down and abandoning module SourceCodeAccess (186)
[2018.12.19-13.55.06:256][ 27]LogModuleManager: Shutting down and abandoning module HeadMountedDisplay (184)
[2018.12.19-13.55.06:256][ 27]LogModuleManager: Shutting down and abandoning module XAudio2 (182)
[2018.12.19-13.55.06:256][ 27]LogModuleManager: Shutting down and abandoning module Networking (180)
[2018.12.19-13.55.06:256][ 27]LogModuleManager: Shutting down and abandoning module Core (178)
[2018.12.19-13.55.06:256][ 27]LogModuleManager: Shutting down and abandoning module LevelSequence (176)
[2018.12.19-13.55.06:257][ 27]LogModuleManager: Shutting down and abandoning module KismetCompiler (174)
[2018.12.19-13.55.06:257][ 27]LogModuleManager: Shutting down and abandoning module MeshUtilities (172)
[2018.12.19-13.55.06:258][ 27]LogModuleManager: Shutting down and abandoning module MeshMergeUtilities (171)
[2018.12.19-13.55.06:258][ 27]LogModuleManager: Shutting down and abandoning module MeshReductionInterface (170)
[2018.12.19-13.55.06:258][ 27]LogModuleManager: Shutting down and abandoning module SimplygonSwarm (169)
[2018.12.19-13.55.06:259][ 27]LogModuleManager: Shutting down and abandoning module SimplygonMeshReduction (167)
[2018.12.19-13.55.06:259][ 27]LogModuleManager: Shutting down and abandoning module QuadricMeshReduction (165)
[2018.12.19-13.55.06:259][ 27]LogModuleManager: Shutting down and abandoning module MaterialBaking (161)
[2018.12.19-13.55.06:259][ 27]LogModuleManager: Shutting down and abandoning module DirectoryWatcher (157)
[2018.12.19-13.55.06:263][ 27]LogModuleManager: Shutting down and abandoning module DerivedDataCache (154)
[2018.12.19-13.55.06:296][ 27]LogDerivedDataCache: Shutdown
[2018.12.19-13.55.06:297][ 27]LogModuleManager: Shutting down and abandoning module XGEController (152)
[2018.12.19-13.55.06:297][ 27]LogXGEController: Cleaning working directory: C:/Users/wzeitler/AppData/Local/Temp/UnrealXGEWorkingDir/
[2018.12.19-13.55.06:299][ 27]LogModuleManager: Shutting down and abandoning module TargetPlatform (150)
[2018.12.19-13.55.06:299][ 27]LogModuleManager: Shutting down and abandoning module VulkanShaderFormat (149)
[2018.12.19-13.55.06:300][ 27]LogModuleManager: Shutting down and abandoning module ShaderFormatVectorVM (147)
[2018.12.19-13.55.06:302][ 27]LogModuleManager: Shutting down and abandoning module ShaderFormatOpenGL (145)
[2018.12.19-13.55.06:302][ 27]LogModuleManager: Shutting down and abandoning module ShaderFormatD3D (143)
[2018.12.19-13.55.06:303][ 27]LogModuleManager: Shutting down and abandoning module MetalShaderFormat (141)
[2018.12.19-13.55.06:304][ 27]LogModuleManager: Shutting down and abandoning module TextureFormatUncompressed (139)
[2018.12.19-13.55.06:305][ 27]LogModuleManager: Shutting down and abandoning module TextureFormatPVR (137)
[2018.12.19-13.55.06:305][ 27]LogModuleManager: Shutting down and abandoning module TextureFormatDXT (135)
[2018.12.19-13.55.06:306][ 27]LogModuleManager: Shutting down and abandoning module TextureFormatIntelISPCTexComp (133)
[2018.12.19-13.55.06:312][ 27]LogModuleManager: Shutting down and abandoning module TextureFormatASTC (131)
[2018.12.19-13.55.06:312][ 27]LogModuleManager: Shutting down and abandoning module ImageWrapper (130)
[2018.12.19-13.55.06:313][ 27]LogModuleManager: Shutting down and abandoning module TextureFormatAndroid (127)
[2018.12.19-13.55.06:313][ 27]LogModuleManager: Shutting down and abandoning module AudioFormatOpus (125)
[2018.12.19-13.55.06:314][ 27]LogModuleManager: Shutting down and abandoning module AudioFormatOgg (123)
[2018.12.19-13.55.06:315][ 27]LogModuleManager: Shutting down and abandoning module AudioFormatADPCM (121)
[2018.12.19-13.55.06:316][ 27]LogModuleManager: Shutting down and abandoning module LinuxTargetPlatform (119)
[2018.12.19-13.55.06:316][ 27]LogModuleManager: Shutting down and abandoning module LinuxServerTargetPlatform (117)
[2018.12.19-13.55.06:317][ 27]LogModuleManager: Shutting down and abandoning module LinuxNoEditorTargetPlatform (115)
[2018.12.19-13.55.06:318][ 27]LogModuleManager: Shutting down and abandoning module LinuxClientTargetPlatform (113)
[2018.12.19-13.55.06:318][ 27]LogModuleManager: Shutting down and abandoning module TVOSTargetPlatform (111)
[2018.12.19-13.55.06:319][ 27]LogModuleManager: Shutting down and abandoning module Messaging (109)
[2018.12.19-13.55.06:319][ 27]LogModuleManager: Shutting down and abandoning module IOSTargetPlatform (107)
[2018.12.19-13.55.06:319][ 27]LogModuleManager: Shutting down and abandoning module HTML5TargetPlatform (105)
[2018.12.19-13.55.06:320][ 27]LogModuleManager: Shutting down and abandoning module AndroidTargetPlatform (103)
[2018.12.19-13.55.06:320][ 27]LogModuleManager: Shutting down and abandoning module Android_PVRTCTargetPlatform (101)
[2018.12.19-13.55.06:320][ 27]LogModuleManager: Shutting down and abandoning module Android_MultiTargetPlatform (99)
[2018.12.19-13.55.06:321][ 27]LogModuleManager: Shutting down and abandoning module Android_ETC2TargetPlatform (97)
[2018.12.19-13.55.06:321][ 27]LogModuleManager: Shutting down and abandoning module Android_ETC1TargetPlatform (95)
[2018.12.19-13.55.06:321][ 27]LogModuleManager: Shutting down and abandoning module Android_ETC1aTargetPlatform (93)
[2018.12.19-13.55.06:322][ 27]LogModuleManager: Shutting down and abandoning module Android_DXTTargetPlatform (91)
[2018.12.19-13.55.06:322][ 27]LogModuleManager: Shutting down and abandoning module Android_ATCTargetPlatform (89)
[2018.12.19-13.55.06:322][ 27]LogModuleManager: Shutting down and abandoning module Android_ASTCTargetPlatform (87)
[2018.12.19-13.55.06:323][ 27]LogModuleManager: Shutting down and abandoning module WindowsTargetPlatform (85)
[2018.12.19-13.55.06:324][ 27]LogModuleManager: Shutting down and abandoning module WindowsServerTargetPlatform (83)
[2018.12.19-13.55.06:324][ 27]LogModuleManager: Shutting down and abandoning module WindowsNoEditorTargetPlatform (81)
[2018.12.19-13.55.06:326][ 27]LogModuleManager: Shutting down and abandoning module WindowsClientTargetPlatform (79)
[2018.12.19-13.55.06:326][ 27]LogModuleManager: Shutting down and abandoning module MacTargetPlatform (77)
[2018.12.19-13.55.06:327][ 27]LogModuleManager: Shutting down and abandoning module MacServerTargetPlatform (75)
[2018.12.19-13.55.06:328][ 27]LogModuleManager: Shutting down and abandoning module MacNoEditorTargetPlatform (73)
[2018.12.19-13.55.06:328][ 27]LogModuleManager: Shutting down and abandoning module MacClientTargetPlatform (71)
[2018.12.19-13.55.06:329][ 27]LogModuleManager: Shutting down and abandoning module AllDesktopTargetPlatform (69)
[2018.12.19-13.55.06:329][ 27]LogModuleManager: Shutting down and abandoning module InputCore (66)
[2018.12.19-13.55.06:329][ 27]LogModuleManager: Shutting down and abandoning module Settings (64)
[2018.12.19-13.55.06:330][ 27]LogModuleManager: Shutting down and abandoning module PhysXCooking (62)
[2018.12.19-13.55.06:330][ 27]LogModuleManager: Shutting down and abandoning module SteamVR (60)
[2018.12.19-13.55.06:330][ 27]LogModuleManager: Shutting down and abandoning module OculusHMD (58)
[2018.12.19-13.55.06:331][ 27]LogModuleManager: Shutting down and abandoning module ExampleDeviceProfileSelector (56)
[2018.12.19-13.55.06:331][ 27]LogModuleManager: Shutting down and abandoning module AppleARKit (54)
[2018.12.19-13.55.06:331][ 27]LogModuleManager: Shutting down and abandoning module AugmentedReality (51)
[2018.12.19-13.55.06:332][ 27]LogModuleManager: Shutting down and abandoning module OnlineBlueprintSupport (48)
[2018.12.19-13.55.06:332][ 27]LogModuleManager: Shutting down and abandoning module OnlineSubsystem (44)
[2018.12.19-13.55.06:332][ 27]LogModuleManager: Shutting down and abandoning module XMPP (43)
[2018.12.19-13.55.06:333][ 27]LogModuleManager: Shutting down and abandoning module HTTP (41)
[2018.12.19-13.55.06:334][ 27]LogHttp: Display: Http module shutting down, but needs to wait on 1 outstanding Http requests:
[2018.12.19-13.55.06:334][ 27]LogHttp: Display: 	verb=[POST] url=[https://datarouter.ol.epicgames.com/datarouter/api/v1/public/data?SessionID=%7B0AC45B0C-4808-0939-3F18-CBA9FA715363%7D&AppID=UEEditor.Rocket.Release&AppVersion=4.19.2-4033788%2B%2B%2BUE4%2BRelease-4.19&UserID=2ff6c5a540089756003881b73c6ca5d7%7C81960cdfb0dd40f9a24ad723c9fb28e5%7C0b082382-5e59-4a5c-a137-aee0840e5662&AppEnvironment=datacollector-binary&UploadType=eteventstream] status=Processing
[2018.12.19-13.55.06:360][ 27]LogModuleManager: Shutting down and abandoning module SSL (40)
[2018.12.19-13.55.06:375][ 27]LogModuleManager: Shutting down and abandoning module AnimationModifiers (36)
[2018.12.19-13.55.06:375][ 27]LogModuleManager: Shutting down and abandoning module PropertyEditor (35)
[2018.12.19-13.55.06:378][ 27]LogModuleManager: Shutting down and abandoning module AudioEditor (32)
[2018.12.19-13.55.06:380][ 27]LogModuleManager: Shutting down and abandoning module TextureCompressor (30)
[2018.12.19-13.55.06:397][ 27]LogModuleManager: Shutting down and abandoning module ShaderCore (28)
[2018.12.19-13.55.06:397][ 27]LogModuleManager: Shutting down and abandoning module Landscape (26)
[2018.12.19-13.55.06:405][ 27]LogModuleManager: Shutting down and abandoning module SlateRHIRenderer (24)
[2018.12.19-13.55.06:459][ 27]LogModuleManager: Shutting down and abandoning module OpenGLDrv (22)
[2018.12.19-13.55.06:462][ 27]LogModuleManager: Shutting down and abandoning module D3D11RHI (20)
[2018.12.19-13.55.06:462][ 27]LogModuleManager: Shutting down and abandoning module AnimGraphRuntime (18)
[2018.12.19-13.55.06:464][ 27]LogModuleManager: Shutting down and abandoning module Renderer (16)
[2018.12.19-13.55.06:465][ 27]LogModuleManager: Shutting down and abandoning module Engine (14)
[2018.12.19-13.55.06:466][ 27]LogModuleManager: Shutting down and abandoning module CoreUObject (12)
[2018.12.19-13.55.06:466][ 27]LogModuleManager: Shutting down and abandoning module NetworkFile (10)
[2018.12.19-13.55.06:468][ 27]LogModuleManager: Shutting down and abandoning module CookedIterativeFile (8)
[2018.12.19-13.55.06:471][ 27]LogModuleManager: Shutting down and abandoning module StreamingFile (6)
[2018.12.19-13.55.06:472][ 27]LogModuleManager: Shutting down and abandoning module SandboxFile (4)
[2018.12.19-13.55.06:474][ 27]LogModuleManager: Shutting down and abandoning module PakFile (2)
[2018.12.19-13.55.06:491][ 27]LogExit: Exiting.
[2018.12.19-13.55.06:520][ 27]Log file closed, 12/19/18 14:55:06
