Log file open, 12/19/18 21:53:21
LogWindows: Failed to load 'aqProf.dll' (GetLastError=126)
LogWindows: File 'aqProf.dll' does not exist
LogWindows: Failed to load 'VtuneApi.dll' (GetLastError=126)
LogWindows: File 'VtuneApi.dll' does not exist
LogWindows: Failed to load 'VtuneApi32e.dll' (GetLastError=126)
LogWindows: File 'VtuneApi32e.dll' does not exist
LogInit: Display: Running engine for game: EX5_Waldemar_Zeitler
LogPlatformFile: Not using cached read wrapper
LogInit: Display: RandInit(1480207767) SRandInit(1480207767).
LogInit: Read version file with build ID '3944462'
LogInit: Overriding engine version to CL 4033788, compatible CL 3944462
LogInit: Registered custom module enumerator with build ID '3944462'
LogTaskGraph: Started task graph with 5 named threads and 11 total threads with 3 sets of task threads.
LogStats: Stats thread started at 0.202176
LogD3D11RHI: Aftermath initialized
LogICUInternationalization: Display: ICU TimeZone Detection - Raw Offset: +1:00, Platform Override: ''
LogPluginManager: Mounting plugin Paper2D
LogPluginManager: Mounting plugin LiveLink
LogPluginManager: Mounting plugin LightPropagationVolume
LogPluginManager: Mounting plugin CLionSourceCodeAccess
LogPluginManager: Mounting plugin CodeLiteSourceCodeAccess
LogPluginManager: Mounting plugin GitSourceControl
LogPluginManager: Mounting plugin KDevelopSourceCodeAccess
LogPluginManager: Mounting plugin NullSourceCodeAccess
LogPluginManager: Mounting plugin PerforceSourceControl
LogPluginManager: Mounting plugin SubversionSourceControl
LogPluginManager: Mounting plugin UObjectPlugin
LogPluginManager: Mounting plugin VisualStudioCodeSourceCodeAccess
LogPluginManager: Mounting plugin VisualStudioSourceCodeAccess
LogPluginManager: Mounting plugin XCodeSourceCodeAccess
LogPluginManager: Mounting plugin AssetManagerEditor
LogPluginManager: Mounting plugin CryptoKeys
LogPluginManager: Mounting plugin DataValidation
LogPluginManager: Mounting plugin FacialAnimation
LogPluginManager: Mounting plugin GameplayTagsEditor
LogPluginManager: Mounting plugin MobileLauncherProfileWizard
LogPluginManager: Mounting plugin PluginBrowser
LogPluginManager: Mounting plugin SpeedTreeImporter
LogPluginManager: Mounting plugin DatasmithContent
LogPluginManager: Mounting plugin AlembicImporter
LogPluginManager: Mounting plugin CharacterAI
LogPluginManager: Mounting plugin HTML5Networking
LogPluginManager: Mounting plugin AndroidMedia
LogPluginManager: Mounting plugin AvfMedia
LogPluginManager: Mounting plugin ImgMedia
LogPluginManager: Mounting plugin LinearTimecode
LogPluginManager: Mounting plugin MediaCompositing
LogPluginManager: Mounting plugin MediaPlayerEditor
LogPluginManager: Mounting plugin WmfMedia
LogPluginManager: Mounting plugin TcpMessaging
LogPluginManager: Mounting plugin UdpMessaging
LogPluginManager: Mounting plugin ActorSequence
LogPluginManager: Mounting plugin LevelSequenceEditor
LogPluginManager: Mounting plugin MatineeToLevelSequence
LogPluginManager: Mounting plugin NetcodeUnitTest
LogPluginManager: Mounting plugin NUTUnrealEngine4
LogPluginManager: Mounting plugin OnlineSubsystemGooglePlay
LogPluginManager: Mounting plugin OnlineSubsystemIOS
LogPluginManager: Mounting plugin OnlineSubsystem
LogPluginManager: Mounting plugin OnlineSubsystemNull
LogPluginManager: Mounting plugin OnlineSubsystemUtils
LogPluginManager: Mounting plugin AndroidDeviceProfileSelector
LogPluginManager: Mounting plugin AndroidMoviePlayer
LogPluginManager: Mounting plugin AndroidPermission
LogPluginManager: Mounting plugin AppleARKit
LogPluginManager: Mounting plugin AppleMoviePlayer
LogPluginManager: Mounting plugin ArchVisCharacter
LogPluginManager: Mounting plugin AudioCapture
LogPluginManager: Mounting plugin CableComponent
LogPluginManager: Mounting plugin CustomMeshComponent
LogPluginManager: Mounting plugin ExampleDeviceProfileSelector
LogPluginManager: Mounting plugin GoogleCloudMessaging
LogPluginManager: Mounting plugin ImmediatePhysics
LogPluginManager: Mounting plugin IOSDeviceProfileSelector
LogPluginManager: Mounting plugin LinuxDeviceProfileSelector
LogPluginManager: Mounting plugin LocationServicesBPLibrary
LogPluginManager: Mounting plugin MobilePatchingUtils
LogPluginManager: Mounting plugin OculusVR
LogPluginManager: Plugin shader directory ../../../Engine/Plugins/Runtime/Oculus/OculusVR/Shaders found
LogPluginManager: Mapping shader source directory ../../../Engine/Plugins/Runtime/Oculus/OculusVR/Shaders to virtual directory /Plugin/OculusVR
LogPluginManager: Mounting plugin PhysXVehicles
LogPluginManager: Mounting plugin ProceduralMeshComponent
LogPluginManager: Mounting plugin RuntimePhysXCooking
LogPluginManager: Mounting plugin SteamVR
LogPluginManager: Mounting plugin WindowsMoviePlayer
LogStreaming: Display: Took  0.133s to configure plugins.
LogModuleManager: Display: Found up-to-date module file ../../../Engine/Plugins/2D/Paper2D/Binaries/Win64/UE4Editor-Paper2D.dll (API version 3944462).
LogModuleManager: Display: Found up-to-date module file ../../../Engine/Plugins/2D/Paper2D/Binaries/Win64/UE4Editor-Paper2DEditor.dll (API version 3944462).
LogModuleManager: Display: Found up-to-date module file ../../../Engine/Plugins/2D/Paper2D/Binaries/Win64/UE4Editor-PaperSpriteSheetImporter.dll (API version 3944462).
LogModuleManager: Display: Found up-to-date module file ../../../Engine/Plugins/2D/Paper2D/Binaries/Win64/UE4Editor-PaperTiledImporter.dll (API version 3944462).
LogModuleManager: Display: Found up-to-date module file ../../../Engine/Plugins/2D/Paper2D/Binaries/Win64/UE4Editor-SmartSnapping.dll (API version 3944462).
LogModuleManager: Display: Found up-to-date module file ../../../Engine/Plugins/Animation/LiveLink/Binaries/Win64/UE4Editor-LiveLink.dll (API version 3944462).
LogModuleManager: Display: Found up-to-date module file ../../../Engine/Plugins/Animation/LiveLink/Binaries/Win64/UE4Editor-LiveLinkEditor.dll (API version 3944462).
LogModuleManager: Display: Found up-to-date module file ../../../Engine/Plugins/Blendables/LightPropagationVolume/Binaries/Win64/UE4Editor-LightPropagationVolumeRuntime.dll (API version 3944462).
LogModuleManager: Display: Found up-to-date module file ../../../Engine/Plugins/Blendables/LightPropagationVolume/Binaries/Win64/UE4Editor-LightPropagationVolumeEditor.dll (API version 3944462).
LogModuleManager: Display: Found up-to-date module file ../../../Engine/Plugins/Developer/CLionSourceCodeAccess/Binaries/Win64/UE4Editor-CLionSourceCodeAccess.dll (API version 3944462).
LogModuleManager: Display: Found up-to-date module file ../../../Engine/Plugins/Developer/GitSourceControl/Binaries/Win64/UE4Editor-GitSourceControl.dll (API version 3944462).
LogModuleManager: Display: Found up-to-date module file ../../../Engine/Plugins/Developer/PerforceSourceControl/Binaries/Win64/UE4Editor-PerforceSourceControl.dll (API version 3944462).
LogModuleManager: Display: Found up-to-date module file ../../../Engine/Plugins/Developer/SubversionSourceControl/Binaries/Win64/UE4Editor-SubversionSourceControl.dll (API version 3944462).
LogModuleManager: Display: Found up-to-date module file ../../../Engine/Plugins/Developer/UObjectPlugin/Binaries/Win64/UE4Editor-UObjectPlugin.dll (API version 3944462).
LogModuleManager: Display: Found up-to-date module file ../../../Engine/Plugins/Developer/VisualStudioCodeSourceCodeAccess/Binaries/Win64/UE4Editor-VisualStudioCodeSourceCodeAccess.dll (API version 3944462).
LogModuleManager: Display: Found up-to-date module file ../../../Engine/Plugins/Developer/VisualStudioSourceCodeAccess/Binaries/Win64/UE4Editor-VisualStudioSourceCodeAccess.dll (API version 3944462).
LogModuleManager: Display: Found up-to-date module file ../../../Engine/Plugins/Editor/AssetManagerEditor/Binaries/Win64/UE4Editor-AssetManagerEditor.dll (API version 3944462).
LogModuleManager: Display: Found up-to-date module file ../../../Engine/Plugins/Editor/CryptoKeys/Binaries/Win64/UE4Editor-CryptoKeys.dll (API version 3944462).
LogModuleManager: Display: Found up-to-date module file ../../../Engine/Plugins/Editor/CryptoKeys/Binaries/Win64/UE4Editor-CryptoKeysOpenSSL.dll (API version 3944462).
LogModuleManager: Display: Found up-to-date module file ../../../Engine/Plugins/Editor/DataValidation/Binaries/Win64/UE4Editor-DataValidation.dll (API version 3944462).
LogModuleManager: Display: Found up-to-date module file ../../../Engine/Plugins/Editor/FacialAnimation/Binaries/Win64/UE4Editor-FacialAnimation.dll (API version 3944462).
LogModuleManager: Display: Found up-to-date module file ../../../Engine/Plugins/Editor/FacialAnimation/Binaries/Win64/UE4Editor-FacialAnimationEditor.dll (API version 3944462).
LogModuleManager: Display: Found up-to-date module file ../../../Engine/Plugins/Editor/GameplayTagsEditor/Binaries/Win64/UE4Editor-GameplayTagsEditor.dll (API version 3944462).
LogModuleManager: Display: Found up-to-date module file ../../../Engine/Plugins/Editor/MobileLauncherProfileWizard/Binaries/Win64/UE4Editor-MobileLauncherProfileWizard.dll (API version 3944462).
LogModuleManager: Display: Found up-to-date module file ../../../Engine/Plugins/Editor/PluginBrowser/Binaries/Win64/UE4Editor-PluginBrowser.dll (API version 3944462).
LogModuleManager: Display: Found up-to-date module file ../../../Engine/Plugins/Editor/SpeedTreeImporter/Binaries/Win64/UE4Editor-SpeedTreeImporter.dll (API version 3944462).
LogModuleManager: Display: Found up-to-date module file ../../../Engine/Plugins/Enterprise/DatasmithContent/Binaries/Win64/UE4Editor-DatasmithContent.dll (API version 3944462).
LogModuleManager: Display: Found up-to-date module file ../../../Engine/Plugins/Experimental/AlembicImporter/Binaries/Win64/UE4Editor-AlembicImporter.dll (API version 3944462).
LogModuleManager: Display: Found up-to-date module file ../../../Engine/Plugins/Experimental/AlembicImporter/Binaries/Win64/UE4Editor-AlembicLibrary.dll (API version 3944462).
LogModuleManager: Display: Found up-to-date module file ../../../Engine/Plugins/Experimental/CharacterAI/Binaries/Win64/UE4Editor-CharacterAI.dll (API version 3944462).
LogModuleManager: Display: Found up-to-date module file ../../../Engine/Plugins/Experimental/HTML5Networking/Binaries/Win64/UE4Editor-HTML5Networking.dll (API version 3944462).
LogModuleManager: Display: Found up-to-date module file ../../../Engine/Plugins/Media/AndroidMedia/Binaries/Win64/UE4Editor-AndroidMediaEditor.dll (API version 3944462).
LogModuleManager: Display: Found up-to-date module file ../../../Engine/Plugins/Media/AndroidMedia/Binaries/Win64/UE4Editor-AndroidMediaFactory.dll (API version 3944462).
LogModuleManager: Display: Found up-to-date module file ../../../Engine/Plugins/Media/AvfMedia/Binaries/Win64/UE4Editor-AvfMediaEditor.dll (API version 3944462).
LogModuleManager: Display: Found up-to-date module file ../../../Engine/Plugins/Media/AvfMedia/Binaries/Win64/UE4Editor-AvfMediaFactory.dll (API version 3944462).
LogModuleManager: Display: Found up-to-date module file ../../../Engine/Plugins/Media/AvfMedia/Binaries/Win64/UE4Editor-AvfMediaFactory.dll (API version 3944462).
LogModuleManager: Display: Found up-to-date module file ../../../Engine/Plugins/Media/ImgMedia/Binaries/Win64/UE4Editor-ImgMedia.dll (API version 3944462).
LogModuleManager: Display: Found up-to-date module file ../../../Engine/Plugins/Media/ImgMedia/Binaries/Win64/UE4Editor-ImgMediaEditor.dll (API version 3944462).
LogModuleManager: Display: Found up-to-date module file ../../../Engine/Plugins/Media/ImgMedia/Binaries/Win64/UE4Editor-ImgMediaFactory.dll (API version 3944462).
LogModuleManager: Display: Found up-to-date module file ../../../Engine/Plugins/Media/ImgMedia/Binaries/Win64/UE4Editor-ImgMediaFactory.dll (API version 3944462).
LogModuleManager: Display: Found up-to-date module file ../../../Engine/Plugins/Media/ImgMedia/Binaries/Win64/UE4Editor-OpenExrWrapper.dll (API version 3944462).
LogModuleManager: Display: Found up-to-date module file ../../../Engine/Plugins/Media/LinearTimecode/Binaries/Win64/UE4Editor-LinearTimecode.dll (API version 3944462).
LogModuleManager: Display: Found up-to-date module file ../../../Engine/Plugins/Media/MediaCompositing/Binaries/Win64/UE4Editor-MediaCompositing.dll (API version 3944462).
LogModuleManager: Display: Found up-to-date module file ../../../Engine/Plugins/Media/MediaCompositing/Binaries/Win64/UE4Editor-MediaCompositingEditor.dll (API version 3944462).
LogModuleManager: Display: Found up-to-date module file ../../../Engine/Plugins/Media/MediaPlayerEditor/Binaries/Win64/UE4Editor-MediaPlayerEditor.dll (API version 3944462).
LogModuleManager: Display: Found up-to-date module file ../../../Engine/Plugins/Media/WmfMedia/Binaries/Win64/UE4Editor-WmfMedia.dll (API version 3944462).
LogModuleManager: Display: Found up-to-date module file ../../../Engine/Plugins/Media/WmfMedia/Binaries/Win64/UE4Editor-WmfMediaEditor.dll (API version 3944462).
LogModuleManager: Display: Found up-to-date module file ../../../Engine/Plugins/Media/WmfMedia/Binaries/Win64/UE4Editor-WmfMediaFactory.dll (API version 3944462).
LogModuleManager: Display: Found up-to-date module file ../../../Engine/Plugins/Media/WmfMedia/Binaries/Win64/UE4Editor-WmfMediaFactory.dll (API version 3944462).
LogModuleManager: Display: Found up-to-date module file ../../../Engine/Plugins/Messaging/TcpMessaging/Binaries/Win64/UE4Editor-TcpMessaging.dll (API version 3944462).
LogModuleManager: Display: Found up-to-date module file ../../../Engine/Plugins/Messaging/UdpMessaging/Binaries/Win64/UE4Editor-UdpMessaging.dll (API version 3944462).
LogModuleManager: Display: Found up-to-date module file ../../../Engine/Plugins/MovieScene/ActorSequence/Binaries/Win64/UE4Editor-ActorSequence.dll (API version 3944462).
LogModuleManager: Display: Found up-to-date module file ../../../Engine/Plugins/MovieScene/LevelSequenceEditor/Binaries/Win64/UE4Editor-LevelSequenceEditor.dll (API version 3944462).
LogModuleManager: Display: Found up-to-date module file ../../../Engine/Plugins/MovieScene/MatineeToLevelSequence/Binaries/Win64/UE4Editor-MatineeToLevelSequence.dll (API version 3944462).
LogModuleManager: Display: Found up-to-date module file ../../../Engine/Plugins/NetcodeUnitTest/NetcodeUnitTest/Binaries/Win64/UE4Editor-NetcodeUnitTest.dll (API version 3944462).
LogModuleManager: Display: Found up-to-date module file ../../../Engine/Plugins/NetcodeUnitTest/NUTUnrealEngine4/Binaries/Win64/UE4Editor-NUTUnrealEngine4.dll (API version 3944462).
LogModuleManager: Display: Found up-to-date module file ../../../Engine/Plugins/Online/OnlineSubsystem/Binaries/Win64/UE4Editor-OnlineSubsystem.dll (API version 3944462).
LogModuleManager: Display: Found up-to-date module file ../../../Engine/Plugins/Online/OnlineSubsystemNull/Binaries/Win64/UE4Editor-OnlineSubsystemNull.dll (API version 3944462).
LogModuleManager: Display: Found up-to-date module file ../../../Engine/Plugins/Online/OnlineSubsystemUtils/Binaries/Win64/UE4Editor-OnlineSubsystemUtils.dll (API version 3944462).
LogModuleManager: Display: Found up-to-date module file ../../../Engine/Plugins/Online/OnlineSubsystemUtils/Binaries/Win64/UE4Editor-OnlineBlueprintSupport.dll (API version 3944462).
LogModuleManager: Display: Found up-to-date module file ../../../Engine/Plugins/Runtime/AndroidDeviceProfileSelector/Binaries/Win64/UE4Editor-AndroidDeviceProfileSelector.dll (API version 3944462).
LogModuleManager: Display: Found up-to-date module file ../../../Engine/Plugins/Runtime/AndroidPermission/Binaries/Win64/UE4Editor-AndroidPermission.dll (API version 3944462).
LogModuleManager: Display: Found up-to-date module file ../../../Engine/Plugins/Runtime/AppleARKit/Binaries/Win64/UE4Editor-AppleARKit.dll (API version 3944462).
LogModuleManager: Display: Found up-to-date module file ../../../Engine/Plugins/Runtime/ArchVisCharacter/Binaries/Win64/UE4Editor-ArchVisCharacter.dll (API version 3944462).
LogModuleManager: Display: Found up-to-date module file ../../../Engine/Plugins/Runtime/AudioCapture/Binaries/Win64/UE4Editor-AudioCapture.dll (API version 3944462).
LogModuleManager: Display: Found up-to-date module file ../../../Engine/Plugins/Runtime/AudioCapture/Binaries/Win64/UE4Editor-AudioCaptureEditor.dll (API version 3944462).
LogModuleManager: Display: Found up-to-date module file ../../../Engine/Plugins/Runtime/CableComponent/Binaries/Win64/UE4Editor-CableComponent.dll (API version 3944462).
LogModuleManager: Display: Found up-to-date module file ../../../Engine/Plugins/Runtime/CustomMeshComponent/Binaries/Win64/UE4Editor-CustomMeshComponent.dll (API version 3944462).
LogModuleManager: Display: Found up-to-date module file ../../../Engine/Plugins/Runtime/ExampleDeviceProfileSelector/Binaries/Win64/UE4Editor-ExampleDeviceProfileSelector.dll (API version 3944462).
LogModuleManager: Display: Found up-to-date module file ../../../Engine/Plugins/Runtime/ImmediatePhysics/Binaries/Win64/UE4Editor-ImmediatePhysics.dll (API version 3944462).
LogModuleManager: Display: Found up-to-date module file ../../../Engine/Plugins/Runtime/ImmediatePhysics/Binaries/Win64/UE4Editor-ImmediatePhysicsEditor.dll (API version 3944462).
LogModuleManager: Display: Found up-to-date module file ../../../Engine/Plugins/Runtime/LocationServicesBPLibrary/Binaries/Win64/UE4Editor-LocationServicesBPLibrary.dll (API version 3944462).
LogModuleManager: Display: Found up-to-date module file ../../../Engine/Plugins/Runtime/MobilePatchingUtils/Binaries/Win64/UE4Editor-MobilePatchingUtils.dll (API version 3944462).
LogModuleManager: Display: Found up-to-date module file ../../../Engine/Plugins/Runtime/Oculus/OculusVR/Binaries/Win64/UE4Editor-OculusHMD.dll (API version 3944462).
LogModuleManager: Display: Found up-to-date module file ../../../Engine/Plugins/Runtime/Oculus/OculusVR/Binaries/Win64/UE4Editor-OculusInput.dll (API version 3944462).
LogModuleManager: Display: Found up-to-date module file ../../../Engine/Plugins/Runtime/Oculus/OculusVR/Binaries/Win64/UE4Editor-OculusEditor.dll (API version 3944462).
LogModuleManager: Display: Found up-to-date module file ../../../Engine/Plugins/Runtime/PhysXVehicles/Binaries/Win64/UE4Editor-PhysXVehicles.dll (API version 3944462).
LogModuleManager: Display: Found up-to-date module file ../../../Engine/Plugins/Runtime/PhysXVehicles/Binaries/Win64/UE4Editor-PhysXVehiclesEditor.dll (API version 3944462).
LogModuleManager: Display: Found up-to-date module file ../../../Engine/Plugins/Runtime/ProceduralMeshComponent/Binaries/Win64/UE4Editor-ProceduralMeshComponent.dll (API version 3944462).
LogModuleManager: Display: Found up-to-date module file ../../../Engine/Plugins/Runtime/ProceduralMeshComponent/Binaries/Win64/UE4Editor-ProceduralMeshComponentEditor.dll (API version 3944462).
LogModuleManager: Display: Found up-to-date module file ../../../Engine/Plugins/Runtime/RuntimePhysXCooking/Binaries/Win64/UE4Editor-RuntimePhysXCooking.dll (API version 3944462).
LogModuleManager: Display: Found up-to-date module file ../../../Engine/Plugins/Runtime/Steam/SteamVR/Binaries/Win64/UE4Editor-SteamVR.dll (API version 3944462).
LogModuleManager: Display: Found up-to-date module file ../../../Engine/Plugins/Runtime/Steam/SteamVR/Binaries/Win64/UE4Editor-SteamVRController.dll (API version 3944462).
LogModuleManager: Display: Found up-to-date module file ../../../Engine/Plugins/Runtime/WindowsMoviePlayer/Binaries/Win64/UE4Editor-WindowsMoviePlayer.dll (API version 3944462).
LogInit: Warning: Incompatible or missing module: UE4Editor-EX5_Waldemar_Zeitler.dll
Running C:/Program Files/Epic Games/UE_4.19/Engine/Binaries/DotNET/UnrealBuildTool.exe EX5_Waldemar_Zeitler Development Win64 -project="C:/Users/wzeitler/Desktop/GameEngines/EX5_Waldemar_Zeitler/EX5_Waldemar_Zeitler.uproject" -editorrecompile -progress -NoHotReloadFromIDE
Performing full C++ include scan (building a new target)
Using 'git status' to determine working set for adaptive non-unity build.
Creating makefile for EX5_Waldemar_Zeitler (no existing makefile)
@progress push 5%
Parsing headers for EX5_Waldemar_ZeitlerEditor
  Running UnrealHeaderTool "C:\Users\wzeitler\Desktop\GameEngines\EX5_Waldemar_Zeitler\EX5_Waldemar_Zeitler.uproject" "C:\Users\wzeitler\Desktop\GameEngines\EX5_Waldemar_Zeitler\Intermediate\Build\Win64\EX5_Waldemar_ZeitlerEditor\Development\EX5_Waldemar_ZeitlerEditor.uhtmanifest" -LogCmds="loginit warning, logexit warning, logdatabase error" -Unattended -WarningsAsErrors -installed
Reflection code generated for EX5_Waldemar_ZeitlerEditor in 11,0164347 seconds
@progress pop
Distributing 20 actions to XGE
--------------------Build System Warning---------------------------------------
License is invalid:
    License information is invalid. Please try reloading your license file using the Coordinator Monitor application on the Coordinator machine, or reinstall IncrediBuild.
    This build will run in standalone mode.

-------------------------------------------------------------------------------
--------------------Project: Default-------------------------------------------
 (0:26.76 at +0:00)
SharedPCH.UnrealEd.cpp
 (0:01.20 at +0:26)
RobotFactory.cpp
 (0:00.96 at +0:28)
Robot.gen.cpp
 (0:00.64 at +0:29)
RoboConfigFactory.gen.cpp
 (0:00.82 at +0:29)
EX5_Waldemar_ZeitlerGameModeBase.gen.cpp
 (0:00.53 at +0:30)
EX5_Waldemar_Zeitler.init.gen.cpp
 (0:00.68 at +0:31)
CraneActor.gen.cpp
 (0:00.90 at +0:31)
RobotConfiguration.gen.cpp
 (0:00.51 at +0:32)
RobotConfiguration.cpp
 (0:00.70 at +0:33)
RoboConfigFactory.cpp
 (0:00.98 at +0:33)
Parser.cpp
 (0:00.57 at +0:34)
EX5_Waldemar_ZeitlerGameModeBase.cpp
 (0:00.43 at +0:35)
EX5_Waldemar_Zeitler.cpp
 (0:01.01 at +0:35)
CraneActor.cpp
 (0:01.23 at +0:36)
Robot.cpp
 (0:00.98 at +0:38)
RobotFactory.gen.cpp
PCLaunch.rc (0:00.15 at +0:39)
ModuleVersionResource.rc.inl (0:00.09 at +0:39)
UE4Editor-EX5_Waldemar_Zeitler.dll (0:00.98 at +0:39)
   Bibliothek "C:\Users\wzeitler\Desktop\GameEngines\EX5_Waldemar_Zeitler\Intermediate\Build\Win64\UE4Editor\Development\UE4Editor-EX5_Waldemar_Zeitler.suppressed.lib" und Objekt "C:\Users\wzeitler\Desktop\GameEngines\EX5_Waldemar_Zeitler\Intermediate\Build\Win64\UE4Editor\Development\UE4Editor-EX5_Waldemar_Zeitler.suppressed.exp" werden erstellt.
UE4Editor-EX5_Waldemar_Zeitler.lib (0:00.18 at +0:40)
   Bibliothek "C:\Users\wzeitler\Desktop\GameEngines\EX5_Waldemar_Zeitler\Intermediate\Build\Win64\UE4Editor\Development\UE4Editor-EX5_Waldemar_Zeitler.lib" und Objekt "C:\Users\wzeitler\Desktop\GameEngines\EX5_Waldemar_Zeitler\Intermediate\Build\Win64\UE4Editor\Development\UE4Editor-EX5_Waldemar_Zeitler.exp" werden erstellt.
---------------------- Done ----------------------
 
    Rebuild All: 1 succeeded, 0 failed, 0 skipped
 
1 build system warning(s):
   - License is invalid
 


Total build time: 92,08 seconds (XGE executor: 41,13 seconds)
LogModuleManager: Display: Found up-to-date module file ../../../../../../Users/wzeitler/Desktop/GameEngines/EX5_Waldemar_Zeitler/Binaries/Win64/UE4Editor-EX5_Waldemar_Zeitler.dll (API version 3944462).
LogModuleManager: Display: Found up-to-date module file ../../../Engine/Plugins/2D/Paper2D/Binaries/Win64/UE4Editor-Paper2D.dll (API version 3944462).
LogModuleManager: Display: Found up-to-date module file ../../../Engine/Plugins/2D/Paper2D/Binaries/Win64/UE4Editor-Paper2DEditor.dll (API version 3944462).
LogModuleManager: Display: Found up-to-date module file ../../../Engine/Plugins/2D/Paper2D/Binaries/Win64/UE4Editor-PaperSpriteSheetImporter.dll (API version 3944462).
LogModuleManager: Display: Found up-to-date module file ../../../Engine/Plugins/2D/Paper2D/Binaries/Win64/UE4Editor-PaperTiledImporter.dll (API version 3944462).
LogModuleManager: Display: Found up-to-date module file ../../../Engine/Plugins/2D/Paper2D/Binaries/Win64/UE4Editor-SmartSnapping.dll (API version 3944462).
LogModuleManager: Display: Found up-to-date module file ../../../Engine/Plugins/Animation/LiveLink/Binaries/Win64/UE4Editor-LiveLink.dll (API version 3944462).
LogModuleManager: Display: Found up-to-date module file ../../../Engine/Plugins/Animation/LiveLink/Binaries/Win64/UE4Editor-LiveLinkEditor.dll (API version 3944462).
LogModuleManager: Display: Found up-to-date module file ../../../Engine/Plugins/Blendables/LightPropagationVolume/Binaries/Win64/UE4Editor-LightPropagationVolumeRuntime.dll (API version 3944462).
LogModuleManager: Display: Found up-to-date module file ../../../Engine/Plugins/Blendables/LightPropagationVolume/Binaries/Win64/UE4Editor-LightPropagationVolumeEditor.dll (API version 3944462).
LogModuleManager: Display: Found up-to-date module file ../../../Engine/Plugins/Developer/CLionSourceCodeAccess/Binaries/Win64/UE4Editor-CLionSourceCodeAccess.dll (API version 3944462).
LogModuleManager: Display: Found up-to-date module file ../../../Engine/Plugins/Developer/GitSourceControl/Binaries/Win64/UE4Editor-GitSourceControl.dll (API version 3944462).
LogModuleManager: Display: Found up-to-date module file ../../../Engine/Plugins/Developer/PerforceSourceControl/Binaries/Win64/UE4Editor-PerforceSourceControl.dll (API version 3944462).
LogModuleManager: Display: Found up-to-date module file ../../../Engine/Plugins/Developer/SubversionSourceControl/Binaries/Win64/UE4Editor-SubversionSourceControl.dll (API version 3944462).
LogModuleManager: Display: Found up-to-date module file ../../../Engine/Plugins/Developer/UObjectPlugin/Binaries/Win64/UE4Editor-UObjectPlugin.dll (API version 3944462).
LogModuleManager: Display: Found up-to-date module file ../../../Engine/Plugins/Developer/VisualStudioCodeSourceCodeAccess/Binaries/Win64/UE4Editor-VisualStudioCodeSourceCodeAccess.dll (API version 3944462).
LogModuleManager: Display: Found up-to-date module file ../../../Engine/Plugins/Developer/VisualStudioSourceCodeAccess/Binaries/Win64/UE4Editor-VisualStudioSourceCodeAccess.dll (API version 3944462).
LogModuleManager: Display: Found up-to-date module file ../../../Engine/Plugins/Editor/AssetManagerEditor/Binaries/Win64/UE4Editor-AssetManagerEditor.dll (API version 3944462).
LogModuleManager: Display: Found up-to-date module file ../../../Engine/Plugins/Editor/CryptoKeys/Binaries/Win64/UE4Editor-CryptoKeys.dll (API version 3944462).
LogModuleManager: Display: Found up-to-date module file ../../../Engine/Plugins/Editor/CryptoKeys/Binaries/Win64/UE4Editor-CryptoKeysOpenSSL.dll (API version 3944462).
LogModuleManager: Display: Found up-to-date module file ../../../Engine/Plugins/Editor/DataValidation/Binaries/Win64/UE4Editor-DataValidation.dll (API version 3944462).
LogModuleManager: Display: Found up-to-date module file ../../../Engine/Plugins/Editor/FacialAnimation/Binaries/Win64/UE4Editor-FacialAnimation.dll (API version 3944462).
LogModuleManager: Display: Found up-to-date module file ../../../Engine/Plugins/Editor/FacialAnimation/Binaries/Win64/UE4Editor-FacialAnimationEditor.dll (API version 3944462).
LogModuleManager: Display: Found up-to-date module file ../../../Engine/Plugins/Editor/GameplayTagsEditor/Binaries/Win64/UE4Editor-GameplayTagsEditor.dll (API version 3944462).
LogModuleManager: Display: Found up-to-date module file ../../../Engine/Plugins/Editor/MobileLauncherProfileWizard/Binaries/Win64/UE4Editor-MobileLauncherProfileWizard.dll (API version 3944462).
LogModuleManager: Display: Found up-to-date module file ../../../Engine/Plugins/Editor/PluginBrowser/Binaries/Win64/UE4Editor-PluginBrowser.dll (API version 3944462).
LogModuleManager: Display: Found up-to-date module file ../../../Engine/Plugins/Editor/SpeedTreeImporter/Binaries/Win64/UE4Editor-SpeedTreeImporter.dll (API version 3944462).
LogModuleManager: Display: Found up-to-date module file ../../../Engine/Plugins/Enterprise/DatasmithContent/Binaries/Win64/UE4Editor-DatasmithContent.dll (API version 3944462).
LogModuleManager: Display: Found up-to-date module file ../../../Engine/Plugins/Experimental/AlembicImporter/Binaries/Win64/UE4Editor-AlembicImporter.dll (API version 3944462).
LogModuleManager: Display: Found up-to-date module file ../../../Engine/Plugins/Experimental/AlembicImporter/Binaries/Win64/UE4Editor-AlembicLibrary.dll (API version 3944462).
LogModuleManager: Display: Found up-to-date module file ../../../Engine/Plugins/Experimental/CharacterAI/Binaries/Win64/UE4Editor-CharacterAI.dll (API version 3944462).
LogModuleManager: Display: Found up-to-date module file ../../../Engine/Plugins/Experimental/HTML5Networking/Binaries/Win64/UE4Editor-HTML5Networking.dll (API version 3944462).
LogModuleManager: Display: Found up-to-date module file ../../../Engine/Plugins/Media/AndroidMedia/Binaries/Win64/UE4Editor-AndroidMediaEditor.dll (API version 3944462).
LogModuleManager: Display: Found up-to-date module file ../../../Engine/Plugins/Media/AndroidMedia/Binaries/Win64/UE4Editor-AndroidMediaFactory.dll (API version 3944462).
LogModuleManager: Display: Found up-to-date module file ../../../Engine/Plugins/Media/AvfMedia/Binaries/Win64/UE4Editor-AvfMediaEditor.dll (API version 3944462).
LogModuleManager: Display: Found up-to-date module file ../../../Engine/Plugins/Media/AvfMedia/Binaries/Win64/UE4Editor-AvfMediaFactory.dll (API version 3944462).
LogModuleManager: Display: Found up-to-date module file ../../../Engine/Plugins/Media/AvfMedia/Binaries/Win64/UE4Editor-AvfMediaFactory.dll (API version 3944462).
LogModuleManager: Display: Found up-to-date module file ../../../Engine/Plugins/Media/ImgMedia/Binaries/Win64/UE4Editor-ImgMedia.dll (API version 3944462).
LogModuleManager: Display: Found up-to-date module file ../../../Engine/Plugins/Media/ImgMedia/Binaries/Win64/UE4Editor-ImgMediaEditor.dll (API version 3944462).
LogModuleManager: Display: Found up-to-date module file ../../../Engine/Plugins/Media/ImgMedia/Binaries/Win64/UE4Editor-ImgMediaFactory.dll (API version 3944462).
LogModuleManager: Display: Found up-to-date module file ../../../Engine/Plugins/Media/ImgMedia/Binaries/Win64/UE4Editor-ImgMediaFactory.dll (API version 3944462).
LogModuleManager: Display: Found up-to-date module file ../../../Engine/Plugins/Media/ImgMedia/Binaries/Win64/UE4Editor-OpenExrWrapper.dll (API version 3944462).
LogModuleManager: Display: Found up-to-date module file ../../../Engine/Plugins/Media/LinearTimecode/Binaries/Win64/UE4Editor-LinearTimecode.dll (API version 3944462).
LogModuleManager: Display: Found up-to-date module file ../../../Engine/Plugins/Media/MediaCompositing/Binaries/Win64/UE4Editor-MediaCompositing.dll (API version 3944462).
LogModuleManager: Display: Found up-to-date module file ../../../Engine/Plugins/Media/MediaCompositing/Binaries/Win64/UE4Editor-MediaCompositingEditor.dll (API version 3944462).
LogModuleManager: Display: Found up-to-date module file ../../../Engine/Plugins/Media/MediaPlayerEditor/Binaries/Win64/UE4Editor-MediaPlayerEditor.dll (API version 3944462).
LogModuleManager: Display: Found up-to-date module file ../../../Engine/Plugins/Media/WmfMedia/Binaries/Win64/UE4Editor-WmfMedia.dll (API version 3944462).
LogModuleManager: Display: Found up-to-date module file ../../../Engine/Plugins/Media/WmfMedia/Binaries/Win64/UE4Editor-WmfMediaEditor.dll (API version 3944462).
LogModuleManager: Display: Found up-to-date module file ../../../Engine/Plugins/Media/WmfMedia/Binaries/Win64/UE4Editor-WmfMediaFactory.dll (API version 3944462).
LogModuleManager: Display: Found up-to-date module file ../../../Engine/Plugins/Media/WmfMedia/Binaries/Win64/UE4Editor-WmfMediaFactory.dll (API version 3944462).
LogModuleManager: Display: Found up-to-date module file ../../../Engine/Plugins/Messaging/TcpMessaging/Binaries/Win64/UE4Editor-TcpMessaging.dll (API version 3944462).
LogModuleManager: Display: Found up-to-date module file ../../../Engine/Plugins/Messaging/UdpMessaging/Binaries/Win64/UE4Editor-UdpMessaging.dll (API version 3944462).
LogModuleManager: Display: Found up-to-date module file ../../../Engine/Plugins/MovieScene/ActorSequence/Binaries/Win64/UE4Editor-ActorSequence.dll (API version 3944462).
LogModuleManager: Display: Found up-to-date module file ../../../Engine/Plugins/MovieScene/LevelSequenceEditor/Binaries/Win64/UE4Editor-LevelSequenceEditor.dll (API version 3944462).
LogModuleManager: Display: Found up-to-date module file ../../../Engine/Plugins/MovieScene/MatineeToLevelSequence/Binaries/Win64/UE4Editor-MatineeToLevelSequence.dll (API version 3944462).
LogModuleManager: Display: Found up-to-date module file ../../../Engine/Plugins/NetcodeUnitTest/NetcodeUnitTest/Binaries/Win64/UE4Editor-NetcodeUnitTest.dll (API version 3944462).
LogModuleManager: Display: Found up-to-date module file ../../../Engine/Plugins/NetcodeUnitTest/NUTUnrealEngine4/Binaries/Win64/UE4Editor-NUTUnrealEngine4.dll (API version 3944462).
LogModuleManager: Display: Found up-to-date module file ../../../Engine/Plugins/Online/OnlineSubsystem/Binaries/Win64/UE4Editor-OnlineSubsystem.dll (API version 3944462).
LogModuleManager: Display: Found up-to-date module file ../../../Engine/Plugins/Online/OnlineSubsystemNull/Binaries/Win64/UE4Editor-OnlineSubsystemNull.dll (API version 3944462).
LogModuleManager: Display: Found up-to-date module file ../../../Engine/Plugins/Online/OnlineSubsystemUtils/Binaries/Win64/UE4Editor-OnlineSubsystemUtils.dll (API version 3944462).
LogModuleManager: Display: Found up-to-date module file ../../../Engine/Plugins/Online/OnlineSubsystemUtils/Binaries/Win64/UE4Editor-OnlineBlueprintSupport.dll (API version 3944462).
LogModuleManager: Display: Found up-to-date module file ../../../Engine/Plugins/Runtime/AndroidDeviceProfileSelector/Binaries/Win64/UE4Editor-AndroidDeviceProfileSelector.dll (API version 3944462).
LogModuleManager: Display: Found up-to-date module file ../../../Engine/Plugins/Runtime/AndroidPermission/Binaries/Win64/UE4Editor-AndroidPermission.dll (API version 3944462).
LogModuleManager: Display: Found up-to-date module file ../../../Engine/Plugins/Runtime/AppleARKit/Binaries/Win64/UE4Editor-AppleARKit.dll (API version 3944462).
LogModuleManager: Display: Found up-to-date module file ../../../Engine/Plugins/Runtime/ArchVisCharacter/Binaries/Win64/UE4Editor-ArchVisCharacter.dll (API version 3944462).
LogModuleManager: Display: Found up-to-date module file ../../../Engine/Plugins/Runtime/AudioCapture/Binaries/Win64/UE4Editor-AudioCapture.dll (API version 3944462).
LogModuleManager: Display: Found up-to-date module file ../../../Engine/Plugins/Runtime/AudioCapture/Binaries/Win64/UE4Editor-AudioCaptureEditor.dll (API version 3944462).
LogModuleManager: Display: Found up-to-date module file ../../../Engine/Plugins/Runtime/CableComponent/Binaries/Win64/UE4Editor-CableComponent.dll (API version 3944462).
LogModuleManager: Display: Found up-to-date module file ../../../Engine/Plugins/Runtime/CustomMeshComponent/Binaries/Win64/UE4Editor-CustomMeshComponent.dll (API version 3944462).
LogModuleManager: Display: Found up-to-date module file ../../../Engine/Plugins/Runtime/ExampleDeviceProfileSelector/Binaries/Win64/UE4Editor-ExampleDeviceProfileSelector.dll (API version 3944462).
LogModuleManager: Display: Found up-to-date module file ../../../Engine/Plugins/Runtime/ImmediatePhysics/Binaries/Win64/UE4Editor-ImmediatePhysics.dll (API version 3944462).
LogModuleManager: Display: Found up-to-date module file ../../../Engine/Plugins/Runtime/ImmediatePhysics/Binaries/Win64/UE4Editor-ImmediatePhysicsEditor.dll (API version 3944462).
LogModuleManager: Display: Found up-to-date module file ../../../Engine/Plugins/Runtime/LocationServicesBPLibrary/Binaries/Win64/UE4Editor-LocationServicesBPLibrary.dll (API version 3944462).
LogModuleManager: Display: Found up-to-date module file ../../../Engine/Plugins/Runtime/MobilePatchingUtils/Binaries/Win64/UE4Editor-MobilePatchingUtils.dll (API version 3944462).
LogModuleManager: Display: Found up-to-date module file ../../../Engine/Plugins/Runtime/Oculus/OculusVR/Binaries/Win64/UE4Editor-OculusHMD.dll (API version 3944462).
LogModuleManager: Display: Found up-to-date module file ../../../Engine/Plugins/Runtime/Oculus/OculusVR/Binaries/Win64/UE4Editor-OculusInput.dll (API version 3944462).
LogModuleManager: Display: Found up-to-date module file ../../../Engine/Plugins/Runtime/Oculus/OculusVR/Binaries/Win64/UE4Editor-OculusEditor.dll (API version 3944462).
LogModuleManager: Display: Found up-to-date module file ../../../Engine/Plugins/Runtime/PhysXVehicles/Binaries/Win64/UE4Editor-PhysXVehicles.dll (API version 3944462).
LogModuleManager: Display: Found up-to-date module file ../../../Engine/Plugins/Runtime/PhysXVehicles/Binaries/Win64/UE4Editor-PhysXVehiclesEditor.dll (API version 3944462).
LogModuleManager: Display: Found up-to-date module file ../../../Engine/Plugins/Runtime/ProceduralMeshComponent/Binaries/Win64/UE4Editor-ProceduralMeshComponent.dll (API version 3944462).
LogModuleManager: Display: Found up-to-date module file ../../../Engine/Plugins/Runtime/ProceduralMeshComponent/Binaries/Win64/UE4Editor-ProceduralMeshComponentEditor.dll (API version 3944462).
LogModuleManager: Display: Found up-to-date module file ../../../Engine/Plugins/Runtime/RuntimePhysXCooking/Binaries/Win64/UE4Editor-RuntimePhysXCooking.dll (API version 3944462).
LogModuleManager: Display: Found up-to-date module file ../../../Engine/Plugins/Runtime/Steam/SteamVR/Binaries/Win64/UE4Editor-SteamVR.dll (API version 3944462).
LogModuleManager: Display: Found up-to-date module file ../../../Engine/Plugins/Runtime/Steam/SteamVR/Binaries/Win64/UE4Editor-SteamVRController.dll (API version 3944462).
LogModuleManager: Display: Found up-to-date module file ../../../Engine/Plugins/Runtime/WindowsMoviePlayer/Binaries/Win64/UE4Editor-WindowsMoviePlayer.dll (API version 3944462).
LogInit: Using libcurl 7.47.1
LogInit:  - built for x86_64-pc-win32
LogInit:  - supports SSL with OpenSSL/1.0.2g
LogInit:  - supports HTTP deflate (compression) using libz 1.2.8
LogInit:  - other features:
LogInit:      CURL_VERSION_SSL
LogInit:      CURL_VERSION_LIBZ
LogInit:      CURL_VERSION_IPV6
LogInit:      CURL_VERSION_ASYNCHDNS
LogInit:      CURL_VERSION_LARGEFILE
LogInit:      CURL_VERSION_IDN
LogInit:  CurlRequestOptions (configurable via config and command line):
LogInit:  - bVerifyPeer = false  - Libcurl will NOT verify peer certificate
LogInit:  - bUseHttpProxy = false  - Libcurl will NOT use HTTP proxy
LogInit:  - bDontReuseConnections = false  - Libcurl will reuse connections
LogInit:  - CertBundlePath = nullptr  - Libcurl will use whatever was configured at build time.
LogInit:  - MaxHostConnections = 16  - Libcurl will limit the number of connections to a host
LogInit:  - LocalHostAddr = Default
LogInit: WinSock: version 1.1 (2.2), MaxSocks=32767, MaxUdp=65467
LogInit: WinSock: I am DESKTOP-81T1O89 (192.168.0.40:0)
LogInit: Build: ++UE4+Release-4.19-CL-4033788
LogInit: Engine Version: 4.19.2-4033788+++UE4+Release-4.19
LogInit: Compatible Engine Version: 4.19.0-3944462+++UE4+Release-4.19
LogInit: Net CL: 3944462
LogDevObjectVersion: Number of dev versions registered: 18
LogDevObjectVersion:   Dev-Blueprints (B0D832E4-1F89-4F0D-ACCF-7EB736FD4AA2): 10
LogDevObjectVersion:   Dev-Build (E1C64328-A22C-4D53-A36C-8E866417BD8C): 0
LogDevObjectVersion:   Dev-Core (375EC13C-06E4-48FB-B500-84F0262A717E): 2
LogDevObjectVersion:   Dev-Editor (E4B068ED-F494-42E9-A231-DA0B2E46BB41): 23
LogDevObjectVersion:   Dev-Framework (CFFC743F-43B0-4480-9391-14DF171D2073): 33
LogDevObjectVersion:   Dev-Mobile (B02B49B5-BB20-44E9-A304-32B752E40360): 2
LogDevObjectVersion:   Dev-Networking (A4E4105C-59A1-49B5-A7C5-40C4547EDFEE): 0
LogDevObjectVersion:   Dev-Online (39C831C9-5AE6-47DC-9A44-9C173E1C8E7C): 0
LogDevObjectVersion:   Dev-Physics (78F01B33-EBEA-4F98-B9B4-84EACCB95AA2): 0
LogDevObjectVersion:   Dev-Platform (6631380F-2D4D-43E0-8009-CF276956A95A): 0
LogDevObjectVersion:   Dev-Rendering (12F88B9F-8875-4AFC-A67C-D90C383ABD29): 25
LogDevObjectVersion:   Dev-Sequencer (7B5AE74C-D270-4C10-A958-57980B212A5A): 6
LogDevObjectVersion:   Dev-VR (D7296918-1DD6-4BDD-9DE2-64A83CC13884): 1
LogDevObjectVersion:   Dev-LoadTimes (C2A15278-BFE7-4AFE-6C17-90FF531DF755): 1
LogDevObjectVersion:   Private-Geometry (6EACA3D4-40EC-4CC1-B786-8BED09428FC5): 2
LogDevObjectVersion:   Dev-AnimPhys (29E575DD-E0A3-4627-9D10-D276232CDCEA): 16
LogDevObjectVersion:   Dev-ReflectionCapture (6B266CEC-1EC7-4B8F-A30B-E4D90942FC07): 1
LogDevObjectVersion:   Dev-Automation (0DF73D61-A23F-47EA-B727-89E90C41499A): 1
LogInit: Compiled (64-bit): Apr 27 2018 02:06:57
LogInit: Compiled with Visual C++: 19.00.24215.01
LogInit: Build Configuration: Development
LogInit: Branch Name: ++UE4+Release-4.19
LogInit: Command Line:  
LogInit: Base Directory: C:/Program Files/Epic Games/UE_4.19/Engine/Binaries/Win64/
LogInit: Installed Engine Build: 1
LogStreaming: Display: Took  0.005s to delete old logs.
LogInit: Presizing for max 8388607 objects, including 0 objects not considered by GC, pre-allocating 0 bytes for permanent pool.
LogInit: Object subsystem initialized
[2018.12.19-20.55.02:067][  0]LogInit: Selected Device Profile: [Windows]
[2018.12.19-20.55.02:067][  0]LogInit: Applying CVar settings loaded from the selected device profile: [Windows]
[2018.12.19-20.55.02:082][  0]LogInit: Computer: DESKTOP-81T1O89
[2018.12.19-20.55.02:082][  0]LogInit: User: wzeitler
[2018.12.19-20.55.02:082][  0]LogInit: CPU Page size=4096, Cores=2
[2018.12.19-20.55.02:082][  0]LogInit: High frequency timer resolution =2.343753 MHz
[2018.12.19-20.55.02:082][  0]LogMemory: Memory total: Physical=15.9GB (16GB approx)
[2018.12.19-20.55.02:082][  0]LogMemory: Platform Memory Stats for Windows
[2018.12.19-20.55.02:082][  0]LogMemory: Process Physical Memory: 277.70 MB used, 277.70 MB peak
[2018.12.19-20.55.02:082][  0]LogMemory: Process Virtual Memory: 264.50 MB used, 264.50 MB peak
[2018.12.19-20.55.02:082][  0]LogMemory: Physical Memory: 5401.67 MB used,  10865.90 MB free, 16267.57 MB total
[2018.12.19-20.55.02:082][  0]LogMemory: Virtual Memory: 4832.02 MB used,  10865.90 MB free, 134217728.00 MB total
[2018.12.19-20.55.02:371][  0]LogInit: Using OS detected language (de-DE).
[2018.12.19-20.55.02:371][  0]LogInit: Using OS detected locale (de-DE).
[2018.12.19-20.55.02:402][  0]LogTextLocalizationManager: No localization for 'de-DE' exists, so 'en' will be used for the language.
[2018.12.19-20.55.02:924][  0]LogStreaming: Display: Took  0.553s to EndInitTextLocalization.
[2018.12.19-20.55.02:924][  0]LogInit: Setting process to per monitor DPI aware
[2018.12.19-20.55.03:076][  0]LogSlate: New Slate User Created.  User Index 0, Is Virtual User: 0
[2018.12.19-20.55.03:076][  0]LogSlate: Slate User Registered.  User Index 0, Is Virtual User: 0
[2018.12.19-20.55.04:793][  0]LogD3D11RHI: D3D11 adapters:
[2018.12.19-20.55.04:966][  0]LogD3D11RHI:    0. 'Intel(R) HD Graphics 520' (Feature Level 11_0)
[2018.12.19-20.55.04:966][  0]LogD3D11RHI:       128/0/8133 MB DedicatedVideo/DedicatedSystem/SharedSystem, Outputs:1, VendorId:0x8086
[2018.12.19-20.55.04:995][  0]LogD3D11RHI:    1. 'Microsoft Basic Render Driver' (Feature Level 11_0)
[2018.12.19-20.55.04:995][  0]LogD3D11RHI:       0/0/8133 MB DedicatedVideo/DedicatedSystem/SharedSystem, Outputs:0, VendorId:0x1414
[2018.12.19-20.55.04:995][  0]LogD3D11RHI: Chosen D3D11 Adapter: 0
[2018.12.19-20.55.05:001][  0]LogD3D11RHI: Creating new Direct3DDevice
[2018.12.19-20.55.05:001][  0]LogD3D11RHI:     GPU DeviceId: 0x1916 (for the marketing name, search the web for "GPU Device Id")
[2018.12.19-20.55.05:001][  0]LogWindows: EnumDisplayDevices:
[2018.12.19-20.55.05:001][  0]LogWindows:    0. 'Intel(R) HD Graphics 520' (P:1 D:1)
[2018.12.19-20.55.05:001][  0]LogWindows:    1. 'Intel(R) HD Graphics 520' (P:0 D:0)
[2018.12.19-20.55.05:001][  0]LogWindows:    2. 'Intel(R) HD Graphics 520' (P:0 D:0)
[2018.12.19-20.55.05:001][  0]LogWindows: DebugString: GetVideoDriverDetailsInvalid PrimaryIsNotTheChoosenAdapter GetVideoDriverDetailsInvalid PrimaryIsNotTheChoosenAdapter GetVideoDriverDetailsInvalid PrimaryIsNotTheChoosenAdapter FoundDriverCount:0 
[2018.12.19-20.55.05:001][  0]LogD3D11RHI:     Adapter Name: Intel(R) HD Graphics 520
[2018.12.19-20.55.05:001][  0]LogD3D11RHI:   Driver Version: Unknown (internal:Unknown, unified:Unknown)
[2018.12.19-20.55.05:001][  0]LogD3D11RHI:      Driver Date: Unknown
[2018.12.19-20.55.05:001][  0]LogRHI: Texture pool is 1523 MB (70% of 2176 MB)
[2018.12.19-20.55.05:010][  0]LogD3D11RHI: Async texture creation enabled
[2018.12.19-20.55.05:030][  0]LogD3D11RHI: GPU Timing Frequency: 12.000000 (Debug: 2 0)
[2018.12.19-20.55.05:030][  0]LogShaderCompilers: Guid format shader working directory is -24 characters bigger than the processId version (../../../../../../Users/wzeitler/Desktop/GameEngines/EX5_Waldemar_Zeitler/Intermediate/Shaders/WorkingDirectory/7900/).
[2018.12.19-20.55.05:031][  0]LogShaderCompilers: Cleaned the shader compiler working directory 'C:/Users/wzeitler/AppData/Local/Temp/UnrealShaderWorkingDir/954C19C740E6A103F48DB785E8611F01/'.
[2018.12.19-20.55.05:554][  0]LogTemp: Display: Loaded TP AllDesktopTargetPlatform
[2018.12.19-20.55.05:571][  0]LogTemp: Display: Loaded TP MacClientTargetPlatform
[2018.12.19-20.55.05:587][  0]LogTemp: Display: Loaded TP MacNoEditorTargetPlatform
[2018.12.19-20.55.05:603][  0]LogTemp: Display: Loaded TP MacServerTargetPlatform
[2018.12.19-20.55.05:624][  0]LogTemp: Display: Loaded TP MacTargetPlatform
[2018.12.19-20.55.05:640][  0]LogTemp: Display: Loaded TP WindowsClientTargetPlatform
[2018.12.19-20.55.05:657][  0]LogTemp: Display: Loaded TP WindowsNoEditorTargetPlatform
[2018.12.19-20.55.05:672][  0]LogTemp: Display: Loaded TP WindowsServerTargetPlatform
[2018.12.19-20.55.05:681][  0]LogTemp: Display: Loaded TP WindowsTargetPlatform
[2018.12.19-20.55.05:695][  0]LogTemp: Display: Loaded TP Android_ASTCTargetPlatform
[2018.12.19-20.55.05:711][  0]LogTemp: Display: Loaded TP Android_ATCTargetPlatform
[2018.12.19-20.55.05:728][  0]LogTemp: Display: Loaded TP Android_DXTTargetPlatform
[2018.12.19-20.55.05:743][  0]LogTemp: Display: Loaded TP Android_ETC1aTargetPlatform
[2018.12.19-20.55.05:763][  0]LogTemp: Display: Loaded TP Android_ETC1TargetPlatform
[2018.12.19-20.55.05:779][  0]LogTemp: Display: Loaded TP Android_ETC2TargetPlatform
[2018.12.19-20.55.05:809][  0]LogTemp: Display: Loaded TP Android_MultiTargetPlatform
[2018.12.19-20.55.05:809][  0]LogTemp: Display: Loaded TP Android_PVRTCTargetPlatform
[2018.12.19-20.55.05:827][  0]LogTemp: Display: Loaded TP AndroidTargetPlatform
[2018.12.19-20.55.05:829][  0]LogTemp: Display: Loaded TP HTML5TargetPlatform
[2018.12.19-20.55.05:897][  0]LogTemp: Display: Loaded TP IOSTargetPlatform
[2018.12.19-20.55.05:912][  0]LogTemp: Display: Loaded TP TVOSTargetPlatform
[2018.12.19-20.55.05:927][  0]LogTemp: Display: Loaded TP LinuxClientTargetPlatform
[2018.12.19-20.55.05:942][  0]LogTemp: Display: Loaded TP LinuxNoEditorTargetPlatform
[2018.12.19-20.55.05:958][  0]LogTemp: Display: Loaded TP LinuxServerTargetPlatform
[2018.12.19-20.55.05:977][  0]LogTemp: Display: Loaded TP LinuxTargetPlatform
[2018.12.19-20.55.05:977][  0]LogTargetPlatformManager: Display: Building Assets For Windows
[2018.12.19-20.55.06:476][  0]LogXGEController: Cleaning working directory: C:/Users/wzeitler/AppData/Local/Temp/UnrealXGEWorkingDir/
[2018.12.19-20.55.06:477][  0]LogXGEController: Cannot use XGE Controller as Incredibuild is not installed on this machine.
[2018.12.19-20.55.06:477][  0]LogShaderCompilers: Cannot use XGE Shader Compiler as Incredibuild is not installed on this machine.
[2018.12.19-20.55.06:477][  0]LogShaderCompilers: Display: Using Local Shader Compiler.
[2018.12.19-20.55.08:430][  0]LogDerivedDataCache: Display: Max Cache Size: 512 MB
[2018.12.19-20.55.08:502][  0]LogDerivedDataCache: Loaded boot cache 0.07s 74MB C:/Users/wzeitler/AppData/Local/UnrealEngine/4.19/DerivedDataCache/Boot.ddc.
[2018.12.19-20.55.08:502][  0]LogDerivedDataCache: Display: Loaded Boot cache: C:/Users/wzeitler/AppData/Local/UnrealEngine/4.19/DerivedDataCache/Boot.ddc
[2018.12.19-20.55.08:502][  0]LogDerivedDataCache: FDerivedDataBackendGraph:  Pak pak cache file ../../../../../../Users/wzeitler/Desktop/GameEngines/EX5_Waldemar_Zeitler/DerivedDataCache/DDC.ddp not found, will not use a pak cache.
[2018.12.19-20.55.08:502][  0]LogDerivedDataCache: Unable to find inner node Pak for hierarchical cache Hierarchy.
[2018.12.19-20.55.08:502][  0]LogDerivedDataCache: FDerivedDataBackendGraph:  CompressedPak pak cache file ../../../../../../Users/wzeitler/Desktop/GameEngines/EX5_Waldemar_Zeitler/DerivedDataCache/Compressed.ddp not found, will not use a pak cache.
[2018.12.19-20.55.08:503][  0]LogDerivedDataCache: Unable to find inner node CompressedPak for hierarchical cache Hierarchy.
[2018.12.19-20.55.08:524][  0]LogDerivedDataCache: Display: Pak cache opened for reading ../../../Engine/DerivedDataCache/Compressed.ddp.
[2018.12.19-20.55.08:537][  0]LogDerivedDataCache: Using Local data cache path C:/Users/wzeitler/AppData/Local/UnrealEngine/Common/DerivedDataCache: Writable
[2018.12.19-20.55.08:537][  0]LogDerivedDataCache: Shared data cache path not found in *engine.ini, will not use an Shared cache.
[2018.12.19-20.55.08:537][  0]LogDerivedDataCache: Unable to find inner node Shared for hierarchical cache Hierarchy.
[2018.12.19-20.55.08:550][  0]LogMaterial: Verifying Global Shaders for PCD3D_SM5
[2018.12.19-20.55.08:550][  0]LogSlate: Using Freetype 2.6.0
[2018.12.19-20.55.08:556][  0]LogSlate: SlateFontCache - WITH_FREETYPE: 1, WITH_HARFBUZZ: 1
[2018.12.19-20.55.08:556][  0]LogSlate: SlateFontCache - WITH_FREETYPE: 1, WITH_HARFBUZZ: 1
[2018.12.19-20.55.12:184][  0]LogAssetRegistry: FAssetRegistry took 0.0274 seconds to start up
[2018.12.19-20.55.12:628][  0]LogInit: Selected Device Profile: [Windows]
[2018.12.19-20.55.12:907][  0]LogSimplygon: Simplygon DLL not present - disabling.
[2018.12.19-20.55.12:910][  0]LogMeshReduction: Using SimplygonSwarm for distributed automatic mesh merging
[2018.12.19-20.55.12:911][  0]LogMeshReduction: Using QuadricMeshReduction for automatic static mesh reduction
[2018.12.19-20.55.12:911][  0]LogMeshReduction: No automatic skeletal mesh reduction module available
[2018.12.19-20.55.12:911][  0]LogMeshReduction: No automatic mesh merging module available
[2018.12.19-20.55.12:911][  0]LogMeshMerging: No automatic mesh merging module available
[2018.12.19-20.55.12:966][  0]LogNetVersion: EX5_Waldemar_Zeitler , NetCL: 3944462, EngineNetVer: 2, GameNetVer: 0 (Checksum: 1683245723)
[2018.12.19-20.55.13:718][  0]LogPackageLocalizationCache: Processed 9 localized package path(s) for 1 prioritized culture(s) in 0.041890 seconds
[2018.12.19-20.55.13:725][  0]LogUObjectArray: 36728 objects as part of root set at end of initial load.
[2018.12.19-20.55.13:725][  0]LogUObjectAllocator: 7314312 out of 0 bytes used by permanent object pool.
[2018.12.19-20.55.13:725][  0]LogUObjectArray: CloseDisregardForGC: 0/0 objects in disregard for GC pool
[2018.12.19-20.55.22:391][  0]LogTcpMessaging: Initializing TcpMessaging bridge
[2018.12.19-20.55.22:420][  0]LogUdpMessaging: Initializing bridge on interface 0.0.0.0:0 to multicast group 230.0.0.1:6666.
[2018.12.19-20.55.22:931][  0]SourceControl: Source control is disabled
[2018.12.19-20.55.22:931][  0]SourceControl: Source control is disabled
[2018.12.19-20.55.22:949][  0]SourceControl: Source control is disabled
[2018.12.19-20.55.22:967][  0]SourceControl: Source control is disabled
[2018.12.19-20.55.23:567][  0]LogAndroidPermission: UAndroidPermissionCallbackProxy::GetInstance
[2018.12.19-20.55.23:794][  0]LogOcInput: OculusInput pre-init called
[2018.12.19-20.55.23:923][  0]LogEngine: Initializing Engine...
[2018.12.19-20.55.23:925][  0]LogHMD: Failed to initialize OpenVR with code 110
[2018.12.19-20.55.23:926][  0]LogStats: UGameplayTagsManager::ConstructGameplayTagTree: Construct from data asset -  0.000 s
[2018.12.19-20.55.23:926][  0]LogStats: UGameplayTagsManager::ConstructGameplayTagTree: GameplayTagTreeChangedEvent.Broadcast -  0.000 s
[2018.12.19-20.55.24:205][  0]LogAIModule: Creating AISystem for world Untitled
[2018.12.19-20.55.24:275][  0]LogInit: XAudio2 using 'Lautsprecher/Kopfhörer (Realtek High Definition Audio)' : 2 channels at 48 kHz using 32 bits per sample (channel mask 0x3)
[2018.12.19-20.55.24:546][  0]LogInit: FAudioDevice initialized.
[2018.12.19-20.55.24:645][  0]LogDerivedDataCache: Saved boot cache 0.10s 74MB C:/Users/wzeitler/AppData/Local/UnrealEngine/4.19/DerivedDataCache/Boot.ddc.
[2018.12.19-20.55.24:658][  0]LogInit: Texture streaming: Enabled
[2018.12.19-20.55.24:678][  0]LogEngineSessionManager: EngineSessionManager initialized
[2018.12.19-20.55.24:693][  0]LogInit: Transaction tracking system initialized
[2018.12.19-20.55.24:722][  0]BlueprintLog: New page: Editor Load
[2018.12.19-20.55.24:814][  0]LocalizationService: Localization service is disabled
[2018.12.19-20.55.24:943][  0]LogConsoleResponse: Display: 
[2018.12.19-20.55.25:146][  0]LogCook: Display: Max memory allowance for cook 16384mb min free memory 0mb
[2018.12.19-20.55.25:146][  0]LogFileCache: Scanning file cache for directory 'C:/Users/wzeitler/Desktop/GameEngines/EX5_Waldemar_Zeitler/Content/' took 0.01s
[2018.12.19-20.55.25:146][  0]LogCook: Display: Mobile HDR setting 1
[2018.12.19-20.55.25:146][  0]LogGameplayTags: Display: UGameplayTagsManager::DoneAddingNativeTags. DelegateIsBound: 0
[2018.12.19-20.55.25:146][  0]LogStats: UGameplayTagsManager::ConstructGameplayTagTree: Construct from data asset -  0.000 s
[2018.12.19-20.55.25:146][  0]LogStats: UGameplayTagsManager::ConstructGameplayTagTree: GameplayTagTreeChangedEvent.Broadcast -  0.000 s
[2018.12.19-20.55.25:671][  0]SourceControl: Source control is disabled
[2018.12.19-20.55.25:671][  0]Cmd: MAP LOAD FILE="../../../../../../Users/wzeitler/Desktop/GameEngines/EX5_Waldemar_Zeitler/Content/NewMap.umap" TEMPLATE=0 SHOWPROGRESS=1 FEATURELEVEL=3
[2018.12.19-20.55.25:671][  0]LightingResults: New page: Lighting Build
[2018.12.19-20.55.25:675][  0]MapCheck: New page: Map Check
[2018.12.19-20.55.25:675][  0]LightingResults: New page: Lighting Build
[2018.12.19-20.55.25:912][  0]LogAIModule: Creating AISystem for world NewMap
[2018.12.19-20.55.25:918][  0]LogEditorServer: Finished looking for orphan Actors (0.000 secs)
[2018.12.19-20.55.25:939][  0]Cmd: MAP CHECKDEP NOCLEARLOG
[2018.12.19-20.55.26:034][  0]MapCheck: Map check complete: 0 Error(s), 0 Warning(s), took 94,248ms to complete.
[2018.12.19-20.55.26:034][  0]LogFileHelpers: Loading map 'NewMap' took 0.363
[2018.12.19-20.55.26:246][  0]LogCollectionManager: Loaded 0 collections in 0.001942 seconds
[2018.12.19-20.55.26:289][  0]LogFileCache: Scanning file cache for directory 'C:/Users/wzeitler/Desktop/GameEngines/EX5_Waldemar_Zeitler/Saved/Collections/' took 0.01s
[2018.12.19-20.55.26:289][  0]LogFileCache: Scanning file cache for directory 'C:/Users/wzeitler/Desktop/GameEngines/EX5_Waldemar_Zeitler/Content/Developers/wzeitler/Collections/' took 0.01s
[2018.12.19-20.55.26:289][  0]LogFileCache: Scanning file cache for directory 'C:/Users/wzeitler/Desktop/GameEngines/EX5_Waldemar_Zeitler/Content/Collections/' took 0.01s
[2018.12.19-20.55.26:289][  0]LogCollectionManager: Rebuilt the GUID cache for 0 collections in 0.000000 seconds
[2018.12.19-20.55.26:302][  0]LogContentBrowser: Native class hierarchy populated in 0.0130 seconds. Added 2458 classes and 561 folders.
[2018.12.19-20.55.26:313][  0]LogContentBrowser: Native class hierarchy updated for 'WidgetCarousel' in 0.0013 seconds. Added 0 classes and 0 folders.
[2018.12.19-20.55.26:601][  0]LogContentBrowser: Native class hierarchy updated for 'AddContentDialog' in 0.0008 seconds. Added 0 classes and 0 folders.
[2018.12.19-20.55.26:610][  0]LogContentBrowser: Native class hierarchy updated for 'SceneOutliner' in 0.0009 seconds. Added 1 classes and 2 folders.
[2018.12.19-20.55.26:689][  0]LogSlate: Took 0.004631 seconds to synchronously load lazily loaded font '../../../Engine/Content/Slate/Fonts/Roboto-Regular.ttf' (155K)
[2018.12.19-20.55.26:693][  0]LogSlate: Took 0.002126 seconds to synchronously load lazily loaded font '../../../Engine/Content/Slate/Fonts/Roboto-Bold.ttf' (160K)
[2018.12.19-20.55.26:705][  0]LogSlate: Took 0.003191 seconds to synchronously load lazily loaded font '../../../Engine/Content/Editor/Slate/Fonts/FontAwesome.ttf' (139K)
[2018.12.19-20.55.26:872][  0]LogRenderer: Reallocating scene render targets to support 820x472 Format 10 NumSamples 1 (Frame:1).
[2018.12.19-20.55.28:205][  0]LogSlate: Took 0.002762 seconds to synchronously load lazily loaded font '../../../Engine/Content/Slate/Fonts/Roboto-Light.ttf' (167K)
[2018.12.19-20.55.28:360][  0]LogContentBrowser: Native class hierarchy updated for 'HierarchicalLODOutliner' in 0.0008 seconds. Added 0 classes and 0 folders.
[2018.12.19-20.55.28:360][  0]LogLoad: (Engine Initialization) Total time: 128.96 seconds
[2018.12.19-20.55.28:360][  0]LogLoad: (Engine Initialization) Total Blueprint compile time: 0.00 seconds
[2018.12.19-20.55.28:392][  0]LogContentStreaming: Texture pool size now 1000 MB
[2018.12.19-20.55.28:442][  1]LogAssetRegistry: Asset discovery search completed in 16.2800 seconds
[2018.12.19-20.55.28:443][  1]LogCollectionManager: Rebuilt the object cache for 0 collections in 0.000000 seconds (found 0 objects)
[2018.12.19-20.55.28:444][  1]LogCollectionManager: Fixed up redirectors for 0 collections in 0.000134 seconds (updated 0 objects)
[2018.12.19-20.55.56:565][243]LogSlate: FSceneViewport::OnFocusLost() reason 0
[2018.12.19-20.55.56:671][255]LogTemp: Repeating last play command: Selected Viewport
[2018.12.19-20.55.56:687][255]LogPlayLevel: PlayLevel: No blueprints needed recompiling
[2018.12.19-20.55.56:687][255]PIE: New page: PIE session: NewMap (19.12.2018 22:55:56)
[2018.12.19-20.55.56:687][255]LogPlayLevel: Creating play world package: /Game/UEDPIE_0_NewMap
[2018.12.19-20.55.56:691][255]LogPlayLevel: PIE: StaticDuplicateObject took: (0.003831s)
[2018.12.19-20.55.56:692][255]LogAIModule: Creating AISystem for world NewMap
[2018.12.19-20.55.56:692][255]LogPlayLevel: PIE: World Init took: (0.000909s)
[2018.12.19-20.55.56:692][255]LogPlayLevel: PIE: Created PIE world by copying editor world from /Game/NewMap.NewMap to /Game/UEDPIE_0_NewMap.NewMap (0.005004s)
[2018.12.19-20.55.56:709][255]LogInit: XAudio2 using 'Lautsprecher/Kopfhörer (Realtek High Definition Audio)' : 2 channels at 48 kHz using 32 bits per sample (channel mask 0x3)
[2018.12.19-20.55.56:724][255]LogInit: FAudioDevice initialized.
[2018.12.19-20.55.56:771][255]LogLoad: Game class is 'GameModeBase'
[2018.12.19-20.55.56:773][255]LogWorld: Bringing World /Game/UEDPIE_0_NewMap.NewMap up for play (max tick rate 0) at 2018.12.19-21.55.56
[2018.12.19-20.55.56:774][255]LogWorld: Bringing up level for play took: 0.001542
[2018.12.19-20.55.56:778][255]LogContentBrowser: Native class hierarchy updated for 'MovieSceneCapture' in 0.0008 seconds. Added 11 classes and 0 folders.
[2018.12.19-20.55.56:779][255]PIE: Play in editor start time for /Game/UEDPIE_0_NewMap -0,797
[2018.12.19-20.55.58:644][313]LogSlate: Window 'EX5_Waldemar_Zeitler - Unreal Editor' being destroyed
[2018.12.19-20.55.58:646][313]LogWindowsTextInputMethodSystem: Display: IME system now deactivated.
[2018.12.19-20.55.58:650][313]LogWindowsTextInputMethodSystem: Display: IME system now deactivated.
[2018.12.19-20.55.58:883][314]Cmd: QUIT_EDITOR
[2018.12.19-20.55.58:973][314]LogSlate: Slate User Destroyed.  User Index 0, Is Virtual User: 0
[2018.12.19-20.55.58:973][314]LogExit: Preparing to exit.
[2018.12.19-20.55.59:514][314]LogDirectoryWatcher: A directory notification for 'C:/Users/wzeitler/Desktop/GameEngines/EX5_Waldemar_Zeitler/Content/' was aborted.
[2018.12.19-20.55.59:579][314]LogExit: Editor shut down
[2018.12.19-20.55.59:581][314]LogExit: Transaction tracking system shut down
[2018.12.19-20.55.59:760][314]LogDirectoryWatcher: A directory notification for '../../../Engine/Content/' was aborted.
[2018.12.19-20.55.59:761][314]LogDirectoryWatcher: A directory notification for '../../../../../../Users/wzeitler/Desktop/GameEngines/EX5_Waldemar_Zeitler/Content/' was aborted.
[2018.12.19-20.55.59:770][314]LogDirectoryWatcher: A directory notification for '../../Plugins/2D/Paper2D/Content/' was aborted.
[2018.12.19-20.55.59:770][314]LogDirectoryWatcher: A directory notification for '../../Plugins/Enterprise/DatasmithContent/Content/' was aborted.
[2018.12.19-20.55.59:770][314]LogDirectoryWatcher: A directory notification for '../../Plugins/Media/MediaCompositing/Content/' was aborted.
[2018.12.19-20.55.59:770][314]LogDirectoryWatcher: A directory notification for '../../Plugins/Runtime/AppleARKit/Content/' was aborted.
[2018.12.19-20.55.59:770][314]LogDirectoryWatcher: A directory notification for '../../Plugins/Runtime/Oculus/OculusVR/Content/' was aborted.
[2018.12.19-20.55.59:770][314]LogDirectoryWatcher: A directory notification for '../../Plugins/Runtime/Steam/SteamVR/Content/' was aborted.
[2018.12.19-20.55.59:833][314]LogExit: Object subsystem successfully closed.
[2018.12.19-20.55.59:963][314]LogShaderCompilers: Display: Shaders left to compile 0
[2018.12.19-20.55.59:968][314]LogD3D11RHI: Shutdown
[2018.12.19-20.55.59:968][314]LogD3D11RHI: CleanupD3DDevice
[2018.12.19-20.56.00:072][314]LogD3D11RHI: ~FD3D11DynamicRHI
[2018.12.19-20.56.00:099][314]LogModuleManager: Shutting down and abandoning module MovieSceneCapture (578)
[2018.12.19-20.56.00:099][314]LogModuleManager: Shutting down and abandoning module HierarchicalLODOutliner (576)
[2018.12.19-20.56.00:100][314]LogModuleManager: Shutting down and abandoning module SceneOutliner (574)
[2018.12.19-20.56.00:100][314]LogModuleManager: Shutting down and abandoning module AddContentDialog (572)
[2018.12.19-20.56.00:100][314]LogDirectoryWatcher: A directory notification for 'C:/Program Files/Epic Games/UE_4.19/FeaturePacks/' was aborted.
[2018.12.19-20.56.00:100][314]LogModuleManager: Shutting down and abandoning module WidgetCarousel (571)
[2018.12.19-20.56.00:100][314]LogModuleManager: Shutting down and abandoning module EditorWidgets (568)
[2018.12.19-20.56.00:100][314]LogModuleManager: Shutting down and abandoning module CollectionManager (566)
[2018.12.19-20.56.00:101][314]LogDirectoryWatcher: A directory notification for 'C:/Users/wzeitler/Desktop/GameEngines/EX5_Waldemar_Zeitler/Content/Collections/' was aborted.
[2018.12.19-20.56.00:101][314]LogDirectoryWatcher: A directory notification for 'C:/Users/wzeitler/Desktop/GameEngines/EX5_Waldemar_Zeitler/Content/Developers/wzeitler/Collections/' was aborted.
[2018.12.19-20.56.00:101][314]LogDirectoryWatcher: A directory notification for 'C:/Users/wzeitler/Desktop/GameEngines/EX5_Waldemar_Zeitler/Saved/Collections/' was aborted.
[2018.12.19-20.56.00:101][314]LogModuleManager: Shutting down and abandoning module StatsViewer (564)
[2018.12.19-20.56.00:101][314]LogModuleManager: Shutting down and abandoning module FoliageEdit (562)
[2018.12.19-20.56.00:101][314]LogModuleManager: Shutting down and abandoning module LandscapeEditor (560)
[2018.12.19-20.56.00:101][314]LogModuleManager: Shutting down and abandoning module MeshPaintMode (558)
[2018.12.19-20.56.00:101][314]LogModuleManager: Shutting down and abandoning module SceneDepthPickerMode (556)
[2018.12.19-20.56.00:101][314]LogModuleManager: Shutting down and abandoning module ActorPickerMode (554)
[2018.12.19-20.56.00:101][314]LogModuleManager: Shutting down and abandoning module GeometryMode (552)
[2018.12.19-20.56.00:101][314]LogModuleManager: Shutting down and abandoning module TextureAlignMode (550)
[2018.12.19-20.56.00:101][314]LogModuleManager: Shutting down and abandoning module BspMode (548)
[2018.12.19-20.56.00:101][314]LogModuleManager: Shutting down and abandoning module PIEPreviewDeviceProfileSelector (546)
[2018.12.19-20.56.00:101][314]LogModuleManager: Shutting down and abandoning module HardwareSurvey (544)
[2018.12.19-20.56.00:101][314]LogModuleManager: Shutting down and abandoning module SequenceRecorderSections (542)
[2018.12.19-20.56.00:101][314]LogModuleManager: Shutting down and abandoning module AutomationWorker (540)
[2018.12.19-20.56.00:101][314]LogModuleManager: Shutting down and abandoning module AudioCaptureEditor (538)
[2018.12.19-20.56.00:101][314]LogModuleManager: Shutting down and abandoning module SequenceRecorder (537)
[2018.12.19-20.56.00:101][314]LogModuleManager: Shutting down and abandoning module MatineeToLevelSequence (534)
[2018.12.19-20.56.00:101][314]LogModuleManager: Shutting down and abandoning module LevelSequenceEditor (532)
[2018.12.19-20.56.00:101][314]LogModuleManager: Shutting down and abandoning module PlacementMode (531)
[2018.12.19-20.56.00:102][314]LogModuleManager: Shutting down and abandoning module MaterialEditor (530)
[2018.12.19-20.56.00:102][314]LogModuleManager: Shutting down and abandoning module WmfMediaFactory (526)
[2018.12.19-20.56.00:102][314]LogModuleManager: Shutting down and abandoning module WmfMediaEditor (524)
[2018.12.19-20.56.00:102][314]LogModuleManager: Shutting down and abandoning module MediaPlayerEditor (522)
[2018.12.19-20.56.00:102][314]LogModuleManager: Shutting down and abandoning module OpenExrWrapper (520)
[2018.12.19-20.56.00:102][314]LogModuleManager: Shutting down and abandoning module ImgMediaFactory (518)
[2018.12.19-20.56.00:102][314]LogModuleManager: Shutting down and abandoning module ImgMediaEditor (516)
[2018.12.19-20.56.00:102][314]LogModuleManager: Shutting down and abandoning module AvfMediaFactory (514)
[2018.12.19-20.56.00:102][314]LogModuleManager: Shutting down and abandoning module AvfMediaEditor (512)
[2018.12.19-20.56.00:102][314]LogModuleManager: Shutting down and abandoning module AndroidMediaFactory (510)
[2018.12.19-20.56.00:102][314]LogModuleManager: Shutting down and abandoning module AndroidMediaEditor (508)
[2018.12.19-20.56.00:102][314]LogModuleManager: Shutting down and abandoning module CharacterAI (506)
[2018.12.19-20.56.00:102][314]LogModuleManager: Shutting down and abandoning module SmartSnapping (504)
[2018.12.19-20.56.00:102][314]LogModuleManager: Shutting down and abandoning module SessionServices (502)
[2018.12.19-20.56.00:102][314]LogModuleManager: Shutting down and abandoning module ViewportSnapping (500)
[2018.12.19-20.56.00:102][314]LogModuleManager: Shutting down and abandoning module ViewportInteraction (498)
[2018.12.19-20.56.00:102][314]LogModuleManager: Shutting down and abandoning module ClothPainter (496)
[2018.12.19-20.56.00:102][314]LogModuleManager: Shutting down and abandoning module SkeletalMeshEditor (495)
[2018.12.19-20.56.00:102][314]LogModuleManager: Shutting down and abandoning module LogVisualizer (492)
[2018.12.19-20.56.00:102][314]LogModuleManager: Shutting down and abandoning module IntroTutorials (490)
[2018.12.19-20.56.00:102][314]LogModuleManager: Shutting down and abandoning module GameProjectGeneration (489)
[2018.12.19-20.56.00:102][314]LogModuleManager: Shutting down and abandoning module IOSPlatformEditor (486)
[2018.12.19-20.56.00:102][314]LogModuleManager: Shutting down and abandoning module HTML5PlatformEditor (484)
[2018.12.19-20.56.00:102][314]LogModuleManager: Shutting down and abandoning module AndroidPlatformEditor (482)
[2018.12.19-20.56.00:102][314]LogModuleManager: Shutting down and abandoning module AndroidDeviceDetection (481)
[2018.12.19-20.56.00:892][314]LogModuleManager: Shutting down and abandoning module WindowsPlatformEditor (478)
[2018.12.19-20.56.00:892][314]LogModuleManager: Shutting down and abandoning module IOSRuntimeSettings (476)
[2018.12.19-20.56.00:892][314]LogModuleManager: Shutting down and abandoning module AndroidRuntimeSettings (474)
[2018.12.19-20.56.00:892][314]LogModuleManager: Shutting down and abandoning module InputBindingEditor (472)
[2018.12.19-20.56.00:892][314]LogModuleManager: Shutting down and abandoning module MergeActors (470)
[2018.12.19-20.56.00:892][314]LogModuleManager: Shutting down and abandoning module LocalizationDashboard (468)
[2018.12.19-20.56.00:892][314]LogModuleManager: Shutting down and abandoning module LocalizationService (467)
[2018.12.19-20.56.00:892][314]LogModuleManager: Shutting down and abandoning module HardwareTargeting (464)
[2018.12.19-20.56.00:893][314]LogModuleManager: Shutting down and abandoning module DeviceProfileEditor (462)
[2018.12.19-20.56.00:893][314]LogModuleManager: Shutting down and abandoning module UndoHistory (460)
[2018.12.19-20.56.00:893][314]LogModuleManager: Shutting down and abandoning module XmlParser (458)
[2018.12.19-20.56.00:893][314]LogModuleManager: Shutting down and abandoning module Blutility (456)
[2018.12.19-20.56.00:893][314]LogModuleManager: Shutting down and abandoning module ProjectSettingsViewer (454)
[2018.12.19-20.56.00:893][314]LogModuleManager: Shutting down and abandoning module ProjectTargetPlatformEditor (453)
[2018.12.19-20.56.00:893][314]LogModuleManager: Shutting down and abandoning module EditorSettingsViewer (450)
[2018.12.19-20.56.00:893][314]LogModuleManager: Shutting down and abandoning module SettingsEditor (448)
[2018.12.19-20.56.00:893][314]LogModuleManager: Shutting down and abandoning module ProjectLauncher (446)
[2018.12.19-20.56.00:893][314]LogModuleManager: Shutting down and abandoning module SessionFrontend (444)
[2018.12.19-20.56.00:893][314]LogModuleManager: Shutting down and abandoning module ProfilerClient (442)
[2018.12.19-20.56.00:893][314]LogModuleManager: Shutting down and abandoning module DeviceManager (440)
[2018.12.19-20.56.00:893][314]LogModuleManager: Shutting down and abandoning module TargetDeviceServices (439)
[2018.12.19-20.56.00:947][314]LogModuleManager: Shutting down and abandoning module AutomationController (436)
[2018.12.19-20.56.00:947][314]LogModuleManager: Shutting down and abandoning module AutomationWindow (434)
[2018.12.19-20.56.00:947][314]LogModuleManager: Shutting down and abandoning module Layers (432)
[2018.12.19-20.56.00:947][314]LogModuleManager: Shutting down and abandoning module ComponentVisualizers (430)
[2018.12.19-20.56.00:947][314]LogModuleManager: Shutting down and abandoning module DetailCustomizations (428)
[2018.12.19-20.56.00:947][314]LogModuleManager: Shutting down and abandoning module PackagesDialog (426)
[2018.12.19-20.56.00:947][314]LogModuleManager: Shutting down and abandoning module Persona (424)
[2018.12.19-20.56.00:947][314]LogModuleManager: Shutting down and abandoning module AdvancedPreviewScene (423)
[2018.12.19-20.56.00:947][314]LogModuleManager: Shutting down and abandoning module AnimGraph (421)
[2018.12.19-20.56.00:947][314]LogModuleManager: Shutting down and abandoning module Kismet (418)
[2018.12.19-20.56.00:947][314]LogModuleManager: Shutting down and abandoning module GraphEditor (416)
[2018.12.19-20.56.00:947][314]LogModuleManager: Shutting down and abandoning module ClassViewer (414)
[2018.12.19-20.56.00:947][314]LogModuleManager: Shutting down and abandoning module Toolbox (412)
[2018.12.19-20.56.00:947][314]LogModuleManager: Shutting down and abandoning module ModuleUI (410)
[2018.12.19-20.56.00:947][314]LogModuleManager: Shutting down and abandoning module MovieSceneTools (408)
[2018.12.19-20.56.00:947][314]LogModuleManager: Shutting down and abandoning module OutputLog (406)
[2018.12.19-20.56.00:947][314]LogModuleManager: Shutting down and abandoning module GammaUI (404)
[2018.12.19-20.56.00:947][314]LogModuleManager: Shutting down and abandoning module Documentation (402)
[2018.12.19-20.56.00:947][314]LogModuleManager: Shutting down and abandoning module MovieSceneTracks (400)
[2018.12.19-20.56.00:947][314]LogModuleManager: Shutting down and abandoning module MovieScene (398)
[2018.12.19-20.56.00:947][314]LogModuleManager: Shutting down and abandoning module StreamingPauseRendering (396)
[2018.12.19-20.56.00:947][314]LogModuleManager: Shutting down and abandoning module LauncherPlatform (394)
[2018.12.19-20.56.00:947][314]LogModuleManager: Shutting down and abandoning module AnalyticsET (392)
[2018.12.19-20.56.00:947][314]LogModuleManager: Shutting down and abandoning module PortalServices (390)
[2018.12.19-20.56.00:947][314]LogModuleManager: Shutting down and abandoning module PortalRpc (388)
[2018.12.19-20.56.00:947][314]LogModuleManager: Shutting down and abandoning module MessagingRpc (386)
[2018.12.19-20.56.00:947][314]LogModuleManager: Shutting down and abandoning module AIModule (384)
[2018.12.19-20.56.00:947][314]LogModuleManager: Shutting down and abandoning module GameplayDebugger (383)
[2018.12.19-20.56.00:947][314]LogModuleManager: Shutting down and abandoning module AITestSuite (381)
[2018.12.19-20.56.00:948][314]LogModuleManager: Shutting down and abandoning module ProfilerService (378)
[2018.12.19-20.56.01:186][314]LogModuleManager: Shutting down and abandoning module TaskGraph (376)
[2018.12.19-20.56.01:186][314]LogModuleManager: Shutting down and abandoning module SteamVRController (374)
[2018.12.19-20.56.01:187][314]LogModuleManager: Shutting down and abandoning module ProceduralMeshComponentEditor (372)
[2018.12.19-20.56.01:187][314]LogModuleManager: Shutting down and abandoning module ProceduralMeshComponent (370)
[2018.12.19-20.56.01:187][314]LogModuleManager: Shutting down and abandoning module OculusInput (368)
[2018.12.19-20.56.01:187][314]LogModuleManager: Shutting down and abandoning module MobilePatchingUtils (366)
[2018.12.19-20.56.01:187][314]LogModuleManager: Shutting down and abandoning module CustomMeshComponent (364)
[2018.12.19-20.56.01:187][314]LogModuleManager: Shutting down and abandoning module CableComponent (362)
[2018.12.19-20.56.01:187][314]LogModuleManager: Shutting down and abandoning module AudioCapture (360)
[2018.12.19-20.56.01:187][314]LogModuleManager: Shutting down and abandoning module ArchVisCharacter (358)
[2018.12.19-20.56.01:187][314]LogModuleManager: Shutting down and abandoning module AndroidPermission (356)
[2018.12.19-20.56.01:187][314]LogModuleManager: Shutting down and abandoning module NUTUnrealEngine4 (352)
[2018.12.19-20.56.01:187][314]LogModuleManager: Shutting down and abandoning module NetcodeUnitTest (350)
[2018.12.19-20.56.01:187][314]LogModuleManager: Shutting down and abandoning module MediaCompositingEditor (348)
[2018.12.19-20.56.01:187][314]LogModuleManager: Shutting down and abandoning module MediaCompositing (346)
[2018.12.19-20.56.01:187][314]LogModuleManager: Shutting down and abandoning module LinearTimecode (344)
[2018.12.19-20.56.01:188][314]LogModuleManager: Shutting down and abandoning module ImgMedia (342)
[2018.12.19-20.56.01:199][314]LogModuleManager: Shutting down and abandoning module HTML5Networking (340)
[2018.12.19-20.56.01:199][314]LogModuleManager: Shutting down and abandoning module AlembicImporter (338)
[2018.12.19-20.56.01:199][314]LogModuleManager: Shutting down and abandoning module AlembicLibrary (337)
[2018.12.19-20.56.01:199][314]LogModuleManager: Shutting down and abandoning module GeometryCache (336)
[2018.12.19-20.56.01:199][314]LogModuleManager: Shutting down and abandoning module GeometryCacheEd (335)
[2018.12.19-20.56.01:199][314]LogModuleManager: Shutting down and abandoning module DatasmithContent (330)
[2018.12.19-20.56.01:199][314]LogModuleManager: Shutting down and abandoning module SpeedTreeImporter (328)
[2018.12.19-20.56.01:200][314]LogModuleManager: Shutting down and abandoning module PluginBrowser (326)
[2018.12.19-20.56.01:200][314]LogModuleManager: Shutting down and abandoning module MobileLauncherProfileWizard (324)
[2018.12.19-20.56.01:200][314]LogModuleManager: Shutting down and abandoning module CryptoKeysOpenSSL (322)
[2018.12.19-20.56.01:200][314]LogModuleManager: Shutting down and abandoning module CryptoKeys (320)
[2018.12.19-20.56.01:200][314]LogModuleManager: Shutting down and abandoning module VisualStudioSourceCodeAccess (318)
[2018.12.19-20.56.01:200][314]LogModuleManager: Shutting down and abandoning module VisualStudioCodeSourceCodeAccess (316)
[2018.12.19-20.56.01:200][314]LogModuleManager: Shutting down and abandoning module UObjectPlugin (314)
[2018.12.19-20.56.01:200][314]LogModuleManager: Shutting down and abandoning module SubversionSourceControl (312)
[2018.12.19-20.56.01:200][314]LogModuleManager: Shutting down and abandoning module PerforceSourceControl (310)
[2018.12.19-20.56.01:200][314]LogModuleManager: Shutting down and abandoning module GitSourceControl (308)
[2018.12.19-20.56.01:200][314]LogModuleManager: Shutting down and abandoning module SourceControl (307)
[2018.12.19-20.56.01:201][314]LogModuleManager: Shutting down and abandoning module CLionSourceCodeAccess (304)
[2018.12.19-20.56.01:201][314]LogModuleManager: Shutting down and abandoning module LightPropagationVolumeEditor (302)
[2018.12.19-20.56.01:201][314]LogModuleManager: Shutting down and abandoning module PaperTiledImporter (300)
[2018.12.19-20.56.01:201][314]LogModuleManager: Shutting down and abandoning module PaperSpriteSheetImporter (298)
[2018.12.19-20.56.01:201][314]LogModuleManager: Shutting down and abandoning module Paper2DEditor (296)
[2018.12.19-20.56.01:201][314]LogModuleManager: Shutting down and abandoning module MeshPaint (295)
[2018.12.19-20.56.01:201][314]LogModuleManager: Shutting down and abandoning module EX5_Waldemar_Zeitler (292)
[2018.12.19-20.56.01:201][314]LogModuleManager: Shutting down and abandoning module RuntimePhysXCooking (290)
[2018.12.19-20.56.01:201][314]LogModuleManager: Shutting down and abandoning module PhysXVehiclesEditor (288)
[2018.12.19-20.56.01:201][314]LogModuleManager: Shutting down and abandoning module PhysXVehicles (286)
[2018.12.19-20.56.01:201][314]LogModuleManager: Shutting down and abandoning module OculusEditor (284)
[2018.12.19-20.56.01:201][314]LogModuleManager: Shutting down and abandoning module LocationServicesBPLibrary (282)
[2018.12.19-20.56.01:202][314]LogModuleManager: Shutting down and abandoning module ImmediatePhysicsEditor (280)
[2018.12.19-20.56.01:202][314]LogModuleManager: Shutting down and abandoning module ImmediatePhysics (278)
[2018.12.19-20.56.01:202][314]LogModuleManager: Shutting down and abandoning module ActorSequence (276)
[2018.12.19-20.56.01:202][314]LogModuleManager: Shutting down and abandoning module UdpMessaging (274)
[2018.12.19-20.56.01:303][314]LogModuleManager: Shutting down and abandoning module TcpMessaging (272)
[2018.12.19-20.56.01:403][314]LogModuleManager: Shutting down and abandoning module GameplayTagsEditor (270)
[2018.12.19-20.56.01:403][314]LogModuleManager: Shutting down and abandoning module FacialAnimationEditor (268)
[2018.12.19-20.56.01:403][314]LogModuleManager: Shutting down and abandoning module FacialAnimation (266)
[2018.12.19-20.56.01:403][314]LogModuleManager: Shutting down and abandoning module DataValidation (264)
[2018.12.19-20.56.01:403][314]LogModuleManager: Shutting down and abandoning module AssetManagerEditor (262)
[2018.12.19-20.56.01:403][314]LogModuleManager: Shutting down and abandoning module LevelEditor (261)
[2018.12.19-20.56.01:406][314]LogModuleManager: Shutting down and abandoning module PixelInspectorModule (260)
[2018.12.19-20.56.01:406][314]LogModuleManager: Shutting down and abandoning module CommonMenuExtensions (258)
[2018.12.19-20.56.01:407][314]LogModuleManager: Shutting down and abandoning module MainFrame (256)
[2018.12.19-20.56.01:407][314]LogModuleManager: Shutting down and abandoning module HotReload (255)
[2018.12.19-20.56.01:407][314]LogDirectoryWatcher: A directory notification for 'C:/Users/wzeitler/Desktop/GameEngines/EX5_Waldemar_Zeitler/Binaries/Win64' was aborted.
[2018.12.19-20.56.01:409][314]LogModuleManager: Shutting down and abandoning module ContentBrowser (251)
[2018.12.19-20.56.01:412][314]LogModuleManager: Shutting down and abandoning module TreeMap (249)
[2018.12.19-20.56.01:412][314]LogModuleManager: Shutting down and abandoning module LightPropagationVolumeRuntime (246)
[2018.12.19-20.56.01:412][314]LogModuleManager: Shutting down and abandoning module LiveLinkEditor (244)
[2018.12.19-20.56.01:412][314]LogModuleManager: Shutting down and abandoning module LiveLink (242)
[2018.12.19-20.56.02:027][314]LogModuleManager: Shutting down and abandoning module Paper2D (240)
[2018.12.19-20.56.02:027][314]LogModuleManager: Shutting down and abandoning module WindowsMoviePlayer (238)
[2018.12.19-20.56.02:027][314]LogModuleManager: Shutting down and abandoning module WmfMedia (236)
[2018.12.19-20.56.02:029][314]LogModuleManager: Shutting down and abandoning module Media (235)
[2018.12.19-20.56.02:035][314]LogModuleManager: Shutting down and abandoning module PacketHandler (232)
[2018.12.19-20.56.02:035][314]LogModuleManager: Shutting down and abandoning module ClothingSystemEditor (230)
[2018.12.19-20.56.02:035][314]LogModuleManager: Shutting down and abandoning module ClothingSystemRuntime (228)
[2018.12.19-20.56.02:035][314]LogModuleManager: Shutting down and abandoning module MediaAssets (226)
[2018.12.19-20.56.02:035][314]LogModuleManager: Shutting down and abandoning module Overlay (224)
[2018.12.19-20.56.02:035][314]LogModuleManager: Shutting down and abandoning module OverlayEditor (223)
[2018.12.19-20.56.02:035][314]LogModuleManager: Shutting down and abandoning module VREditor (220)
[2018.12.19-20.56.02:035][314]LogModuleManager: Shutting down and abandoning module StringTableEditor (218)
[2018.12.19-20.56.02:035][314]LogModuleManager: Shutting down and abandoning module GameplayTasksEditor (216)
[2018.12.19-20.56.02:035][314]LogModuleManager: Shutting down and abandoning module BehaviorTreeEditor (214)
[2018.12.19-20.56.02:035][314]LogModuleManager: Shutting down and abandoning module FunctionalTesting (212)
[2018.12.19-20.56.02:035][314]LogModuleManager: Shutting down and abandoning module CollisionAnalyzer (210)
[2018.12.19-20.56.02:035][314]LogModuleManager: Shutting down and abandoning module WorkspaceMenuStructure (209)
[2018.12.19-20.56.02:035][314]LogModuleManager: Shutting down and abandoning module UMG (206)
[2018.12.19-20.56.02:035][314]LogModuleManager: Shutting down and abandoning module UMGEditor (205)
[2018.12.19-20.56.02:035][314]LogModuleManager: Shutting down and abandoning module Sequencer (204)
[2018.12.19-20.56.02:035][314]LogModuleManager: Shutting down and abandoning module MessageLog (201)
[2018.12.19-20.56.02:035][314]LogModuleManager: Shutting down and abandoning module SlateReflector (196)
[2018.12.19-20.56.02:035][314]LogModuleManager: Shutting down and abandoning module Slate (194)
[2018.12.19-20.56.02:035][314]LogModuleManager: Shutting down and abandoning module EditorStyle (192)
[2018.12.19-20.56.02:037][314]LogModuleManager: Shutting down and abandoning module MRMesh (190)
[2018.12.19-20.56.02:037][314]LogModuleManager: Shutting down and abandoning module SourceCodeAccess (188)
[2018.12.19-20.56.02:037][314]LogModuleManager: Shutting down and abandoning module HeadMountedDisplay (186)
[2018.12.19-20.56.02:037][314]LogModuleManager: Shutting down and abandoning module XAudio2 (184)
[2018.12.19-20.56.02:037][314]LogModuleManager: Shutting down and abandoning module Networking (182)
[2018.12.19-20.56.02:037][314]LogModuleManager: Shutting down and abandoning module Core (180)
[2018.12.19-20.56.02:037][314]LogModuleManager: Shutting down and abandoning module LevelSequence (178)
[2018.12.19-20.56.02:037][314]LogModuleManager: Shutting down and abandoning module KismetCompiler (176)
[2018.12.19-20.56.02:037][314]LogModuleManager: Shutting down and abandoning module MeshUtilities (174)
[2018.12.19-20.56.02:037][314]LogModuleManager: Shutting down and abandoning module MeshMergeUtilities (173)
[2018.12.19-20.56.02:037][314]LogModuleManager: Shutting down and abandoning module MeshReductionInterface (172)
[2018.12.19-20.56.02:037][314]LogModuleManager: Shutting down and abandoning module SimplygonSwarm (171)
[2018.12.19-20.56.02:037][314]LogModuleManager: Shutting down and abandoning module SimplygonMeshReduction (169)
[2018.12.19-20.56.02:037][314]LogModuleManager: Shutting down and abandoning module QuadricMeshReduction (167)
[2018.12.19-20.56.02:038][314]LogModuleManager: Shutting down and abandoning module MaterialBaking (163)
[2018.12.19-20.56.02:038][314]LogModuleManager: Shutting down and abandoning module DirectoryWatcher (159)
[2018.12.19-20.56.02:038][314]LogModuleManager: Shutting down and abandoning module DerivedDataCache (156)
[2018.12.19-20.56.02:086][314]LogDerivedDataCache: Shutdown
[2018.12.19-20.56.02:086][314]LogModuleManager: Shutting down and abandoning module XGEController (154)
[2018.12.19-20.56.02:086][314]LogXGEController: Cleaning working directory: C:/Users/wzeitler/AppData/Local/Temp/UnrealXGEWorkingDir/
[2018.12.19-20.56.02:086][314]LogModuleManager: Shutting down and abandoning module TargetPlatform (152)
[2018.12.19-20.56.02:086][314]LogModuleManager: Shutting down and abandoning module VulkanShaderFormat (151)
[2018.12.19-20.56.02:086][314]LogModuleManager: Shutting down and abandoning module ShaderFormatVectorVM (149)
[2018.12.19-20.56.02:086][314]LogModuleManager: Shutting down and abandoning module ShaderFormatOpenGL (147)
[2018.12.19-20.56.02:086][314]LogModuleManager: Shutting down and abandoning module ShaderFormatD3D (145)
[2018.12.19-20.56.02:086][314]LogModuleManager: Shutting down and abandoning module MetalShaderFormat (143)
[2018.12.19-20.56.02:086][314]LogModuleManager: Shutting down and abandoning module TextureFormatUncompressed (141)
[2018.12.19-20.56.02:086][314]LogModuleManager: Shutting down and abandoning module TextureFormatPVR (139)
[2018.12.19-20.56.02:086][314]LogModuleManager: Shutting down and abandoning module TextureFormatDXT (137)
[2018.12.19-20.56.02:086][314]LogModuleManager: Shutting down and abandoning module TextureFormatIntelISPCTexComp (135)
[2018.12.19-20.56.02:087][314]LogModuleManager: Shutting down and abandoning module TextureFormatASTC (133)
[2018.12.19-20.56.02:087][314]LogModuleManager: Shutting down and abandoning module ImageWrapper (132)
[2018.12.19-20.56.02:087][314]LogModuleManager: Shutting down and abandoning module TextureFormatAndroid (129)
[2018.12.19-20.56.02:087][314]LogModuleManager: Shutting down and abandoning module AudioFormatOpus (127)
[2018.12.19-20.56.02:087][314]LogModuleManager: Shutting down and abandoning module AudioFormatOgg (125)
[2018.12.19-20.56.02:087][314]LogModuleManager: Shutting down and abandoning module AudioFormatADPCM (123)
[2018.12.19-20.56.02:087][314]LogModuleManager: Shutting down and abandoning module LinuxTargetPlatform (121)
[2018.12.19-20.56.02:087][314]LogModuleManager: Shutting down and abandoning module LinuxServerTargetPlatform (119)
[2018.12.19-20.56.02:087][314]LogModuleManager: Shutting down and abandoning module LinuxNoEditorTargetPlatform (117)
[2018.12.19-20.56.02:087][314]LogModuleManager: Shutting down and abandoning module LinuxClientTargetPlatform (115)
[2018.12.19-20.56.02:087][314]LogModuleManager: Shutting down and abandoning module TVOSTargetPlatform (113)
[2018.12.19-20.56.02:087][314]LogModuleManager: Shutting down and abandoning module Messaging (111)
[2018.12.19-20.56.02:087][314]LogModuleManager: Shutting down and abandoning module IOSTargetPlatform (109)
[2018.12.19-20.56.02:087][314]LogModuleManager: Shutting down and abandoning module HTML5TargetPlatform (107)
[2018.12.19-20.56.02:087][314]LogModuleManager: Shutting down and abandoning module AndroidTargetPlatform (105)
[2018.12.19-20.56.02:087][314]LogModuleManager: Shutting down and abandoning module Android_PVRTCTargetPlatform (103)
[2018.12.19-20.56.02:087][314]LogModuleManager: Shutting down and abandoning module Android_MultiTargetPlatform (101)
[2018.12.19-20.56.02:087][314]LogModuleManager: Shutting down and abandoning module Android_ETC2TargetPlatform (99)
[2018.12.19-20.56.02:087][314]LogModuleManager: Shutting down and abandoning module Android_ETC1TargetPlatform (97)
[2018.12.19-20.56.02:087][314]LogModuleManager: Shutting down and abandoning module Android_ETC1aTargetPlatform (95)
[2018.12.19-20.56.02:087][314]LogModuleManager: Shutting down and abandoning module Android_DXTTargetPlatform (93)
[2018.12.19-20.56.02:087][314]LogModuleManager: Shutting down and abandoning module Android_ATCTargetPlatform (91)
[2018.12.19-20.56.02:087][314]LogModuleManager: Shutting down and abandoning module Android_ASTCTargetPlatform (89)
[2018.12.19-20.56.02:087][314]LogModuleManager: Shutting down and abandoning module WindowsTargetPlatform (87)
[2018.12.19-20.56.02:087][314]LogModuleManager: Shutting down and abandoning module WindowsServerTargetPlatform (85)
[2018.12.19-20.56.02:087][314]LogModuleManager: Shutting down and abandoning module WindowsNoEditorTargetPlatform (83)
[2018.12.19-20.56.02:087][314]LogModuleManager: Shutting down and abandoning module WindowsClientTargetPlatform (81)
[2018.12.19-20.56.02:087][314]LogModuleManager: Shutting down and abandoning module MacTargetPlatform (79)
[2018.12.19-20.56.02:087][314]LogModuleManager: Shutting down and abandoning module MacServerTargetPlatform (77)
[2018.12.19-20.56.02:087][314]LogModuleManager: Shutting down and abandoning module MacNoEditorTargetPlatform (75)
[2018.12.19-20.56.02:087][314]LogModuleManager: Shutting down and abandoning module MacClientTargetPlatform (73)
[2018.12.19-20.56.02:087][314]LogModuleManager: Shutting down and abandoning module AllDesktopTargetPlatform (71)
[2018.12.19-20.56.02:087][314]LogModuleManager: Shutting down and abandoning module InputCore (68)
[2018.12.19-20.56.02:087][314]LogModuleManager: Shutting down and abandoning module Settings (66)
[2018.12.19-20.56.02:087][314]LogModuleManager: Shutting down and abandoning module PhysXCooking (64)
[2018.12.19-20.56.02:087][314]LogModuleManager: Shutting down and abandoning module SteamVR (62)
[2018.12.19-20.56.02:087][314]LogModuleManager: Shutting down and abandoning module OculusHMD (60)
[2018.12.19-20.56.02:087][314]LogModuleManager: Shutting down and abandoning module ExampleDeviceProfileSelector (58)
[2018.12.19-20.56.02:087][314]LogModuleManager: Shutting down and abandoning module AppleARKit (56)
[2018.12.19-20.56.02:087][314]LogModuleManager: Shutting down and abandoning module AugmentedReality (53)
[2018.12.19-20.56.02:087][314]LogModuleManager: Shutting down and abandoning module OnlineBlueprintSupport (50)
[2018.12.19-20.56.02:087][314]LogModuleManager: Shutting down and abandoning module OnlineSubsystem (46)
[2018.12.19-20.56.02:088][314]LogModuleManager: Shutting down and abandoning module XMPP (45)
[2018.12.19-20.56.02:088][314]LogModuleManager: Shutting down and abandoning module HTTP (43)
[2018.12.19-20.56.02:088][314]LogHttp: Display: Http module shutting down, but needs to wait on 1 outstanding Http requests:
[2018.12.19-20.56.02:088][314]LogHttp: Display: 	verb=[POST] url=[https://datarouter.ol.epicgames.com/datarouter/api/v1/public/data?SessionID=%7BE26B759A-4D6C-0F09-F382-DB9C35DDD327%7D&AppID=UEEditor.Rocket.Release&AppVersion=4.19.2-4033788%2B%2B%2BUE4%2BRelease-4.19&UserID=2ff6c5a540089756003881b73c6ca5d7%7C81960cdfb0dd40f9a24ad723c9fb28e5%7C0b082382-5e59-4a5c-a137-aee0840e5662&AppEnvironment=datacollector-binary&UploadType=eteventstream] status=Processing
[2018.12.19-20.56.02:106][314]LogModuleManager: Shutting down and abandoning module SSL (42)
[2018.12.19-20.56.02:108][314]LogModuleManager: Shutting down and abandoning module DesktopPlatform (38)
[2018.12.19-20.56.02:108][314]LogModuleManager: Shutting down and abandoning module AnimationModifiers (36)
[2018.12.19-20.56.02:108][314]LogModuleManager: Shutting down and abandoning module PropertyEditor (35)
[2018.12.19-20.56.02:108][314]LogModuleManager: Shutting down and abandoning module AudioEditor (32)
[2018.12.19-20.56.02:108][314]LogModuleManager: Shutting down and abandoning module TextureCompressor (30)
[2018.12.19-20.56.02:109][314]LogModuleManager: Shutting down and abandoning module ShaderCore (28)
[2018.12.19-20.56.02:109][314]LogModuleManager: Shutting down and abandoning module Landscape (26)
[2018.12.19-20.56.02:109][314]LogModuleManager: Shutting down and abandoning module SlateRHIRenderer (24)
[2018.12.19-20.56.02:109][314]LogModuleManager: Shutting down and abandoning module OpenGLDrv (22)
[2018.12.19-20.56.02:110][314]LogModuleManager: Shutting down and abandoning module D3D11RHI (20)
[2018.12.19-20.56.02:110][314]LogModuleManager: Shutting down and abandoning module AnimGraphRuntime (18)
[2018.12.19-20.56.02:110][314]LogModuleManager: Shutting down and abandoning module Renderer (16)
[2018.12.19-20.56.02:110][314]LogModuleManager: Shutting down and abandoning module Engine (14)
[2018.12.19-20.56.02:110][314]LogModuleManager: Shutting down and abandoning module CoreUObject (12)
[2018.12.19-20.56.02:110][314]LogModuleManager: Shutting down and abandoning module NetworkFile (10)
[2018.12.19-20.56.02:110][314]LogModuleManager: Shutting down and abandoning module CookedIterativeFile (8)
[2018.12.19-20.56.02:110][314]LogModuleManager: Shutting down and abandoning module StreamingFile (6)
[2018.12.19-20.56.02:110][314]LogModuleManager: Shutting down and abandoning module SandboxFile (4)
[2018.12.19-20.56.02:110][314]LogModuleManager: Shutting down and abandoning module PakFile (2)
[2018.12.19-20.56.02:116][314]LogExit: Exiting.
[2018.12.19-20.56.02:134][314]Log file closed, 12/19/18 21:56:02
