Log file open, 11/21/18 12:03:24
LogWindows: Failed to load 'aqProf.dll' (GetLastError=126)
LogWindows: File 'aqProf.dll' does not exist
LogWindows: Failed to load 'VSPerf140.dll' (GetLastError=126)
LogWindows: File 'VSPerf140.dll' does not exist
LogWindows: Failed to load 'VtuneApi.dll' (GetLastError=126)
LogWindows: File 'VtuneApi.dll' does not exist
LogWindows: Failed to load 'VtuneApi32e.dll' (GetLastError=126)
LogWindows: File 'VtuneApi32e.dll' does not exist
LogInit: Display: Running engine for game: EX3_Waldemar_Zeitler
LogPlatformFile: Not using cached read wrapper
LogTaskGraph: Started task graph with 5 named threads and 11 total threads with 3 sets of task threads.
LogStats: Stats thread started at 0.320035
LogD3D11RHI: Loaded GFSDK_Aftermath_Lib.x64.dll
LogICUInternationalization: Display: ICU TimeZone Detection - Raw Offset: +1:00, Platform Override: ''
LogPluginManager: Mounting plugin Paper2D
LogPluginManager: Mounting plugin AISupport
LogPluginManager: Mounting plugin LightPropagationVolume
LogPluginManager: Mounting plugin CLionSourceCodeAccess
LogPluginManager: Mounting plugin CodeLiteSourceCodeAccess
LogPluginManager: Mounting plugin GitSourceControl
LogPluginManager: Mounting plugin KDevelopSourceCodeAccess
LogPluginManager: Mounting plugin NullSourceCodeAccess
LogPluginManager: Mounting plugin PerforceSourceControl
LogPluginManager: Mounting plugin SubversionSourceControl
LogPluginManager: Mounting plugin UObjectPlugin
LogPluginManager: Mounting plugin VisualStudioCodeSourceCodeAccess
LogPluginManager: Mounting plugin VisualStudioSourceCodeAccess
LogPluginManager: Mounting plugin XCodeSourceCodeAccess
LogPluginManager: Mounting plugin AssetManagerEditor
LogPluginManager: Mounting plugin CryptoKeys
LogPluginManager: Mounting plugin DataValidation
LogPluginManager: Mounting plugin FacialAnimation
LogPluginManager: Mounting plugin GameplayTagsEditor
LogPluginManager: Mounting plugin MacGraphicsSwitching
LogPluginManager: Mounting plugin MeshEditor
LogPluginManager: Mounting plugin MobileLauncherProfileWizard
LogPluginManager: Mounting plugin PluginBrowser
LogPluginManager: Mounting plugin SpeedTreeImporter
LogPluginManager: Mounting plugin DatasmithContent
LogPluginManager: Mounting plugin AlembicImporter
LogPluginManager: Mounting plugin AppleImageUtils
LogPluginManager: Mounting plugin AppleVision
LogPluginManager: Mounting plugin BackChannel
LogPluginManager: Mounting plugin CharacterAI
LogPluginManager: Mounting plugin GeometryCache
LogPluginManager: Mounting plugin HTML5Networking
LogPluginManager: Mounting plugin ProxyLODPlugin
LogPluginManager: Mounting plugin MagicLeap
LogPluginManager: Mounting plugin MagicLeapEmulator
LogPluginManager: Mounting plugin MagicLeapMedia
LogPluginManager: Mounting plugin AndroidMedia
LogPluginManager: Mounting plugin AvfMedia
LogPluginManager: Mounting plugin ImgMedia
LogPluginManager: Mounting plugin LinearTimecode
LogPluginManager: Mounting plugin MediaCompositing
LogPluginManager: Mounting plugin MediaPlayerEditor
LogPluginManager: Mounting plugin WmfMedia
LogPluginManager: Mounting plugin TcpMessaging
LogPluginManager: Mounting plugin UdpMessaging
LogPluginManager: Mounting plugin ActorSequence
LogPluginManager: Mounting plugin LevelSequenceEditor
LogPluginManager: Mounting plugin MatineeToLevelSequence
LogPluginManager: Mounting plugin NetcodeUnitTest
LogPluginManager: Mounting plugin NUTUnrealEngine4
LogPluginManager: Mounting plugin OnlineSubsystemGooglePlay
LogPluginManager: Mounting plugin OnlineSubsystemIOS
LogPluginManager: Mounting plugin OnlineSubsystem
LogPluginManager: Mounting plugin OnlineSubsystemNull
LogPluginManager: Mounting plugin OnlineSubsystemUtils
LogPluginManager: Mounting plugin LauncherChunkInstaller
LogPluginManager: Mounting plugin AndroidDeviceProfileSelector
LogPluginManager: Mounting plugin AndroidMoviePlayer
LogPluginManager: Mounting plugin AndroidPermission
LogPluginManager: Mounting plugin AppleMoviePlayer
LogPluginManager: Mounting plugin ArchVisCharacter
LogPluginManager: Mounting plugin AudioCapture
LogPluginManager: Mounting plugin CableComponent
LogPluginManager: Mounting plugin CustomMeshComponent
LogPluginManager: Mounting plugin EditableMesh
LogPluginManager: Mounting plugin ExampleDeviceProfileSelector
LogPluginManager: Mounting plugin GoogleCloudMessaging
LogPluginManager: Mounting plugin ImmediatePhysics
LogPluginManager: Mounting plugin IOSDeviceProfileSelector
LogPluginManager: Mounting plugin LinuxDeviceProfileSelector
LogPluginManager: Mounting plugin LocationServicesBPLibrary
LogPluginManager: Mounting plugin MobilePatchingUtils
LogPluginManager: Mounting plugin OculusVR
LogPluginManager: Plugin shader directory ../../../Engine/Plugins/Runtime/Oculus/OculusVR/Shaders found
LogPluginManager: Mapping shader source directory ../../../Engine/Plugins/Runtime/Oculus/OculusVR/Shaders to virtual directory /Plugin/OculusVR
LogPluginManager: Mounting plugin PhysXVehicles
LogPluginManager: Mounting plugin ProceduralMeshComponent
LogPluginManager: Mounting plugin RuntimePhysXCooking
LogPluginManager: Mounting plugin SteamVR
LogPluginManager: Mounting plugin WindowsMoviePlayer
LogStreaming: Display: Took  0.181s to configure plugins.
LogInit: Using libcurl 7.55.1-DEV
LogInit:  - built for x86_64-pc-win32
LogInit:  - supports SSL with OpenSSL/1.0.2h
LogInit:  - supports HTTP deflate (compression) using libz 1.2.8
LogInit:  - other features:
LogInit:      CURL_VERSION_SSL
LogInit:      CURL_VERSION_LIBZ
LogInit:      CURL_VERSION_IPV6
LogInit:      CURL_VERSION_ASYNCHDNS
LogInit:      CURL_VERSION_LARGEFILE
LogInit:      CURL_VERSION_IDN
LogInit:  CurlRequestOptions (configurable via config and command line):
LogInit:  - bVerifyPeer = false  - Libcurl will NOT verify peer certificate
LogInit:  - bUseHttpProxy = false  - Libcurl will NOT use HTTP proxy
LogInit:  - bDontReuseConnections = false  - Libcurl will reuse connections
LogInit:  - CertBundlePath = nullptr  - Libcurl will use whatever was configured at build time.
LogInit:  - MaxHostConnections = 16  - Libcurl will limit the number of connections to a host
LogInit:  - LocalHostAddr = Default
LogInit:  - BufferSize = 65536
LogInit: WinSock: version 1.1 (2.2), MaxSocks=32767, MaxUdp=65467
LogInit: Build: ++UE4+Release-4.20-CL-4369336
LogInit: Engine Version: 4.20.3-4369336+++UE4+Release-4.20
LogInit: Compatible Engine Version: 4.20.0-4212847+++UE4+Release-4.20
LogInit: Net CL: 4212847
LogInit: OS: Windows 10 (), CPU: Intel(R) Core(TM) i5-6200U CPU @ 2.30GHz, GPU: Intel(R) HD Graphics 520
LogInit: Compiled (64-bit): Sep 17 2018 12:26:19
LogInit: Compiled with Visual C++: 19.13.26129.00
LogInit: Build Configuration: Development
LogInit: Branch Name: ++UE4+Release-4.20
LogInit: Command Line:  -skipcompile
LogInit: Base Directory: C:/Program Files/Epic Games/UE_4.20/Engine/Binaries/Win64/
LogInit: Installed Engine Build: 1
LogDevObjectVersion: Number of dev versions registered: 20
LogDevObjectVersion:   Dev-Blueprints (B0D832E4-1F89-4F0D-ACCF-7EB736FD4AA2): 10
LogDevObjectVersion:   Dev-Build (E1C64328-A22C-4D53-A36C-8E866417BD8C): 0
LogDevObjectVersion:   Dev-Core (375EC13C-06E4-48FB-B500-84F0262A717E): 2
LogDevObjectVersion:   Dev-Editor (E4B068ED-F494-42E9-A231-DA0B2E46BB41): 24
LogDevObjectVersion:   Dev-Framework (CFFC743F-43B0-4480-9391-14DF171D2073): 34
LogDevObjectVersion:   Dev-Mobile (B02B49B5-BB20-44E9-A304-32B752E40360): 2
LogDevObjectVersion:   Dev-Networking (A4E4105C-59A1-49B5-A7C5-40C4547EDFEE): 0
LogDevObjectVersion:   Dev-Online (39C831C9-5AE6-47DC-9A44-9C173E1C8E7C): 0
LogDevObjectVersion:   Dev-Physics (78F01B33-EBEA-4F98-B9B4-84EACCB95AA2): 0
LogDevObjectVersion:   Dev-Platform (6631380F-2D4D-43E0-8009-CF276956A95A): 0
LogDevObjectVersion:   Dev-Rendering (12F88B9F-8875-4AFC-A67C-D90C383ABD29): 26
LogDevObjectVersion:   Dev-Sequencer (7B5AE74C-D270-4C10-A958-57980B212A5A): 9
LogDevObjectVersion:   Dev-VR (D7296918-1DD6-4BDD-9DE2-64A83CC13884): 2
LogDevObjectVersion:   Dev-LoadTimes (C2A15278-BFE7-4AFE-6C17-90FF531DF755): 1
LogDevObjectVersion:   Private-Geometry (6EACA3D4-40EC-4CC1-B786-8BED09428FC5): 3
LogDevObjectVersion:   Dev-AnimPhys (29E575DD-E0A3-4627-9D10-D276232CDCEA): 17
LogDevObjectVersion:   Dev-ReflectionCapture (6B266CEC-1EC7-4B8F-A30B-E4D90942FC07): 1
LogDevObjectVersion:   Dev-Automation (0DF73D61-A23F-47EA-B727-89E90C41499A): 1
LogDevObjectVersion:   FortniteMain (601D1886-AC64-4F84-AA16-D3DE0DEAC7D6): 12
LogDevObjectVersion:   Dev-Enterprise (9DFFBCD6-494F-0158-E221-12823C92A888): 1
LogStreaming: Display: Took  0.006s to delete old logs.
LogInit: Presizing for max 8388607 objects, including 0 objects not considered by GC, pre-allocating 0 bytes for permanent pool.
LogInit: Object subsystem initialized
[2018.11.21-11.03.24:963][  0]LogInit: Selected Device Profile: [Windows]
[2018.11.21-11.03.24:963][  0]LogInit: Applying CVar settings loaded from the selected device profile: [Windows]
[2018.11.21-11.03.24:980][  0]LogHAL: Display: Platform has ~ 16 GB [17057783808 / 17179869184 / 16], which maps to Larger [LargestMinGB=32, LargerMinGB=12, DefaultMinGB=8, SmallerMinGB=6, SmallestMinGB=0)
[2018.11.21-11.03.24:980][  0]LogInit: Setting Device Profile CVar: [[r.Vulkan.UseRealUBs:1]]
[2018.11.21-11.03.24:981][  0]LogInit: Going up to parent DeviceProfile []
[2018.11.21-11.03.24:981][  0]LogInit: Computer: DESKTOP-81T1O89
[2018.11.21-11.03.24:981][  0]LogInit: User: wzeitler
[2018.11.21-11.03.24:981][  0]LogInit: CPU Page size=4096, Cores=2
[2018.11.21-11.03.24:981][  0]LogInit: High frequency timer resolution =2.343753 MHz
[2018.11.21-11.03.24:982][  0]LogMemory: Memory total: Physical=15.9GB (16GB approx)
[2018.11.21-11.03.24:982][  0]LogMemory: Platform Memory Stats for Windows
[2018.11.21-11.03.24:982][  0]LogMemory: Process Physical Memory: 101.40 MB used, 101.40 MB peak
[2018.11.21-11.03.24:982][  0]LogMemory: Process Virtual Memory: 84.08 MB used, 84.08 MB peak
[2018.11.21-11.03.24:982][  0]LogMemory: Physical Memory: 5982.12 MB used,  10285.45 MB free, 16267.57 MB total
[2018.11.21-11.03.24:982][  0]LogMemory: Virtual Memory: 4616.31 MB used,  10285.45 MB free, 134217728.00 MB total
[2018.11.21-11.03.25:141][  0]LogInit: Using OS detected language (de-DE).
[2018.11.21-11.03.25:141][  0]LogInit: Using OS detected locale (de-DE).
[2018.11.21-11.03.25:142][  0]LogTextLocalizationManager: No specific localization for 'de-DE' exists, so the 'de' localization will be used.
[2018.11.21-11.03.25:145][  0]LogStreaming: Display: Took  0.004s to InitEngineTextLocalization.
[2018.11.21-11.03.25:145][  0]LogInit: Setting process to per monitor DPI aware
[2018.11.21-11.03.25:224][  0]LogSlate: New Slate User Created.  User Index 0, Is Virtual User: 0
[2018.11.21-11.03.25:224][  0]LogSlate: Slate User Registered.  User Index 0, Is Virtual User: 0
[2018.11.21-11.03.25:542][  0]LogHMD: Failed to initialize OpenVR with code 110
[2018.11.21-11.03.25:543][  0]LogD3D11RHI: D3D11 adapters:
[2018.11.21-11.03.25:600][  0]LogD3D11RHI:    0. 'Intel(R) HD Graphics 520' (Feature Level 11_0)
[2018.11.21-11.03.25:600][  0]LogD3D11RHI:       128/0/8133 MB DedicatedVideo/DedicatedSystem/SharedSystem, Outputs:1, VendorId:0x8086
[2018.11.21-11.03.25:616][  0]LogD3D11RHI:    1. 'Microsoft Basic Render Driver' (Feature Level 11_0)
[2018.11.21-11.03.25:616][  0]LogD3D11RHI:       0/0/8133 MB DedicatedVideo/DedicatedSystem/SharedSystem, Outputs:0, VendorId:0x1414
[2018.11.21-11.03.25:616][  0]LogD3D11RHI: Chosen D3D11 Adapter: 0
[2018.11.21-11.03.25:624][  0]LogD3D11RHI: Creating new Direct3DDevice
[2018.11.21-11.03.25:624][  0]LogD3D11RHI:     GPU DeviceId: 0x1916 (for the marketing name, search the web for "GPU Device Id")
[2018.11.21-11.03.25:624][  0]LogWindows: EnumDisplayDevices:
[2018.11.21-11.03.25:624][  0]LogWindows:    0. 'Intel(R) HD Graphics 520' (P:1 D:1)
[2018.11.21-11.03.25:625][  0]LogWindows:    1. 'Intel(R) HD Graphics 520' (P:0 D:0)
[2018.11.21-11.03.25:625][  0]LogWindows:    2. 'Intel(R) HD Graphics 520' (P:0 D:0)
[2018.11.21-11.03.25:626][  0]LogWindows: DebugString: FoundDriverCount:3 
[2018.11.21-11.03.25:626][  0]LogD3D11RHI:     Adapter Name: Intel(R) HD Graphics 520
[2018.11.21-11.03.25:626][  0]LogD3D11RHI:   Driver Version: 22.20.16.4749 (internal:22.20.16.4749, unified:22.20.16.4749)
[2018.11.21-11.03.25:626][  0]LogD3D11RHI:      Driver Date: 7-24-2017
[2018.11.21-11.03.25:626][  0]LogRHI: Texture pool is 1523 MB (70% of 2176 MB)
[2018.11.21-11.03.25:653][  0]LogD3D11RHI: Async texture creation enabled
[2018.11.21-11.03.25:663][  0]LogD3D11RHI: GPU Timing Frequency: 12.000000 (Debug: 2 0)
[2018.11.21-11.03.25:664][  0]LogShaderCompilers: Guid format shader working directory is -46 characters bigger than the processId version (../../../../../../Users/wzeitler/Desktop/GameEngines/EX3_Waldemar_Zeitler/EX3_Waldemar_Zeitler/Intermediate/Shaders/WorkingDirectory/12856/).
[2018.11.21-11.03.25:665][  0]LogShaderCompilers: Cleaned the shader compiler working directory 'C:/Users/wzeitler/AppData/Local/Temp/UnrealShaderWorkingDir/BAB3A8F64AD9EA50FEE6E4B5D0FA868D/'.
[2018.11.21-11.03.26:185][  0]LogTemp: Display: Loaded TP AllDesktopTargetPlatform
[2018.11.21-11.03.26:212][  0]LogTemp: Display: Loaded TP MacClientTargetPlatform
[2018.11.21-11.03.26:237][  0]LogTemp: Display: Loaded TP MacNoEditorTargetPlatform
[2018.11.21-11.03.26:265][  0]LogTemp: Display: Loaded TP MacServerTargetPlatform
[2018.11.21-11.03.26:295][  0]LogTemp: Display: Loaded TP MacTargetPlatform
[2018.11.21-11.03.26:322][  0]LogTemp: Display: Loaded TP WindowsClientTargetPlatform
[2018.11.21-11.03.26:350][  0]LogTemp: Display: Loaded TP WindowsNoEditorTargetPlatform
[2018.11.21-11.03.26:376][  0]LogTemp: Display: Loaded TP WindowsServerTargetPlatform
[2018.11.21-11.03.26:392][  0]LogTemp: Display: Loaded TP WindowsTargetPlatform
[2018.11.21-11.03.26:514][  0]LogTemp: Display: Loaded TP AndroidTargetPlatform
[2018.11.21-11.03.26:514][  0]LogTemp: Display: Loaded TP AndroidTargetPlatform
[2018.11.21-11.03.26:514][  0]LogTemp: Display: Loaded TP AndroidTargetPlatform
[2018.11.21-11.03.26:514][  0]LogTemp: Display: Loaded TP AndroidTargetPlatform
[2018.11.21-11.03.26:514][  0]LogTemp: Display: Loaded TP AndroidTargetPlatform
[2018.11.21-11.03.26:514][  0]LogTemp: Display: Loaded TP AndroidTargetPlatform
[2018.11.21-11.03.26:514][  0]LogTemp: Display: Loaded TP AndroidTargetPlatform
[2018.11.21-11.03.26:514][  0]LogTemp: Display: Loaded TP AndroidTargetPlatform
[2018.11.21-11.03.26:515][  0]LogTemp: Display: Loaded TP AndroidTargetPlatform
[2018.11.21-11.03.26:515][  0]LogTemp: Display: Loaded TP AndroidTargetPlatform
[2018.11.21-11.03.26:515][  0]LogTemp: Display: Loaded TP AndroidTargetPlatform
[2018.11.21-11.03.26:515][  0]LogTemp: Display: Loaded TP AndroidTargetPlatform
[2018.11.21-11.03.26:515][  0]LogTemp: Display: Loaded TP AndroidTargetPlatform
[2018.11.21-11.03.26:515][  0]LogTemp: Display: Loaded TP AndroidTargetPlatform
[2018.11.21-11.03.26:515][  0]LogTemp: Display: Loaded TP AndroidTargetPlatform
[2018.11.21-11.03.26:515][  0]LogTemp: Display: Loaded TP AndroidTargetPlatform
[2018.11.21-11.03.26:515][  0]LogTemp: Display: Loaded TP AndroidTargetPlatform
[2018.11.21-11.03.26:515][  0]LogTemp: Display: Loaded TP AndroidTargetPlatform
[2018.11.21-11.03.26:520][  0]LogTemp: Display: Loaded TP HTML5TargetPlatform
[2018.11.21-11.03.26:637][  0]LogTemp: Display: Loaded TP IOSTargetPlatform
[2018.11.21-11.03.26:638][  0]LogTemp: Display: Loaded TP IOSTargetPlatform
[2018.11.21-11.03.26:673][  0]LogTemp: Display: Loaded TP TVOSTargetPlatform
[2018.11.21-11.03.26:673][  0]LogTemp: Display: Loaded TP TVOSTargetPlatform
[2018.11.21-11.03.26:693][  0]LogTemp: Display: Loaded TP LinuxClientTargetPlatform
[2018.11.21-11.03.26:715][  0]LogTemp: Display: Loaded TP LinuxNoEditorTargetPlatform
[2018.11.21-11.03.26:738][  0]LogTemp: Display: Loaded TP LinuxServerTargetPlatform
[2018.11.21-11.03.26:760][  0]LogTemp: Display: Loaded TP LinuxTargetPlatform
[2018.11.21-11.03.26:777][  0]LogTemp: Display: Loaded TP LuminTargetPlatform
[2018.11.21-11.03.26:778][  0]LogTargetPlatformManager: Display: Building Assets For Windows
[2018.11.21-11.03.26:964][  0]LogXGEController: Cleaning working directory: C:/Users/wzeitler/AppData/Local/Temp/UnrealXGEWorkingDir/
[2018.11.21-11.03.26:965][  0]LogXGEController: Cannot use XGE Controller as Incredibuild is not installed on this machine.
[2018.11.21-11.03.26:965][  0]LogShaderCompilers: Cannot use XGE Shader Compiler as Incredibuild is not installed on this machine.
[2018.11.21-11.03.26:965][  0]LogShaderCompilers: Display: Using Local Shader Compiler.
[2018.11.21-11.03.27:887][  0]LogDerivedDataCache: Display: Max Cache Size: 512 MB
[2018.11.21-11.03.27:962][  0]LogDerivedDataCache: Loaded boot cache 0.07s 95MB C:/Users/wzeitler/AppData/Local/UnrealEngine/4.20/DerivedDataCache/Boot.ddc.
[2018.11.21-11.03.27:963][  0]LogDerivedDataCache: Display: Loaded Boot cache: C:/Users/wzeitler/AppData/Local/UnrealEngine/4.20/DerivedDataCache/Boot.ddc
[2018.11.21-11.03.27:963][  0]LogDerivedDataCache: FDerivedDataBackendGraph:  Pak pak cache file ../../../../../../Users/wzeitler/Desktop/GameEngines/EX3_Waldemar_Zeitler/EX3_Waldemar_Zeitler/DerivedDataCache/DDC.ddp not found, will not use a pak cache.
[2018.11.21-11.03.27:964][  0]LogDerivedDataCache: Unable to find inner node Pak for hierarchical cache Hierarchy.
[2018.11.21-11.03.27:964][  0]LogDerivedDataCache: FDerivedDataBackendGraph:  CompressedPak pak cache file ../../../../../../Users/wzeitler/Desktop/GameEngines/EX3_Waldemar_Zeitler/EX3_Waldemar_Zeitler/DerivedDataCache/Compressed.ddp not found, will not use a pak cache.
[2018.11.21-11.03.27:964][  0]LogDerivedDataCache: Unable to find inner node CompressedPak for hierarchical cache Hierarchy.
[2018.11.21-11.03.27:982][  0]LogDerivedDataCache: Display: Pak cache opened for reading ../../../Engine/DerivedDataCache/Compressed.ddp.
[2018.11.21-11.03.27:997][  0]LogDerivedDataCache: Using Local data cache path C:/Users/wzeitler/AppData/Local/UnrealEngine/Common/DerivedDataCache: Writable
[2018.11.21-11.03.27:997][  0]LogDerivedDataCache: Shared data cache path not found in *engine.ini, will not use an Shared cache.
[2018.11.21-11.03.27:997][  0]LogDerivedDataCache: Unable to find inner node Shared for hierarchical cache Hierarchy.
[2018.11.21-11.03.28:020][  0]LogMaterial: Verifying Global Shaders for PCD3D_SM5
[2018.11.21-11.03.28:022][  0]LogSlate: Using FreeType 2.6.0
[2018.11.21-11.03.28:023][  0]LogSlate: SlateFontServices - WITH_FREETYPE: 1, WITH_HARFBUZZ: 1
[2018.11.21-11.03.28:110][  0]LogAssetRegistry: FAssetRegistry took 0.0318 seconds to start up
[2018.11.21-11.03.28:510][  0]LogInit: Selected Device Profile: [Windows]
[2018.11.21-11.03.28:726][  0]LogSimplygon: Simplygon DLL not present - disabling.
[2018.11.21-11.03.28:741][  0]LogMeshReduction: Using SimplygonSwarm for distributed automatic mesh merging
[2018.11.21-11.03.28:741][  0]LogMeshReduction: Using ProxyLODMeshReduction for automatic mesh merging
[2018.11.21-11.03.28:741][  0]LogMeshReduction: Using QuadricMeshReduction for automatic static mesh reduction
[2018.11.21-11.03.28:742][  0]LogMeshReduction: No automatic skeletal mesh reduction module available
[2018.11.21-11.03.28:764][  0]LogNetVersion: EX3_Waldemar_Zeitler 1.0.0, NetCL: 4212847, EngineNetVer: 5, GameNetVer: 0 (Checksum: 1933313273)
[2018.11.21-11.03.29:518][  0]LogPackageLocalizationCache: Processed 11 localized package path(s) for 2 prioritized culture(s) in 0.176303 seconds
[2018.11.21-11.03.29:525][  0]LogUObjectArray: 38425 objects as part of root set at end of initial load.
[2018.11.21-11.03.29:526][  0]LogUObjectAllocator: 6690864 out of 0 bytes used by permanent object pool.
[2018.11.21-11.03.29:526][  0]LogUObjectArray: CloseDisregardForGC: 0/0 objects in disregard for GC pool
[2018.11.21-11.03.30:776][  0]LogTcpMessaging: Initializing TcpMessaging bridge
[2018.11.21-11.03.30:801][  0]LogUdpMessaging: Initializing bridge on interface 0.0.0.0:0 to multicast group 230.0.0.1:6666.
[2018.11.21-11.03.31:117][  0]SourceControl: Source control is disabled
[2018.11.21-11.03.31:117][  0]SourceControl: Source control is disabled
[2018.11.21-11.03.31:122][  0]SourceControl: Source control is disabled
[2018.11.21-11.03.31:129][  0]SourceControl: Source control is disabled
[2018.11.21-11.03.31:519][  0]LogAndroidPermission: UAndroidPermissionCallbackProxy::GetInstance
[2018.11.21-11.03.31:635][  0]LogOcInput: OculusInput pre-init called
[2018.11.21-11.03.31:733][  0]LogEngine: Initializing Engine...
[2018.11.21-11.03.31:734][  0]LogHMD: Failed to initialize OpenVR with code 110
[2018.11.21-11.03.31:736][  0]LogStats: UGameplayTagsManager::ConstructGameplayTagTree: ImportINI prefixes -  0.000 s
[2018.11.21-11.03.31:736][  0]LogStats: UGameplayTagsManager::ConstructGameplayTagTree: Construct from data asset -  0.000 s
[2018.11.21-11.03.31:736][  0]LogStats: UGameplayTagsManager::ConstructGameplayTagTree: ImportINI -  0.000 s
[2018.11.21-11.03.31:736][  0]LogStats: UGameplayTagsManager::ConstructGameplayTagTree: GameplayTagTreeChangedEvent.Broadcast -  0.000 s
[2018.11.21-11.03.32:006][  0]LogInit: Initializing FReadOnlyCVARCache
[2018.11.21-11.03.32:025][  0]LogAIModule: Creating AISystem for world Untitled
[2018.11.21-11.03.32:039][  0]LogInit: XAudio2 using 'Lautsprecher/Kopfhörer (Realtek High Definition Audio)' : 2 channels at 48 kHz using 32 bits per sample (channel mask 0x3)
[2018.11.21-11.03.32:335][  0]LogInit: FAudioDevice initialized.
[2018.11.21-11.03.32:336][  0]LogNetVersion: Set ProjectVersion to 1.0.0.0. Version Checksum will be recalculated on next use.
[2018.11.21-11.03.32:431][  0]LogDerivedDataCache: Saved boot cache 0.09s 75MB C:/Users/wzeitler/AppData/Local/UnrealEngine/4.20/DerivedDataCache/Boot.ddc.
[2018.11.21-11.03.32:432][  0]LogInit: Texture streaming: Enabled
[2018.11.21-11.03.32:476][  0]LogEngineSessionManager: EngineSessionManager initialized
[2018.11.21-11.03.32:501][  0]LogInit: Transaction tracking system initialized
[2018.11.21-11.03.32:573][  0]BlueprintLog: New page: Editor Load
[2018.11.21-11.03.32:808][  0]LocalizationService: Localization service is disabled
[2018.11.21-11.03.33:238][  0]LogCook: Display: Max memory allowance for cook 16384mb min free memory 0mb
[2018.11.21-11.03.33:239][  0]LogCook: Display: Mobile HDR setting 1
[2018.11.21-11.03.33:239][  0]LogGameplayTags: Display: UGameplayTagsManager::DoneAddingNativeTags. DelegateIsBound: 0
[2018.11.21-11.03.33:239][  0]LogStats: UGameplayTagsManager::ConstructGameplayTagTree: ImportINI prefixes -  0.000 s
[2018.11.21-11.03.33:239][  0]LogStats: UGameplayTagsManager::ConstructGameplayTagTree: Construct from data asset -  0.000 s
[2018.11.21-11.03.33:239][  0]LogStats: UGameplayTagsManager::ConstructGameplayTagTree: ImportINI -  0.000 s
[2018.11.21-11.03.33:239][  0]LogStats: UGameplayTagsManager::ConstructGameplayTagTree: GameplayTagTreeChangedEvent.Broadcast -  0.000 s
[2018.11.21-11.03.33:494][  0]LogFileCache: Scanning file cache for directory 'C:/Users/wzeitler/Desktop/GameEngines/EX3_Waldemar_Zeitler/EX3_Waldemar_Zeitler/Content/' took 0.02s
[2018.11.21-11.03.33:494][  0]SourceControl: Source control is disabled
[2018.11.21-11.03.33:495][  0]LightingResults: New page: Lighting Build
[2018.11.21-11.03.33:499][  0]MapCheck: New page: Map Check
[2018.11.21-11.03.33:500][  0]LightingResults: New page: Lighting Build
[2018.11.21-11.03.33:786][  0]LogAIModule: Creating AISystem for world ThirdPersonExampleMap
[2018.11.21-11.03.33:795][  0]LogEditorServer: Finished looking for orphan Actors (0.000 secs)
[2018.11.21-11.03.33:838][  0]Cmd: MAP CHECKDEP NOCLEARLOG
[2018.11.21-11.03.33:931][  0]MapCheck: Map check complete: 0 Error(s), 0 Warning(s), took 92,882ms to complete.
[2018.11.21-11.03.33:931][  0]LogFileHelpers: Loading map 'ThirdPersonExampleMap' took 0.437
[2018.11.21-11.03.34:062][  0]LogSlate: Updating window title bar state: overlay mode, drag disabled, window buttons hidden, title bar hidden
[2018.11.21-11.03.34:072][  0]LogSlate: Updating window title bar state: overlay mode, drag disabled, window buttons hidden, title bar hidden
[2018.11.21-11.03.34:081][  0]LogSlate: Updating window title bar state: overlay mode, drag disabled, window buttons hidden, title bar hidden
[2018.11.21-11.03.34:091][  0]LogSlate: Updating window title bar state: overlay mode, drag disabled, window buttons hidden, title bar hidden
[2018.11.21-11.03.34:102][  0]LogCollectionManager: Loaded 0 collections in 0.002567 seconds
[2018.11.21-11.03.34:153][  0]LogFileCache: Scanning file cache for directory 'C:/Users/wzeitler/Desktop/GameEngines/EX3_Waldemar_Zeitler/EX3_Waldemar_Zeitler/Saved/Collections/' took 0.01s
[2018.11.21-11.03.34:153][  0]LogFileCache: Scanning file cache for directory 'C:/Users/wzeitler/Desktop/GameEngines/EX3_Waldemar_Zeitler/EX3_Waldemar_Zeitler/Content/Developers/wzeitler/Collections/' took 0.01s
[2018.11.21-11.03.34:153][  0]LogFileCache: Scanning file cache for directory 'C:/Users/wzeitler/Desktop/GameEngines/EX3_Waldemar_Zeitler/EX3_Waldemar_Zeitler/Content/Collections/' took 0.01s
[2018.11.21-11.03.34:153][  0]LogCollectionManager: Rebuilt the GUID cache for 0 collections in 0.000001 seconds
[2018.11.21-11.03.34:166][  0]LogContentBrowser: Native class hierarchy populated in 0.0123 seconds. Added 2574 classes and 605 folders.
[2018.11.21-11.03.34:177][  0]LogContentBrowser: Native class hierarchy updated for 'WidgetCarousel' in 0.0004 seconds. Added 0 classes and 0 folders.
[2018.11.21-11.03.34:237][  0]LogContentBrowser: Native class hierarchy updated for 'AddContentDialog' in 0.0006 seconds. Added 0 classes and 0 folders.
[2018.11.21-11.03.34:247][  0]LogContentBrowser: Native class hierarchy updated for 'SceneOutliner' in 0.0006 seconds. Added 1 classes and 2 folders.
[2018.11.21-11.03.34:334][  0]LogSlate: Took 0.000214 seconds to synchronously load lazily loaded font '../../../Engine/Content/Slate/Fonts/Roboto-Regular.ttf' (155K)
[2018.11.21-11.03.34:337][  0]LogSlate: Took 0.000259 seconds to synchronously load lazily loaded font '../../../Engine/Content/Slate/Fonts/Roboto-Bold.ttf' (160K)
[2018.11.21-11.03.34:345][  0]LogSlate: Took 0.000302 seconds to synchronously load lazily loaded font '../../../Engine/Content/Editor/Slate/Fonts/FontAwesome.ttf' (139K)
[2018.11.21-11.03.34:439][  0]LogRenderer: Reallocating scene render targets to support 1076x412 Format 10 NumSamples 1 (Frame:1).
[2018.11.21-11.03.35:437][  0]LogContentBrowser: Native class hierarchy updated for 'HierarchicalLODOutliner' in 0.0006 seconds. Added 0 classes and 0 folders.
[2018.11.21-11.03.35:437][  0]LogLoad: (Engine Initialization) Total time: 12.63 seconds
[2018.11.21-11.03.35:437][  0]LogLoad: (Engine Initialization) Total Blueprint compile time: 0.00 seconds
[2018.11.21-11.03.35:475][  0]LogWindowsTextInputMethodSystem: Display: IME system now deactivated.
[2018.11.21-11.03.35:495][  0]LogContentStreaming: Texture pool size now 1000 MB
[2018.11.21-11.03.35:532][  0]LogSlate: Took 0.000184 seconds to synchronously load lazily loaded font '../../../Engine/Content/Slate/Fonts/Roboto-Light.ttf' (167K)
[2018.11.21-11.03.35:839][  2]LogAssetRegistry: Asset discovery search completed in 7.7561 seconds
[2018.11.21-11.03.35:843][  2]LogCollectionManager: Rebuilt the object cache for 0 collections in 0.000001 seconds (found 0 objects)
[2018.11.21-11.03.35:843][  2]LogCollectionManager: Fixed up redirectors for 0 collections in 0.000222 seconds (updated 0 objects)
[2018.11.21-11.03.43:045][806]LogSlate: FSceneViewport::OnFocusLost() reason 2
[2018.11.21-11.04.11:447][476]LogSlate: FSceneViewport::OnFocusLost() reason 2
