Log file open, 11/21/18 09:27:12
LogWindows: Failed to load 'aqProf.dll' (GetLastError=126)
LogWindows: File 'aqProf.dll' does not exist
LogWindows: Failed to load 'VtuneApi.dll' (GetLastError=126)
LogWindows: File 'VtuneApi.dll' does not exist
LogWindows: Failed to load 'VtuneApi32e.dll' (GetLastError=126)
LogWindows: File 'VtuneApi32e.dll' does not exist
LogInit: Display: Running engine for game: EX3_Waldemar_Zeitler
LogPlatformFile: Not using cached read wrapper
LogTaskGraph: Started task graph with 5 named threads and 23 total threads with 3 sets of task threads.
LogStats: Stats thread started at 0.380030
LogD3D11RHI: Loaded GFSDK_Aftermath_Lib.x64.dll
LogICUInternationalization: Display: ICU TimeZone Detection - Raw Offset: +1:00, Platform Override: ''
LogPluginManager: Mounting plugin Paper2D
LogPluginManager: Mounting plugin AISupport
LogPluginManager: Mounting plugin LightPropagationVolume
LogPluginManager: Mounting plugin CLionSourceCodeAccess
LogPluginManager: Mounting plugin CodeLiteSourceCodeAccess
LogPluginManager: Mounting plugin GitSourceControl
LogPluginManager: Mounting plugin KDevelopSourceCodeAccess
LogPluginManager: Mounting plugin NullSourceCodeAccess
LogPluginManager: Mounting plugin PerforceSourceControl
LogPluginManager: Mounting plugin SubversionSourceControl
LogPluginManager: Mounting plugin UObjectPlugin
LogPluginManager: Mounting plugin VisualStudioCodeSourceCodeAccess
LogPluginManager: Mounting plugin VisualStudioSourceCodeAccess
LogPluginManager: Mounting plugin XCodeSourceCodeAccess
LogPluginManager: Mounting plugin AssetManagerEditor
LogPluginManager: Mounting plugin CryptoKeys
LogPluginManager: Mounting plugin DataValidation
LogPluginManager: Mounting plugin FacialAnimation
LogPluginManager: Mounting plugin GameplayTagsEditor
LogPluginManager: Mounting plugin MacGraphicsSwitching
LogPluginManager: Mounting plugin MeshEditor
LogPluginManager: Mounting plugin MobileLauncherProfileWizard
LogPluginManager: Mounting plugin PluginBrowser
LogPluginManager: Mounting plugin SpeedTreeImporter
LogPluginManager: Mounting plugin DatasmithContent
LogPluginManager: Mounting plugin AlembicImporter
LogPluginManager: Mounting plugin AppleImageUtils
LogPluginManager: Mounting plugin AppleVision
LogPluginManager: Mounting plugin BackChannel
LogPluginManager: Mounting plugin CharacterAI
LogPluginManager: Mounting plugin GeometryCache
LogPluginManager: Mounting plugin HTML5Networking
LogPluginManager: Mounting plugin ProxyLODPlugin
LogPluginManager: Mounting plugin MagicLeap
LogPluginManager: Mounting plugin MagicLeapEmulator
LogPluginManager: Mounting plugin MagicLeapMedia
LogPluginManager: Mounting plugin AndroidMedia
LogPluginManager: Mounting plugin AvfMedia
LogPluginManager: Mounting plugin ImgMedia
LogPluginManager: Mounting plugin LinearTimecode
LogPluginManager: Mounting plugin MediaCompositing
LogPluginManager: Mounting plugin MediaPlayerEditor
LogPluginManager: Mounting plugin WmfMedia
LogPluginManager: Mounting plugin TcpMessaging
LogPluginManager: Mounting plugin UdpMessaging
LogPluginManager: Mounting plugin ActorSequence
LogPluginManager: Mounting plugin LevelSequenceEditor
LogPluginManager: Mounting plugin MatineeToLevelSequence
LogPluginManager: Mounting plugin NetcodeUnitTest
LogPluginManager: Mounting plugin NUTUnrealEngine4
LogPluginManager: Mounting plugin OnlineSubsystemGooglePlay
LogPluginManager: Mounting plugin OnlineSubsystemIOS
LogPluginManager: Mounting plugin OnlineSubsystem
LogPluginManager: Mounting plugin OnlineSubsystemNull
LogPluginManager: Mounting plugin OnlineSubsystemUtils
LogPluginManager: Mounting plugin LauncherChunkInstaller
LogPluginManager: Mounting plugin AndroidDeviceProfileSelector
LogPluginManager: Mounting plugin AndroidMoviePlayer
LogPluginManager: Mounting plugin AndroidPermission
LogPluginManager: Mounting plugin AppleMoviePlayer
LogPluginManager: Mounting plugin ArchVisCharacter
LogPluginManager: Mounting plugin AudioCapture
LogPluginManager: Mounting plugin CableComponent
LogPluginManager: Mounting plugin CustomMeshComponent
LogPluginManager: Mounting plugin EditableMesh
LogPluginManager: Mounting plugin ExampleDeviceProfileSelector
LogPluginManager: Mounting plugin GoogleCloudMessaging
LogPluginManager: Mounting plugin ImmediatePhysics
LogPluginManager: Mounting plugin IOSDeviceProfileSelector
LogPluginManager: Mounting plugin LinuxDeviceProfileSelector
LogPluginManager: Mounting plugin LocationServicesBPLibrary
LogPluginManager: Mounting plugin MobilePatchingUtils
LogPluginManager: Mounting plugin OculusVR
LogPluginManager: Plugin shader directory ../../../Engine/Plugins/Runtime/Oculus/OculusVR/Shaders found
LogPluginManager: Mapping shader source directory ../../../Engine/Plugins/Runtime/Oculus/OculusVR/Shaders to virtual directory /Plugin/OculusVR
LogPluginManager: Mounting plugin PhysXVehicles
LogPluginManager: Mounting plugin ProceduralMeshComponent
LogPluginManager: Mounting plugin RuntimePhysXCooking
LogPluginManager: Mounting plugin SteamVR
LogPluginManager: Mounting plugin WindowsMoviePlayer
LogStreaming: Display: Took  0.127s to configure plugins.
LogInit: Using libcurl 7.55.1-DEV
LogInit:  - built for x86_64-pc-win32
LogInit:  - supports SSL with OpenSSL/1.0.2h
LogInit:  - supports HTTP deflate (compression) using libz 1.2.8
LogInit:  - other features:
LogInit:      CURL_VERSION_SSL
LogInit:      CURL_VERSION_LIBZ
LogInit:      CURL_VERSION_IPV6
LogInit:      CURL_VERSION_ASYNCHDNS
LogInit:      CURL_VERSION_LARGEFILE
LogInit:      CURL_VERSION_IDN
LogInit:  CurlRequestOptions (configurable via config and command line):
LogInit:  - bVerifyPeer = false  - Libcurl will NOT verify peer certificate
LogInit:  - bUseHttpProxy = false  - Libcurl will NOT use HTTP proxy
LogInit:  - bDontReuseConnections = false  - Libcurl will reuse connections
LogInit:  - CertBundlePath = nullptr  - Libcurl will use whatever was configured at build time.
LogInit:  - MaxHostConnections = 16  - Libcurl will limit the number of connections to a host
LogInit:  - LocalHostAddr = Default
LogInit:  - BufferSize = 65536
LogInit: WinSock: version 1.1 (2.2), MaxSocks=32767, MaxUdp=65467
LogInit: Build: ++UE4+Release-4.20-CL-4369336
LogInit: Engine Version: 4.20.3-4369336+++UE4+Release-4.20
LogInit: Compatible Engine Version: 4.20.0-4212847+++UE4+Release-4.20
LogInit: Net CL: 4212847
LogInit: OS: Windows 10 (), CPU: Intel(R) Core(TM) i7-4770K CPU @ 3.50GHz, GPU: NVIDIA GeForce GTX 980 Ti
LogInit: Compiled (64-bit): Sep 17 2018 12:26:19
LogInit: Compiled with Visual C++: 19.13.26129.00
LogInit: Build Configuration: DebugGame
LogInit: Branch Name: ++UE4+Release-4.20
LogInit: Command Line:  -skipcompile -debug
LogInit: Base Directory: E:/UE_4.20/Engine/Binaries/Win64/
LogInit: Installed Engine Build: 1
LogDevObjectVersion: Number of dev versions registered: 20
LogDevObjectVersion:   Dev-Blueprints (B0D832E4-1F89-4F0D-ACCF-7EB736FD4AA2): 10
LogDevObjectVersion:   Dev-Build (E1C64328-A22C-4D53-A36C-8E866417BD8C): 0
LogDevObjectVersion:   Dev-Core (375EC13C-06E4-48FB-B500-84F0262A717E): 2
LogDevObjectVersion:   Dev-Editor (E4B068ED-F494-42E9-A231-DA0B2E46BB41): 24
LogDevObjectVersion:   Dev-Framework (CFFC743F-43B0-4480-9391-14DF171D2073): 34
LogDevObjectVersion:   Dev-Mobile (B02B49B5-BB20-44E9-A304-32B752E40360): 2
LogDevObjectVersion:   Dev-Networking (A4E4105C-59A1-49B5-A7C5-40C4547EDFEE): 0
LogDevObjectVersion:   Dev-Online (39C831C9-5AE6-47DC-9A44-9C173E1C8E7C): 0
LogDevObjectVersion:   Dev-Physics (78F01B33-EBEA-4F98-B9B4-84EACCB95AA2): 0
LogDevObjectVersion:   Dev-Platform (6631380F-2D4D-43E0-8009-CF276956A95A): 0
LogDevObjectVersion:   Dev-Rendering (12F88B9F-8875-4AFC-A67C-D90C383ABD29): 26
LogDevObjectVersion:   Dev-Sequencer (7B5AE74C-D270-4C10-A958-57980B212A5A): 9
LogDevObjectVersion:   Dev-VR (D7296918-1DD6-4BDD-9DE2-64A83CC13884): 2
LogDevObjectVersion:   Dev-LoadTimes (C2A15278-BFE7-4AFE-6C17-90FF531DF755): 1
LogDevObjectVersion:   Private-Geometry (6EACA3D4-40EC-4CC1-B786-8BED09428FC5): 3
LogDevObjectVersion:   Dev-AnimPhys (29E575DD-E0A3-4627-9D10-D276232CDCEA): 17
LogDevObjectVersion:   Dev-ReflectionCapture (6B266CEC-1EC7-4B8F-A30B-E4D90942FC07): 1
LogDevObjectVersion:   Dev-Automation (0DF73D61-A23F-47EA-B727-89E90C41499A): 1
LogDevObjectVersion:   FortniteMain (601D1886-AC64-4F84-AA16-D3DE0DEAC7D6): 12
LogDevObjectVersion:   Dev-Enterprise (9DFFBCD6-494F-0158-E221-12823C92A888): 1
LogStreaming: Display: Took  0.004s to delete old logs.
LogInit: Presizing for max 8388607 objects, including 0 objects not considered by GC, pre-allocating 0 bytes for permanent pool.
LogInit: Object subsystem initialized
[2018.11.21-08.27.12:667][  0]LogInit: Selected Device Profile: [Windows]
[2018.11.21-08.27.12:668][  0]LogInit: Applying CVar settings loaded from the selected device profile: [Windows]
[2018.11.21-08.27.12:682][  0]LogHAL: Display: Platform has ~ 32 GB [34294849536 / 34359738368 / 32], which maps to Largest [LargestMinGB=32, LargerMinGB=12, DefaultMinGB=8, SmallerMinGB=6, SmallestMinGB=0)
[2018.11.21-08.27.12:682][  0]LogInit: Setting Device Profile CVar: [[r.Vulkan.UseRealUBs:1]]
[2018.11.21-08.27.12:682][  0]LogInit: Going up to parent DeviceProfile []
[2018.11.21-08.27.12:683][  0]LogInit: Computer: WIN-291-02
[2018.11.21-08.27.12:683][  0]LogInit: User: Admin
[2018.11.21-08.27.12:683][  0]LogInit: CPU Page size=4096, Cores=4
[2018.11.21-08.27.12:683][  0]LogInit: High frequency timer resolution =3.423911 MHz
[2018.11.21-08.27.12:683][  0]LogMemory: Memory total: Physical=31.9GB (32GB approx)
[2018.11.21-08.27.12:683][  0]LogMemory: Platform Memory Stats for Windows
[2018.11.21-08.27.12:683][  0]LogMemory: Process Physical Memory: 105.66 MB used, 105.66 MB peak
[2018.11.21-08.27.12:684][  0]LogMemory: Process Virtual Memory: 94.92 MB used, 94.92 MB peak
[2018.11.21-08.27.12:684][  0]LogMemory: Physical Memory: 8049.30 MB used,  24656.81 MB free, 32706.12 MB total
[2018.11.21-08.27.12:684][  0]LogMemory: Virtual Memory: 4658.54 MB used,  24656.81 MB free, 134217728.00 MB total
[2018.11.21-08.27.12:809][  0]LogInit: Using OS detected language (en-US).
[2018.11.21-08.27.12:809][  0]LogInit: Using OS detected locale (en-US).
[2018.11.21-08.27.12:810][  0]LogTextLocalizationManager: No specific localization for 'en-US' exists, so the 'en' localization will be used.
[2018.11.21-08.27.13:186][  0]LogStreaming: Display: Took  0.378s to InitEngineTextLocalization.
[2018.11.21-08.27.13:186][  0]LogInit: Setting process to per monitor DPI aware
[2018.11.21-08.27.13:260][  0]LogSlate: New Slate User Created.  User Index 0, Is Virtual User: 0
[2018.11.21-08.27.13:260][  0]LogSlate: Slate User Registered.  User Index 0, Is Virtual User: 0
[2018.11.21-08.27.13:532][  0]LogD3D11RHI: D3D11 adapters:
[2018.11.21-08.27.13:621][  0]LogD3D11RHI:    0. 'NVIDIA GeForce GTX 980 Ti' (Feature Level 11_0)
[2018.11.21-08.27.13:621][  0]LogD3D11RHI:       6097/0/16353 MB DedicatedVideo/DedicatedSystem/SharedSystem, Outputs:2, VendorId:0x10de
[2018.11.21-08.27.13:629][  0]LogD3D11RHI:    1. 'Microsoft Basic Render Driver' (Feature Level 11_0)
[2018.11.21-08.27.13:629][  0]LogD3D11RHI:       0/0/16353 MB DedicatedVideo/DedicatedSystem/SharedSystem, Outputs:0, VendorId:0x1414
[2018.11.21-08.27.13:629][  0]LogD3D11RHI: Chosen D3D11 Adapter: 0
[2018.11.21-08.27.13:637][  0]LogD3D11RHI: Creating new Direct3DDevice
[2018.11.21-08.27.13:637][  0]LogD3D11RHI:     GPU DeviceId: 0x17c8 (for the marketing name, search the web for "GPU Device Id")
[2018.11.21-08.27.13:637][  0]LogWindows: EnumDisplayDevices:
[2018.11.21-08.27.13:637][  0]LogWindows:    0. 'NVIDIA GeForce GTX 980 Ti' (P:1 D:1)
[2018.11.21-08.27.13:638][  0]LogWindows:    1. 'NVIDIA GeForce GTX 980 Ti' (P:0 D:1)
[2018.11.21-08.27.13:638][  0]LogWindows:    2. 'NVIDIA GeForce GTX 980 Ti' (P:0 D:0)
[2018.11.21-08.27.13:639][  0]LogWindows:    3. 'NVIDIA GeForce GTX 980 Ti' (P:0 D:0)
[2018.11.21-08.27.13:639][  0]LogWindows: DebugString: FoundDriverCount:4 
[2018.11.21-08.27.13:639][  0]LogD3D11RHI:     Adapter Name: NVIDIA GeForce GTX 980 Ti
[2018.11.21-08.27.13:639][  0]LogD3D11RHI:   Driver Version: 391.24 (internal:23.21.13.9124, unified:391.24)
[2018.11.21-08.27.13:639][  0]LogD3D11RHI:      Driver Date: 3-15-2018
[2018.11.21-08.27.13:639][  0]LogRHI: Texture pool is 4268 MB (70% of 6097 MB)
[2018.11.21-08.27.13:687][  0]LogD3D11RHI: Async texture creation enabled
[2018.11.21-08.27.13:765][  0]LogD3D11RHI: GPU Timing Frequency: 1000.000000 (Debug: 2 2)
[2018.11.21-08.27.13:769][  0]LogShaderCompilers: Guid format shader working directory is 3 characters bigger than the processId version (C:/Users/Admin/Desktop/EX3_Waldemar_Zeitler/Intermediate/Shaders/WorkingDirectory/9252/).
[2018.11.21-08.27.13:769][  0]LogShaderCompilers: Cleaned the shader compiler working directory 'C:/Users/Admin/AppData/Local/Temp/UnrealShaderWorkingDir/74B5E40844AC4A470A4040A5AA8A07EC/'.
[2018.11.21-08.27.14:105][  0]LogTemp: Display: Loaded TP AllDesktopTargetPlatform
[2018.11.21-08.27.14:124][  0]LogTemp: Display: Loaded TP MacClientTargetPlatform
[2018.11.21-08.27.14:142][  0]LogTemp: Display: Loaded TP MacNoEditorTargetPlatform
[2018.11.21-08.27.14:158][  0]LogTemp: Display: Loaded TP MacServerTargetPlatform
[2018.11.21-08.27.14:174][  0]LogTemp: Display: Loaded TP MacTargetPlatform
[2018.11.21-08.27.14:190][  0]LogTemp: Display: Loaded TP WindowsClientTargetPlatform
[2018.11.21-08.27.14:207][  0]LogTemp: Display: Loaded TP WindowsNoEditorTargetPlatform
[2018.11.21-08.27.14:224][  0]LogTemp: Display: Loaded TP WindowsServerTargetPlatform
[2018.11.21-08.27.14:234][  0]LogTemp: Display: Loaded TP WindowsTargetPlatform
[2018.11.21-08.27.14:337][  0]LogTemp: Display: Loaded TP AndroidTargetPlatform
[2018.11.21-08.27.14:337][  0]LogTemp: Display: Loaded TP AndroidTargetPlatform
[2018.11.21-08.27.14:337][  0]LogTemp: Display: Loaded TP AndroidTargetPlatform
[2018.11.21-08.27.14:337][  0]LogTemp: Display: Loaded TP AndroidTargetPlatform
[2018.11.21-08.27.14:337][  0]LogTemp: Display: Loaded TP AndroidTargetPlatform
[2018.11.21-08.27.14:337][  0]LogTemp: Display: Loaded TP AndroidTargetPlatform
[2018.11.21-08.27.14:337][  0]LogTemp: Display: Loaded TP AndroidTargetPlatform
[2018.11.21-08.27.14:337][  0]LogTemp: Display: Loaded TP AndroidTargetPlatform
[2018.11.21-08.27.14:337][  0]LogTemp: Display: Loaded TP AndroidTargetPlatform
[2018.11.21-08.27.14:337][  0]LogTemp: Display: Loaded TP AndroidTargetPlatform
[2018.11.21-08.27.14:337][  0]LogTemp: Display: Loaded TP AndroidTargetPlatform
[2018.11.21-08.27.14:338][  0]LogTemp: Display: Loaded TP AndroidTargetPlatform
[2018.11.21-08.27.14:338][  0]LogTemp: Display: Loaded TP AndroidTargetPlatform
[2018.11.21-08.27.14:338][  0]LogTemp: Display: Loaded TP AndroidTargetPlatform
[2018.11.21-08.27.14:338][  0]LogTemp: Display: Loaded TP AndroidTargetPlatform
[2018.11.21-08.27.14:338][  0]LogTemp: Display: Loaded TP AndroidTargetPlatform
[2018.11.21-08.27.14:338][  0]LogTemp: Display: Loaded TP AndroidTargetPlatform
[2018.11.21-08.27.14:338][  0]LogTemp: Display: Loaded TP AndroidTargetPlatform
[2018.11.21-08.27.14:342][  0]LogTemp: Display: Loaded TP HTML5TargetPlatform
[2018.11.21-08.27.14:415][  0]LogTemp: Display: Loaded TP IOSTargetPlatform
[2018.11.21-08.27.14:415][  0]LogTemp: Display: Loaded TP IOSTargetPlatform
[2018.11.21-08.27.14:447][  0]LogTemp: Display: Loaded TP TVOSTargetPlatform
[2018.11.21-08.27.14:447][  0]LogTemp: Display: Loaded TP TVOSTargetPlatform
[2018.11.21-08.27.14:465][  0]LogTemp: Display: Loaded TP LinuxClientTargetPlatform
[2018.11.21-08.27.14:482][  0]LogTemp: Display: Loaded TP LinuxNoEditorTargetPlatform
[2018.11.21-08.27.14:500][  0]LogTemp: Display: Loaded TP LinuxServerTargetPlatform
[2018.11.21-08.27.14:519][  0]LogTemp: Display: Loaded TP LinuxTargetPlatform
[2018.11.21-08.27.14:535][  0]LogTemp: Display: Loaded TP LuminTargetPlatform
[2018.11.21-08.27.14:536][  0]LogTargetPlatformManager: Display: Building Assets For Windows
[2018.11.21-08.27.14:679][  0]LogXGEController: Cleaning working directory: C:/Users/Admin/AppData/Local/Temp/UnrealXGEWorkingDir/
[2018.11.21-08.27.14:679][  0]LogXGEController: Cannot use XGE Controller as Incredibuild is not installed on this machine.
[2018.11.21-08.27.14:679][  0]LogShaderCompilers: Cannot use XGE Shader Compiler as Incredibuild is not installed on this machine.
[2018.11.21-08.27.14:679][  0]LogShaderCompilers: Display: Using Local Shader Compiler.
[2018.11.21-08.27.15:481][  0]LogDerivedDataCache: Display: Max Cache Size: 512 MB
[2018.11.21-08.27.15:573][  0]LogDerivedDataCache: Loaded boot cache 0.09s 76MB C:/Users/Admin/AppData/Local/UnrealEngine/4.20/DerivedDataCache/Boot.ddc.
[2018.11.21-08.27.15:573][  0]LogDerivedDataCache: Display: Loaded Boot cache: C:/Users/Admin/AppData/Local/UnrealEngine/4.20/DerivedDataCache/Boot.ddc
[2018.11.21-08.27.15:573][  0]LogDerivedDataCache: FDerivedDataBackendGraph:  Pak pak cache file C:/Users/Admin/Desktop/EX3_Waldemar_Zeitler/DerivedDataCache/DDC.ddp not found, will not use a pak cache.
[2018.11.21-08.27.15:573][  0]LogDerivedDataCache: Unable to find inner node Pak for hierarchical cache Hierarchy.
[2018.11.21-08.27.15:573][  0]LogDerivedDataCache: FDerivedDataBackendGraph:  CompressedPak pak cache file C:/Users/Admin/Desktop/EX3_Waldemar_Zeitler/DerivedDataCache/Compressed.ddp not found, will not use a pak cache.
[2018.11.21-08.27.15:573][  0]LogDerivedDataCache: Unable to find inner node CompressedPak for hierarchical cache Hierarchy.
[2018.11.21-08.27.15:588][  0]LogDerivedDataCache: Display: Pak cache opened for reading ../../../Engine/DerivedDataCache/Compressed.ddp.
[2018.11.21-08.27.15:602][  0]LogDerivedDataCache: Using Local data cache path C:/Users/Admin/AppData/Local/UnrealEngine/Common/DerivedDataCache: Writable
[2018.11.21-08.27.15:602][  0]LogDerivedDataCache: Shared data cache path not found in *engine.ini, will not use an Shared cache.
[2018.11.21-08.27.15:602][  0]LogDerivedDataCache: Unable to find inner node Shared for hierarchical cache Hierarchy.
[2018.11.21-08.27.15:621][  0]LogMaterial: Verifying Global Shaders for PCD3D_SM5
[2018.11.21-08.27.15:623][  0]LogSlate: Using FreeType 2.6.0
[2018.11.21-08.27.15:625][  0]LogSlate: SlateFontServices - WITH_FREETYPE: 1, WITH_HARFBUZZ: 1
[2018.11.21-08.27.15:701][  0]LogAssetRegistry: FAssetRegistry took 0.0299 seconds to start up
[2018.11.21-08.27.16:046][  0]LogInit: Selected Device Profile: [Windows]
[2018.11.21-08.27.16:207][  0]LogSimplygon: Simplygon DLL not present - disabling.
[2018.11.21-08.27.16:218][  0]LogMeshReduction: Using SimplygonSwarm for distributed automatic mesh merging
[2018.11.21-08.27.16:218][  0]LogMeshReduction: Using ProxyLODMeshReduction for automatic mesh merging
[2018.11.21-08.27.16:218][  0]LogMeshReduction: Using QuadricMeshReduction for automatic static mesh reduction
[2018.11.21-08.27.16:218][  0]LogMeshReduction: No automatic skeletal mesh reduction module available
[2018.11.21-08.27.16:236][  0]LogNetVersion: EX3_Waldemar_Zeitler 1.0.0, NetCL: 4212847, EngineNetVer: 5, GameNetVer: 0 (Checksum: 1933313273)
[2018.11.21-08.27.16:798][  0]LogPackageLocalizationCache: Processed 11 localized package path(s) for 2 prioritized culture(s) in 0.144375 seconds
[2018.11.21-08.27.16:806][  0]LogUObjectArray: 38425 objects as part of root set at end of initial load.
[2018.11.21-08.27.16:806][  0]LogUObjectAllocator: 6690864 out of 0 bytes used by permanent object pool.
[2018.11.21-08.27.16:807][  0]LogUObjectArray: CloseDisregardForGC: 0/0 objects in disregard for GC pool
[2018.11.21-08.27.17:863][  0]LogTcpMessaging: Initializing TcpMessaging bridge
[2018.11.21-08.27.17:885][  0]LogUdpMessaging: Initializing bridge on interface 0.0.0.0:0 to multicast group 230.0.0.1:6666.
[2018.11.21-08.27.18:128][  0]SourceControl: Source control is disabled
[2018.11.21-08.27.18:128][  0]SourceControl: Source control is disabled
[2018.11.21-08.27.18:133][  0]SourceControl: Source control is disabled
[2018.11.21-08.27.18:138][  0]SourceControl: Source control is disabled
[2018.11.21-08.27.18:434][  0]LogAndroidPermission: UAndroidPermissionCallbackProxy::GetInstance
[2018.11.21-08.27.18:601][  0]LogOcInput: OculusInput pre-init called
[2018.11.21-08.27.18:690][  0]LogEngine: Initializing Engine...
[2018.11.21-08.27.18:692][  0]LogHMD: Oculus plugin initialized. Version: 4.20.3-4369336+++UE4+Release-4.20, OVRPlugin: 1.25.0
[2018.11.21-08.27.18:694][  0]LogStats: UGameplayTagsManager::ConstructGameplayTagTree: ImportINI prefixes -  0.000 s
[2018.11.21-08.27.18:694][  0]LogStats: UGameplayTagsManager::ConstructGameplayTagTree: Construct from data asset -  0.000 s
[2018.11.21-08.27.18:694][  0]LogStats: UGameplayTagsManager::ConstructGameplayTagTree: ImportINI -  0.000 s
[2018.11.21-08.27.18:694][  0]LogStats: UGameplayTagsManager::ConstructGameplayTagTree: GameplayTagTreeChangedEvent.Broadcast -  0.000 s
[2018.11.21-08.27.18:933][  0]LogInit: Initializing FReadOnlyCVARCache
[2018.11.21-08.27.18:970][  0]LogAIModule: Creating AISystem for world Untitled
[2018.11.21-08.27.19:004][  0]LogInit: XAudio2 using 'Headphones (2- Rift Audio)' : 2 channels at 48 kHz using 16 bits per sample (channel mask 0x3)
[2018.11.21-08.27.19:034][  0]LogInit: FAudioDevice initialized.
[2018.11.21-08.27.19:035][  0]LogNetVersion: Set ProjectVersion to 1.0.0.0. Version Checksum will be recalculated on next use.
[2018.11.21-08.27.19:150][  0]LogDerivedDataCache: Saved boot cache 0.11s 75MB C:/Users/Admin/AppData/Local/UnrealEngine/4.20/DerivedDataCache/Boot.ddc.
[2018.11.21-08.27.19:153][  0]LogInit: Texture streaming: Enabled
[2018.11.21-08.27.19:181][  0]LogEngineSessionManager: EngineSessionManager initialized
[2018.11.21-08.27.19:195][  0]LogInit: Transaction tracking system initialized
[2018.11.21-08.27.19:231][  0]BlueprintLog: New page: Editor Load
[2018.11.21-08.27.19:370][  0]LocalizationService: Localization service is disabled
[2018.11.21-08.27.19:709][  0]LogCook: Display: Max memory allowance for cook 16384mb min free memory 0mb
[2018.11.21-08.27.19:710][  0]LogCook: Display: Mobile HDR setting 1
[2018.11.21-08.27.19:710][  0]LogGameplayTags: Display: UGameplayTagsManager::DoneAddingNativeTags. DelegateIsBound: 0
[2018.11.21-08.27.19:710][  0]LogStats: UGameplayTagsManager::ConstructGameplayTagTree: ImportINI prefixes -  0.000 s
[2018.11.21-08.27.19:710][  0]LogStats: UGameplayTagsManager::ConstructGameplayTagTree: Construct from data asset -  0.000 s
[2018.11.21-08.27.19:711][  0]LogStats: UGameplayTagsManager::ConstructGameplayTagTree: ImportINI -  0.000 s
[2018.11.21-08.27.19:711][  0]LogStats: UGameplayTagsManager::ConstructGameplayTagTree: GameplayTagTreeChangedEvent.Broadcast -  0.000 s
[2018.11.21-08.27.19:927][  0]LogFileCache: Scanning file cache for directory 'C:/Users/Admin/Desktop/EX3_Waldemar_Zeitler/Content/' took 0.02s
[2018.11.21-08.27.19:927][  0]SourceControl: Source control is disabled
[2018.11.21-08.27.19:928][  0]Cmd: MAP LOAD FILE="C:/Users/Admin/Desktop/EX3_Waldemar_Zeitler/Content/ThirdPersonCPP/Maps/ThirdPersonExampleMap.umap" TEMPLATE=0 SHOWPROGRESS=1 FEATURELEVEL=3
[2018.11.21-08.27.19:928][  0]LightingResults: New page: Lighting Build
[2018.11.21-08.27.19:931][  0]MapCheck: New page: Map Check
[2018.11.21-08.27.19:932][  0]LightingResults: New page: Lighting Build
[2018.11.21-08.27.20:189][  0]LogAIModule: Creating AISystem for world ThirdPersonExampleMap
[2018.11.21-08.27.20:199][  0]LogEditorServer: Finished looking for orphan Actors (0.000 secs)
[2018.11.21-08.27.20:230][  0]Cmd: MAP CHECKDEP NOCLEARLOG
[2018.11.21-08.27.20:293][  0]MapCheck: Map check complete: 0 Error(s), 0 Warning(s), took 62.788ms to complete.
[2018.11.21-08.27.20:293][  0]LogFileHelpers: Loading map 'ThirdPersonExampleMap' took 0.366
[2018.11.21-08.27.20:407][  0]LogSlate: Updating window title bar state: overlay mode, drag disabled, window buttons hidden, title bar hidden
[2018.11.21-08.27.20:414][  0]LogSlate: Updating window title bar state: overlay mode, drag disabled, window buttons hidden, title bar hidden
[2018.11.21-08.27.20:422][  0]LogSlate: Updating window title bar state: overlay mode, drag disabled, window buttons hidden, title bar hidden
[2018.11.21-08.27.20:431][  0]LogSlate: Updating window title bar state: overlay mode, drag disabled, window buttons hidden, title bar hidden
[2018.11.21-08.27.20:439][  0]LogCollectionManager: Loaded 0 collections in 0.001917 seconds
[2018.11.21-08.27.20:487][  0]LogFileCache: Scanning file cache for directory 'C:/Users/Admin/Desktop/EX3_Waldemar_Zeitler/Saved/Collections/' took 0.01s
[2018.11.21-08.27.20:487][  0]LogFileCache: Scanning file cache for directory 'C:/Users/Admin/Desktop/EX3_Waldemar_Zeitler/Content/Developers/Admin/Collections/' took 0.01s
[2018.11.21-08.27.20:487][  0]LogFileCache: Scanning file cache for directory 'C:/Users/Admin/Desktop/EX3_Waldemar_Zeitler/Content/Collections/' took 0.01s
[2018.11.21-08.27.20:487][  0]LogCollectionManager: Rebuilt the GUID cache for 0 collections in 0.000000 seconds
[2018.11.21-08.27.20:498][  0]LogContentBrowser: Native class hierarchy populated in 0.0105 seconds. Added 2574 classes and 605 folders.
[2018.11.21-08.27.20:505][  0]LogContentBrowser: Native class hierarchy updated for 'WidgetCarousel' in 0.0004 seconds. Added 0 classes and 0 folders.
[2018.11.21-08.27.20:556][  0]LogContentBrowser: Native class hierarchy updated for 'AddContentDialog' in 0.0006 seconds. Added 0 classes and 0 folders.
[2018.11.21-08.27.20:565][  0]LogContentBrowser: Native class hierarchy updated for 'SceneOutliner' in 0.0007 seconds. Added 1 classes and 2 folders.
[2018.11.21-08.27.21:701][  0]LogSlate: Only BGRA pngs, bmps or icos are supported in by External Image Picker
[2018.11.21-08.27.21:735][  0]LogSlate: Took 0.000213 seconds to synchronously load lazily loaded font '../../../Engine/Content/Slate/Fonts/Roboto-Regular.ttf' (155K)
[2018.11.21-08.27.21:741][  0]LogSlate: Took 0.000237 seconds to synchronously load lazily loaded font '../../../Engine/Content/Slate/Fonts/Roboto-Bold.ttf' (160K)
[2018.11.21-08.27.21:755][  0]LogSlate: Took 0.000243 seconds to synchronously load lazily loaded font '../../../Engine/Content/Editor/Slate/Fonts/FontAwesome.ttf' (139K)
[2018.11.21-08.27.21:874][  0]LogTemp: Executing iPhonePackager certificates Engine -bundlename com.YourCompany.EX3WaldemarZeitler
[2018.11.21-08.27.21:874][  0]LogTemp: CWD: E:\UE_4.20\Engine\Binaries\DotNET\IOS
[2018.11.21-08.27.21:874][  0]LogTemp: Initial Dir: E:\UE_4.20
[2018.11.21-08.27.21:874][  0]LogTemp: Env CWD: E:\UE_4.20\Engine\Binaries\DotNET\IOS
[2018.11.21-08.27.21:874][  0]LogTemp: BranchPath = WIN-291-02/E/UE_4.20/Engine/Binaries --- GameBranchPath = WIN-291-02/E/UE_4.20/Engine/Binaries
[2018.11.21-08.27.21:874][  0]LogTemp: IPP ERROR: Could not find provision directory 'C:\Users\Admin\AppData\Local/Apple Computer/MobileDevice/Provisioning Profiles/'.
[2018.11.21-08.27.21:874][  0]LogRenderer: Reallocating scene render targets to support 1160x536 Format 10 NumSamples 1 (Frame:1).
[2018.11.21-08.27.22:026][  0]LogContentBrowser: Native class hierarchy updated for 'HierarchicalLODOutliner' in 0.0007 seconds. Added 0 classes and 0 folders.
[2018.11.21-08.27.22:026][  0]LogLoad: (Engine Initialization) Total time: 11.31 seconds
[2018.11.21-08.27.22:026][  0]LogLoad: (Engine Initialization) Total Blueprint compile time: 0.00 seconds
[2018.11.21-08.27.22:038][  0]LogWindowsTextInputMethodSystem: Display: IME system now deactivated.
[2018.11.21-08.27.22:038][  0]LogOcInput: OculusInput is initialized
[2018.11.21-08.27.22:064][  0]LogContentStreaming: Texture pool size now 1000 MB
[2018.11.21-08.27.22:105][  0]LogRenderer: Reallocating scene render targets to support 1160x552 Format 10 NumSamples 1 (Frame:2).
[2018.11.21-08.27.22:140][  0]LogSlate: Took 0.000176 seconds to synchronously load lazily loaded font '../../../Engine/Content/Slate/Fonts/Roboto-Light.ttf' (167K)
[2018.11.21-08.27.22:161][  1]LogAssetRegistry: Asset discovery search completed in 6.4846 seconds
[2018.11.21-08.27.22:164][  1]LogCollectionManager: Rebuilt the object cache for 0 collections in 0.000000 seconds (found 0 objects)
[2018.11.21-08.27.22:164][  1]LogCollectionManager: Fixed up redirectors for 0 collections in 0.000240 seconds (updated 0 objects)
[2018.11.21-08.27.24:769][303]LogSlate: FSceneViewport::OnFocusLost() reason 0
[2018.11.21-08.27.24:861][314]LogTemp: Repeating last play command: VR Preview
[2018.11.21-08.27.24:876][314]LogBlueprintUserMessages: Early PlayInEditor Detection: Level '/Game/ThirdPersonCPP/Maps/ThirdPersonExampleMap.ThirdPersonExampleMap:PersistentLevel' has LevelScriptBlueprint '/Game/ThirdPersonCPP/Maps/ThirdPersonExampleMap.ThirdPersonExampleMap:PersistentLevel.ThirdPersonExampleMap' with GeneratedClass '/Game/ThirdPersonCPP/Maps/ThirdPersonExampleMap.ThirdPersonExampleMap_C' with ClassGeneratedBy '/Game/ThirdPersonCPP/Maps/ThirdPersonExampleMap.ThirdPersonExampleMap:PersistentLevel.ThirdPersonExampleMap'
[2018.11.21-08.27.24:876][314]LogPlayLevel: PlayLevel: No blueprints needed recompiling
[2018.11.21-08.27.24:877][314]LogHMD: Initializing OVRPlugin session
[2018.11.21-08.27.24:974][314]PIE: New page: PIE session: ThirdPersonExampleMap (Nov 21, 2018, 10:27:24 AM)
[2018.11.21-08.27.24:974][314]LogPlayLevel: Creating play world package: /Game/ThirdPersonCPP/Maps/UEDPIE_0_ThirdPersonExampleMap
[2018.11.21-08.27.25:004][314]LogPlayLevel: PIE: StaticDuplicateObject took: (0.029657s)
[2018.11.21-08.27.25:005][314]LogAIModule: Creating AISystem for world ThirdPersonExampleMap
[2018.11.21-08.27.25:005][314]LogPlayLevel: PIE: World Init took: (0.001160s)
[2018.11.21-08.27.25:005][314]LogPlayLevel: PIE: Created PIE world by copying editor world from /Game/ThirdPersonCPP/Maps/ThirdPersonExampleMap.ThirdPersonExampleMap to /Game/ThirdPersonCPP/Maps/UEDPIE_0_ThirdPersonExampleMap.ThirdPersonExampleMap (0.031465s)
[2018.11.21-08.27.25:048][314]LogInit: XAudio2 using 'Headphones (2- Rift Audio)' : 2 channels at 48 kHz using 16 bits per sample (channel mask 0x3)
[2018.11.21-08.27.25:060][314]LogInit: FAudioDevice initialized.
[2018.11.21-08.27.25:067][314]LogSlate: Updating window title bar state: overlay mode, drag disabled, window buttons hidden, title bar hidden
[2018.11.21-08.27.25:155][314]LogHMD: Allocating Oculus 2720 x 1600 rendertarget swapchain
[2018.11.21-08.27.25:195][314]LogLoad: Game class is 'EX3_Waldemar_ZeitlerGameMode'
[2018.11.21-08.27.25:198][314]LogWorld: Bringing World /Game/ThirdPersonCPP/Maps/UEDPIE_0_ThirdPersonExampleMap.ThirdPersonExampleMap up for play (max tick rate 0) at 2018.11.21-09.27.25
[2018.11.21-08.27.25:199][314]LogWorld: Bringing up level for play took: 0.001759
[2018.11.21-08.27.25:216][314]LogContentBrowser: Native class hierarchy updated for 'MovieSceneCapture' in 0.0005 seconds. Added 10 classes and 0 folders.
[2018.11.21-08.27.25:222][314]PIE: Play in editor start time for /Game/ThirdPersonCPP/Maps/UEDPIE_0_ThirdPersonExampleMap 0.07
[2018.11.21-08.27.25:223][314]LogBlueprintUserMessages: Late PlayInEditor Detection: Level '/Game/ThirdPersonCPP/Maps/ThirdPersonExampleMap.ThirdPersonExampleMap:PersistentLevel' has LevelScriptBlueprint '/Game/ThirdPersonCPP/Maps/ThirdPersonExampleMap.ThirdPersonExampleMap:PersistentLevel.ThirdPersonExampleMap' with GeneratedClass '/Game/ThirdPersonCPP/Maps/ThirdPersonExampleMap.ThirdPersonExampleMap_C' with ClassGeneratedBy '/Game/ThirdPersonCPP/Maps/ThirdPersonExampleMap.ThirdPersonExampleMap:PersistentLevel.ThirdPersonExampleMap'
[2018.11.21-08.27.25:223][314]LogEngine: Changing dynamic resolution state.
[2018.11.21-08.27.25:229][314]LogRenderer: Releasing previous depth to switch default clear from depth: 0.000000 stencil: 0 to depth: 0.000000 stencil: 0
[2018.11.21-08.27.25:229][314]LogRenderer: Releasing previous depth to switch default clear from depth: 0.000000 stencil: 0 to depth: 0.000000 stencil: 0
[2018.11.21-08.27.25:231][314]LogRenderer: Releasing previous depth to switch default clear from depth: 0.000000 stencil: 0 to depth: 0.000000 stencil: 0
[2018.11.21-08.27.25:232][314]LogRenderer: Releasing previous depth to switch default clear from depth: 0.000000 stencil: 0 to depth: 0.000000 stencil: 0
[2018.11.21-08.27.25:234][314]LogRenderer: Releasing previous depth to switch default clear from depth: 0.000000 stencil: 0 to depth: 0.000000 stencil: 0
[2018.11.21-08.27.25:234][314]LogRenderer: Releasing previous depth to switch default clear from depth: 0.000000 stencil: 0 to depth: 0.000000 stencil: 0
[2018.11.21-08.27.25:246][314]LogRenderer: Reallocating scene render targets to support 2720x1600 Format 10 NumSamples 1 (Frame:1).
[2018.11.21-08.27.25:246][314]LogHMD: Allocating Oculus 2720 x 1600 depth rendertarget swapchain
[2018.11.21-08.27.34:479][137]LogBlueprintUserMessages: Early EndPlayMap Detection: Level '/Game/ThirdPersonCPP/Maps/ThirdPersonExampleMap.ThirdPersonExampleMap:PersistentLevel' has LevelScriptBlueprint '/Game/ThirdPersonCPP/Maps/ThirdPersonExampleMap.ThirdPersonExampleMap:PersistentLevel.ThirdPersonExampleMap' with GeneratedClass '/Game/ThirdPersonCPP/Maps/ThirdPersonExampleMap.ThirdPersonExampleMap_C' with ClassGeneratedBy '/Game/ThirdPersonCPP/Maps/ThirdPersonExampleMap.ThirdPersonExampleMap:PersistentLevel.ThirdPersonExampleMap'
[2018.11.21-08.27.34:559][137]LogSlate: Updating window title bar state: overlay mode, drag disabled, window buttons hidden, title bar hidden
[2018.11.21-08.27.34:616][137]LogSlate: Window 'EX3_Waldemar_Zeitler Game Preview Standalone (64-bit/PCD3D_SM5)' being destroyed
[2018.11.21-08.27.34:652][137]LogPlayLevel: Display: Shutting down PIE online subsystems
[2018.11.21-08.27.34:653][137]LogBlueprintUserMessages: Late EndPlayMap Detection: Level '/Game/ThirdPersonCPP/Maps/ThirdPersonExampleMap.ThirdPersonExampleMap:PersistentLevel' has LevelScriptBlueprint '/Game/ThirdPersonCPP/Maps/ThirdPersonExampleMap.ThirdPersonExampleMap:PersistentLevel.ThirdPersonExampleMap' with GeneratedClass '/Game/ThirdPersonCPP/Maps/ThirdPersonExampleMap.ThirdPersonExampleMap_C' with ClassGeneratedBy '/Game/ThirdPersonCPP/Maps/ThirdPersonExampleMap.ThirdPersonExampleMap:PersistentLevel.ThirdPersonExampleMap'
[2018.11.21-08.27.34:691][138]LogPlayLevel: Display: Destroying online subsystem :Context_2
[2018.11.21-08.27.34:692][138]LogEngine: Changing dynamic resolution state.
[2018.11.21-08.27.37:965][528]LogTemp: Repeating last play command: VR Preview
[2018.11.21-08.27.37:978][528]LogBlueprintUserMessages: Early PlayInEditor Detection: Level '/Game/ThirdPersonCPP/Maps/ThirdPersonExampleMap.ThirdPersonExampleMap:PersistentLevel' has LevelScriptBlueprint '/Game/ThirdPersonCPP/Maps/ThirdPersonExampleMap.ThirdPersonExampleMap:PersistentLevel.ThirdPersonExampleMap' with GeneratedClass '/Game/ThirdPersonCPP/Maps/ThirdPersonExampleMap.ThirdPersonExampleMap_C' with ClassGeneratedBy '/Game/ThirdPersonCPP/Maps/ThirdPersonExampleMap.ThirdPersonExampleMap:PersistentLevel.ThirdPersonExampleMap'
[2018.11.21-08.27.37:978][528]LogPlayLevel: PlayLevel: No blueprints needed recompiling
[2018.11.21-08.27.37:978][528]LogHMD: Initializing OVRPlugin session
[2018.11.21-08.27.38:047][528]PIE: New page: PIE session: ThirdPersonExampleMap (Nov 21, 2018, 10:27:38 AM)
[2018.11.21-08.27.38:047][528]LogPlayLevel: Creating play world package: /Game/ThirdPersonCPP/Maps/UEDPIE_0_ThirdPersonExampleMap
[2018.11.21-08.27.38:060][528]LogPlayLevel: PIE: StaticDuplicateObject took: (0.012572s)
[2018.11.21-08.27.38:061][528]LogAIModule: Creating AISystem for world ThirdPersonExampleMap
[2018.11.21-08.27.38:062][528]LogPlayLevel: PIE: World Init took: (0.001766s)
[2018.11.21-08.27.38:062][528]LogPlayLevel: PIE: Created PIE world by copying editor world from /Game/ThirdPersonCPP/Maps/ThirdPersonExampleMap.ThirdPersonExampleMap to /Game/ThirdPersonCPP/Maps/UEDPIE_0_ThirdPersonExampleMap.ThirdPersonExampleMap (0.014834s)
[2018.11.21-08.27.38:108][528]LogInit: XAudio2 using 'Headphones (2- Rift Audio)' : 2 channels at 48 kHz using 16 bits per sample (channel mask 0x3)
[2018.11.21-08.27.38:725][528]LogInit: FAudioDevice initialized.
[2018.11.21-08.27.38:734][528]LogSlate: Updating window title bar state: overlay mode, drag disabled, window buttons hidden, title bar hidden
[2018.11.21-08.27.38:827][528]LogHMD: Allocating Oculus 2720 x 1600 rendertarget swapchain
[2018.11.21-08.27.38:858][528]LogLoad: Game class is 'EX3_Waldemar_ZeitlerGameMode'
[2018.11.21-08.27.38:860][528]LogWorld: Bringing World /Game/ThirdPersonCPP/Maps/UEDPIE_0_ThirdPersonExampleMap.ThirdPersonExampleMap up for play (max tick rate 0) at 2018.11.21-09.27.38
[2018.11.21-08.27.38:860][528]LogWorld: Bringing up level for play took: 0.001624
[2018.11.21-08.27.38:881][528]PIE: Play in editor start time for /Game/ThirdPersonCPP/Maps/UEDPIE_0_ThirdPersonExampleMap 1.73
[2018.11.21-08.27.38:882][528]LogBlueprintUserMessages: Late PlayInEditor Detection: Level '/Game/ThirdPersonCPP/Maps/ThirdPersonExampleMap.ThirdPersonExampleMap:PersistentLevel' has LevelScriptBlueprint '/Game/ThirdPersonCPP/Maps/ThirdPersonExampleMap.ThirdPersonExampleMap:PersistentLevel.ThirdPersonExampleMap' with GeneratedClass '/Game/ThirdPersonCPP/Maps/ThirdPersonExampleMap.ThirdPersonExampleMap_C' with ClassGeneratedBy '/Game/ThirdPersonCPP/Maps/ThirdPersonExampleMap.ThirdPersonExampleMap:PersistentLevel.ThirdPersonExampleMap'
[2018.11.21-08.27.38:884][528]LogEngine: Changing dynamic resolution state.
[2018.11.21-08.27.38:887][528]LogRenderer: Releasing previous depth to switch default clear from depth: 0.000000 stencil: 0 to depth: 0.000000 stencil: 0
[2018.11.21-08.27.38:888][528]LogHMD: Allocating Oculus 2720 x 1600 depth rendertarget swapchain
[2018.11.21-08.27.50:392][555]LogBlueprintUserMessages: Early EndPlayMap Detection: Level '/Game/ThirdPersonCPP/Maps/ThirdPersonExampleMap.ThirdPersonExampleMap:PersistentLevel' has LevelScriptBlueprint '/Game/ThirdPersonCPP/Maps/ThirdPersonExampleMap.ThirdPersonExampleMap:PersistentLevel.ThirdPersonExampleMap' with GeneratedClass '/Game/ThirdPersonCPP/Maps/ThirdPersonExampleMap.ThirdPersonExampleMap_C' with ClassGeneratedBy '/Game/ThirdPersonCPP/Maps/ThirdPersonExampleMap.ThirdPersonExampleMap:PersistentLevel.ThirdPersonExampleMap'
[2018.11.21-08.27.50:474][555]LogSlate: Updating window title bar state: overlay mode, drag disabled, window buttons hidden, title bar hidden
[2018.11.21-08.27.50:511][555]LogSlate: Window 'EX3_Waldemar_Zeitler Game Preview Standalone (64-bit/PCD3D_SM5)' being destroyed
[2018.11.21-08.27.50:547][555]LogPlayLevel: Display: Shutting down PIE online subsystems
[2018.11.21-08.27.50:548][555]LogBlueprintUserMessages: Late EndPlayMap Detection: Level '/Game/ThirdPersonCPP/Maps/ThirdPersonExampleMap.ThirdPersonExampleMap:PersistentLevel' has LevelScriptBlueprint '/Game/ThirdPersonCPP/Maps/ThirdPersonExampleMap.ThirdPersonExampleMap:PersistentLevel.ThirdPersonExampleMap' with GeneratedClass '/Game/ThirdPersonCPP/Maps/ThirdPersonExampleMap.ThirdPersonExampleMap_C' with ClassGeneratedBy '/Game/ThirdPersonCPP/Maps/ThirdPersonExampleMap.ThirdPersonExampleMap:PersistentLevel.ThirdPersonExampleMap'
[2018.11.21-08.27.50:580][556]LogPlayLevel: Display: Destroying online subsystem :Context_3
[2018.11.21-08.27.50:580][556]LogEngine: Changing dynamic resolution state.
[2018.11.21-08.27.54:112][976]LogTemp: Repeating last play command: VR Preview
[2018.11.21-08.27.54:126][976]LogBlueprintUserMessages: Early PlayInEditor Detection: Level '/Game/ThirdPersonCPP/Maps/ThirdPersonExampleMap.ThirdPersonExampleMap:PersistentLevel' has LevelScriptBlueprint '/Game/ThirdPersonCPP/Maps/ThirdPersonExampleMap.ThirdPersonExampleMap:PersistentLevel.ThirdPersonExampleMap' with GeneratedClass '/Game/ThirdPersonCPP/Maps/ThirdPersonExampleMap.ThirdPersonExampleMap_C' with ClassGeneratedBy '/Game/ThirdPersonCPP/Maps/ThirdPersonExampleMap.ThirdPersonExampleMap:PersistentLevel.ThirdPersonExampleMap'
[2018.11.21-08.27.54:126][976]LogPlayLevel: PlayLevel: No blueprints needed recompiling
[2018.11.21-08.27.54:126][976]LogHMD: Initializing OVRPlugin session
[2018.11.21-08.27.54:769][976]PIE: New page: PIE session: ThirdPersonExampleMap (Nov 21, 2018, 10:27:54 AM)
[2018.11.21-08.27.54:769][976]LogPlayLevel: Creating play world package: /Game/ThirdPersonCPP/Maps/UEDPIE_0_ThirdPersonExampleMap
[2018.11.21-08.27.54:781][976]LogPlayLevel: PIE: StaticDuplicateObject took: (0.011619s)
[2018.11.21-08.27.54:782][976]LogAIModule: Creating AISystem for world ThirdPersonExampleMap
[2018.11.21-08.27.54:782][976]LogPlayLevel: PIE: World Init took: (0.001036s)
[2018.11.21-08.27.54:783][976]LogPlayLevel: PIE: Created PIE world by copying editor world from /Game/ThirdPersonCPP/Maps/ThirdPersonExampleMap.ThirdPersonExampleMap to /Game/ThirdPersonCPP/Maps/UEDPIE_0_ThirdPersonExampleMap.ThirdPersonExampleMap (0.013142s)
[2018.11.21-08.27.54:835][976]LogInit: XAudio2 using 'Headphones (2- Rift Audio)' : 2 channels at 48 kHz using 16 bits per sample (channel mask 0x3)
[2018.11.21-08.27.54:847][976]LogInit: FAudioDevice initialized.
[2018.11.21-08.27.54:855][976]LogSlate: Updating window title bar state: overlay mode, drag disabled, window buttons hidden, title bar hidden
[2018.11.21-08.27.54:954][976]LogHMD: Allocating Oculus 2720 x 1600 rendertarget swapchain
[2018.11.21-08.27.54:982][976]LogLoad: Game class is 'EX3_Waldemar_ZeitlerGameMode'
[2018.11.21-08.27.54:984][976]LogWorld: Bringing World /Game/ThirdPersonCPP/Maps/UEDPIE_0_ThirdPersonExampleMap.ThirdPersonExampleMap up for play (max tick rate 0) at 2018.11.21-09.27.54
[2018.11.21-08.27.54:985][976]LogWorld: Bringing up level for play took: 0.001549
[2018.11.21-08.27.55:001][976]PIE: Play in editor start time for /Game/ThirdPersonCPP/Maps/UEDPIE_0_ThirdPersonExampleMap 1.849
[2018.11.21-08.27.55:001][976]LogBlueprintUserMessages: Late PlayInEditor Detection: Level '/Game/ThirdPersonCPP/Maps/ThirdPersonExampleMap.ThirdPersonExampleMap:PersistentLevel' has LevelScriptBlueprint '/Game/ThirdPersonCPP/Maps/ThirdPersonExampleMap.ThirdPersonExampleMap:PersistentLevel.ThirdPersonExampleMap' with GeneratedClass '/Game/ThirdPersonCPP/Maps/ThirdPersonExampleMap.ThirdPersonExampleMap_C' with ClassGeneratedBy '/Game/ThirdPersonCPP/Maps/ThirdPersonExampleMap.ThirdPersonExampleMap:PersistentLevel.ThirdPersonExampleMap'
[2018.11.21-08.27.55:002][976]LogEngine: Changing dynamic resolution state.
[2018.11.21-08.27.55:005][976]LogRenderer: Releasing previous depth to switch default clear from depth: 0.000000 stencil: 0 to depth: 0.000000 stencil: 0
[2018.11.21-08.27.55:006][976]LogHMD: Allocating Oculus 2720 x 1600 depth rendertarget swapchain
[2018.11.21-08.28.04:069][721]LogBlueprintUserMessages: Early EndPlayMap Detection: Level '/Game/ThirdPersonCPP/Maps/ThirdPersonExampleMap.ThirdPersonExampleMap:PersistentLevel' has LevelScriptBlueprint '/Game/ThirdPersonCPP/Maps/ThirdPersonExampleMap.ThirdPersonExampleMap:PersistentLevel.ThirdPersonExampleMap' with GeneratedClass '/Game/ThirdPersonCPP/Maps/ThirdPersonExampleMap.ThirdPersonExampleMap_C' with ClassGeneratedBy '/Game/ThirdPersonCPP/Maps/ThirdPersonExampleMap.ThirdPersonExampleMap:PersistentLevel.ThirdPersonExampleMap'
[2018.11.21-08.28.04:149][721]LogSlate: Updating window title bar state: overlay mode, drag disabled, window buttons hidden, title bar hidden
[2018.11.21-08.28.04:179][721]LogSlate: Window 'EX3_Waldemar_Zeitler Game Preview Standalone (64-bit/PCD3D_SM5)' being destroyed
[2018.11.21-08.28.04:214][721]LogPlayLevel: Display: Shutting down PIE online subsystems
[2018.11.21-08.28.04:215][721]LogBlueprintUserMessages: Late EndPlayMap Detection: Level '/Game/ThirdPersonCPP/Maps/ThirdPersonExampleMap.ThirdPersonExampleMap:PersistentLevel' has LevelScriptBlueprint '/Game/ThirdPersonCPP/Maps/ThirdPersonExampleMap.ThirdPersonExampleMap:PersistentLevel.ThirdPersonExampleMap' with GeneratedClass '/Game/ThirdPersonCPP/Maps/ThirdPersonExampleMap.ThirdPersonExampleMap_C' with ClassGeneratedBy '/Game/ThirdPersonCPP/Maps/ThirdPersonExampleMap.ThirdPersonExampleMap:PersistentLevel.ThirdPersonExampleMap'
[2018.11.21-08.28.04:247][722]LogPlayLevel: Display: Destroying online subsystem :Context_4
[2018.11.21-08.28.04:248][722]LogEngine: Changing dynamic resolution state.
[2018.11.21-08.28.06:122][944]LogTemp: Repeating last play command: VR Preview
[2018.11.21-08.28.06:134][944]LogBlueprintUserMessages: Early PlayInEditor Detection: Level '/Game/ThirdPersonCPP/Maps/ThirdPersonExampleMap.ThirdPersonExampleMap:PersistentLevel' has LevelScriptBlueprint '/Game/ThirdPersonCPP/Maps/ThirdPersonExampleMap.ThirdPersonExampleMap:PersistentLevel.ThirdPersonExampleMap' with GeneratedClass '/Game/ThirdPersonCPP/Maps/ThirdPersonExampleMap.ThirdPersonExampleMap_C' with ClassGeneratedBy '/Game/ThirdPersonCPP/Maps/ThirdPersonExampleMap.ThirdPersonExampleMap:PersistentLevel.ThirdPersonExampleMap'
[2018.11.21-08.28.06:135][944]LogPlayLevel: PlayLevel: No blueprints needed recompiling
[2018.11.21-08.28.06:135][944]LogHMD: Initializing OVRPlugin session
[2018.11.21-08.28.06:199][944]PIE: New page: PIE session: ThirdPersonExampleMap (Nov 21, 2018, 10:28:06 AM)
[2018.11.21-08.28.06:199][944]LogPlayLevel: Creating play world package: /Game/ThirdPersonCPP/Maps/UEDPIE_0_ThirdPersonExampleMap
[2018.11.21-08.28.06:213][944]LogPlayLevel: PIE: StaticDuplicateObject took: (0.013751s)
[2018.11.21-08.28.06:214][944]LogAIModule: Creating AISystem for world ThirdPersonExampleMap
[2018.11.21-08.28.06:215][944]LogPlayLevel: PIE: World Init took: (0.001391s)
[2018.11.21-08.28.06:215][944]LogPlayLevel: PIE: Created PIE world by copying editor world from /Game/ThirdPersonCPP/Maps/ThirdPersonExampleMap.ThirdPersonExampleMap to /Game/ThirdPersonCPP/Maps/UEDPIE_0_ThirdPersonExampleMap.ThirdPersonExampleMap (0.015656s)
[2018.11.21-08.28.06:258][944]LogInit: XAudio2 using 'Headphones (2- Rift Audio)' : 2 channels at 48 kHz using 16 bits per sample (channel mask 0x3)
[2018.11.21-08.28.06:268][944]LogInit: FAudioDevice initialized.
[2018.11.21-08.28.06:275][944]LogSlate: Updating window title bar state: overlay mode, drag disabled, window buttons hidden, title bar hidden
[2018.11.21-08.28.06:360][944]LogHMD: Allocating Oculus 2720 x 1600 rendertarget swapchain
[2018.11.21-08.28.06:390][944]LogLoad: Game class is 'EX3_Waldemar_ZeitlerGameMode'
[2018.11.21-08.28.06:392][944]LogWorld: Bringing World /Game/ThirdPersonCPP/Maps/UEDPIE_0_ThirdPersonExampleMap.ThirdPersonExampleMap up for play (max tick rate 0) at 2018.11.21-09.28.06
[2018.11.21-08.28.06:392][944]LogWorld: Bringing up level for play took: 0.001265
[2018.11.21-08.28.06:410][944]PIE: Play in editor start time for /Game/ThirdPersonCPP/Maps/UEDPIE_0_ThirdPersonExampleMap 1.258
[2018.11.21-08.28.06:410][944]LogBlueprintUserMessages: Late PlayInEditor Detection: Level '/Game/ThirdPersonCPP/Maps/ThirdPersonExampleMap.ThirdPersonExampleMap:PersistentLevel' has LevelScriptBlueprint '/Game/ThirdPersonCPP/Maps/ThirdPersonExampleMap.ThirdPersonExampleMap:PersistentLevel.ThirdPersonExampleMap' with GeneratedClass '/Game/ThirdPersonCPP/Maps/ThirdPersonExampleMap.ThirdPersonExampleMap_C' with ClassGeneratedBy '/Game/ThirdPersonCPP/Maps/ThirdPersonExampleMap.ThirdPersonExampleMap:PersistentLevel.ThirdPersonExampleMap'
[2018.11.21-08.28.06:411][944]LogEngine: Changing dynamic resolution state.
[2018.11.21-08.28.06:414][944]LogRenderer: Releasing previous depth to switch default clear from depth: 0.000000 stencil: 0 to depth: 0.000000 stencil: 0
[2018.11.21-08.28.06:414][944]LogHMD: Allocating Oculus 2720 x 1600 depth rendertarget swapchain
[2018.11.21-08.28.17:893][971]LogBlueprintUserMessages: Early EndPlayMap Detection: Level '/Game/ThirdPersonCPP/Maps/ThirdPersonExampleMap.ThirdPersonExampleMap:PersistentLevel' has LevelScriptBlueprint '/Game/ThirdPersonCPP/Maps/ThirdPersonExampleMap.ThirdPersonExampleMap:PersistentLevel.ThirdPersonExampleMap' with GeneratedClass '/Game/ThirdPersonCPP/Maps/ThirdPersonExampleMap.ThirdPersonExampleMap_C' with ClassGeneratedBy '/Game/ThirdPersonCPP/Maps/ThirdPersonExampleMap.ThirdPersonExampleMap:PersistentLevel.ThirdPersonExampleMap'
[2018.11.21-08.28.17:967][971]LogSlate: Updating window title bar state: overlay mode, drag disabled, window buttons hidden, title bar hidden
[2018.11.21-08.28.17:997][971]LogSlate: Window 'EX3_Waldemar_Zeitler Game Preview Standalone (64-bit/PCD3D_SM5)' being destroyed
[2018.11.21-08.28.18:035][971]LogPlayLevel: Display: Shutting down PIE online subsystems
[2018.11.21-08.28.18:035][971]LogBlueprintUserMessages: Late EndPlayMap Detection: Level '/Game/ThirdPersonCPP/Maps/ThirdPersonExampleMap.ThirdPersonExampleMap:PersistentLevel' has LevelScriptBlueprint '/Game/ThirdPersonCPP/Maps/ThirdPersonExampleMap.ThirdPersonExampleMap:PersistentLevel.ThirdPersonExampleMap' with GeneratedClass '/Game/ThirdPersonCPP/Maps/ThirdPersonExampleMap.ThirdPersonExampleMap_C' with ClassGeneratedBy '/Game/ThirdPersonCPP/Maps/ThirdPersonExampleMap.ThirdPersonExampleMap:PersistentLevel.ThirdPersonExampleMap'
[2018.11.21-08.28.18:077][972]LogPlayLevel: Display: Destroying online subsystem :Context_5
[2018.11.21-08.28.18:077][972]LogEngine: Changing dynamic resolution state.
[2018.11.21-08.28.20:065][206]LogEditorViewport: Clicking on Actor (LMB): StaticMeshActor (Pin 1)
[2018.11.21-08.28.21:135][324]LogSlate: FSceneViewport::OnFocusLost() reason 0
[2018.11.21-08.28.21:419][354]LogSlate: Took 0.000260 seconds to synchronously load lazily loaded font '../../../Engine/Content/Slate/Fonts/Roboto-Italic.ttf' (157K)
[2018.11.21-08.28.25:705][812]LogEditorViewport: Clicking on Actor (LMB): StaticMeshActor (Pin 3)
[2018.11.21-08.28.28:272][108]LogEditorViewport: Clicking on Actor (LMB): StaticMeshActor (Pin 4)
[2018.11.21-08.28.29:098][198]LogEditorViewport: Clicking on Actor (LMB): StaticMeshActor (Pin 2)
[2018.11.21-08.28.31:781][510]LogSlate: FSceneViewport::OnFocusLost() reason 0
[2018.11.21-08.28.33:224][674]LogEditorViewport: Clicking on Actor (LMB): StaticMeshActor (Pin 3)
[2018.11.21-08.28.34:405][805]LogSlate: FSceneViewport::OnFocusLost() reason 0
[2018.11.21-08.28.36:349][ 36]LogEditorViewport: Clicking on Actor (LMB): StaticMeshActor (Pin 4)
[2018.11.21-08.28.37:394][150]LogSlate: FSceneViewport::OnFocusLost() reason 0
[2018.11.21-08.28.38:698][299]LogEditorViewport: Clicking on Actor (LMB): StaticMeshActor (Pin 3)
[2018.11.21-08.28.39:609][398]LogEditorViewport: Clicking on Actor (LMB): StaticMeshActor (Pin 2)
[2018.11.21-08.28.40:430][484]LogEditorViewport: Clicking on Actor (LMB): StaticMeshActor (1M_Cube_Chamfer2)
[2018.11.21-08.28.42:236][688]LogSlate: FSceneViewport::OnFocusLost() reason 0
[2018.11.21-08.28.42:393][706]LogSlate: Took 0.000196 seconds to synchronously load lazily loaded font '../../../Engine/Content/Slate/Fonts/Roboto-Light.ttf' (167K)
[2018.11.21-08.28.42:402][706]LogAssetEditorManager: Opening Asset editor for StaticMesh /Game/Geometry/Meshes/1M_Cube_Chamfer.1M_Cube_Chamfer
[2018.11.21-08.28.42:908][706]LogStaticMesh: Allocated 8x8x8 distance field atlas = 0.0Mb, with 1 objects containing 0.0Mb backing data
[2018.11.21-08.28.50:275][496]Cmd: OBJ SAVEPACKAGE PACKAGE="/Game/Geometry/Meshes/1M_Cube_Chamfer" FILE="C:/Users/Admin/Desktop/EX3_Waldemar_Zeitler/Content/Geometry/Meshes/1M_Cube_Chamfer.uasset" SILENT=true
[2018.11.21-08.28.50:308][496]LogSavePackage: Moving 'C:/Users/Admin/Desktop/EX3_Waldemar_Zeitler/Saved/1M_Cube_Chamfer1E441DFB46E10E02D801B69B1059879F.tmp' to 'C:/Users/Admin/Desktop/EX3_Waldemar_Zeitler/Content/Geometry/Meshes/1M_Cube_Chamfer.uasset'
[2018.11.21-08.28.52:574][712]LogSlate: Window '1M_Cube_Chamfer' being destroyed
[2018.11.21-08.28.54:140][879]LogSavePackage: Moving 'C:/Users/Admin/Desktop/EX3_Waldemar_Zeitler/Saved/ThirdPersonExampleMap5DC3AED040721016A855D4A4AF6B08B1.tmp' to 'C:/Users/Admin/Desktop/EX3_Waldemar_Zeitler/Content/ThirdPersonCPP/Maps/ThirdPersonExampleMap.umap'
[2018.11.21-08.28.54:333][879]LogSavePackage: Moving 'C:/Users/Admin/Desktop/EX3_Waldemar_Zeitler/Saved/ThirdPersonExampleMap_BuiltDataC07A69BB4E4DDD7A31DE67B529175836.tmp' to 'C:/Users/Admin/Desktop/EX3_Waldemar_Zeitler/Content/ThirdPersonCPP/Maps/ThirdPersonExampleMap_BuiltData.uasset'
[2018.11.21-08.28.55:338][990]LogTemp: Repeating last play command: VR Preview
[2018.11.21-08.28.55:352][990]LogBlueprintUserMessages: Early PlayInEditor Detection: Level '/Game/ThirdPersonCPP/Maps/ThirdPersonExampleMap.ThirdPersonExampleMap:PersistentLevel' has LevelScriptBlueprint '/Game/ThirdPersonCPP/Maps/ThirdPersonExampleMap.ThirdPersonExampleMap:PersistentLevel.ThirdPersonExampleMap' with GeneratedClass '/Game/ThirdPersonCPP/Maps/ThirdPersonExampleMap.ThirdPersonExampleMap_C' with ClassGeneratedBy '/Game/ThirdPersonCPP/Maps/ThirdPersonExampleMap.ThirdPersonExampleMap:PersistentLevel.ThirdPersonExampleMap'
[2018.11.21-08.28.55:353][990]LogPlayLevel: PlayLevel: No blueprints needed recompiling
[2018.11.21-08.28.55:353][990]LogHMD: Initializing OVRPlugin session
[2018.11.21-08.28.55:436][990]PIE: New page: PIE session: ThirdPersonExampleMap (Nov 21, 2018, 10:28:55 AM)
[2018.11.21-08.28.55:436][990]LogPlayLevel: Creating play world package: /Game/ThirdPersonCPP/Maps/UEDPIE_0_ThirdPersonExampleMap
[2018.11.21-08.28.55:453][990]LogPlayLevel: PIE: StaticDuplicateObject took: (0.016704s)
[2018.11.21-08.28.55:454][990]LogAIModule: Creating AISystem for world ThirdPersonExampleMap
[2018.11.21-08.28.55:455][990]LogPlayLevel: PIE: World Init took: (0.001275s)
[2018.11.21-08.28.55:455][990]LogPlayLevel: PIE: Created PIE world by copying editor world from /Game/ThirdPersonCPP/Maps/ThirdPersonExampleMap.ThirdPersonExampleMap to /Game/ThirdPersonCPP/Maps/UEDPIE_0_ThirdPersonExampleMap.ThirdPersonExampleMap (0.018571s)
[2018.11.21-08.28.55:502][990]LogInit: XAudio2 using 'Headphones (2- Rift Audio)' : 2 channels at 48 kHz using 16 bits per sample (channel mask 0x3)
[2018.11.21-08.28.55:514][990]LogInit: FAudioDevice initialized.
[2018.11.21-08.28.55:521][990]LogSlate: Updating window title bar state: overlay mode, drag disabled, window buttons hidden, title bar hidden
[2018.11.21-08.28.55:605][990]LogHMD: Allocating Oculus 2720 x 1600 rendertarget swapchain
[2018.11.21-08.28.55:636][990]LogLoad: Game class is 'EX3_Waldemar_ZeitlerGameMode'
[2018.11.21-08.28.55:638][990]LogWorld: Bringing World /Game/ThirdPersonCPP/Maps/UEDPIE_0_ThirdPersonExampleMap.ThirdPersonExampleMap up for play (max tick rate 0) at 2018.11.21-09.28.55
[2018.11.21-08.28.55:638][990]LogWorld: Bringing up level for play took: 0.001148
[2018.11.21-08.28.55:660][990]PIE: Play in editor start time for /Game/ThirdPersonCPP/Maps/UEDPIE_0_ThirdPersonExampleMap 0.508
[2018.11.21-08.28.55:660][990]LogBlueprintUserMessages: Late PlayInEditor Detection: Level '/Game/ThirdPersonCPP/Maps/ThirdPersonExampleMap.ThirdPersonExampleMap:PersistentLevel' has LevelScriptBlueprint '/Game/ThirdPersonCPP/Maps/ThirdPersonExampleMap.ThirdPersonExampleMap:PersistentLevel.ThirdPersonExampleMap' with GeneratedClass '/Game/ThirdPersonCPP/Maps/ThirdPersonExampleMap.ThirdPersonExampleMap_C' with ClassGeneratedBy '/Game/ThirdPersonCPP/Maps/ThirdPersonExampleMap.ThirdPersonExampleMap:PersistentLevel.ThirdPersonExampleMap'
[2018.11.21-08.28.55:661][990]LogEngine: Changing dynamic resolution state.
[2018.11.21-08.28.55:663][990]LogRenderer: Releasing previous depth to switch default clear from depth: 0.000000 stencil: 0 to depth: 0.000000 stencil: 0
[2018.11.21-08.28.55:663][990]LogHMD: Allocating Oculus 2720 x 1600 depth rendertarget swapchain
[2018.11.21-08.29.04:992][823]LogBlueprintUserMessages: Early EndPlayMap Detection: Level '/Game/ThirdPersonCPP/Maps/ThirdPersonExampleMap.ThirdPersonExampleMap:PersistentLevel' has LevelScriptBlueprint '/Game/ThirdPersonCPP/Maps/ThirdPersonExampleMap.ThirdPersonExampleMap:PersistentLevel.ThirdPersonExampleMap' with GeneratedClass '/Game/ThirdPersonCPP/Maps/ThirdPersonExampleMap.ThirdPersonExampleMap_C' with ClassGeneratedBy '/Game/ThirdPersonCPP/Maps/ThirdPersonExampleMap.ThirdPersonExampleMap:PersistentLevel.ThirdPersonExampleMap'
[2018.11.21-08.29.05:071][823]LogSlate: Updating window title bar state: overlay mode, drag disabled, window buttons hidden, title bar hidden
[2018.11.21-08.29.05:110][823]LogSlate: Window 'EX3_Waldemar_Zeitler Game Preview Standalone (64-bit/PCD3D_SM5)' being destroyed
[2018.11.21-08.29.05:146][823]LogPlayLevel: Display: Shutting down PIE online subsystems
[2018.11.21-08.29.05:146][823]LogBlueprintUserMessages: Late EndPlayMap Detection: Level '/Game/ThirdPersonCPP/Maps/ThirdPersonExampleMap.ThirdPersonExampleMap:PersistentLevel' has LevelScriptBlueprint '/Game/ThirdPersonCPP/Maps/ThirdPersonExampleMap.ThirdPersonExampleMap:PersistentLevel.ThirdPersonExampleMap' with GeneratedClass '/Game/ThirdPersonCPP/Maps/ThirdPersonExampleMap.ThirdPersonExampleMap_C' with ClassGeneratedBy '/Game/ThirdPersonCPP/Maps/ThirdPersonExampleMap.ThirdPersonExampleMap:PersistentLevel.ThirdPersonExampleMap'
[2018.11.21-08.29.05:188][824]LogPlayLevel: Display: Destroying online subsystem :Context_8
[2018.11.21-08.29.05:188][824]LogEngine: Changing dynamic resolution state.
[2018.11.21-08.29.10:985][397]LogEditorViewport: Clicking on Actor (LMB): StaticMeshActor (1M_Cube_Chamfer)
[2018.11.21-08.29.11:766][484]Cmd: DELETE
[2018.11.21-08.29.11:766][484]Cmd: ACTOR DELETE
[2018.11.21-08.29.11:769][484]LogEditorActor: Deleted Actor: StaticMeshActor
[2018.11.21-08.29.11:787][484]LogEditorActor: Deleted 1 Actors (0.020 secs)
[2018.11.21-08.29.12:367][553]LogEditorViewport: Clicking on Actor (LMB): StaticMeshActor (Floor)
[2018.11.21-08.29.16:353][ 22]LogEditorViewport: Clicking on Actor (LMB): TextRenderActor (TextRenderActor)
[2018.11.21-08.29.16:691][ 54]LogEditorViewport: Clicking on Actor (LMB): StaticMeshActor (Floor)
[2018.11.21-08.29.17:412][132]LogEditorViewport: Clicking on Actor (LMB): TextRenderActor (TextRenderActor)
[2018.11.21-08.29.18:730][281]Cmd: DELETE
[2018.11.21-08.29.18:730][281]Cmd: ACTOR DELETE
[2018.11.21-08.29.18:733][281]LogEditorActor: Deleted Actor: TextRenderActor
[2018.11.21-08.29.18:753][281]LogEditorActor: Deleted 1 Actors (0.022 secs)
[2018.11.21-08.29.22:881][771]LogSlate: FSceneViewport::OnFocusLost() reason 0
[2018.11.21-08.29.23:090][780]LogSavePackage: Moving 'C:/Users/Admin/Desktop/EX3_Waldemar_Zeitler/Saved/ThirdPersonExampleMapBAB61EF543FACEC1464526953C178226.tmp' to 'C:/Users/Admin/Desktop/EX3_Waldemar_Zeitler/Content/ThirdPersonCPP/Maps/ThirdPersonExampleMap.umap'
[2018.11.21-08.29.23:235][780]LogSavePackage: Moving 'C:/Users/Admin/Desktop/EX3_Waldemar_Zeitler/Saved/ThirdPersonExampleMap_BuiltDataE610D36046C0B9DD69CD79A2A8496F82.tmp' to 'C:/Users/Admin/Desktop/EX3_Waldemar_Zeitler/Content/ThirdPersonCPP/Maps/ThirdPersonExampleMap_BuiltData.uasset'
[2018.11.21-08.29.25:620][ 37]LogSlate: Window 'EX3_Waldemar_Zeitler [DebugGame] - Unreal Editor' being destroyed
[2018.11.21-08.29.25:621][ 37]LogWindowsTextInputMethodSystem: Display: IME system now deactivated.
[2018.11.21-08.29.25:897][ 38]Cmd: QUIT_EDITOR
[2018.11.21-08.29.26:858][ 38]LogExit: Preparing to exit.
[2018.11.21-08.29.27:761][ 38]LogExit: Editor shut down
[2018.11.21-08.29.27:761][ 38]LogExit: Transaction tracking system shut down
[2018.11.21-08.29.28:249][ 38]LogExit: Object subsystem successfully closed.
[2018.11.21-08.29.28:291][ 38]LogShaderCompilers: Display: Shaders left to compile 0
[2018.11.21-08.29.28:295][ 38]LogD3D11RHI: Shutdown
[2018.11.21-08.29.28:295][ 38]LogD3D11RHI: CleanupD3DDevice
[2018.11.21-08.29.28:297][ 38]LogD3D11RHI: ~FD3D11DynamicRHI
[2018.11.21-08.29.28:311][ 38]LogModuleManager: Shutting down and abandoning module StaticMeshEditor (620)
[2018.11.21-08.29.28:311][ 38]LogModuleManager: Shutting down and abandoning module MovieSceneCapture (618)
[2018.11.21-08.29.28:311][ 38]LogModuleManager: Shutting down and abandoning module Voice (616)
[2018.11.21-08.29.28:311][ 38]LogModuleManager: Shutting down and abandoning module HierarchicalLODOutliner (614)
[2018.11.21-08.29.28:311][ 38]LogModuleManager: Shutting down and abandoning module ExternalImagePicker (612)
[2018.11.21-08.29.28:311][ 38]LogModuleManager: Shutting down and abandoning module SceneOutliner (610)
[2018.11.21-08.29.28:311][ 38]LogModuleManager: Shutting down and abandoning module AddContentDialog (608)
[2018.11.21-08.29.28:312][ 38]LogModuleManager: Shutting down and abandoning module WidgetCarousel (607)
[2018.11.21-08.29.28:312][ 38]LogModuleManager: Shutting down and abandoning module EditorWidgets (604)
[2018.11.21-08.29.28:312][ 38]LogModuleManager: Shutting down and abandoning module CollectionManager (602)
[2018.11.21-08.29.28:312][ 38]LogModuleManager: Shutting down and abandoning module StatsViewer (600)
[2018.11.21-08.29.28:312][ 38]LogModuleManager: Shutting down and abandoning module FoliageEdit (598)
[2018.11.21-08.29.28:312][ 38]LogModuleManager: Shutting down and abandoning module LandscapeEditor (596)
[2018.11.21-08.29.28:312][ 38]LogModuleManager: Shutting down and abandoning module MeshPaintMode (594)
[2018.11.21-08.29.28:312][ 38]LogModuleManager: Shutting down and abandoning module SceneDepthPickerMode (592)
[2018.11.21-08.29.28:312][ 38]LogModuleManager: Shutting down and abandoning module ActorPickerMode (590)
[2018.11.21-08.29.28:312][ 38]LogModuleManager: Shutting down and abandoning module GeometryMode (588)
[2018.11.21-08.29.28:312][ 38]LogModuleManager: Shutting down and abandoning module TextureAlignMode (586)
[2018.11.21-08.29.28:312][ 38]LogModuleManager: Shutting down and abandoning module BspMode (584)
[2018.11.21-08.29.28:313][ 38]LogModuleManager: Shutting down and abandoning module PIEPreviewDeviceProfileSelector (582)
[2018.11.21-08.29.28:313][ 38]LogModuleManager: Shutting down and abandoning module SequenceRecorderSections (580)
[2018.11.21-08.29.28:313][ 38]LogModuleManager: Shutting down and abandoning module AutomationWorker (578)
[2018.11.21-08.29.28:313][ 38]LogModuleManager: Shutting down and abandoning module AudioCaptureEditor (576)
[2018.11.21-08.29.28:313][ 38]LogModuleManager: Shutting down and abandoning module SequenceRecorder (575)
[2018.11.21-08.29.28:313][ 38]LogModuleManager: Shutting down and abandoning module MatineeToLevelSequence (572)
[2018.11.21-08.29.28:313][ 38]LogModuleManager: Shutting down and abandoning module LevelSequenceEditor (570)
[2018.11.21-08.29.28:313][ 38]LogModuleManager: Shutting down and abandoning module PlacementMode (569)
[2018.11.21-08.29.28:313][ 38]LogModuleManager: Shutting down and abandoning module MaterialEditor (568)
[2018.11.21-08.29.28:313][ 38]LogModuleManager: Shutting down and abandoning module WmfMediaFactory (564)
[2018.11.21-08.29.28:313][ 38]LogModuleManager: Shutting down and abandoning module WmfMediaEditor (562)
[2018.11.21-08.29.28:313][ 38]LogModuleManager: Shutting down and abandoning module MediaPlayerEditor (560)
[2018.11.21-08.29.28:314][ 38]LogModuleManager: Shutting down and abandoning module OpenExrWrapper (558)
[2018.11.21-08.29.28:314][ 38]LogModuleManager: Shutting down and abandoning module ImgMediaFactory (556)
[2018.11.21-08.29.28:314][ 38]LogModuleManager: Shutting down and abandoning module ImgMediaEditor (554)
[2018.11.21-08.29.28:314][ 38]LogModuleManager: Shutting down and abandoning module AvfMediaFactory (552)
[2018.11.21-08.29.28:314][ 38]LogModuleManager: Shutting down and abandoning module AvfMediaEditor (550)
[2018.11.21-08.29.28:314][ 38]LogModuleManager: Shutting down and abandoning module AndroidMediaFactory (548)
[2018.11.21-08.29.28:314][ 38]LogModuleManager: Shutting down and abandoning module AndroidMediaEditor (546)
[2018.11.21-08.29.28:314][ 38]LogModuleManager: Shutting down and abandoning module MagicLeapCameraPreviewFactory (544)
[2018.11.21-08.29.28:314][ 38]LogModuleManager: Shutting down and abandoning module MagicLeapMediaFactory (542)
[2018.11.21-08.29.28:314][ 38]LogModuleManager: Shutting down and abandoning module MagicLeapMediaEditor (540)
[2018.11.21-08.29.28:314][ 38]LogModuleManager: Shutting down and abandoning module CharacterAI (538)
[2018.11.21-08.29.28:315][ 38]LogModuleManager: Shutting down and abandoning module SmartSnapping (536)
[2018.11.21-08.29.28:315][ 38]LogModuleManager: Shutting down and abandoning module SessionServices (534)
[2018.11.21-08.29.28:315][ 38]LogModuleManager: Shutting down and abandoning module ViewportSnapping (532)
[2018.11.21-08.29.28:315][ 38]LogModuleManager: Shutting down and abandoning module ViewportInteraction (530)
[2018.11.21-08.29.28:315][ 38]LogModuleManager: Shutting down and abandoning module ClothPainter (528)
[2018.11.21-08.29.28:315][ 38]LogModuleManager: Shutting down and abandoning module SkeletalMeshEditor (527)
[2018.11.21-08.29.28:315][ 38]LogModuleManager: Shutting down and abandoning module LogVisualizer (524)
[2018.11.21-08.29.28:315][ 38]LogModuleManager: Shutting down and abandoning module IntroTutorials (522)
[2018.11.21-08.29.28:316][ 38]LogModuleManager: Shutting down and abandoning module GameProjectGeneration (521)
[2018.11.21-08.29.28:316][ 38]LogModuleManager: Shutting down and abandoning module LuminPlatformEditor (518)
[2018.11.21-08.29.28:316][ 38]LogModuleManager: Shutting down and abandoning module IOSPlatformEditor (516)
[2018.11.21-08.29.28:316][ 38]LogModuleManager: Shutting down and abandoning module HTML5PlatformEditor (514)
[2018.11.21-08.29.28:316][ 38]LogModuleManager: Shutting down and abandoning module AndroidPlatformEditor (512)
[2018.11.21-08.29.28:316][ 38]LogModuleManager: Shutting down and abandoning module AndroidDeviceDetection (511)
[2018.11.21-08.29.28:947][ 38]LogModuleManager: Shutting down and abandoning module WindowsPlatformEditor (508)
[2018.11.21-08.29.28:947][ 38]LogModuleManager: Shutting down and abandoning module LuminRuntimeSettings (506)
[2018.11.21-08.29.28:947][ 38]LogModuleManager: Shutting down and abandoning module IOSRuntimeSettings (504)
[2018.11.21-08.29.28:947][ 38]LogModuleManager: Shutting down and abandoning module AndroidRuntimeSettings (502)
[2018.11.21-08.29.28:947][ 38]LogModuleManager: Shutting down and abandoning module InputBindingEditor (500)
[2018.11.21-08.29.28:947][ 38]LogModuleManager: Shutting down and abandoning module MergeActors (498)
[2018.11.21-08.29.28:947][ 38]LogModuleManager: Shutting down and abandoning module LocalizationDashboard (496)
[2018.11.21-08.29.28:947][ 38]LogModuleManager: Shutting down and abandoning module LocalizationService (495)
[2018.11.21-08.29.28:948][ 38]LogModuleManager: Shutting down and abandoning module HardwareTargeting (492)
[2018.11.21-08.29.28:948][ 38]LogModuleManager: Shutting down and abandoning module DeviceProfileEditor (490)
[2018.11.21-08.29.28:948][ 38]LogModuleManager: Shutting down and abandoning module UndoHistory (488)
[2018.11.21-08.29.28:948][ 38]LogModuleManager: Shutting down and abandoning module XmlParser (486)
[2018.11.21-08.29.28:948][ 38]LogModuleManager: Shutting down and abandoning module Blutility (484)
[2018.11.21-08.29.28:948][ 38]LogModuleManager: Shutting down and abandoning module ProjectSettingsViewer (482)
[2018.11.21-08.29.28:948][ 38]LogModuleManager: Shutting down and abandoning module ProjectTargetPlatformEditor (481)
[2018.11.21-08.29.28:948][ 38]LogModuleManager: Shutting down and abandoning module EditorSettingsViewer (478)
[2018.11.21-08.29.28:948][ 38]LogModuleManager: Shutting down and abandoning module SettingsEditor (476)
[2018.11.21-08.29.28:948][ 38]LogModuleManager: Shutting down and abandoning module ProjectLauncher (474)
[2018.11.21-08.29.28:949][ 38]LogModuleManager: Shutting down and abandoning module SessionFrontend (472)
[2018.11.21-08.29.28:949][ 38]LogModuleManager: Shutting down and abandoning module ProfilerClient (470)
[2018.11.21-08.29.28:949][ 38]LogModuleManager: Shutting down and abandoning module DeviceManager (468)
[2018.11.21-08.29.28:949][ 38]LogModuleManager: Shutting down and abandoning module TargetDeviceServices (467)
[2018.11.21-08.29.29:004][ 38]LogModuleManager: Shutting down and abandoning module AutomationController (464)
[2018.11.21-08.29.29:004][ 38]LogModuleManager: Shutting down and abandoning module AutomationWindow (462)
[2018.11.21-08.29.29:004][ 38]LogModuleManager: Shutting down and abandoning module Layers (460)
[2018.11.21-08.29.29:004][ 38]LogModuleManager: Shutting down and abandoning module ComponentVisualizers (458)
[2018.11.21-08.29.29:004][ 38]LogModuleManager: Shutting down and abandoning module DetailCustomizations (456)
[2018.11.21-08.29.29:004][ 38]LogModuleManager: Shutting down and abandoning module PackagesDialog (454)
[2018.11.21-08.29.29:005][ 38]LogModuleManager: Shutting down and abandoning module Persona (452)
[2018.11.21-08.29.29:005][ 38]LogModuleManager: Shutting down and abandoning module AdvancedPreviewScene (451)
[2018.11.21-08.29.29:005][ 38]LogModuleManager: Shutting down and abandoning module AnimGraph (449)
[2018.11.21-08.29.29:005][ 38]LogModuleManager: Shutting down and abandoning module Kismet (446)
[2018.11.21-08.29.29:006][ 38]LogModuleManager: Shutting down and abandoning module GraphEditor (444)
[2018.11.21-08.29.29:006][ 38]LogModuleManager: Shutting down and abandoning module ClassViewer (442)
[2018.11.21-08.29.29:006][ 38]LogModuleManager: Shutting down and abandoning module Toolbox (440)
[2018.11.21-08.29.29:006][ 38]LogModuleManager: Shutting down and abandoning module DesktopPlatform (439)
[2018.11.21-08.29.29:006][ 38]LogModuleManager: Shutting down and abandoning module ModuleUI (436)
[2018.11.21-08.29.29:006][ 38]LogModuleManager: Shutting down and abandoning module MovieSceneTools (434)
[2018.11.21-08.29.29:006][ 38]LogModuleManager: Shutting down and abandoning module OutputLog (432)
[2018.11.21-08.29.29:006][ 38]LogModuleManager: Shutting down and abandoning module GammaUI (430)
[2018.11.21-08.29.29:007][ 38]LogModuleManager: Shutting down and abandoning module Documentation (428)
[2018.11.21-08.29.29:007][ 38]LogModuleManager: Shutting down and abandoning module MovieSceneTracks (426)
[2018.11.21-08.29.29:007][ 38]LogModuleManager: Shutting down and abandoning module MovieScene (424)
[2018.11.21-08.29.29:007][ 38]LogModuleManager: Shutting down and abandoning module StreamingPauseRendering (422)
[2018.11.21-08.29.29:008][ 38]LogModuleManager: Shutting down and abandoning module LauncherPlatform (420)
[2018.11.21-08.29.29:009][ 38]LogModuleManager: Shutting down and abandoning module AnalyticsET (418)
[2018.11.21-08.29.29:009][ 38]LogModuleManager: Shutting down and abandoning module PortalServices (416)
[2018.11.21-08.29.29:009][ 38]LogModuleManager: Shutting down and abandoning module PortalRpc (414)
[2018.11.21-08.29.29:009][ 38]LogModuleManager: Shutting down and abandoning module MessagingRpc (412)
[2018.11.21-08.29.29:009][ 38]LogModuleManager: Shutting down and abandoning module AIModule (410)
[2018.11.21-08.29.29:009][ 38]LogModuleManager: Shutting down and abandoning module GameplayDebugger (409)
[2018.11.21-08.29.29:009][ 38]LogModuleManager: Shutting down and abandoning module AITestSuite (407)
[2018.11.21-08.29.29:010][ 38]LogModuleManager: Shutting down and abandoning module NavigationSystem (405)
[2018.11.21-08.29.29:010][ 38]LogModuleManager: Shutting down and abandoning module ProfilerService (402)
[2018.11.21-08.29.29:056][ 38]LogModuleManager: Shutting down and abandoning module TaskGraph (400)
[2018.11.21-08.29.29:056][ 38]LogModuleManager: Shutting down and abandoning module SteamVRController (398)
[2018.11.21-08.29.29:056][ 38]LogModuleManager: Shutting down and abandoning module ProceduralMeshComponentEditor (396)
[2018.11.21-08.29.29:056][ 38]LogModuleManager: Shutting down and abandoning module ProceduralMeshComponent (394)
[2018.11.21-08.29.29:056][ 38]LogModuleManager: Shutting down and abandoning module OculusInput (392)
[2018.11.21-08.29.29:056][ 38]LogModuleManager: Shutting down and abandoning module MobilePatchingUtils (390)
[2018.11.21-08.29.29:056][ 38]LogModuleManager: Shutting down and abandoning module EditableMesh (388)
[2018.11.21-08.29.29:056][ 38]LogModuleManager: Shutting down and abandoning module CustomMeshComponent (386)
[2018.11.21-08.29.29:057][ 38]LogModuleManager: Shutting down and abandoning module CableComponent (384)
[2018.11.21-08.29.29:057][ 38]LogModuleManager: Shutting down and abandoning module AudioCapture (382)
[2018.11.21-08.29.29:057][ 38]LogModuleManager: Shutting down and abandoning module ArchVisCharacter (380)
[2018.11.21-08.29.29:057][ 38]LogModuleManager: Shutting down and abandoning module AndroidPermission (378)
[2018.11.21-08.29.29:057][ 38]LogModuleManager: Shutting down and abandoning module NUTUnrealEngine4 (376)
[2018.11.21-08.29.29:057][ 38]LogModuleManager: Shutting down and abandoning module NetcodeUnitTest (374)
[2018.11.21-08.29.29:057][ 38]LogModuleManager: Shutting down and abandoning module MediaCompositingEditor (372)
[2018.11.21-08.29.29:057][ 38]LogModuleManager: Shutting down and abandoning module MediaCompositing (370)
[2018.11.21-08.29.29:057][ 38]LogModuleManager: Shutting down and abandoning module LinearTimecode (368)
[2018.11.21-08.29.29:057][ 38]LogModuleManager: Shutting down and abandoning module ImgMedia (366)
[2018.11.21-08.29.29:068][ 38]LogModuleManager: Shutting down and abandoning module HTML5Networking (364)
[2018.11.21-08.29.29:068][ 38]LogModuleManager: Shutting down and abandoning module GeometryCacheTracks (362)
[2018.11.21-08.29.29:068][ 38]LogModuleManager: Shutting down and abandoning module GeometryCacheSequencer (360)
[2018.11.21-08.29.29:068][ 38]LogModuleManager: Shutting down and abandoning module BackChannel (358)
[2018.11.21-08.29.29:068][ 38]LogModuleManager: Shutting down and abandoning module AppleVision (356)
[2018.11.21-08.29.29:068][ 38]LogModuleManager: Shutting down and abandoning module AppleImageUtils (354)
[2018.11.21-08.29.29:069][ 38]LogModuleManager: Shutting down and abandoning module AlembicImporter (352)
[2018.11.21-08.29.29:069][ 38]LogModuleManager: Shutting down and abandoning module AlembicLibrary (351)
[2018.11.21-08.29.29:069][ 38]LogModuleManager: Shutting down and abandoning module GeometryCache (350)
[2018.11.21-08.29.29:069][ 38]LogModuleManager: Shutting down and abandoning module GeometryCacheEd (349)
[2018.11.21-08.29.29:069][ 38]LogModuleManager: Shutting down and abandoning module DatasmithContentEditor (344)
[2018.11.21-08.29.29:069][ 38]LogModuleManager: Shutting down and abandoning module DatasmithContent (342)
[2018.11.21-08.29.29:070][ 38]LogModuleManager: Shutting down and abandoning module SpeedTreeImporter (340)
[2018.11.21-08.29.29:070][ 38]LogModuleManager: Shutting down and abandoning module PluginBrowser (338)
[2018.11.21-08.29.29:070][ 38]LogModuleManager: Shutting down and abandoning module MobileLauncherProfileWizard (336)
[2018.11.21-08.29.29:070][ 38]LogModuleManager: Shutting down and abandoning module PolygonModeling (334)
[2018.11.21-08.29.29:070][ 38]LogModuleManager: Shutting down and abandoning module MeshEditor (332)
[2018.11.21-08.29.29:071][ 38]LogModuleManager: Shutting down and abandoning module CryptoKeysOpenSSL (330)
[2018.11.21-08.29.29:071][ 38]LogModuleManager: Shutting down and abandoning module CryptoKeys (328)
[2018.11.21-08.29.29:071][ 38]LogModuleManager: Shutting down and abandoning module VisualStudioSourceCodeAccess (326)
[2018.11.21-08.29.29:071][ 38]LogModuleManager: Shutting down and abandoning module VisualStudioCodeSourceCodeAccess (324)
[2018.11.21-08.29.29:071][ 38]LogModuleManager: Shutting down and abandoning module UObjectPlugin (322)
[2018.11.21-08.29.29:071][ 38]LogModuleManager: Shutting down and abandoning module SubversionSourceControl (320)
[2018.11.21-08.29.29:071][ 38]LogModuleManager: Shutting down and abandoning module PerforceSourceControl (318)
[2018.11.21-08.29.29:071][ 38]LogModuleManager: Shutting down and abandoning module GitSourceControl (316)
[2018.11.21-08.29.29:072][ 38]LogModuleManager: Shutting down and abandoning module SourceControl (315)
[2018.11.21-08.29.29:072][ 38]LogModuleManager: Shutting down and abandoning module CLionSourceCodeAccess (312)
[2018.11.21-08.29.29:072][ 38]LogModuleManager: Shutting down and abandoning module LightPropagationVolumeEditor (310)
[2018.11.21-08.29.29:072][ 38]LogModuleManager: Shutting down and abandoning module PaperTiledImporter (308)
[2018.11.21-08.29.29:072][ 38]LogModuleManager: Shutting down and abandoning module PaperSpriteSheetImporter (306)
[2018.11.21-08.29.29:072][ 38]LogModuleManager: Shutting down and abandoning module Paper2DEditor (304)
[2018.11.21-08.29.29:072][ 38]LogModuleManager: Shutting down and abandoning module MeshPaint (303)
[2018.11.21-08.29.29:072][ 38]LogModuleManager: Shutting down and abandoning module EX3_Waldemar_Zeitler (300)
[2018.11.21-08.29.29:072][ 38]LogModuleManager: Shutting down and abandoning module RuntimePhysXCooking (298)
[2018.11.21-08.29.29:073][ 38]LogModuleManager: Shutting down and abandoning module PhysXVehiclesEditor (296)
[2018.11.21-08.29.29:073][ 38]LogModuleManager: Shutting down and abandoning module PhysXVehicles (294)
[2018.11.21-08.29.29:073][ 38]LogModuleManager: Shutting down and abandoning module OculusEditor (292)
[2018.11.21-08.29.29:073][ 38]LogModuleManager: Shutting down and abandoning module LocationServicesBPLibrary (290)
[2018.11.21-08.29.29:073][ 38]LogModuleManager: Shutting down and abandoning module ImmediatePhysicsEditor (288)
[2018.11.21-08.29.29:073][ 38]LogModuleManager: Shutting down and abandoning module ImmediatePhysics (286)
[2018.11.21-08.29.29:073][ 38]LogModuleManager: Shutting down and abandoning module ActorSequence (284)
[2018.11.21-08.29.29:074][ 38]LogModuleManager: Shutting down and abandoning module UdpMessaging (282)
[2018.11.21-08.29.29:174][ 38]LogModuleManager: Shutting down and abandoning module TcpMessaging (280)
[2018.11.21-08.29.29:276][ 38]LogModuleManager: Shutting down and abandoning module MagicLeapAudio (278)
[2018.11.21-08.29.29:276][ 38]LogModuleManager: Shutting down and abandoning module GameplayTagsEditor (276)
[2018.11.21-08.29.29:276][ 38]LogModuleManager: Shutting down and abandoning module FacialAnimationEditor (274)
[2018.11.21-08.29.29:276][ 38]LogModuleManager: Shutting down and abandoning module FacialAnimation (272)
[2018.11.21-08.29.29:276][ 38]LogModuleManager: Shutting down and abandoning module DataValidation (270)
[2018.11.21-08.29.29:276][ 38]LogModuleManager: Shutting down and abandoning module AssetManagerEditor (268)
[2018.11.21-08.29.29:276][ 38]LogModuleManager: Shutting down and abandoning module LevelEditor (267)
[2018.11.21-08.29.29:277][ 38]LogModuleManager: Shutting down and abandoning module PixelInspectorModule (266)
[2018.11.21-08.29.29:277][ 38]LogModuleManager: Shutting down and abandoning module CommonMenuExtensions (264)
[2018.11.21-08.29.29:277][ 38]LogModuleManager: Shutting down and abandoning module MainFrame (262)
[2018.11.21-08.29.29:277][ 38]LogModuleManager: Shutting down and abandoning module HotReload (261)
[2018.11.21-08.29.29:278][ 38]LogModuleManager: Shutting down and abandoning module ContentBrowser (257)
[2018.11.21-08.29.29:279][ 38]LogModuleManager: Shutting down and abandoning module TreeMap (255)
[2018.11.21-08.29.29:279][ 38]LogModuleManager: Shutting down and abandoning module LightPropagationVolumeRuntime (252)
[2018.11.21-08.29.29:279][ 38]LogModuleManager: Shutting down and abandoning module AISupportModule (250)
[2018.11.21-08.29.29:279][ 38]LogModuleManager: Shutting down and abandoning module Paper2D (248)
[2018.11.21-08.29.29:279][ 38]LogModuleManager: Shutting down and abandoning module WindowsMoviePlayer (246)
[2018.11.21-08.29.29:280][ 38]LogModuleManager: Shutting down and abandoning module WmfMedia (244)
[2018.11.21-08.29.29:283][ 38]LogModuleManager: Shutting down and abandoning module Media (243)
[2018.11.21-08.29.29:290][ 38]LogModuleManager: Shutting down and abandoning module PacketHandler (240)
[2018.11.21-08.29.29:291][ 38]LogModuleManager: Shutting down and abandoning module ClothingSystemEditor (238)
[2018.11.21-08.29.29:291][ 38]LogModuleManager: Shutting down and abandoning module ClothingSystemRuntime (236)
[2018.11.21-08.29.29:291][ 38]LogModuleManager: Shutting down and abandoning module MediaAssets (234)
[2018.11.21-08.29.29:291][ 38]LogModuleManager: Shutting down and abandoning module Overlay (232)
[2018.11.21-08.29.29:291][ 38]LogModuleManager: Shutting down and abandoning module OverlayEditor (231)
[2018.11.21-08.29.29:291][ 38]LogModuleManager: Shutting down and abandoning module VREditor (228)
[2018.11.21-08.29.29:291][ 38]LogModuleManager: Shutting down and abandoning module StringTableEditor (226)
[2018.11.21-08.29.29:291][ 38]LogModuleManager: Shutting down and abandoning module GameplayTasksEditor (224)
[2018.11.21-08.29.29:291][ 38]LogModuleManager: Shutting down and abandoning module BehaviorTreeEditor (222)
[2018.11.21-08.29.29:291][ 38]LogModuleManager: Shutting down and abandoning module FunctionalTesting (220)
[2018.11.21-08.29.29:291][ 38]LogModuleManager: Shutting down and abandoning module CollisionAnalyzer (218)
[2018.11.21-08.29.29:291][ 38]LogModuleManager: Shutting down and abandoning module WorkspaceMenuStructure (217)
[2018.11.21-08.29.29:291][ 38]LogModuleManager: Shutting down and abandoning module UMG (214)
[2018.11.21-08.29.29:291][ 38]LogModuleManager: Shutting down and abandoning module UMGEditor (213)
[2018.11.21-08.29.29:292][ 38]LogModuleManager: Shutting down and abandoning module Sequencer (212)
[2018.11.21-08.29.29:292][ 38]LogModuleManager: Shutting down and abandoning module MessageLog (209)
[2018.11.21-08.29.29:292][ 38]LogModuleManager: Shutting down and abandoning module SlateReflector (204)
[2018.11.21-08.29.29:292][ 38]LogModuleManager: Shutting down and abandoning module Slate (202)
[2018.11.21-08.29.29:292][ 38]LogModuleManager: Shutting down and abandoning module EditorStyle (200)
[2018.11.21-08.29.29:294][ 38]LogModuleManager: Shutting down and abandoning module MRMesh (198)
[2018.11.21-08.29.29:294][ 38]LogModuleManager: Shutting down and abandoning module SourceCodeAccess (196)
[2018.11.21-08.29.29:294][ 38]LogModuleManager: Shutting down and abandoning module HeadMountedDisplay (194)
[2018.11.21-08.29.29:294][ 38]LogModuleManager: Shutting down and abandoning module XAudio2 (192)
[2018.11.21-08.29.29:294][ 38]LogModuleManager: Shutting down and abandoning module Networking (190)
[2018.11.21-08.29.29:294][ 38]LogModuleManager: Shutting down and abandoning module Core (188)
[2018.11.21-08.29.29:294][ 38]LogModuleManager: Shutting down and abandoning module LevelSequence (186)
[2018.11.21-08.29.29:295][ 38]LogModuleManager: Shutting down and abandoning module KismetCompiler (184)
[2018.11.21-08.29.29:295][ 38]LogModuleManager: Shutting down and abandoning module MeshUtilities (182)
[2018.11.21-08.29.29:295][ 38]LogModuleManager: Shutting down and abandoning module MeshMergeUtilities (181)
[2018.11.21-08.29.29:295][ 38]LogModuleManager: Shutting down and abandoning module MeshReductionInterface (180)
[2018.11.21-08.29.29:295][ 38]LogModuleManager: Shutting down and abandoning module SimplygonSwarm (179)
[2018.11.21-08.29.29:295][ 38]LogModuleManager: Shutting down and abandoning module ProxyLODMeshReduction (177)
[2018.11.21-08.29.29:295][ 38]LogModuleManager: Shutting down and abandoning module SimplygonMeshReduction (175)
[2018.11.21-08.29.29:295][ 38]LogModuleManager: Shutting down and abandoning module QuadricMeshReduction (173)
[2018.11.21-08.29.29:295][ 38]LogModuleManager: Shutting down and abandoning module MaterialBaking (169)
[2018.11.21-08.29.29:295][ 38]LogModuleManager: Shutting down and abandoning module DirectoryWatcher (165)
[2018.11.21-08.29.29:295][ 38]LogModuleManager: Shutting down and abandoning module DerivedDataCache (162)
[2018.11.21-08.29.29:392][ 38]LogDerivedDataCache: Shutdown
[2018.11.21-08.29.29:392][ 38]LogModuleManager: Shutting down and abandoning module XGEController (160)
[2018.11.21-08.29.29:392][ 38]LogXGEController: Cleaning working directory: C:/Users/Admin/AppData/Local/Temp/UnrealXGEWorkingDir/
[2018.11.21-08.29.29:392][ 38]LogModuleManager: Shutting down and abandoning module TargetPlatform (158)
[2018.11.21-08.29.29:392][ 38]LogModuleManager: Shutting down and abandoning module VulkanShaderFormat (157)
[2018.11.21-08.29.29:392][ 38]LogModuleManager: Shutting down and abandoning module ShaderFormatVectorVM (155)
[2018.11.21-08.29.29:392][ 38]LogModuleManager: Shutting down and abandoning module ShaderFormatOpenGL (153)
[2018.11.21-08.29.29:393][ 38]LogModuleManager: Shutting down and abandoning module ShaderFormatD3D (151)
[2018.11.21-08.29.29:393][ 38]LogModuleManager: Shutting down and abandoning module MetalShaderFormat (149)
[2018.11.21-08.29.29:393][ 38]LogModuleManager: Shutting down and abandoning module TextureFormatUncompressed (147)
[2018.11.21-08.29.29:393][ 38]LogModuleManager: Shutting down and abandoning module TextureFormatPVR (145)
[2018.11.21-08.29.29:393][ 38]LogModuleManager: Shutting down and abandoning module TextureFormatDXT (143)
[2018.11.21-08.29.29:393][ 38]LogModuleManager: Shutting down and abandoning module TextureFormatIntelISPCTexComp (141)
[2018.11.21-08.29.29:395][ 38]LogModuleManager: Shutting down and abandoning module TextureFormatASTC (139)
[2018.11.21-08.29.29:395][ 38]LogModuleManager: Shutting down and abandoning module ImageWrapper (138)
[2018.11.21-08.29.29:395][ 38]LogModuleManager: Shutting down and abandoning module TextureFormatAndroid (135)
[2018.11.21-08.29.29:395][ 38]LogModuleManager: Shutting down and abandoning module AudioFormatOpus (133)
[2018.11.21-08.29.29:396][ 38]LogModuleManager: Shutting down and abandoning module AudioFormatOgg (131)
[2018.11.21-08.29.29:396][ 38]LogModuleManager: Shutting down and abandoning module AudioFormatADPCM (129)
[2018.11.21-08.29.29:396][ 38]LogModuleManager: Shutting down and abandoning module LuminTargetPlatform (127)
[2018.11.21-08.29.29:396][ 38]LogModuleManager: Shutting down and abandoning module LinuxTargetPlatform (125)
[2018.11.21-08.29.29:396][ 38]LogModuleManager: Shutting down and abandoning module LinuxServerTargetPlatform (123)
[2018.11.21-08.29.29:396][ 38]LogModuleManager: Shutting down and abandoning module LinuxNoEditorTargetPlatform (121)
[2018.11.21-08.29.29:396][ 38]LogModuleManager: Shutting down and abandoning module LinuxClientTargetPlatform (119)
[2018.11.21-08.29.29:397][ 38]LogModuleManager: Shutting down and abandoning module TVOSTargetPlatform (117)
[2018.11.21-08.29.29:398][ 38]LogModuleManager: Shutting down and abandoning module Messaging (115)
[2018.11.21-08.29.29:398][ 38]LogModuleManager: Shutting down and abandoning module IOSTargetPlatform (113)
[2018.11.21-08.29.29:399][ 38]LogModuleManager: Shutting down and abandoning module HTML5TargetPlatform (111)
[2018.11.21-08.29.29:399][ 38]LogModuleManager: Shutting down and abandoning module AndroidTargetPlatform (109)
[2018.11.21-08.29.29:405][ 38]LogModuleManager: Shutting down and abandoning module WindowsTargetPlatform (107)
[2018.11.21-08.29.29:405][ 38]LogModuleManager: Shutting down and abandoning module WindowsServerTargetPlatform (105)
[2018.11.21-08.29.29:405][ 38]LogModuleManager: Shutting down and abandoning module WindowsNoEditorTargetPlatform (103)
[2018.11.21-08.29.29:405][ 38]LogModuleManager: Shutting down and abandoning module WindowsClientTargetPlatform (101)
[2018.11.21-08.29.29:405][ 38]LogModuleManager: Shutting down and abandoning module MacTargetPlatform (99)
[2018.11.21-08.29.29:405][ 38]LogModuleManager: Shutting down and abandoning module MacServerTargetPlatform (97)
[2018.11.21-08.29.29:406][ 38]LogModuleManager: Shutting down and abandoning module MacNoEditorTargetPlatform (95)
[2018.11.21-08.29.29:406][ 38]LogModuleManager: Shutting down and abandoning module MacClientTargetPlatform (93)
[2018.11.21-08.29.29:406][ 38]LogModuleManager: Shutting down and abandoning module AllDesktopTargetPlatform (91)
[2018.11.21-08.29.29:406][ 38]LogModuleManager: Shutting down and abandoning module InputCore (88)
[2018.11.21-08.29.29:406][ 38]LogModuleManager: Shutting down and abandoning module Settings (86)
[2018.11.21-08.29.29:406][ 38]LogModuleManager: Shutting down and abandoning module PhysXCooking (84)
[2018.11.21-08.29.29:406][ 38]LogModuleManager: Shutting down and abandoning module SteamVR (82)
[2018.11.21-08.29.29:406][ 38]LogModuleManager: Shutting down and abandoning module OculusHMD (80)
[2018.11.21-08.29.29:408][ 38]LogModuleManager: Shutting down and abandoning module ExampleDeviceProfileSelector (78)
[2018.11.21-08.29.29:409][ 38]LogModuleManager: Shutting down and abandoning module LauncherChunkInstaller (76)
[2018.11.21-08.29.29:409][ 38]LogModuleManager: Shutting down and abandoning module OnlineBlueprintSupport (74)
[2018.11.21-08.29.29:409][ 38]LogModuleManager: Shutting down and abandoning module OnlineSubsystem (70)
[2018.11.21-08.29.29:411][ 38]LogModuleManager: Shutting down and abandoning module XMPP (65)
[2018.11.21-08.29.29:411][ 38]LogModuleManager: Shutting down and abandoning module WebSockets (64)
[2018.11.21-08.29.29:443][ 38]LogModuleManager: Shutting down and abandoning module HTTP (61)
[2018.11.21-08.29.29:443][ 38]LogHttp: Display: Http module shutting down, but needs to wait on 1 outstanding Http requests:
[2018.11.21-08.29.29:443][ 38]LogHttp: Display: 	verb=[POST] url=[https://datarouter.ol.epicgames.com/datarouter/api/v1/public/data?SessionID=%7BEF281F48-4BDD-D7F6-A2D2-8D8D7C306E9B%7D&AppID=UEEditor.Rocket.Release&AppVersion=4.20.3-4369336%2B%2B%2BUE4%2BRelease-4.20&UserID=e762b88e44e365b672662d9f6e964989%7Ca1656cc20cdd4c89b7b60b7b5d7c0e8a%7C9c9c9fed-2d94-4a80-ba09-800a5f82481a&AppEnvironment=datacollector-binary&UploadType=eteventstream] status=Processing
[2018.11.21-08.29.29:445][ 38]LogModuleManager: Shutting down and abandoning module SSL (60)
[2018.11.21-08.29.29:446][ 38]LogModuleManager: Shutting down and abandoning module MagicLeapEmulator (56)
[2018.11.21-08.29.29:446][ 38]LogModuleManager: Shutting down and abandoning module MagicLeapPrivileges (54)
[2018.11.21-08.29.29:447][ 38]LogModuleManager: Shutting down and abandoning module MagicLeapIdentity (52)
[2018.11.21-08.29.29:447][ 38]LogModuleManager: Shutting down and abandoning module MagicLeapHelperVulkan (50)
[2018.11.21-08.29.29:447][ 38]LogModuleManager: Shutting down and abandoning module MagicLeapHelperOpenGL (48)
[2018.11.21-08.29.29:447][ 38]LogModuleManager: Shutting down and abandoning module MagicLeapSecureStorage (46)
[2018.11.21-08.29.29:447][ 38]LogModuleManager: Shutting down and abandoning module MagicLeapGestures (44)
[2018.11.21-08.29.29:447][ 38]LogModuleManager: Shutting down and abandoning module MagicLeapEyeTracker (42)
[2018.11.21-08.29.29:447][ 38]LogModuleManager: Shutting down and abandoning module MagicLeapController (40)
[2018.11.21-08.29.29:447][ 38]LogSlate: Slate User Destroyed.  User Index 0, Is Virtual User: 0
[2018.11.21-08.29.29:447][ 38]LogModuleManager: Shutting down and abandoning module MagicLeap (38)
[2018.11.21-08.29.29:447][ 38]LogModuleManager: Shutting down and abandoning module AnimationModifiers (36)
[2018.11.21-08.29.29:447][ 38]LogModuleManager: Shutting down and abandoning module PropertyEditor (35)
[2018.11.21-08.29.29:447][ 38]LogModuleManager: Shutting down and abandoning module AudioEditor (32)
[2018.11.21-08.29.29:447][ 38]LogModuleManager: Shutting down and abandoning module TextureCompressor (30)
[2018.11.21-08.29.29:450][ 38]LogModuleManager: Shutting down and abandoning module ShaderCore (28)
[2018.11.21-08.29.29:450][ 38]LogModuleManager: Shutting down and abandoning module Landscape (26)
[2018.11.21-08.29.29:450][ 38]LogModuleManager: Shutting down and abandoning module SlateRHIRenderer (24)
[2018.11.21-08.29.29:450][ 38]LogModuleManager: Shutting down and abandoning module OpenGLDrv (22)
[2018.11.21-08.29.29:451][ 38]LogModuleManager: Shutting down and abandoning module D3D11RHI (20)
[2018.11.21-08.29.29:451][ 38]LogModuleManager: Shutting down and abandoning module AnimGraphRuntime (18)
[2018.11.21-08.29.29:451][ 38]LogModuleManager: Shutting down and abandoning module Renderer (16)
[2018.11.21-08.29.29:451][ 38]LogModuleManager: Shutting down and abandoning module Engine (14)
[2018.11.21-08.29.29:451][ 38]LogModuleManager: Shutting down and abandoning module CoreUObject (12)
[2018.11.21-08.29.29:451][ 38]LogModuleManager: Shutting down and abandoning module NetworkFile (10)
[2018.11.21-08.29.29:451][ 38]LogModuleManager: Shutting down and abandoning module CookedIterativeFile (8)
[2018.11.21-08.29.29:451][ 38]LogModuleManager: Shutting down and abandoning module StreamingFile (6)
[2018.11.21-08.29.29:451][ 38]LogModuleManager: Shutting down and abandoning module SandboxFile (4)
[2018.11.21-08.29.29:451][ 38]LogModuleManager: Shutting down and abandoning module PakFile (2)
[2018.11.21-08.29.29:468][ 38]LogExit: Exiting.
[2018.11.21-08.29.29:475][ 38]Log file closed, 11/21/18 09:29:29
