Log file open, 11/21/18 09:22:26
LogWindows: Failed to load 'aqProf.dll' (GetLastError=126)
LogWindows: File 'aqProf.dll' does not exist
LogWindows: Failed to load 'VtuneApi.dll' (GetLastError=126)
LogWindows: File 'VtuneApi.dll' does not exist
LogWindows: Failed to load 'VtuneApi32e.dll' (GetLastError=126)
LogWindows: File 'VtuneApi32e.dll' does not exist
LogInit: Display: Running engine for game: EX3_Waldemar_Zeitler
LogPlatformFile: Not using cached read wrapper
LogTaskGraph: Started task graph with 5 named threads and 23 total threads with 3 sets of task threads.
LogStats: Stats thread started at 0.393588
LogD3D11RHI: Loaded GFSDK_Aftermath_Lib.x64.dll
LogICUInternationalization: Display: ICU TimeZone Detection - Raw Offset: +1:00, Platform Override: ''
LogPluginManager: Mounting plugin Paper2D
LogPluginManager: Mounting plugin AISupport
LogPluginManager: Mounting plugin LightPropagationVolume
LogPluginManager: Mounting plugin CLionSourceCodeAccess
LogPluginManager: Mounting plugin CodeLiteSourceCodeAccess
LogPluginManager: Mounting plugin GitSourceControl
LogPluginManager: Mounting plugin KDevelopSourceCodeAccess
LogPluginManager: Mounting plugin NullSourceCodeAccess
LogPluginManager: Mounting plugin PerforceSourceControl
LogPluginManager: Mounting plugin SubversionSourceControl
LogPluginManager: Mounting plugin UObjectPlugin
LogPluginManager: Mounting plugin VisualStudioCodeSourceCodeAccess
LogPluginManager: Mounting plugin VisualStudioSourceCodeAccess
LogPluginManager: Mounting plugin XCodeSourceCodeAccess
LogPluginManager: Mounting plugin AssetManagerEditor
LogPluginManager: Mounting plugin CryptoKeys
LogPluginManager: Mounting plugin DataValidation
LogPluginManager: Mounting plugin FacialAnimation
LogPluginManager: Mounting plugin GameplayTagsEditor
LogPluginManager: Mounting plugin MacGraphicsSwitching
LogPluginManager: Mounting plugin MeshEditor
LogPluginManager: Mounting plugin MobileLauncherProfileWizard
LogPluginManager: Mounting plugin PluginBrowser
LogPluginManager: Mounting plugin SpeedTreeImporter
LogPluginManager: Mounting plugin DatasmithContent
LogPluginManager: Mounting plugin AlembicImporter
LogPluginManager: Mounting plugin AppleImageUtils
LogPluginManager: Mounting plugin AppleVision
LogPluginManager: Mounting plugin BackChannel
LogPluginManager: Mounting plugin CharacterAI
LogPluginManager: Mounting plugin GeometryCache
LogPluginManager: Mounting plugin HTML5Networking
LogPluginManager: Mounting plugin ProxyLODPlugin
LogPluginManager: Mounting plugin MagicLeap
LogPluginManager: Mounting plugin MagicLeapEmulator
LogPluginManager: Mounting plugin MagicLeapMedia
LogPluginManager: Mounting plugin AndroidMedia
LogPluginManager: Mounting plugin AvfMedia
LogPluginManager: Mounting plugin ImgMedia
LogPluginManager: Mounting plugin LinearTimecode
LogPluginManager: Mounting plugin MediaCompositing
LogPluginManager: Mounting plugin MediaPlayerEditor
LogPluginManager: Mounting plugin WmfMedia
LogPluginManager: Mounting plugin TcpMessaging
LogPluginManager: Mounting plugin UdpMessaging
LogPluginManager: Mounting plugin ActorSequence
LogPluginManager: Mounting plugin LevelSequenceEditor
LogPluginManager: Mounting plugin MatineeToLevelSequence
LogPluginManager: Mounting plugin NetcodeUnitTest
LogPluginManager: Mounting plugin NUTUnrealEngine4
LogPluginManager: Mounting plugin OnlineSubsystemGooglePlay
LogPluginManager: Mounting plugin OnlineSubsystemIOS
LogPluginManager: Mounting plugin OnlineSubsystem
LogPluginManager: Mounting plugin OnlineSubsystemNull
LogPluginManager: Mounting plugin OnlineSubsystemUtils
LogPluginManager: Mounting plugin LauncherChunkInstaller
LogPluginManager: Mounting plugin AndroidDeviceProfileSelector
LogPluginManager: Mounting plugin AndroidMoviePlayer
LogPluginManager: Mounting plugin AndroidPermission
LogPluginManager: Mounting plugin AppleMoviePlayer
LogPluginManager: Mounting plugin ArchVisCharacter
LogPluginManager: Mounting plugin AudioCapture
LogPluginManager: Mounting plugin CableComponent
LogPluginManager: Mounting plugin CustomMeshComponent
LogPluginManager: Mounting plugin EditableMesh
LogPluginManager: Mounting plugin ExampleDeviceProfileSelector
LogPluginManager: Mounting plugin GoogleCloudMessaging
LogPluginManager: Mounting plugin ImmediatePhysics
LogPluginManager: Mounting plugin IOSDeviceProfileSelector
LogPluginManager: Mounting plugin LinuxDeviceProfileSelector
LogPluginManager: Mounting plugin LocationServicesBPLibrary
LogPluginManager: Mounting plugin MobilePatchingUtils
LogPluginManager: Mounting plugin OculusVR
LogPluginManager: Plugin shader directory ../../../Engine/Plugins/Runtime/Oculus/OculusVR/Shaders found
LogPluginManager: Mapping shader source directory ../../../Engine/Plugins/Runtime/Oculus/OculusVR/Shaders to virtual directory /Plugin/OculusVR
LogPluginManager: Mounting plugin PhysXVehicles
LogPluginManager: Mounting plugin ProceduralMeshComponent
LogPluginManager: Mounting plugin RuntimePhysXCooking
LogPluginManager: Mounting plugin SteamVR
LogPluginManager: Mounting plugin WindowsMoviePlayer
LogStreaming: Display: Took  0.128s to configure plugins.
LogInit: Using libcurl 7.55.1-DEV
LogInit:  - built for x86_64-pc-win32
LogInit:  - supports SSL with OpenSSL/1.0.2h
LogInit:  - supports HTTP deflate (compression) using libz 1.2.8
LogInit:  - other features:
LogInit:      CURL_VERSION_SSL
LogInit:      CURL_VERSION_LIBZ
LogInit:      CURL_VERSION_IPV6
LogInit:      CURL_VERSION_ASYNCHDNS
LogInit:      CURL_VERSION_LARGEFILE
LogInit:      CURL_VERSION_IDN
LogInit:  CurlRequestOptions (configurable via config and command line):
LogInit:  - bVerifyPeer = false  - Libcurl will NOT verify peer certificate
LogInit:  - bUseHttpProxy = false  - Libcurl will NOT use HTTP proxy
LogInit:  - bDontReuseConnections = false  - Libcurl will reuse connections
LogInit:  - CertBundlePath = nullptr  - Libcurl will use whatever was configured at build time.
LogInit:  - MaxHostConnections = 16  - Libcurl will limit the number of connections to a host
LogInit:  - LocalHostAddr = Default
LogInit:  - BufferSize = 65536
LogInit: WinSock: version 1.1 (2.2), MaxSocks=32767, MaxUdp=65467
LogInit: Build: ++UE4+Release-4.20-CL-4369336
LogInit: Engine Version: 4.20.3-4369336+++UE4+Release-4.20
LogInit: Compatible Engine Version: 4.20.0-4212847+++UE4+Release-4.20
LogInit: Net CL: 4212847
LogInit: OS: Windows 10 (), CPU: Intel(R) Core(TM) i7-4770K CPU @ 3.50GHz, GPU: NVIDIA GeForce GTX 980 Ti
LogInit: Compiled (64-bit): Sep 17 2018 12:26:19
LogInit: Compiled with Visual C++: 19.13.26129.00
LogInit: Build Configuration: DebugGame
LogInit: Branch Name: ++UE4+Release-4.20
LogInit: Command Line:  -skipcompile -debug
LogInit: Base Directory: E:/UE_4.20/Engine/Binaries/Win64/
LogInit: Installed Engine Build: 1
LogDevObjectVersion: Number of dev versions registered: 20
LogDevObjectVersion:   Dev-Blueprints (B0D832E4-1F89-4F0D-ACCF-7EB736FD4AA2): 10
LogDevObjectVersion:   Dev-Build (E1C64328-A22C-4D53-A36C-8E866417BD8C): 0
LogDevObjectVersion:   Dev-Core (375EC13C-06E4-48FB-B500-84F0262A717E): 2
LogDevObjectVersion:   Dev-Editor (E4B068ED-F494-42E9-A231-DA0B2E46BB41): 24
LogDevObjectVersion:   Dev-Framework (CFFC743F-43B0-4480-9391-14DF171D2073): 34
LogDevObjectVersion:   Dev-Mobile (B02B49B5-BB20-44E9-A304-32B752E40360): 2
LogDevObjectVersion:   Dev-Networking (A4E4105C-59A1-49B5-A7C5-40C4547EDFEE): 0
LogDevObjectVersion:   Dev-Online (39C831C9-5AE6-47DC-9A44-9C173E1C8E7C): 0
LogDevObjectVersion:   Dev-Physics (78F01B33-EBEA-4F98-B9B4-84EACCB95AA2): 0
LogDevObjectVersion:   Dev-Platform (6631380F-2D4D-43E0-8009-CF276956A95A): 0
LogDevObjectVersion:   Dev-Rendering (12F88B9F-8875-4AFC-A67C-D90C383ABD29): 26
LogDevObjectVersion:   Dev-Sequencer (7B5AE74C-D270-4C10-A958-57980B212A5A): 9
LogDevObjectVersion:   Dev-VR (D7296918-1DD6-4BDD-9DE2-64A83CC13884): 2
LogDevObjectVersion:   Dev-LoadTimes (C2A15278-BFE7-4AFE-6C17-90FF531DF755): 1
LogDevObjectVersion:   Private-Geometry (6EACA3D4-40EC-4CC1-B786-8BED09428FC5): 3
LogDevObjectVersion:   Dev-AnimPhys (29E575DD-E0A3-4627-9D10-D276232CDCEA): 17
LogDevObjectVersion:   Dev-ReflectionCapture (6B266CEC-1EC7-4B8F-A30B-E4D90942FC07): 1
LogDevObjectVersion:   Dev-Automation (0DF73D61-A23F-47EA-B727-89E90C41499A): 1
LogDevObjectVersion:   FortniteMain (601D1886-AC64-4F84-AA16-D3DE0DEAC7D6): 12
LogDevObjectVersion:   Dev-Enterprise (9DFFBCD6-494F-0158-E221-12823C92A888): 1
LogStreaming: Display: Took  0.004s to delete old logs.
LogInit: Presizing for max 8388607 objects, including 0 objects not considered by GC, pre-allocating 0 bytes for permanent pool.
LogInit: Object subsystem initialized
[2018.11.21-08.22.27:066][  0]LogInit: Selected Device Profile: [Windows]
[2018.11.21-08.22.27:066][  0]LogInit: Applying CVar settings loaded from the selected device profile: [Windows]
[2018.11.21-08.22.27:079][  0]LogHAL: Display: Platform has ~ 32 GB [34294849536 / 34359738368 / 32], which maps to Largest [LargestMinGB=32, LargerMinGB=12, DefaultMinGB=8, SmallerMinGB=6, SmallestMinGB=0)
[2018.11.21-08.22.27:079][  0]LogInit: Setting Device Profile CVar: [[r.Vulkan.UseRealUBs:1]]
[2018.11.21-08.22.27:079][  0]LogInit: Going up to parent DeviceProfile []
[2018.11.21-08.22.27:080][  0]LogInit: Computer: WIN-291-02
[2018.11.21-08.22.27:080][  0]LogInit: User: Admin
[2018.11.21-08.22.27:080][  0]LogInit: CPU Page size=4096, Cores=4
[2018.11.21-08.22.27:080][  0]LogInit: High frequency timer resolution =3.423911 MHz
[2018.11.21-08.22.27:080][  0]LogMemory: Memory total: Physical=31.9GB (32GB approx)
[2018.11.21-08.22.27:080][  0]LogMemory: Platform Memory Stats for Windows
[2018.11.21-08.22.27:080][  0]LogMemory: Process Physical Memory: 105.59 MB used, 105.59 MB peak
[2018.11.21-08.22.27:080][  0]LogMemory: Process Virtual Memory: 94.79 MB used, 94.79 MB peak
[2018.11.21-08.22.27:081][  0]LogMemory: Physical Memory: 7355.51 MB used,  25350.61 MB free, 32706.12 MB total
[2018.11.21-08.22.27:081][  0]LogMemory: Virtual Memory: 4658.54 MB used,  25350.61 MB free, 134217728.00 MB total
[2018.11.21-08.22.27:190][  0]LogInit: Using OS detected language (en-US).
[2018.11.21-08.22.27:190][  0]LogInit: Using OS detected locale (en-US).
[2018.11.21-08.22.27:191][  0]LogTextLocalizationManager: No specific localization for 'en-US' exists, so the 'en' localization will be used.
[2018.11.21-08.22.27:551][  0]LogStreaming: Display: Took  0.361s to InitEngineTextLocalization.
[2018.11.21-08.22.27:552][  0]LogInit: Setting process to per monitor DPI aware
[2018.11.21-08.22.27:609][  0]LogSlate: New Slate User Created.  User Index 0, Is Virtual User: 0
[2018.11.21-08.22.27:609][  0]LogSlate: Slate User Registered.  User Index 0, Is Virtual User: 0
[2018.11.21-08.22.27:848][  0]LogD3D11RHI: D3D11 adapters:
[2018.11.21-08.22.27:922][  0]LogD3D11RHI:    0. 'NVIDIA GeForce GTX 980 Ti' (Feature Level 11_0)
[2018.11.21-08.22.27:922][  0]LogD3D11RHI:       6097/0/16353 MB DedicatedVideo/DedicatedSystem/SharedSystem, Outputs:2, VendorId:0x10de
[2018.11.21-08.22.27:928][  0]LogD3D11RHI:    1. 'Microsoft Basic Render Driver' (Feature Level 11_0)
[2018.11.21-08.22.27:928][  0]LogD3D11RHI:       0/0/16353 MB DedicatedVideo/DedicatedSystem/SharedSystem, Outputs:0, VendorId:0x1414
[2018.11.21-08.22.27:928][  0]LogD3D11RHI: Chosen D3D11 Adapter: 0
[2018.11.21-08.22.27:936][  0]LogD3D11RHI: Creating new Direct3DDevice
[2018.11.21-08.22.27:936][  0]LogD3D11RHI:     GPU DeviceId: 0x17c8 (for the marketing name, search the web for "GPU Device Id")
[2018.11.21-08.22.27:936][  0]LogWindows: EnumDisplayDevices:
[2018.11.21-08.22.27:936][  0]LogWindows:    0. 'NVIDIA GeForce GTX 980 Ti' (P:1 D:1)
[2018.11.21-08.22.27:936][  0]LogWindows:    1. 'NVIDIA GeForce GTX 980 Ti' (P:0 D:1)
[2018.11.21-08.22.27:937][  0]LogWindows:    2. 'NVIDIA GeForce GTX 980 Ti' (P:0 D:0)
[2018.11.21-08.22.27:937][  0]LogWindows:    3. 'NVIDIA GeForce GTX 980 Ti' (P:0 D:0)
[2018.11.21-08.22.27:937][  0]LogWindows: DebugString: FoundDriverCount:4 
[2018.11.21-08.22.27:937][  0]LogD3D11RHI:     Adapter Name: NVIDIA GeForce GTX 980 Ti
[2018.11.21-08.22.27:938][  0]LogD3D11RHI:   Driver Version: 391.24 (internal:23.21.13.9124, unified:391.24)
[2018.11.21-08.22.27:938][  0]LogD3D11RHI:      Driver Date: 3-15-2018
[2018.11.21-08.22.27:938][  0]LogRHI: Texture pool is 4268 MB (70% of 6097 MB)
[2018.11.21-08.22.27:982][  0]LogD3D11RHI: Async texture creation enabled
[2018.11.21-08.22.28:037][  0]LogD3D11RHI: GPU Timing Frequency: 1000.000000 (Debug: 2 2)
[2018.11.21-08.22.28:040][  0]LogShaderCompilers: Guid format shader working directory is 3 characters bigger than the processId version (C:/Users/Admin/Desktop/EX3_Waldemar_Zeitler/Intermediate/Shaders/WorkingDirectory/9664/).
[2018.11.21-08.22.28:041][  0]LogShaderCompilers: Cleaned the shader compiler working directory 'C:/Users/Admin/AppData/Local/Temp/UnrealShaderWorkingDir/BEBFBFB642226AB5289F5EBBC88F44CD/'.
[2018.11.21-08.22.28:370][  0]LogTemp: Display: Loaded TP AllDesktopTargetPlatform
[2018.11.21-08.22.28:386][  0]LogTemp: Display: Loaded TP MacClientTargetPlatform
[2018.11.21-08.22.28:401][  0]LogTemp: Display: Loaded TP MacNoEditorTargetPlatform
[2018.11.21-08.22.28:415][  0]LogTemp: Display: Loaded TP MacServerTargetPlatform
[2018.11.21-08.22.28:430][  0]LogTemp: Display: Loaded TP MacTargetPlatform
[2018.11.21-08.22.28:443][  0]LogTemp: Display: Loaded TP WindowsClientTargetPlatform
[2018.11.21-08.22.28:460][  0]LogTemp: Display: Loaded TP WindowsNoEditorTargetPlatform
[2018.11.21-08.22.28:475][  0]LogTemp: Display: Loaded TP WindowsServerTargetPlatform
[2018.11.21-08.22.28:484][  0]LogTemp: Display: Loaded TP WindowsTargetPlatform
[2018.11.21-08.22.28:564][  0]LogTemp: Display: Loaded TP AndroidTargetPlatform
[2018.11.21-08.22.28:565][  0]LogTemp: Display: Loaded TP AndroidTargetPlatform
[2018.11.21-08.22.28:565][  0]LogTemp: Display: Loaded TP AndroidTargetPlatform
[2018.11.21-08.22.28:565][  0]LogTemp: Display: Loaded TP AndroidTargetPlatform
[2018.11.21-08.22.28:565][  0]LogTemp: Display: Loaded TP AndroidTargetPlatform
[2018.11.21-08.22.28:565][  0]LogTemp: Display: Loaded TP AndroidTargetPlatform
[2018.11.21-08.22.28:565][  0]LogTemp: Display: Loaded TP AndroidTargetPlatform
[2018.11.21-08.22.28:565][  0]LogTemp: Display: Loaded TP AndroidTargetPlatform
[2018.11.21-08.22.28:565][  0]LogTemp: Display: Loaded TP AndroidTargetPlatform
[2018.11.21-08.22.28:565][  0]LogTemp: Display: Loaded TP AndroidTargetPlatform
[2018.11.21-08.22.28:565][  0]LogTemp: Display: Loaded TP AndroidTargetPlatform
[2018.11.21-08.22.28:565][  0]LogTemp: Display: Loaded TP AndroidTargetPlatform
[2018.11.21-08.22.28:565][  0]LogTemp: Display: Loaded TP AndroidTargetPlatform
[2018.11.21-08.22.28:565][  0]LogTemp: Display: Loaded TP AndroidTargetPlatform
[2018.11.21-08.22.28:565][  0]LogTemp: Display: Loaded TP AndroidTargetPlatform
[2018.11.21-08.22.28:565][  0]LogTemp: Display: Loaded TP AndroidTargetPlatform
[2018.11.21-08.22.28:565][  0]LogTemp: Display: Loaded TP AndroidTargetPlatform
[2018.11.21-08.22.28:566][  0]LogTemp: Display: Loaded TP AndroidTargetPlatform
[2018.11.21-08.22.28:570][  0]LogTemp: Display: Loaded TP HTML5TargetPlatform
[2018.11.21-08.22.28:639][  0]LogTemp: Display: Loaded TP IOSTargetPlatform
[2018.11.21-08.22.28:639][  0]LogTemp: Display: Loaded TP IOSTargetPlatform
[2018.11.21-08.22.28:669][  0]LogTemp: Display: Loaded TP TVOSTargetPlatform
[2018.11.21-08.22.28:669][  0]LogTemp: Display: Loaded TP TVOSTargetPlatform
[2018.11.21-08.22.28:683][  0]LogTemp: Display: Loaded TP LinuxClientTargetPlatform
[2018.11.21-08.22.28:698][  0]LogTemp: Display: Loaded TP LinuxNoEditorTargetPlatform
[2018.11.21-08.22.28:713][  0]LogTemp: Display: Loaded TP LinuxServerTargetPlatform
[2018.11.21-08.22.28:728][  0]LogTemp: Display: Loaded TP LinuxTargetPlatform
[2018.11.21-08.22.28:741][  0]LogTemp: Display: Loaded TP LuminTargetPlatform
[2018.11.21-08.22.28:741][  0]LogTargetPlatformManager: Display: Building Assets For Windows
[2018.11.21-08.22.28:854][  0]LogXGEController: Cleaning working directory: C:/Users/Admin/AppData/Local/Temp/UnrealXGEWorkingDir/
[2018.11.21-08.22.28:855][  0]LogXGEController: Cannot use XGE Controller as Incredibuild is not installed on this machine.
[2018.11.21-08.22.28:855][  0]LogShaderCompilers: Cannot use XGE Shader Compiler as Incredibuild is not installed on this machine.
[2018.11.21-08.22.28:855][  0]LogShaderCompilers: Display: Using Local Shader Compiler.
[2018.11.21-08.22.29:533][  0]LogDerivedDataCache: Display: Max Cache Size: 512 MB
[2018.11.21-08.22.29:628][  0]LogDerivedDataCache: Loaded boot cache 0.09s 76MB C:/Users/Admin/AppData/Local/UnrealEngine/4.20/DerivedDataCache/Boot.ddc.
[2018.11.21-08.22.29:628][  0]LogDerivedDataCache: Display: Loaded Boot cache: C:/Users/Admin/AppData/Local/UnrealEngine/4.20/DerivedDataCache/Boot.ddc
[2018.11.21-08.22.29:628][  0]LogDerivedDataCache: FDerivedDataBackendGraph:  Pak pak cache file C:/Users/Admin/Desktop/EX3_Waldemar_Zeitler/DerivedDataCache/DDC.ddp not found, will not use a pak cache.
[2018.11.21-08.22.29:629][  0]LogDerivedDataCache: Unable to find inner node Pak for hierarchical cache Hierarchy.
[2018.11.21-08.22.29:629][  0]LogDerivedDataCache: FDerivedDataBackendGraph:  CompressedPak pak cache file C:/Users/Admin/Desktop/EX3_Waldemar_Zeitler/DerivedDataCache/Compressed.ddp not found, will not use a pak cache.
[2018.11.21-08.22.29:629][  0]LogDerivedDataCache: Unable to find inner node CompressedPak for hierarchical cache Hierarchy.
[2018.11.21-08.22.29:643][  0]LogDerivedDataCache: Display: Pak cache opened for reading ../../../Engine/DerivedDataCache/Compressed.ddp.
[2018.11.21-08.22.29:657][  0]LogDerivedDataCache: Using Local data cache path C:/Users/Admin/AppData/Local/UnrealEngine/Common/DerivedDataCache: Writable
[2018.11.21-08.22.29:657][  0]LogDerivedDataCache: Shared data cache path not found in *engine.ini, will not use an Shared cache.
[2018.11.21-08.22.29:657][  0]LogDerivedDataCache: Unable to find inner node Shared for hierarchical cache Hierarchy.
[2018.11.21-08.22.29:676][  0]LogMaterial: Verifying Global Shaders for PCD3D_SM5
[2018.11.21-08.22.29:678][  0]LogSlate: Using FreeType 2.6.0
[2018.11.21-08.22.29:678][  0]LogSlate: SlateFontServices - WITH_FREETYPE: 1, WITH_HARFBUZZ: 1
[2018.11.21-08.22.29:748][  0]LogAssetRegistry: FAssetRegistry took 0.0278 seconds to start up
[2018.11.21-08.22.30:043][  0]LogInit: Selected Device Profile: [Windows]
[2018.11.21-08.22.30:178][  0]LogSimplygon: Simplygon DLL not present - disabling.
[2018.11.21-08.22.30:185][  0]LogMeshReduction: Using SimplygonSwarm for distributed automatic mesh merging
[2018.11.21-08.22.30:185][  0]LogMeshReduction: Using ProxyLODMeshReduction for automatic mesh merging
[2018.11.21-08.22.30:185][  0]LogMeshReduction: Using QuadricMeshReduction for automatic static mesh reduction
[2018.11.21-08.22.30:186][  0]LogMeshReduction: No automatic skeletal mesh reduction module available
[2018.11.21-08.22.30:201][  0]LogNetVersion: EX3_Waldemar_Zeitler 1.0.0, NetCL: 4212847, EngineNetVer: 5, GameNetVer: 0 (Checksum: 1933313273)
[2018.11.21-08.22.30:697][  0]LogPackageLocalizationCache: Processed 11 localized package path(s) for 2 prioritized culture(s) in 0.138206 seconds
[2018.11.21-08.22.30:703][  0]LogUObjectArray: 38425 objects as part of root set at end of initial load.
[2018.11.21-08.22.30:703][  0]LogUObjectAllocator: 6690872 out of 0 bytes used by permanent object pool.
[2018.11.21-08.22.30:703][  0]LogUObjectArray: CloseDisregardForGC: 0/0 objects in disregard for GC pool
[2018.11.21-08.22.31:582][  0]LogTcpMessaging: Initializing TcpMessaging bridge
[2018.11.21-08.22.31:599][  0]LogUdpMessaging: Initializing bridge on interface 0.0.0.0:0 to multicast group 230.0.0.1:6666.
[2018.11.21-08.22.31:806][  0]SourceControl: Source control is disabled
[2018.11.21-08.22.31:807][  0]SourceControl: Source control is disabled
[2018.11.21-08.22.31:810][  0]SourceControl: Source control is disabled
[2018.11.21-08.22.31:813][  0]SourceControl: Source control is disabled
[2018.11.21-08.22.32:060][  0]LogAndroidPermission: UAndroidPermissionCallbackProxy::GetInstance
[2018.11.21-08.22.32:185][  0]LogOcInput: OculusInput pre-init called
[2018.11.21-08.22.32:247][  0]LogEngine: Initializing Engine...
[2018.11.21-08.22.32:248][  0]LogHMD: Oculus plugin initialized. Version: 4.20.3-4369336+++UE4+Release-4.20, OVRPlugin: 1.25.0
[2018.11.21-08.22.32:249][  0]LogStats: UGameplayTagsManager::ConstructGameplayTagTree: ImportINI prefixes -  0.000 s
[2018.11.21-08.22.32:249][  0]LogStats: UGameplayTagsManager::ConstructGameplayTagTree: Construct from data asset -  0.000 s
[2018.11.21-08.22.32:249][  0]LogStats: UGameplayTagsManager::ConstructGameplayTagTree: ImportINI -  0.000 s
[2018.11.21-08.22.32:249][  0]LogStats: UGameplayTagsManager::ConstructGameplayTagTree: GameplayTagTreeChangedEvent.Broadcast -  0.000 s
[2018.11.21-08.22.32:429][  0]LogInit: Initializing FReadOnlyCVARCache
[2018.11.21-08.22.32:448][  0]LogAIModule: Creating AISystem for world Untitled
[2018.11.21-08.22.32:488][  0]LogInit: XAudio2 using 'Headphones (2- Rift Audio)' : 2 channels at 48 kHz using 16 bits per sample (channel mask 0x3)
[2018.11.21-08.22.32:507][  0]LogInit: FAudioDevice initialized.
[2018.11.21-08.22.32:507][  0]LogNetVersion: Set ProjectVersion to 1.0.0.0. Version Checksum will be recalculated on next use.
[2018.11.21-08.22.32:615][  0]LogDerivedDataCache: Saved boot cache 0.11s 76MB C:/Users/Admin/AppData/Local/UnrealEngine/4.20/DerivedDataCache/Boot.ddc.
[2018.11.21-08.22.32:618][  0]LogInit: Texture streaming: Enabled
[2018.11.21-08.22.32:644][  0]LogEngineSessionManager: EngineSessionManager initialized
[2018.11.21-08.22.32:644][  0]LogEngineSessionManager: EngineSessionManager sent abnormal shutdown report. Type=Debugger, SessionId={2E907059-4279-DEB2-39A2-66A749F0080D}
[2018.11.21-08.22.32:644][  0]LogEngineSessionManager: EngineSessionManager sent abnormal shutdown report. Type=Debugger, SessionId={E065EFA6-4C75-4EC8-696E-00B9D87F600C}
[2018.11.21-08.22.32:657][  0]LogInit: Transaction tracking system initialized
[2018.11.21-08.22.32:690][  0]BlueprintLog: New page: Editor Load
[2018.11.21-08.22.32:796][  0]LocalizationService: Localization service is disabled
[2018.11.21-08.22.33:087][  0]LogCook: Display: Max memory allowance for cook 16384mb min free memory 0mb
[2018.11.21-08.22.33:087][  0]LogCook: Display: Mobile HDR setting 1
[2018.11.21-08.22.33:087][  0]LogGameplayTags: Display: UGameplayTagsManager::DoneAddingNativeTags. DelegateIsBound: 0
[2018.11.21-08.22.33:088][  0]LogStats: UGameplayTagsManager::ConstructGameplayTagTree: ImportINI prefixes -  0.000 s
[2018.11.21-08.22.33:088][  0]LogStats: UGameplayTagsManager::ConstructGameplayTagTree: Construct from data asset -  0.000 s
[2018.11.21-08.22.33:088][  0]LogStats: UGameplayTagsManager::ConstructGameplayTagTree: ImportINI -  0.000 s
[2018.11.21-08.22.33:088][  0]LogStats: UGameplayTagsManager::ConstructGameplayTagTree: GameplayTagTreeChangedEvent.Broadcast -  0.000 s
[2018.11.21-08.22.33:242][  0]LogFileCache: Scanning file cache for directory 'C:/Users/Admin/Desktop/EX3_Waldemar_Zeitler/Content/' took 0.02s
[2018.11.21-08.22.33:242][  0]SourceControl: Source control is disabled
[2018.11.21-08.22.33:243][  0]Cmd: MAP LOAD FILE="C:/Users/Admin/Desktop/EX3_Waldemar_Zeitler/Content/ThirdPersonCPP/Maps/ThirdPersonExampleMap.umap" TEMPLATE=0 SHOWPROGRESS=1 FEATURELEVEL=3
[2018.11.21-08.22.33:243][  0]LightingResults: New page: Lighting Build
[2018.11.21-08.22.33:245][  0]MapCheck: New page: Map Check
[2018.11.21-08.22.33:245][  0]LightingResults: New page: Lighting Build
[2018.11.21-08.22.33:464][  0]LogAIModule: Creating AISystem for world ThirdPersonExampleMap
[2018.11.21-08.22.33:473][  0]LogEditorServer: Finished looking for orphan Actors (0.000 secs)
[2018.11.21-08.22.33:501][  0]Cmd: MAP CHECKDEP NOCLEARLOG
[2018.11.21-08.22.33:573][  0]MapCheck: Map check complete: 0 Error(s), 0 Warning(s), took 71.465ms to complete.
[2018.11.21-08.22.33:574][  0]LogFileHelpers: Loading map 'ThirdPersonExampleMap' took 0.331
[2018.11.21-08.22.33:678][  0]LogSlate: Updating window title bar state: overlay mode, drag disabled, window buttons hidden, title bar hidden
[2018.11.21-08.22.33:684][  0]LogSlate: Updating window title bar state: overlay mode, drag disabled, window buttons hidden, title bar hidden
[2018.11.21-08.22.33:691][  0]LogSlate: Updating window title bar state: overlay mode, drag disabled, window buttons hidden, title bar hidden
[2018.11.21-08.22.33:698][  0]LogSlate: Updating window title bar state: overlay mode, drag disabled, window buttons hidden, title bar hidden
[2018.11.21-08.22.33:704][  0]LogCollectionManager: Loaded 0 collections in 0.001284 seconds
[2018.11.21-08.22.33:750][  0]LogFileCache: Scanning file cache for directory 'C:/Users/Admin/Desktop/EX3_Waldemar_Zeitler/Saved/Collections/' took 0.01s
[2018.11.21-08.22.33:750][  0]LogFileCache: Scanning file cache for directory 'C:/Users/Admin/Desktop/EX3_Waldemar_Zeitler/Content/Developers/Admin/Collections/' took 0.01s
[2018.11.21-08.22.33:750][  0]LogFileCache: Scanning file cache for directory 'C:/Users/Admin/Desktop/EX3_Waldemar_Zeitler/Content/Collections/' took 0.01s
[2018.11.21-08.22.33:750][  0]LogCollectionManager: Rebuilt the GUID cache for 0 collections in 0.000000 seconds
[2018.11.21-08.22.33:760][  0]LogContentBrowser: Native class hierarchy populated in 0.0090 seconds. Added 2574 classes and 605 folders.
[2018.11.21-08.22.33:766][  0]LogContentBrowser: Native class hierarchy updated for 'WidgetCarousel' in 0.0004 seconds. Added 0 classes and 0 folders.
[2018.11.21-08.22.33:808][  0]LogContentBrowser: Native class hierarchy updated for 'AddContentDialog' in 0.0004 seconds. Added 0 classes and 0 folders.
[2018.11.21-08.22.33:816][  0]LogContentBrowser: Native class hierarchy updated for 'SceneOutliner' in 0.0007 seconds. Added 1 classes and 2 folders.
[2018.11.21-08.22.34:865][  0]LogSlate: Only BGRA pngs, bmps or icos are supported in by External Image Picker
[2018.11.21-08.22.34:893][  0]LogTemp: Executing iPhonePackager certificates Engine -bundlename com.YourCompany.EX3WaldemarZeitler
[2018.11.21-08.22.34:893][  0]LogTemp: CWD: E:\UE_4.20\Engine\Binaries\DotNET\IOS
[2018.11.21-08.22.34:893][  0]LogTemp: Initial Dir: E:\UE_4.20
[2018.11.21-08.22.34:893][  0]LogTemp: Env CWD: E:\UE_4.20\Engine\Binaries\DotNET\IOS
[2018.11.21-08.22.34:893][  0]LogTemp: BranchPath = WIN-291-02/E/UE_4.20/Engine/Binaries --- GameBranchPath = WIN-291-02/E/UE_4.20/Engine/Binaries
[2018.11.21-08.22.34:894][  0]LogSlate: Took 0.000194 seconds to synchronously load lazily loaded font '../../../Engine/Content/Slate/Fonts/Roboto-Regular.ttf' (155K)
[2018.11.21-08.22.34:899][  0]LogSlate: Took 0.000256 seconds to synchronously load lazily loaded font '../../../Engine/Content/Slate/Fonts/Roboto-Bold.ttf' (160K)
[2018.11.21-08.22.34:906][  0]LogSlate: Took 0.000311 seconds to synchronously load lazily loaded font '../../../Engine/Content/Editor/Slate/Fonts/FontAwesome.ttf' (139K)
[2018.11.21-08.22.34:976][  0]LogTemp: IPP ERROR: Could not find provision directory 'C:\Users\Admin\AppData\Local/Apple Computer/MobileDevice/Provisioning Profiles/'.
[2018.11.21-08.22.34:976][  0]LogRenderer: Reallocating scene render targets to support 1160x536 Format 10 NumSamples 1 (Frame:1).
[2018.11.21-08.22.35:121][  0]LogContentBrowser: Native class hierarchy updated for 'HierarchicalLODOutliner' in 0.0005 seconds. Added 0 classes and 0 folders.
[2018.11.21-08.22.35:121][  0]LogLoad: (Engine Initialization) Total time: 9.94 seconds
[2018.11.21-08.22.35:121][  0]LogLoad: (Engine Initialization) Total Blueprint compile time: 0.00 seconds
[2018.11.21-08.22.35:133][  0]LogWindowsTextInputMethodSystem: Display: IME system now deactivated.
[2018.11.21-08.22.35:133][  0]LogOcInput: OculusInput is initialized
[2018.11.21-08.22.35:164][  0]LogContentStreaming: Texture pool size now 1000 MB
[2018.11.21-08.22.35:227][  0]LogRenderer: Reallocating scene render targets to support 1160x552 Format 10 NumSamples 1 (Frame:5).
[2018.11.21-08.22.35:257][  0]LogSlate: Took 0.000172 seconds to synchronously load lazily loaded font '../../../Engine/Content/Slate/Fonts/Roboto-Light.ttf' (167K)
[2018.11.21-08.22.35:269][  1]LogAssetRegistry: Asset discovery search completed in 5.5450 seconds
[2018.11.21-08.22.35:271][  1]LogCollectionManager: Rebuilt the object cache for 0 collections in 0.000000 seconds (found 0 objects)
[2018.11.21-08.22.35:271][  1]LogCollectionManager: Fixed up redirectors for 0 collections in 0.000153 seconds (updated 0 objects)
[2018.11.21-08.22.43:089][929]LogSlate: FSceneViewport::OnFocusLost() reason 0
[2018.11.21-08.22.43:164][938]LogTemp: Repeating last play command: VR Preview
[2018.11.21-08.22.43:176][938]LogBlueprintUserMessages: Early PlayInEditor Detection: Level '/Game/ThirdPersonCPP/Maps/ThirdPersonExampleMap.ThirdPersonExampleMap:PersistentLevel' has LevelScriptBlueprint '/Game/ThirdPersonCPP/Maps/ThirdPersonExampleMap.ThirdPersonExampleMap:PersistentLevel.ThirdPersonExampleMap' with GeneratedClass '/Game/ThirdPersonCPP/Maps/ThirdPersonExampleMap.ThirdPersonExampleMap_C' with ClassGeneratedBy '/Game/ThirdPersonCPP/Maps/ThirdPersonExampleMap.ThirdPersonExampleMap:PersistentLevel.ThirdPersonExampleMap'
[2018.11.21-08.22.43:177][938]LogPlayLevel: PlayLevel: No blueprints needed recompiling
[2018.11.21-08.22.43:177][938]LogHMD: Initializing OVRPlugin session
[2018.11.21-08.22.43:490][938]PIE: New page: PIE session: ThirdPersonExampleMap (Nov 21, 2018, 10:22:43 AM)
[2018.11.21-08.22.43:490][938]LogPlayLevel: Creating play world package: /Game/ThirdPersonCPP/Maps/UEDPIE_0_ThirdPersonExampleMap
[2018.11.21-08.22.43:520][938]LogPlayLevel: PIE: StaticDuplicateObject took: (0.029709s)
[2018.11.21-08.22.43:521][938]LogAIModule: Creating AISystem for world ThirdPersonExampleMap
[2018.11.21-08.22.43:521][938]LogPlayLevel: PIE: World Init took: (0.001234s)
[2018.11.21-08.22.43:521][938]LogPlayLevel: PIE: Created PIE world by copying editor world from /Game/ThirdPersonCPP/Maps/ThirdPersonExampleMap.ThirdPersonExampleMap to /Game/ThirdPersonCPP/Maps/UEDPIE_0_ThirdPersonExampleMap.ThirdPersonExampleMap (0.031487s)
[2018.11.21-08.22.43:572][938]LogInit: XAudio2 using 'Headphones (2- Rift Audio)' : 2 channels at 48 kHz using 16 bits per sample (channel mask 0x3)
[2018.11.21-08.22.44:527][938]LogInit: FAudioDevice initialized.
[2018.11.21-08.22.44:537][938]LogSlate: Updating window title bar state: overlay mode, drag disabled, window buttons hidden, title bar hidden
[2018.11.21-08.22.44:636][938]LogHMD: Allocating Oculus 2720 x 1600 rendertarget swapchain
[2018.11.21-08.22.44:681][938]LogLoad: Game class is 'EX3_Waldemar_ZeitlerGameMode'
[2018.11.21-08.22.44:684][938]LogWorld: Bringing World /Game/ThirdPersonCPP/Maps/UEDPIE_0_ThirdPersonExampleMap.ThirdPersonExampleMap up for play (max tick rate 0) at 2018.11.21-09.22.44
[2018.11.21-08.22.44:685][938]LogWorld: Bringing up level for play took: 0.001795
[2018.11.21-08.22.44:703][938]LogContentBrowser: Native class hierarchy updated for 'MovieSceneCapture' in 0.0005 seconds. Added 10 classes and 0 folders.
[2018.11.21-08.22.44:709][938]PIE: Play in editor start time for /Game/ThirdPersonCPP/Maps/UEDPIE_0_ThirdPersonExampleMap 1.558
[2018.11.21-08.22.44:710][938]LogBlueprintUserMessages: Late PlayInEditor Detection: Level '/Game/ThirdPersonCPP/Maps/ThirdPersonExampleMap.ThirdPersonExampleMap:PersistentLevel' has LevelScriptBlueprint '/Game/ThirdPersonCPP/Maps/ThirdPersonExampleMap.ThirdPersonExampleMap:PersistentLevel.ThirdPersonExampleMap' with GeneratedClass '/Game/ThirdPersonCPP/Maps/ThirdPersonExampleMap.ThirdPersonExampleMap_C' with ClassGeneratedBy '/Game/ThirdPersonCPP/Maps/ThirdPersonExampleMap.ThirdPersonExampleMap:PersistentLevel.ThirdPersonExampleMap'
[2018.11.21-08.22.44:711][938]LogEngine: Changing dynamic resolution state.
[2018.11.21-08.22.44:715][938]LogRenderer: Releasing previous depth to switch default clear from depth: 0.000000 stencil: 0 to depth: 0.000000 stencil: 0
[2018.11.21-08.22.44:715][938]LogRenderer: Releasing previous depth to switch default clear from depth: 0.000000 stencil: 0 to depth: 0.000000 stencil: 0
[2018.11.21-08.22.44:717][938]LogRenderer: Releasing previous depth to switch default clear from depth: 0.000000 stencil: 0 to depth: 0.000000 stencil: 0
[2018.11.21-08.22.44:717][938]LogRenderer: Releasing previous depth to switch default clear from depth: 0.000000 stencil: 0 to depth: 0.000000 stencil: 0
[2018.11.21-08.22.44:719][938]LogRenderer: Releasing previous depth to switch default clear from depth: 0.000000 stencil: 0 to depth: 0.000000 stencil: 0
[2018.11.21-08.22.44:719][938]LogRenderer: Releasing previous depth to switch default clear from depth: 0.000000 stencil: 0 to depth: 0.000000 stencil: 0
[2018.11.21-08.22.44:732][938]LogRenderer: Reallocating scene render targets to support 2720x1600 Format 10 NumSamples 1 (Frame:1).
[2018.11.21-08.22.44:732][938]LogHMD: Allocating Oculus 2720 x 1600 depth rendertarget swapchain
[2018.11.21-08.22.49:593][371]LogBlueprintUserMessages: Early EndPlayMap Detection: Level '/Game/ThirdPersonCPP/Maps/ThirdPersonExampleMap.ThirdPersonExampleMap:PersistentLevel' has LevelScriptBlueprint '/Game/ThirdPersonCPP/Maps/ThirdPersonExampleMap.ThirdPersonExampleMap:PersistentLevel.ThirdPersonExampleMap' with GeneratedClass '/Game/ThirdPersonCPP/Maps/ThirdPersonExampleMap.ThirdPersonExampleMap_C' with ClassGeneratedBy '/Game/ThirdPersonCPP/Maps/ThirdPersonExampleMap.ThirdPersonExampleMap:PersistentLevel.ThirdPersonExampleMap'
[2018.11.21-08.22.49:676][371]LogSlate: Updating window title bar state: overlay mode, drag disabled, window buttons hidden, title bar hidden
[2018.11.21-08.22.49:723][371]LogSlate: Window 'EX3_Waldemar_Zeitler Game Preview Standalone (64-bit/PCD3D_SM5)' being destroyed
[2018.11.21-08.22.49:762][371]LogPlayLevel: Display: Shutting down PIE online subsystems
[2018.11.21-08.22.49:762][371]LogBlueprintUserMessages: Late EndPlayMap Detection: Level '/Game/ThirdPersonCPP/Maps/ThirdPersonExampleMap.ThirdPersonExampleMap:PersistentLevel' has LevelScriptBlueprint '/Game/ThirdPersonCPP/Maps/ThirdPersonExampleMap.ThirdPersonExampleMap:PersistentLevel.ThirdPersonExampleMap' with GeneratedClass '/Game/ThirdPersonCPP/Maps/ThirdPersonExampleMap.ThirdPersonExampleMap_C' with ClassGeneratedBy '/Game/ThirdPersonCPP/Maps/ThirdPersonExampleMap.ThirdPersonExampleMap:PersistentLevel.ThirdPersonExampleMap'
[2018.11.21-08.22.49:802][372]LogPlayLevel: Display: Destroying online subsystem :Context_2
[2018.11.21-08.22.49:802][372]LogEngine: Changing dynamic resolution state.
[2018.11.21-08.22.55:660][954]LogEditorViewport: Clicking on Actor (LMB): StaticMeshActor (Pin 1)
[2018.11.21-08.22.59:381][392]LogSlate: FSceneViewport::OnFocusLost() reason 0
[2018.11.21-08.22.59:689][426]LogSlate: Took 0.000202 seconds to synchronously load lazily loaded font '../../../Engine/Content/Slate/Fonts/Roboto-Italic.ttf' (157K)
[2018.11.21-08.23.00:629][537]LogSlate: Took 0.000184 seconds to synchronously load lazily loaded font '../../../Engine/Content/Slate/Fonts/Roboto-Light.ttf' (167K)
[2018.11.21-08.23.00:636][537]LogAssetEditorManager: Opening Asset editor for StaticMesh /Game/StarterContent/Shapes/Shape_Pipe.Shape_Pipe
[2018.11.21-08.23.01:113][537]LogStaticMesh: Allocated 8x8x8 distance field atlas = 0.0Mb, with 1 objects containing 0.0Mb backing data
[2018.11.21-08.23.09:345][461]Cmd: OBJ SAVEPACKAGE PACKAGE="/Game/StarterContent/Shapes/Shape_Pipe" FILE="C:/Users/Admin/Desktop/EX3_Waldemar_Zeitler/Content/StarterContent/Shapes/Shape_Pipe.uasset" SILENT=true
[2018.11.21-08.23.09:370][461]LogSavePackage: Moving 'C:/Users/Admin/Desktop/EX3_Waldemar_Zeitler/Saved/Shape_PipeA6A5384445F25456F810A5BB19F0144D.tmp' to 'C:/Users/Admin/Desktop/EX3_Waldemar_Zeitler/Content/StarterContent/Shapes/Shape_Pipe.uasset'
[2018.11.21-08.23.11:003][628]LogSlate: Window 'Shape_Pipe' being destroyed
[2018.11.21-08.23.14:114][984]LogEditorViewport: Clicking on Actor (LMB): StaticMeshActor (Pin 3)
[2018.11.21-08.23.14:782][ 57]LogSlate: FSceneViewport::OnFocusLost() reason 0
[2018.11.21-08.23.14:923][ 73]LogAssetEditorManager: Opening Asset editor for StaticMesh /Game/StarterContent/Shapes/Shape_Pipe.Shape_Pipe
[2018.11.21-08.23.22:703][964]LogEditorViewport: Clicking on Actor (LMB): StaticMeshActor (Floor)
