Log file open, 11/13/18 17:03:56
LogWindows: Failed to load 'aqProf.dll' (GetLastError=126)
LogWindows: File 'aqProf.dll' does not exist
LogWindows: Failed to load 'VtuneApi.dll' (GetLastError=126)
LogWindows: File 'VtuneApi.dll' does not exist
LogWindows: Failed to load 'VtuneApi32e.dll' (GetLastError=126)
LogWindows: File 'VtuneApi32e.dll' does not exist
LogInit: Display: Running engine for game: EX1_WZ
LogPlatformFile: Not using cached read wrapper
LogInit: Display: RandInit(447335826) SRandInit(447335826).
LogInit: Read version file with build ID '3944462'
LogInit: Overriding engine version to CL 4033788, compatible CL 3944462
LogInit: Registered custom module enumerator with build ID '3944462'
LogTaskGraph: Started task graph with 5 named threads and 11 total threads with 3 sets of task threads.
LogStats: Stats thread started at 0.343069
LogD3D11RHI: Aftermath initialized
LogICUInternationalization: Display: ICU TimeZone Detection - Raw Offset: +1:00, Platform Override: ''
LogPluginManager: Mounting plugin Paper2D
LogPluginManager: Mounting plugin LiveLink
LogPluginManager: Mounting plugin LightPropagationVolume
LogPluginManager: Mounting plugin CLionSourceCodeAccess
LogPluginManager: Mounting plugin CodeLiteSourceCodeAccess
LogPluginManager: Mounting plugin GitSourceControl
LogPluginManager: Mounting plugin KDevelopSourceCodeAccess
LogPluginManager: Mounting plugin NullSourceCodeAccess
LogPluginManager: Mounting plugin PerforceSourceControl
LogPluginManager: Mounting plugin SubversionSourceControl
LogPluginManager: Mounting plugin UObjectPlugin
LogPluginManager: Mounting plugin VisualStudioCodeSourceCodeAccess
LogPluginManager: Mounting plugin VisualStudioSourceCodeAccess
LogPluginManager: Mounting plugin XCodeSourceCodeAccess
LogPluginManager: Mounting plugin AssetManagerEditor
LogPluginManager: Mounting plugin CryptoKeys
LogPluginManager: Mounting plugin DataValidation
LogPluginManager: Mounting plugin FacialAnimation
LogPluginManager: Mounting plugin GameplayTagsEditor
LogPluginManager: Mounting plugin MobileLauncherProfileWizard
LogPluginManager: Mounting plugin PluginBrowser
LogPluginManager: Mounting plugin SpeedTreeImporter
LogPluginManager: Mounting plugin DatasmithContent
LogPluginManager: Mounting plugin AlembicImporter
LogPluginManager: Mounting plugin CharacterAI
LogPluginManager: Mounting plugin HTML5Networking
LogPluginManager: Mounting plugin AndroidMedia
LogPluginManager: Mounting plugin AvfMedia
LogPluginManager: Mounting plugin ImgMedia
LogPluginManager: Mounting plugin LinearTimecode
LogPluginManager: Mounting plugin MediaCompositing
LogPluginManager: Mounting plugin MediaPlayerEditor
LogPluginManager: Mounting plugin WmfMedia
LogPluginManager: Mounting plugin TcpMessaging
LogPluginManager: Mounting plugin UdpMessaging
LogPluginManager: Mounting plugin ActorSequence
LogPluginManager: Mounting plugin LevelSequenceEditor
LogPluginManager: Mounting plugin MatineeToLevelSequence
LogPluginManager: Mounting plugin NetcodeUnitTest
LogPluginManager: Mounting plugin NUTUnrealEngine4
LogPluginManager: Mounting plugin OnlineSubsystemGooglePlay
LogPluginManager: Mounting plugin OnlineSubsystemIOS
LogPluginManager: Mounting plugin OnlineSubsystem
LogPluginManager: Mounting plugin OnlineSubsystemNull
LogPluginManager: Mounting plugin OnlineSubsystemUtils
LogPluginManager: Mounting plugin AndroidDeviceProfileSelector
LogPluginManager: Mounting plugin AndroidMoviePlayer
LogPluginManager: Mounting plugin AndroidPermission
LogPluginManager: Mounting plugin AppleARKit
LogPluginManager: Mounting plugin AppleMoviePlayer
LogPluginManager: Mounting plugin ArchVisCharacter
LogPluginManager: Mounting plugin AudioCapture
LogPluginManager: Mounting plugin CableComponent
LogPluginManager: Mounting plugin CustomMeshComponent
LogPluginManager: Mounting plugin ExampleDeviceProfileSelector
LogPluginManager: Mounting plugin GoogleCloudMessaging
LogPluginManager: Mounting plugin ImmediatePhysics
LogPluginManager: Mounting plugin IOSDeviceProfileSelector
LogPluginManager: Mounting plugin LinuxDeviceProfileSelector
LogPluginManager: Mounting plugin LocationServicesBPLibrary
LogPluginManager: Mounting plugin MobilePatchingUtils
LogPluginManager: Mounting plugin OculusVR
LogPluginManager: Plugin shader directory ../../../Engine/Plugins/Runtime/Oculus/OculusVR/Shaders found
LogPluginManager: Mapping shader source directory ../../../Engine/Plugins/Runtime/Oculus/OculusVR/Shaders to virtual directory /Plugin/OculusVR
LogPluginManager: Mounting plugin PhysXVehicles
LogPluginManager: Mounting plugin ProceduralMeshComponent
LogPluginManager: Mounting plugin RuntimePhysXCooking
LogPluginManager: Mounting plugin SteamVR
LogPluginManager: Mounting plugin WindowsMoviePlayer
LogStreaming: Display: Took  0.213s to configure plugins.
LogModuleManager: Display: Found up-to-date module file ../../../../../../Users/wzeitler/Desktop/GameEngines/EX1_WZ/Binaries/Win64/UE4Editor-EX1_WZ-Win64-DebugGame.dll (API version 3944462).
LogModuleManager: Display: Found up-to-date module file ../../../Engine/Plugins/2D/Paper2D/Binaries/Win64/UE4Editor-Paper2D.dll (API version 3944462).
LogModuleManager: Display: Found up-to-date module file ../../../Engine/Plugins/2D/Paper2D/Binaries/Win64/UE4Editor-Paper2DEditor.dll (API version 3944462).
LogModuleManager: Display: Found up-to-date module file ../../../Engine/Plugins/2D/Paper2D/Binaries/Win64/UE4Editor-PaperSpriteSheetImporter.dll (API version 3944462).
LogModuleManager: Display: Found up-to-date module file ../../../Engine/Plugins/2D/Paper2D/Binaries/Win64/UE4Editor-PaperTiledImporter.dll (API version 3944462).
LogModuleManager: Display: Found up-to-date module file ../../../Engine/Plugins/2D/Paper2D/Binaries/Win64/UE4Editor-SmartSnapping.dll (API version 3944462).
LogModuleManager: Display: Found up-to-date module file ../../../Engine/Plugins/Animation/LiveLink/Binaries/Win64/UE4Editor-LiveLink.dll (API version 3944462).
LogModuleManager: Display: Found up-to-date module file ../../../Engine/Plugins/Animation/LiveLink/Binaries/Win64/UE4Editor-LiveLinkEditor.dll (API version 3944462).
LogModuleManager: Display: Found up-to-date module file ../../../Engine/Plugins/Blendables/LightPropagationVolume/Binaries/Win64/UE4Editor-LightPropagationVolumeRuntime.dll (API version 3944462).
LogModuleManager: Display: Found up-to-date module file ../../../Engine/Plugins/Blendables/LightPropagationVolume/Binaries/Win64/UE4Editor-LightPropagationVolumeEditor.dll (API version 3944462).
LogModuleManager: Display: Found up-to-date module file ../../../Engine/Plugins/Developer/CLionSourceCodeAccess/Binaries/Win64/UE4Editor-CLionSourceCodeAccess.dll (API version 3944462).
LogModuleManager: Display: Found up-to-date module file ../../../Engine/Plugins/Developer/GitSourceControl/Binaries/Win64/UE4Editor-GitSourceControl.dll (API version 3944462).
LogModuleManager: Display: Found up-to-date module file ../../../Engine/Plugins/Developer/PerforceSourceControl/Binaries/Win64/UE4Editor-PerforceSourceControl.dll (API version 3944462).
LogModuleManager: Display: Found up-to-date module file ../../../Engine/Plugins/Developer/SubversionSourceControl/Binaries/Win64/UE4Editor-SubversionSourceControl.dll (API version 3944462).
LogModuleManager: Display: Found up-to-date module file ../../../Engine/Plugins/Developer/UObjectPlugin/Binaries/Win64/UE4Editor-UObjectPlugin.dll (API version 3944462).
LogModuleManager: Display: Found up-to-date module file ../../../Engine/Plugins/Developer/VisualStudioCodeSourceCodeAccess/Binaries/Win64/UE4Editor-VisualStudioCodeSourceCodeAccess.dll (API version 3944462).
LogModuleManager: Display: Found up-to-date module file ../../../Engine/Plugins/Developer/VisualStudioSourceCodeAccess/Binaries/Win64/UE4Editor-VisualStudioSourceCodeAccess.dll (API version 3944462).
LogModuleManager: Display: Found up-to-date module file ../../../Engine/Plugins/Editor/AssetManagerEditor/Binaries/Win64/UE4Editor-AssetManagerEditor.dll (API version 3944462).
LogModuleManager: Display: Found up-to-date module file ../../../Engine/Plugins/Editor/CryptoKeys/Binaries/Win64/UE4Editor-CryptoKeys.dll (API version 3944462).
LogModuleManager: Display: Found up-to-date module file ../../../Engine/Plugins/Editor/CryptoKeys/Binaries/Win64/UE4Editor-CryptoKeysOpenSSL.dll (API version 3944462).
LogModuleManager: Display: Found up-to-date module file ../../../Engine/Plugins/Editor/DataValidation/Binaries/Win64/UE4Editor-DataValidation.dll (API version 3944462).
LogModuleManager: Display: Found up-to-date module file ../../../Engine/Plugins/Editor/FacialAnimation/Binaries/Win64/UE4Editor-FacialAnimation.dll (API version 3944462).
LogModuleManager: Display: Found up-to-date module file ../../../Engine/Plugins/Editor/FacialAnimation/Binaries/Win64/UE4Editor-FacialAnimationEditor.dll (API version 3944462).
LogModuleManager: Display: Found up-to-date module file ../../../Engine/Plugins/Editor/GameplayTagsEditor/Binaries/Win64/UE4Editor-GameplayTagsEditor.dll (API version 3944462).
LogModuleManager: Display: Found up-to-date module file ../../../Engine/Plugins/Editor/MobileLauncherProfileWizard/Binaries/Win64/UE4Editor-MobileLauncherProfileWizard.dll (API version 3944462).
LogModuleManager: Display: Found up-to-date module file ../../../Engine/Plugins/Editor/PluginBrowser/Binaries/Win64/UE4Editor-PluginBrowser.dll (API version 3944462).
LogModuleManager: Display: Found up-to-date module file ../../../Engine/Plugins/Editor/SpeedTreeImporter/Binaries/Win64/UE4Editor-SpeedTreeImporter.dll (API version 3944462).
LogModuleManager: Display: Found up-to-date module file ../../../Engine/Plugins/Enterprise/DatasmithContent/Binaries/Win64/UE4Editor-DatasmithContent.dll (API version 3944462).
LogModuleManager: Display: Found up-to-date module file ../../../Engine/Plugins/Experimental/AlembicImporter/Binaries/Win64/UE4Editor-AlembicImporter.dll (API version 3944462).
LogModuleManager: Display: Found up-to-date module file ../../../Engine/Plugins/Experimental/AlembicImporter/Binaries/Win64/UE4Editor-AlembicLibrary.dll (API version 3944462).
LogModuleManager: Display: Found up-to-date module file ../../../Engine/Plugins/Experimental/CharacterAI/Binaries/Win64/UE4Editor-CharacterAI.dll (API version 3944462).
LogModuleManager: Display: Found up-to-date module file ../../../Engine/Plugins/Experimental/HTML5Networking/Binaries/Win64/UE4Editor-HTML5Networking.dll (API version 3944462).
LogModuleManager: Display: Found up-to-date module file ../../../Engine/Plugins/Media/AndroidMedia/Binaries/Win64/UE4Editor-AndroidMediaEditor.dll (API version 3944462).
LogModuleManager: Display: Found up-to-date module file ../../../Engine/Plugins/Media/AndroidMedia/Binaries/Win64/UE4Editor-AndroidMediaFactory.dll (API version 3944462).
LogModuleManager: Display: Found up-to-date module file ../../../Engine/Plugins/Media/AvfMedia/Binaries/Win64/UE4Editor-AvfMediaEditor.dll (API version 3944462).
LogModuleManager: Display: Found up-to-date module file ../../../Engine/Plugins/Media/AvfMedia/Binaries/Win64/UE4Editor-AvfMediaFactory.dll (API version 3944462).
LogModuleManager: Display: Found up-to-date module file ../../../Engine/Plugins/Media/AvfMedia/Binaries/Win64/UE4Editor-AvfMediaFactory.dll (API version 3944462).
LogModuleManager: Display: Found up-to-date module file ../../../Engine/Plugins/Media/ImgMedia/Binaries/Win64/UE4Editor-ImgMedia.dll (API version 3944462).
LogModuleManager: Display: Found up-to-date module file ../../../Engine/Plugins/Media/ImgMedia/Binaries/Win64/UE4Editor-ImgMediaEditor.dll (API version 3944462).
LogModuleManager: Display: Found up-to-date module file ../../../Engine/Plugins/Media/ImgMedia/Binaries/Win64/UE4Editor-ImgMediaFactory.dll (API version 3944462).
LogModuleManager: Display: Found up-to-date module file ../../../Engine/Plugins/Media/ImgMedia/Binaries/Win64/UE4Editor-ImgMediaFactory.dll (API version 3944462).
LogModuleManager: Display: Found up-to-date module file ../../../Engine/Plugins/Media/ImgMedia/Binaries/Win64/UE4Editor-OpenExrWrapper.dll (API version 3944462).
LogModuleManager: Display: Found up-to-date module file ../../../Engine/Plugins/Media/LinearTimecode/Binaries/Win64/UE4Editor-LinearTimecode.dll (API version 3944462).
LogModuleManager: Display: Found up-to-date module file ../../../Engine/Plugins/Media/MediaCompositing/Binaries/Win64/UE4Editor-MediaCompositing.dll (API version 3944462).
LogModuleManager: Display: Found up-to-date module file ../../../Engine/Plugins/Media/MediaCompositing/Binaries/Win64/UE4Editor-MediaCompositingEditor.dll (API version 3944462).
LogModuleManager: Display: Found up-to-date module file ../../../Engine/Plugins/Media/MediaPlayerEditor/Binaries/Win64/UE4Editor-MediaPlayerEditor.dll (API version 3944462).
LogModuleManager: Display: Found up-to-date module file ../../../Engine/Plugins/Media/WmfMedia/Binaries/Win64/UE4Editor-WmfMedia.dll (API version 3944462).
LogModuleManager: Display: Found up-to-date module file ../../../Engine/Plugins/Media/WmfMedia/Binaries/Win64/UE4Editor-WmfMediaEditor.dll (API version 3944462).
LogModuleManager: Display: Found up-to-date module file ../../../Engine/Plugins/Media/WmfMedia/Binaries/Win64/UE4Editor-WmfMediaFactory.dll (API version 3944462).
LogModuleManager: Display: Found up-to-date module file ../../../Engine/Plugins/Media/WmfMedia/Binaries/Win64/UE4Editor-WmfMediaFactory.dll (API version 3944462).
LogModuleManager: Display: Found up-to-date module file ../../../Engine/Plugins/Messaging/TcpMessaging/Binaries/Win64/UE4Editor-TcpMessaging.dll (API version 3944462).
LogModuleManager: Display: Found up-to-date module file ../../../Engine/Plugins/Messaging/UdpMessaging/Binaries/Win64/UE4Editor-UdpMessaging.dll (API version 3944462).
LogModuleManager: Display: Found up-to-date module file ../../../Engine/Plugins/MovieScene/ActorSequence/Binaries/Win64/UE4Editor-ActorSequence.dll (API version 3944462).
LogModuleManager: Display: Found up-to-date module file ../../../Engine/Plugins/MovieScene/LevelSequenceEditor/Binaries/Win64/UE4Editor-LevelSequenceEditor.dll (API version 3944462).
LogModuleManager: Display: Found up-to-date module file ../../../Engine/Plugins/MovieScene/MatineeToLevelSequence/Binaries/Win64/UE4Editor-MatineeToLevelSequence.dll (API version 3944462).
LogModuleManager: Display: Found up-to-date module file ../../../Engine/Plugins/NetcodeUnitTest/NetcodeUnitTest/Binaries/Win64/UE4Editor-NetcodeUnitTest.dll (API version 3944462).
LogModuleManager: Display: Found up-to-date module file ../../../Engine/Plugins/NetcodeUnitTest/NUTUnrealEngine4/Binaries/Win64/UE4Editor-NUTUnrealEngine4.dll (API version 3944462).
LogModuleManager: Display: Found up-to-date module file ../../../Engine/Plugins/Online/OnlineSubsystem/Binaries/Win64/UE4Editor-OnlineSubsystem.dll (API version 3944462).
LogModuleManager: Display: Found up-to-date module file ../../../Engine/Plugins/Online/OnlineSubsystemNull/Binaries/Win64/UE4Editor-OnlineSubsystemNull.dll (API version 3944462).
LogModuleManager: Display: Found up-to-date module file ../../../Engine/Plugins/Online/OnlineSubsystemUtils/Binaries/Win64/UE4Editor-OnlineSubsystemUtils.dll (API version 3944462).
LogModuleManager: Display: Found up-to-date module file ../../../Engine/Plugins/Online/OnlineSubsystemUtils/Binaries/Win64/UE4Editor-OnlineBlueprintSupport.dll (API version 3944462).
LogModuleManager: Display: Found up-to-date module file ../../../Engine/Plugins/Runtime/AndroidDeviceProfileSelector/Binaries/Win64/UE4Editor-AndroidDeviceProfileSelector.dll (API version 3944462).
LogModuleManager: Display: Found up-to-date module file ../../../Engine/Plugins/Runtime/AndroidPermission/Binaries/Win64/UE4Editor-AndroidPermission.dll (API version 3944462).
LogModuleManager: Display: Found up-to-date module file ../../../Engine/Plugins/Runtime/AppleARKit/Binaries/Win64/UE4Editor-AppleARKit.dll (API version 3944462).
LogModuleManager: Display: Found up-to-date module file ../../../Engine/Plugins/Runtime/ArchVisCharacter/Binaries/Win64/UE4Editor-ArchVisCharacter.dll (API version 3944462).
LogModuleManager: Display: Found up-to-date module file ../../../Engine/Plugins/Runtime/AudioCapture/Binaries/Win64/UE4Editor-AudioCapture.dll (API version 3944462).
LogModuleManager: Display: Found up-to-date module file ../../../Engine/Plugins/Runtime/AudioCapture/Binaries/Win64/UE4Editor-AudioCaptureEditor.dll (API version 3944462).
LogModuleManager: Display: Found up-to-date module file ../../../Engine/Plugins/Runtime/CableComponent/Binaries/Win64/UE4Editor-CableComponent.dll (API version 3944462).
LogModuleManager: Display: Found up-to-date module file ../../../Engine/Plugins/Runtime/CustomMeshComponent/Binaries/Win64/UE4Editor-CustomMeshComponent.dll (API version 3944462).
LogModuleManager: Display: Found up-to-date module file ../../../Engine/Plugins/Runtime/ExampleDeviceProfileSelector/Binaries/Win64/UE4Editor-ExampleDeviceProfileSelector.dll (API version 3944462).
LogModuleManager: Display: Found up-to-date module file ../../../Engine/Plugins/Runtime/ImmediatePhysics/Binaries/Win64/UE4Editor-ImmediatePhysics.dll (API version 3944462).
LogModuleManager: Display: Found up-to-date module file ../../../Engine/Plugins/Runtime/ImmediatePhysics/Binaries/Win64/UE4Editor-ImmediatePhysicsEditor.dll (API version 3944462).
LogModuleManager: Display: Found up-to-date module file ../../../Engine/Plugins/Runtime/LocationServicesBPLibrary/Binaries/Win64/UE4Editor-LocationServicesBPLibrary.dll (API version 3944462).
LogModuleManager: Display: Found up-to-date module file ../../../Engine/Plugins/Runtime/MobilePatchingUtils/Binaries/Win64/UE4Editor-MobilePatchingUtils.dll (API version 3944462).
LogModuleManager: Display: Found up-to-date module file ../../../Engine/Plugins/Runtime/Oculus/OculusVR/Binaries/Win64/UE4Editor-OculusHMD.dll (API version 3944462).
LogModuleManager: Display: Found up-to-date module file ../../../Engine/Plugins/Runtime/Oculus/OculusVR/Binaries/Win64/UE4Editor-OculusInput.dll (API version 3944462).
LogModuleManager: Display: Found up-to-date module file ../../../Engine/Plugins/Runtime/Oculus/OculusVR/Binaries/Win64/UE4Editor-OculusEditor.dll (API version 3944462).
LogModuleManager: Display: Found up-to-date module file ../../../Engine/Plugins/Runtime/PhysXVehicles/Binaries/Win64/UE4Editor-PhysXVehicles.dll (API version 3944462).
LogModuleManager: Display: Found up-to-date module file ../../../Engine/Plugins/Runtime/PhysXVehicles/Binaries/Win64/UE4Editor-PhysXVehiclesEditor.dll (API version 3944462).
LogModuleManager: Display: Found up-to-date module file ../../../Engine/Plugins/Runtime/ProceduralMeshComponent/Binaries/Win64/UE4Editor-ProceduralMeshComponent.dll (API version 3944462).
LogModuleManager: Display: Found up-to-date module file ../../../Engine/Plugins/Runtime/ProceduralMeshComponent/Binaries/Win64/UE4Editor-ProceduralMeshComponentEditor.dll (API version 3944462).
LogModuleManager: Display: Found up-to-date module file ../../../Engine/Plugins/Runtime/RuntimePhysXCooking/Binaries/Win64/UE4Editor-RuntimePhysXCooking.dll (API version 3944462).
LogModuleManager: Display: Found up-to-date module file ../../../Engine/Plugins/Runtime/Steam/SteamVR/Binaries/Win64/UE4Editor-SteamVR.dll (API version 3944462).
LogModuleManager: Display: Found up-to-date module file ../../../Engine/Plugins/Runtime/Steam/SteamVR/Binaries/Win64/UE4Editor-SteamVRController.dll (API version 3944462).
LogModuleManager: Display: Found up-to-date module file ../../../Engine/Plugins/Runtime/WindowsMoviePlayer/Binaries/Win64/UE4Editor-WindowsMoviePlayer.dll (API version 3944462).
LogInit: Using libcurl 7.47.1
LogInit:  - built for x86_64-pc-win32
LogInit:  - supports SSL with OpenSSL/1.0.2g
LogInit:  - supports HTTP deflate (compression) using libz 1.2.8
LogInit:  - other features:
LogInit:      CURL_VERSION_SSL
LogInit:      CURL_VERSION_LIBZ
LogInit:      CURL_VERSION_IPV6
LogInit:      CURL_VERSION_ASYNCHDNS
LogInit:      CURL_VERSION_LARGEFILE
LogInit:      CURL_VERSION_IDN
LogInit:  CurlRequestOptions (configurable via config and command line):
LogInit:  - bVerifyPeer = false  - Libcurl will NOT verify peer certificate
LogInit:  - bUseHttpProxy = false  - Libcurl will NOT use HTTP proxy
LogInit:  - bDontReuseConnections = false  - Libcurl will reuse connections
LogInit:  - CertBundlePath = nullptr  - Libcurl will use whatever was configured at build time.
LogInit:  - MaxHostConnections = 16  - Libcurl will limit the number of connections to a host
LogInit:  - LocalHostAddr = Default
LogInit: WinSock: version 1.1 (2.2), MaxSocks=32767, MaxUdp=65467
LogInit: WinSock: I am DESKTOP-81T1O89 (192.168.0.40:0)
LogInit: Build: ++UE4+Release-4.19-CL-4033788
LogInit: Engine Version: 4.19.2-4033788+++UE4+Release-4.19
LogInit: Compatible Engine Version: 4.19.0-3944462+++UE4+Release-4.19
LogInit: Net CL: 3944462
LogDevObjectVersion: Number of dev versions registered: 18
LogDevObjectVersion:   Dev-Blueprints (B0D832E4-1F89-4F0D-ACCF-7EB736FD4AA2): 10
LogDevObjectVersion:   Dev-Build (E1C64328-A22C-4D53-A36C-8E866417BD8C): 0
LogDevObjectVersion:   Dev-Core (375EC13C-06E4-48FB-B500-84F0262A717E): 2
LogDevObjectVersion:   Dev-Editor (E4B068ED-F494-42E9-A231-DA0B2E46BB41): 23
LogDevObjectVersion:   Dev-Framework (CFFC743F-43B0-4480-9391-14DF171D2073): 33
LogDevObjectVersion:   Dev-Mobile (B02B49B5-BB20-44E9-A304-32B752E40360): 2
LogDevObjectVersion:   Dev-Networking (A4E4105C-59A1-49B5-A7C5-40C4547EDFEE): 0
LogDevObjectVersion:   Dev-Online (39C831C9-5AE6-47DC-9A44-9C173E1C8E7C): 0
LogDevObjectVersion:   Dev-Physics (78F01B33-EBEA-4F98-B9B4-84EACCB95AA2): 0
LogDevObjectVersion:   Dev-Platform (6631380F-2D4D-43E0-8009-CF276956A95A): 0
LogDevObjectVersion:   Dev-Rendering (12F88B9F-8875-4AFC-A67C-D90C383ABD29): 25
LogDevObjectVersion:   Dev-Sequencer (7B5AE74C-D270-4C10-A958-57980B212A5A): 6
LogDevObjectVersion:   Dev-VR (D7296918-1DD6-4BDD-9DE2-64A83CC13884): 1
LogDevObjectVersion:   Dev-LoadTimes (C2A15278-BFE7-4AFE-6C17-90FF531DF755): 1
LogDevObjectVersion:   Private-Geometry (6EACA3D4-40EC-4CC1-B786-8BED09428FC5): 2
LogDevObjectVersion:   Dev-AnimPhys (29E575DD-E0A3-4627-9D10-D276232CDCEA): 16
LogDevObjectVersion:   Dev-ReflectionCapture (6B266CEC-1EC7-4B8F-A30B-E4D90942FC07): 1
LogDevObjectVersion:   Dev-Automation (0DF73D61-A23F-47EA-B727-89E90C41499A): 1
LogInit: Compiled (64-bit): Apr 27 2018 02:06:57
LogInit: Compiled with Visual C++: 19.00.24215.01
LogInit: Build Configuration: DebugGame
LogInit: Branch Name: ++UE4+Release-4.19
LogInit: Command Line:  -skipcompile -debug
LogInit: Base Directory: C:/Program Files/Epic Games/UE_4.19/Engine/Binaries/Win64/
LogInit: Installed Engine Build: 1
LogStreaming: Display: Took  0.006s to delete old logs.
LogInit: Presizing for max 8388607 objects, including 0 objects not considered by GC, pre-allocating 0 bytes for permanent pool.
LogInit: Object subsystem initialized
[2018.11.13-16.03.59:412][  0]LogInit: Selected Device Profile: [Windows]
[2018.11.13-16.03.59:412][  0]LogInit: Applying CVar settings loaded from the selected device profile: [Windows]
[2018.11.13-16.03.59:426][  0]LogInit: Computer: DESKTOP-81T1O89
[2018.11.13-16.03.59:426][  0]LogInit: User: wzeitler
[2018.11.13-16.03.59:426][  0]LogInit: CPU Page size=4096, Cores=2
[2018.11.13-16.03.59:426][  0]LogInit: High frequency timer resolution =2.343750 MHz
[2018.11.13-16.03.59:426][  0]LogMemory: Memory total: Physical=15.9GB (16GB approx)
[2018.11.13-16.03.59:426][  0]LogMemory: Platform Memory Stats for Windows
[2018.11.13-16.03.59:426][  0]LogMemory: Process Physical Memory: 273.34 MB used, 273.34 MB peak
[2018.11.13-16.03.59:426][  0]LogMemory: Process Virtual Memory: 267.94 MB used, 267.94 MB peak
[2018.11.13-16.03.59:426][  0]LogMemory: Physical Memory: 6153.70 MB used,  10113.87 MB free, 16267.57 MB total
[2018.11.13-16.03.59:427][  0]LogMemory: Virtual Memory: 4780.24 MB used,  10113.87 MB free, 134217728.00 MB total
[2018.11.13-16.03.59:487][  0]LogInit: Using OS detected language (de-DE).
[2018.11.13-16.03.59:487][  0]LogInit: Using OS detected locale (de-DE).
[2018.11.13-16.03.59:492][  0]LogTextLocalizationManager: No localization for 'de-DE' exists, so 'en' will be used for the language.
[2018.11.13-16.04.00:141][  0]LogStreaming: Display: Took  0.654s to EndInitTextLocalization.
[2018.11.13-16.04.00:141][  0]LogInit: Setting process to per monitor DPI aware
[2018.11.13-16.04.00:212][  0]LogSlate: New Slate User Created.  User Index 0, Is Virtual User: 0
[2018.11.13-16.04.00:213][  0]LogSlate: Slate User Registered.  User Index 0, Is Virtual User: 0
[2018.11.13-16.04.00:539][  0]LogD3D11RHI: D3D11 adapters:
[2018.11.13-16.04.00:569][  0]LogD3D11RHI:    0. 'Intel(R) HD Graphics 520' (Feature Level 11_0)
[2018.11.13-16.04.00:569][  0]LogD3D11RHI:       128/0/8133 MB DedicatedVideo/DedicatedSystem/SharedSystem, Outputs:1, VendorId:0x8086
[2018.11.13-16.04.00:578][  0]LogD3D11RHI:    1. 'Microsoft Basic Render Driver' (Feature Level 11_0)
[2018.11.13-16.04.00:578][  0]LogD3D11RHI:       0/0/8133 MB DedicatedVideo/DedicatedSystem/SharedSystem, Outputs:0, VendorId:0x1414
[2018.11.13-16.04.00:578][  0]LogD3D11RHI: Chosen D3D11 Adapter: 0
[2018.11.13-16.04.00:586][  0]LogD3D11RHI: Creating new Direct3DDevice
[2018.11.13-16.04.00:586][  0]LogD3D11RHI:     GPU DeviceId: 0x1916 (for the marketing name, search the web for "GPU Device Id")
[2018.11.13-16.04.00:586][  0]LogWindows: EnumDisplayDevices:
[2018.11.13-16.04.00:587][  0]LogWindows:    0. 'Intel(R) HD Graphics 520' (P:1 D:1)
[2018.11.13-16.04.00:587][  0]LogWindows:    1. 'Intel(R) HD Graphics 520' (P:0 D:0)
[2018.11.13-16.04.00:587][  0]LogWindows:    2. 'Intel(R) HD Graphics 520' (P:0 D:0)
[2018.11.13-16.04.00:587][  0]LogWindows: DebugString: GetVideoDriverDetailsInvalid PrimaryIsNotTheChoosenAdapter GetVideoDriverDetailsInvalid PrimaryIsNotTheChoosenAdapter GetVideoDriverDetailsInvalid PrimaryIsNotTheChoosenAdapter FoundDriverCount:0 
[2018.11.13-16.04.00:588][  0]LogD3D11RHI:     Adapter Name: Intel(R) HD Graphics 520
[2018.11.13-16.04.00:588][  0]LogD3D11RHI:   Driver Version: Unknown (internal:Unknown, unified:Unknown)
[2018.11.13-16.04.00:588][  0]LogD3D11RHI:      Driver Date: Unknown
[2018.11.13-16.04.00:588][  0]LogRHI: Texture pool is 1523 MB (70% of 2176 MB)
[2018.11.13-16.04.00:603][  0]LogD3D11RHI: Async texture creation enabled
[2018.11.13-16.04.00:611][  0]LogD3D11RHI: GPU Timing Frequency: 12.000000 (Debug: 2 0)
[2018.11.13-16.04.00:612][  0]LogShaderCompilers: Guid format shader working directory is -10 characters bigger than the processId version (../../../../../../Users/wzeitler/Desktop/GameEngines/EX1_WZ/Intermediate/Shaders/WorkingDirectory/6372/).
[2018.11.13-16.04.00:613][  0]LogShaderCompilers: Cleaned the shader compiler working directory 'C:/Users/wzeitler/AppData/Local/Temp/UnrealShaderWorkingDir/9CC53ADC41D2DA2AF2E1B3AFC999D772/'.
[2018.11.13-16.04.00:985][  0]LogTemp: Display: Loaded TP AllDesktopTargetPlatform
[2018.11.13-16.04.01:012][  0]LogTemp: Display: Loaded TP MacClientTargetPlatform
[2018.11.13-16.04.01:038][  0]LogTemp: Display: Loaded TP MacNoEditorTargetPlatform
[2018.11.13-16.04.01:062][  0]LogTemp: Display: Loaded TP MacServerTargetPlatform
[2018.11.13-16.04.01:087][  0]LogTemp: Display: Loaded TP MacTargetPlatform
[2018.11.13-16.04.01:112][  0]LogTemp: Display: Loaded TP WindowsClientTargetPlatform
[2018.11.13-16.04.01:142][  0]LogTemp: Display: Loaded TP WindowsNoEditorTargetPlatform
[2018.11.13-16.04.01:176][  0]LogTemp: Display: Loaded TP WindowsServerTargetPlatform
[2018.11.13-16.04.01:195][  0]LogTemp: Display: Loaded TP WindowsTargetPlatform
[2018.11.13-16.04.01:221][  0]LogTemp: Display: Loaded TP Android_ASTCTargetPlatform
[2018.11.13-16.04.01:242][  0]LogTemp: Display: Loaded TP Android_ATCTargetPlatform
[2018.11.13-16.04.01:267][  0]LogTemp: Display: Loaded TP Android_DXTTargetPlatform
[2018.11.13-16.04.01:288][  0]LogTemp: Display: Loaded TP Android_ETC1aTargetPlatform
[2018.11.13-16.04.01:314][  0]LogTemp: Display: Loaded TP Android_ETC1TargetPlatform
[2018.11.13-16.04.01:339][  0]LogTemp: Display: Loaded TP Android_ETC2TargetPlatform
[2018.11.13-16.04.01:398][  0]LogTemp: Display: Loaded TP Android_MultiTargetPlatform
[2018.11.13-16.04.01:399][  0]LogTemp: Display: Loaded TP Android_PVRTCTargetPlatform
[2018.11.13-16.04.01:423][  0]LogTemp: Display: Loaded TP AndroidTargetPlatform
[2018.11.13-16.04.01:428][  0]LogTemp: Display: Loaded TP HTML5TargetPlatform
[2018.11.13-16.04.01:487][  0]LogTemp: Display: Loaded TP IOSTargetPlatform
[2018.11.13-16.04.01:514][  0]LogTemp: Display: Loaded TP TVOSTargetPlatform
[2018.11.13-16.04.01:542][  0]LogTemp: Display: Loaded TP LinuxClientTargetPlatform
[2018.11.13-16.04.01:570][  0]LogTemp: Display: Loaded TP LinuxNoEditorTargetPlatform
[2018.11.13-16.04.01:594][  0]LogTemp: Display: Loaded TP LinuxServerTargetPlatform
[2018.11.13-16.04.01:621][  0]LogTemp: Display: Loaded TP LinuxTargetPlatform
[2018.11.13-16.04.01:621][  0]LogTargetPlatformManager: Display: Building Assets For Windows
[2018.11.13-16.04.01:905][  0]LogXGEController: Cleaning working directory: C:/Users/wzeitler/AppData/Local/Temp/UnrealXGEWorkingDir/
[2018.11.13-16.04.01:906][  0]LogXGEController: Cannot use XGE Controller as Incredibuild is not installed on this machine.
[2018.11.13-16.04.01:906][  0]LogShaderCompilers: Cannot use XGE Shader Compiler as Incredibuild is not installed on this machine.
[2018.11.13-16.04.01:906][  0]LogShaderCompilers: Display: Using Local Shader Compiler.
[2018.11.13-16.04.03:105][  0]LogDerivedDataCache: Display: Max Cache Size: 512 MB
[2018.11.13-16.04.03:194][  0]LogDerivedDataCache: Loaded boot cache 0.09s 74MB C:/Users/wzeitler/AppData/Local/UnrealEngine/4.19/DerivedDataCache/Boot.ddc.
[2018.11.13-16.04.03:195][  0]LogDerivedDataCache: Display: Loaded Boot cache: C:/Users/wzeitler/AppData/Local/UnrealEngine/4.19/DerivedDataCache/Boot.ddc
[2018.11.13-16.04.03:195][  0]LogDerivedDataCache: FDerivedDataBackendGraph:  Pak pak cache file ../../../../../../Users/wzeitler/Desktop/GameEngines/EX1_WZ/DerivedDataCache/DDC.ddp not found, will not use a pak cache.
[2018.11.13-16.04.03:195][  0]LogDerivedDataCache: Unable to find inner node Pak for hierarchical cache Hierarchy.
[2018.11.13-16.04.03:195][  0]LogDerivedDataCache: FDerivedDataBackendGraph:  CompressedPak pak cache file ../../../../../../Users/wzeitler/Desktop/GameEngines/EX1_WZ/DerivedDataCache/Compressed.ddp not found, will not use a pak cache.
[2018.11.13-16.04.03:195][  0]LogDerivedDataCache: Unable to find inner node CompressedPak for hierarchical cache Hierarchy.
[2018.11.13-16.04.03:226][  0]LogDerivedDataCache: Display: Pak cache opened for reading ../../../Engine/DerivedDataCache/Compressed.ddp.
[2018.11.13-16.04.03:240][  0]LogDerivedDataCache: Using Local data cache path C:/Users/wzeitler/AppData/Local/UnrealEngine/Common/DerivedDataCache: Writable
[2018.11.13-16.04.03:240][  0]LogDerivedDataCache: Shared data cache path not found in *engine.ini, will not use an Shared cache.
[2018.11.13-16.04.03:240][  0]LogDerivedDataCache: Unable to find inner node Shared for hierarchical cache Hierarchy.
[2018.11.13-16.04.03:261][  0]LogMaterial: Verifying Global Shaders for PCD3D_SM5
[2018.11.13-16.04.03:261][  0]LogSlate: Using Freetype 2.6.0
[2018.11.13-16.04.03:262][  0]LogSlate: SlateFontCache - WITH_FREETYPE: 1, WITH_HARFBUZZ: 1
[2018.11.13-16.04.03:263][  0]LogSlate: SlateFontCache - WITH_FREETYPE: 1, WITH_HARFBUZZ: 1
[2018.11.13-16.04.03:425][  0]LogAssetRegistry: FAssetRegistry took 0.0316 seconds to start up
[2018.11.13-16.04.03:902][  0]LogInit: Selected Device Profile: [Windows]
[2018.11.13-16.04.04:133][  0]LogSimplygon: Simplygon DLL not present - disabling.
[2018.11.13-16.04.04:141][  0]LogMeshReduction: Using SimplygonSwarm for distributed automatic mesh merging
[2018.11.13-16.04.04:141][  0]LogMeshReduction: Using QuadricMeshReduction for automatic static mesh reduction
[2018.11.13-16.04.04:141][  0]LogMeshReduction: No automatic skeletal mesh reduction module available
[2018.11.13-16.04.04:141][  0]LogMeshReduction: No automatic mesh merging module available
[2018.11.13-16.04.04:141][  0]LogMeshMerging: No automatic mesh merging module available
[2018.11.13-16.04.04:183][  0]LogNetVersion: EX1_WZ , NetCL: 3944462, EngineNetVer: 2, GameNetVer: 0 (Checksum: 3354498869)
[2018.11.13-16.04.04:807][  0]LogPackageLocalizationCache: Processed 9 localized package path(s) for 1 prioritized culture(s) in 0.083584 seconds
[2018.11.13-16.04.04:816][  0]LogUObjectArray: 36728 objects as part of root set at end of initial load.
[2018.11.13-16.04.04:817][  0]LogUObjectAllocator: 7314312 out of 0 bytes used by permanent object pool.
[2018.11.13-16.04.04:817][  0]LogUObjectArray: CloseDisregardForGC: 0/0 objects in disregard for GC pool
[2018.11.13-16.04.07:765][  0]LogTcpMessaging: Initializing TcpMessaging bridge
[2018.11.13-16.04.07:815][  0]LogUdpMessaging: Initializing bridge on interface 0.0.0.0:0 to multicast group 230.0.0.1:6666.
[2018.11.13-16.04.08:672][  0]SourceControl: Source control is disabled
[2018.11.13-16.04.08:672][  0]SourceControl: Source control is disabled
[2018.11.13-16.04.08:710][  0]SourceControl: Source control is disabled
[2018.11.13-16.04.08:748][  0]SourceControl: Source control is disabled
[2018.11.13-16.04.09:890][  0]LogAndroidPermission: UAndroidPermissionCallbackProxy::GetInstance
[2018.11.13-16.04.10:251][  0]LogOcInput: OculusInput pre-init called
[2018.11.13-16.04.10:485][  0]LogEngine: Initializing Engine...
[2018.11.13-16.04.10:488][  0]LogHMD: Failed to initialize OpenVR with code 110
[2018.11.13-16.04.10:491][  0]LogStats: UGameplayTagsManager::ConstructGameplayTagTree: Construct from data asset -  0.000 s
[2018.11.13-16.04.10:491][  0]LogStats: UGameplayTagsManager::ConstructGameplayTagTree: GameplayTagTreeChangedEvent.Broadcast -  0.000 s
[2018.11.13-16.04.10:900][  0]LogAIModule: Creating AISystem for world Untitled
[2018.11.13-16.04.10:929][  0]LogInit: XAudio2 using 'Lautsprecher/Kopfhörer (Realtek High Definition Audio)' : 2 channels at 48 kHz using 32 bits per sample (channel mask 0x3)
[2018.11.13-16.04.11:009][  0]LogInit: FAudioDevice initialized.
[2018.11.13-16.04.11:136][  0]LogDerivedDataCache: Saved boot cache 0.13s 74MB C:/Users/wzeitler/AppData/Local/UnrealEngine/4.19/DerivedDataCache/Boot.ddc.
[2018.11.13-16.04.11:201][  0]LogInit: Texture streaming: Enabled
[2018.11.13-16.04.11:308][  0]LogEngineSessionManager: EngineSessionManager initialized
[2018.11.13-16.04.11:333][  0]LogInit: Transaction tracking system initialized
[2018.11.13-16.04.11:420][  0]BlueprintLog: New page: Editor Load
[2018.11.13-16.04.11:686][  0]LocalizationService: Localization service is disabled
[2018.11.13-16.04.11:932][  0]LogConsoleResponse: Display: 
[2018.11.13-16.04.12:268][  0]LogCook: Display: Max memory allowance for cook 16384mb min free memory 0mb
[2018.11.13-16.04.12:268][  0]LogCook: Display: Mobile HDR setting 1
[2018.11.13-16.04.12:268][  0]LogGameplayTags: Display: UGameplayTagsManager::DoneAddingNativeTags. DelegateIsBound: 0
[2018.11.13-16.04.12:268][  0]LogStats: UGameplayTagsManager::ConstructGameplayTagTree: Construct from data asset -  0.000 s
[2018.11.13-16.04.12:268][  0]LogStats: UGameplayTagsManager::ConstructGameplayTagTree: GameplayTagTreeChangedEvent.Broadcast -  0.000 s
[2018.11.13-16.04.12:717][  0]LogFileCache: Scanning file cache for directory 'C:/Users/wzeitler/Desktop/GameEngines/EX1_WZ/Content/' took 0.02s
[2018.11.13-16.04.13:103][  0]SourceControl: Source control is disabled
[2018.11.13-16.04.13:104][  0]Cmd: MAP LOAD FILE="../../../../../../Users/wzeitler/Desktop/GameEngines/EX1_WZ/Content/StarterContent/Maps/Minimal_Default.umap" TEMPLATE=0 SHOWPROGRESS=1 FEATURELEVEL=3
[2018.11.13-16.04.13:105][  0]LightingResults: New page: Lighting Build
[2018.11.13-16.04.13:111][  0]MapCheck: New page: Map Check
[2018.11.13-16.04.13:111][  0]LightingResults: New page: Lighting Build
[2018.11.13-16.04.13:470][  0]LogUObjectGlobals: Created PersistentFrame Addr=0x000002d4b653a368, Size=8, Default__BP_ScaleActor_C Function /Game/BP_ScaleActor.BP_ScaleActor_C:ExecuteUbergraph_BP_ScaleActor
[2018.11.13-16.04.13:477][  0]LogUObjectGlobals: Destroyed PersistentFrame Addr=0x000002d4b653a368, Size=8
[2018.11.13-16.04.13:478][  0]LogUObjectGlobals: Created PersistentFrame Addr=0x000002d4b653a368, Size=8, Default__BP_ScaleActor_C Function /Engine/Transient.REINST_BP_ScaleActor_C_7:ExecuteUbergraph_BP_ScaleActor
[2018.11.13-16.04.13:483][  0]LogUObjectGlobals: Created PersistentFrame Addr=0x000002d4b653a158, Size=8, Default__BP_ScaleActor_C Function /Game/BP_ScaleActor.BP_ScaleActor_C:ExecuteUbergraph_BP_ScaleActor
[2018.11.13-16.04.14:143][  0]LogAIModule: Creating AISystem for world Minimal_Default
[2018.11.13-16.04.14:153][  0]LogEditorServer: Finished looking for orphan Actors (0.000 secs)
[2018.11.13-16.04.14:183][  0]LogUObjectGlobals: Destroyed PersistentFrame Addr=0x000002d4b653a368, Size=8
[2018.11.13-16.04.14:185][  0]Cmd: MAP CHECKDEP NOCLEARLOG
[2018.11.13-16.04.14:309][  0]MapCheck: Map check complete: 0 Error(s), 0 Warning(s), took 123,641ms to complete.
[2018.11.13-16.04.14:310][  0]LogFileHelpers: Loading map 'Minimal_Default' took 1.206
[2018.11.13-16.04.14:650][  0]LogCollectionManager: Loaded 0 collections in 0.003721 seconds
[2018.11.13-16.04.14:756][  0]LogFileCache: Scanning file cache for directory 'C:/Users/wzeitler/Desktop/GameEngines/EX1_WZ/Saved/Collections/' took 0.02s
[2018.11.13-16.04.14:757][  0]LogFileCache: Scanning file cache for directory 'C:/Users/wzeitler/Desktop/GameEngines/EX1_WZ/Content/Developers/wzeitler/Collections/' took 0.02s
[2018.11.13-16.04.14:757][  0]LogFileCache: Scanning file cache for directory 'C:/Users/wzeitler/Desktop/GameEngines/EX1_WZ/Content/Collections/' took 0.02s
[2018.11.13-16.04.14:757][  0]LogCollectionManager: Rebuilt the GUID cache for 0 collections in 0.000001 seconds
[2018.11.13-16.04.14:834][  0]LogContentBrowser: Native class hierarchy populated in 0.0749 seconds. Added 2457 classes and 561 folders.
[2018.11.13-16.04.14:855][  0]LogContentBrowser: Native class hierarchy updated for 'WidgetCarousel' in 0.0022 seconds. Added 0 classes and 0 folders.
[2018.11.13-16.04.14:933][  0]LogContentBrowser: Native class hierarchy updated for 'AddContentDialog' in 0.0011 seconds. Added 0 classes and 0 folders.
[2018.11.13-16.04.14:947][  0]LogContentBrowser: Native class hierarchy updated for 'SceneOutliner' in 0.0018 seconds. Added 1 classes and 2 folders.
[2018.11.13-16.04.15:066][  0]LogSlate: Took 0.000380 seconds to synchronously load lazily loaded font '../../../Engine/Content/Slate/Fonts/Roboto-Regular.ttf' (155K)
[2018.11.13-16.04.15:072][  0]LogSlate: Took 0.000385 seconds to synchronously load lazily loaded font '../../../Engine/Content/Slate/Fonts/Roboto-Bold.ttf' (160K)
[2018.11.13-16.04.15:086][  0]LogSlate: Took 0.000331 seconds to synchronously load lazily loaded font '../../../Engine/Content/Editor/Slate/Fonts/FontAwesome.ttf' (139K)
[2018.11.13-16.04.15:088][  0]LogSlate: Took 0.000316 seconds to synchronously load lazily loaded font '../../../Engine/Content/Slate/Fonts/DroidSansMono.ttf' (77K)
[2018.11.13-16.04.15:331][  0]LogRenderer: Reallocating scene render targets to support 1052x424 Format 10 NumSamples 1 (Frame:1).
[2018.11.13-16.04.16:762][  0]LogContentBrowser: Native class hierarchy updated for 'HierarchicalLODOutliner' in 0.0035 seconds. Added 0 classes and 0 folders.
[2018.11.13-16.04.16:764][  0]LogLoad: (Engine Initialization) Total time: 21.95 seconds
[2018.11.13-16.04.16:765][  0]LogLoad: (Engine Initialization) Total Blueprint compile time: 0.00 seconds
[2018.11.13-16.04.16:819][  0]LogWindowsTextInputMethodSystem: Display: IME system now deactivated.
[2018.11.13-16.04.16:851][  0]LogContentStreaming: Texture pool size now 1000 MB
[2018.11.13-16.04.17:897][  4]LogAssetRegistry: Asset discovery search completed in 14.4977 seconds
[2018.11.13-16.04.17:902][  4]LogCollectionManager: Rebuilt the object cache for 0 collections in 0.000000 seconds (found 0 objects)
[2018.11.13-16.04.17:903][  4]LogCollectionManager: Fixed up redirectors for 0 collections in 0.000777 seconds (updated 0 objects)
[2018.11.13-16.05.44:282][674]LogSlate: FSceneViewport::OnFocusLost() reason 0
[2018.11.13-16.05.44:336][674]LogSlate: Took 0.000315 seconds to synchronously load lazily loaded font '../../../Engine/Content/Slate/Fonts/Roboto-Light.ttf' (167K)
[2018.11.13-16.05.44:361][675]LogActor: Warning: BP_ScaleActor_C /Engine/Transient.World_0:PersistentLevel.BP_ScaleActor_C_0 has natively added scene component(s), but none of them were set as the actor's RootComponent - picking one arbitrarily
[2018.11.13-16.05.45:539][693]LogSlate: Took 0.001187 seconds to synchronously load lazily loaded font '../../../Engine/Content/Slate/Fonts/Roboto-Light.ttf' (167K)
[2018.11.13-16.05.46:143][693]LogContentBrowser: Native class hierarchy updated for 'BlueprintGraph' in 0.0016 seconds. Added 116 classes and 0 folders.
[2018.11.13-16.05.46:623][693]LogUObjectGlobals: Created PersistentFrame Addr=0x000002d4ffe44828, Size=4, Default__SKEL_PROTO_BP_AnimBlueprint_0_C Function /Engine/Transient.SKEL_PROTO_BP_AnimBlueprint_0_C:ExecuteUbergraph_PROTO_BP_AnimBlueprint_0
[2018.11.13-16.05.46:625][693]LogUObjectGlobals: Created PersistentFrame Addr=0x000002d4ffe44820, Size=4, Default__PROTO_BP_AnimBlueprint_0_C Function /Engine/Transient.PROTO_BP_AnimBlueprint_0_C:ExecuteUbergraph_PROTO_BP_AnimBlueprint_0
[2018.11.13-16.05.47:218][693]LogActor: Warning: BP_ScaleActor_C /Engine/Transient.World_1:PersistentLevel.BP_ScaleActor_C_1 has natively added scene component(s), but none of them were set as the actor's RootComponent - picking one arbitrarily
[2018.11.13-16.05.47:225][693]LogSlate: Took 0.000279 seconds to synchronously load lazily loaded font '../../../Engine/Content/Slate/Fonts/Roboto-BoldCondensed.ttf' (158K)
[2018.11.13-16.06.04:924][994]LogSlate: Took 0.000406 seconds to synchronously load lazily loaded font '../../../Engine/Content/Slate/Fonts/Roboto-Italic.ttf' (157K)
[2018.11.13-16.06.15:952][  8]BlueprintLog: New page: Compile BP_ScaleActor
[2018.11.13-16.06.15:971][  8]LogUObjectGlobals: Destroyed PersistentFrame Addr=0x000002d4b653a158, Size=8
[2018.11.13-16.06.15:972][  8]LogUObjectGlobals: Created PersistentFrame Addr=0x000002d484dd2a88, Size=8, Default__BP_ScaleActor_C Function /Engine/Transient.REINST_BP_ScaleActor_C_23:ExecuteUbergraph_BP_ScaleActor
[2018.11.13-16.06.15:977][  8]LogUObjectGlobals: Created PersistentFrame Addr=0x000002d484dd2bb0, Size=8, Default__BP_ScaleActor_C Function /Game/BP_ScaleActor.BP_ScaleActor_C:ExecuteUbergraph_BP_ScaleActor
[2018.11.13-16.06.15:981][  8]LogActor: Warning: BP_ScaleActor_C /Game/StarterContent/Maps/Minimal_Default.Minimal_Default:PersistentLevel.BP_ScaleActor_5 has natively added scene component(s), but none of them were set as the actor's RootComponent - picking one arbitrarily
[2018.11.13-16.06.15:988][  8]LogActor: Warning: BP_ScaleActor_C /Engine/Transient.World_0:PersistentLevel.BP_ScaleActor_C_0 has natively added scene component(s), but none of them were set as the actor's RootComponent - picking one arbitrarily
[2018.11.13-16.06.15:990][  8]LogActor: Warning: BP_ScaleActor_C /Engine/Transient.World_1:PersistentLevel.BP_ScaleActor_C_1 has natively added scene component(s), but none of them were set as the actor's RootComponent - picking one arbitrarily
[2018.11.13-16.06.16:600][  8]LogActor: Warning: BP_ScaleActor_C /Engine/Transient.World_0:PersistentLevel.BP_ScaleActor_C_2 has natively added scene component(s), but none of them were set as the actor's RootComponent - picking one arbitrarily
[2018.11.13-16.06.17:309][ 60]Cmd: OBJ SAVEPACKAGE PACKAGE="/Game/BP_ScaleActor" FILE="../../../../../../Users/wzeitler/Desktop/GameEngines/EX1_WZ/Content/BP_ScaleActor.uasset" SILENT=true
[2018.11.13-16.06.17:385][ 60]LogSavePackage: Save=34.82ms
[2018.11.13-16.06.17:386][ 60]LogSavePackage: Moving '../../../../../../Users/wzeitler/Desktop/GameEngines/EX1_WZ/Saved/BP_ScaleActor999D9CD64783A6AD6DFC05B93F894BFD.tmp' to '../../../../../../Users/wzeitler/Desktop/GameEngines/EX1_WZ/Content/BP_ScaleActor.uasset'
[2018.11.13-16.06.17:392][ 60]LogSavePackage: Display: Finished SavePackage ../../../../../../Users/wzeitler/Desktop/GameEngines/EX1_WZ/Content/BP_ScaleActor.uasset
[2018.11.13-16.06.20:345][218]LogTemp: Repeating last play command: Selected Viewport
[2018.11.13-16.06.20:386][218]LogBlueprintUserMessages: Early PlayInEditor Detection: Level '/Game/StarterContent/Maps/Minimal_Default.Minimal_Default:PersistentLevel' has LevelScriptBlueprint '/Game/StarterContent/Maps/Minimal_Default.Minimal_Default:PersistentLevel.Minimal_Default' with GeneratedClass '/Game/StarterContent/Maps/Minimal_Default.Minimal_Default_C' with ClassGeneratedBy '/Game/StarterContent/Maps/Minimal_Default.Minimal_Default:PersistentLevel.Minimal_Default'
[2018.11.13-16.06.20:389][218]LogPlayLevel: PlayLevel: No blueprints needed recompiling
[2018.11.13-16.06.20:390][218]PIE: New page: PIE session: Minimal_Default (13.11.2018 18:06:20)
[2018.11.13-16.06.20:391][218]LogPlayLevel: Creating play world package: /Game/StarterContent/Maps/UEDPIE_0_Minimal_Default
[2018.11.13-16.06.20:398][218]LogPlayLevel: PIE: StaticDuplicateObject took: (0.006746s)
[2018.11.13-16.06.20:399][218]LogAIModule: Creating AISystem for world Minimal_Default
[2018.11.13-16.06.20:400][218]LogPlayLevel: PIE: World Init took: (0.001742s)
[2018.11.13-16.06.20:400][218]LogPlayLevel: PIE: Created PIE world by copying editor world from /Game/StarterContent/Maps/Minimal_Default.Minimal_Default to /Game/StarterContent/Maps/UEDPIE_0_Minimal_Default.Minimal_Default (0.010120s)
[2018.11.13-16.06.20:431][218]LogUObjectGlobals: Destroyed PersistentFrame Addr=0x000002d484dd2a88, Size=8
[2018.11.13-16.06.20:435][218]LogInit: XAudio2 using 'Lautsprecher/Kopfhörer (Realtek High Definition Audio)' : 2 channels at 48 kHz using 32 bits per sample (channel mask 0x3)
[2018.11.13-16.06.20:456][218]LogInit: FAudioDevice initialized.
[2018.11.13-16.06.20:537][218]LogUObjectGlobals: Warning: Failed to find object 'Class /Script/EX1_WZ.EX1_WZGameMode'
[2018.11.13-16.06.20:539][218]LogLoad: Game class is 'GameModeBase'
[2018.11.13-16.06.20:554][218]LogWorld: Bringing World /Game/StarterContent/Maps/UEDPIE_0_Minimal_Default.Minimal_Default up for play (max tick rate 0) at 2018.11.13-17.06.20
[2018.11.13-16.06.20:559][218]LogWorld: Bringing up level for play took: 0.009440
[2018.11.13-16.06.20:603][218]LogContentBrowser: Native class hierarchy updated for 'MovieSceneCapture' in 0.0053 seconds. Added 11 classes and 0 folders.
[2018.11.13-16.06.20:609][218]PIE: Play in editor start time for /Game/StarterContent/Maps/UEDPIE_0_Minimal_Default 0,154
[2018.11.13-16.06.20:612][218]LogBlueprintUserMessages: Late PlayInEditor Detection: Level '/Game/StarterContent/Maps/Minimal_Default.Minimal_Default:PersistentLevel' has LevelScriptBlueprint '/Game/StarterContent/Maps/Minimal_Default.Minimal_Default:PersistentLevel.Minimal_Default' with GeneratedClass '/Game/StarterContent/Maps/Minimal_Default.Minimal_Default_C' with ClassGeneratedBy '/Game/StarterContent/Maps/Minimal_Default.Minimal_Default:PersistentLevel.Minimal_Default'
[2018.11.13-16.06.23:420][300]LogTemp: Overlap Begin
[2018.11.13-16.06.23:421][300]LogTemp: Overlapped Actor = BP_PlayerPawn_2
[2018.11.13-16.06.34:076][671]LogTemp: Overlap Ended
[2018.11.13-16.06.34:076][671]LogTemp: BP_PlayerPawn_2 has left the Trigger Box
[2018.11.13-16.06.35:786][730]LogTemp: Overlap Begin
[2018.11.13-16.06.35:787][730]LogTemp: Overlapped Actor = BP_PlayerPawn_2
[2018.11.13-16.06.36:738][763]LogTemp: Overlap Ended
[2018.11.13-16.06.36:738][763]LogTemp: BP_PlayerPawn_2 has left the Trigger Box
[2018.11.13-16.06.39:405][856]LogTemp: Overlap Begin
[2018.11.13-16.06.39:408][856]LogTemp: Overlapped Actor = BP_PlayerPawn_2
[2018.11.13-16.06.44:482][ 30]LogTemp: Overlap Ended
[2018.11.13-16.06.44:482][ 30]LogTemp: BP_PlayerPawn_2 has left the Trigger Box
[2018.11.13-16.06.45:354][ 58]LogTemp: Overlap Begin
[2018.11.13-16.06.45:355][ 58]LogTemp: Overlapped Actor = BP_PlayerPawn_2
[2018.11.13-16.06.47:291][122]LogTemp: Overlap Begin
[2018.11.13-16.06.47:292][122]LogTemp: Overlapped Actor = BP_ScaleActor_5
[2018.11.13-16.06.47:577][132]LogTemp: Overlap Ended
[2018.11.13-16.06.47:577][132]LogTemp: BP_ScaleActor_5 has left the Trigger Box
[2018.11.13-16.06.49:424][196]LogBlueprintUserMessages: Early EndPlayMap Detection: Level '/Game/StarterContent/Maps/Minimal_Default.Minimal_Default:PersistentLevel' has LevelScriptBlueprint '/Game/StarterContent/Maps/Minimal_Default.Minimal_Default:PersistentLevel.Minimal_Default' with GeneratedClass '/Game/StarterContent/Maps/Minimal_Default.Minimal_Default_C' with ClassGeneratedBy '/Game/StarterContent/Maps/Minimal_Default.Minimal_Default:PersistentLevel.Minimal_Default'
[2018.11.13-16.06.49:487][196]LogBlueprintUserMessages: Late EndPlayMap Detection: Level '/Game/StarterContent/Maps/Minimal_Default.Minimal_Default:PersistentLevel' has LevelScriptBlueprint '/Game/StarterContent/Maps/Minimal_Default.Minimal_Default:PersistentLevel.Minimal_Default' with GeneratedClass '/Game/StarterContent/Maps/Minimal_Default.Minimal_Default_C' with ClassGeneratedBy '/Game/StarterContent/Maps/Minimal_Default.Minimal_Default:PersistentLevel.Minimal_Default'
[2018.11.13-16.06.51:367][238]LogSlate: FSceneViewport::OnFocusLost() reason 0
[2018.11.13-16.07.16:265][381]BlueprintLog: New page: Compile BP_ScaleActor
[2018.11.13-16.07.16:284][381]LogUObjectGlobals: Destroyed PersistentFrame Addr=0x000002d484dd2bb0, Size=8
[2018.11.13-16.07.16:284][381]LogUObjectGlobals: Created PersistentFrame Addr=0x000002d484741208, Size=8, Default__BP_ScaleActor_C Function /Engine/Transient.REINST_BP_ScaleActor_C_27:ExecuteUbergraph_BP_ScaleActor
[2018.11.13-16.07.16:289][381]LogUObjectGlobals: Created PersistentFrame Addr=0x000002d4847413c8, Size=8, Default__BP_ScaleActor_C Function /Game/BP_ScaleActor.BP_ScaleActor_C:ExecuteUbergraph_BP_ScaleActor
[2018.11.13-16.07.16:293][381]LogActor: Warning: BP_ScaleActor_C /Game/StarterContent/Maps/Minimal_Default.Minimal_Default:PersistentLevel.BP_ScaleActor_5 has natively added scene component(s), but none of them were set as the actor's RootComponent - picking one arbitrarily
[2018.11.13-16.07.16:296][381]LogActor: Warning: BP_ScaleActor_C /Engine/Transient.World_1:PersistentLevel.BP_ScaleActor_C_1 has natively added scene component(s), but none of them were set as the actor's RootComponent - picking one arbitrarily
[2018.11.13-16.07.16:299][381]LogActor: Warning: BP_ScaleActor_C /Engine/Transient.World_0:PersistentLevel.BP_ScaleActor_C_2 has natively added scene component(s), but none of them were set as the actor's RootComponent - picking one arbitrarily
[2018.11.13-16.07.17:024][381]LogActor: Warning: BP_ScaleActor_C /Engine/Transient.World_0:PersistentLevel.BP_ScaleActor_C_3 has natively added scene component(s), but none of them were set as the actor's RootComponent - picking one arbitrarily
[2018.11.13-16.07.17:637][420]Cmd: OBJ SAVEPACKAGE PACKAGE="/Game/BP_ScaleActor" FILE="../../../../../../Users/wzeitler/Desktop/GameEngines/EX1_WZ/Content/BP_ScaleActor.uasset" SILENT=true
[2018.11.13-16.07.17:699][420]LogSavePackage: Save=32.96ms
[2018.11.13-16.07.17:699][420]LogSavePackage: Moving '../../../../../../Users/wzeitler/Desktop/GameEngines/EX1_WZ/Saved/BP_ScaleActor098B9DE643B2C92418EB43A3D97580F3.tmp' to '../../../../../../Users/wzeitler/Desktop/GameEngines/EX1_WZ/Content/BP_ScaleActor.uasset'
[2018.11.13-16.07.17:704][420]LogSavePackage: Display: Finished SavePackage ../../../../../../Users/wzeitler/Desktop/GameEngines/EX1_WZ/Content/BP_ScaleActor.uasset
[2018.11.13-16.07.20:576][582]LogTemp: Repeating last play command: Selected Viewport
[2018.11.13-16.07.20:633][582]LogBlueprintUserMessages: Early PlayInEditor Detection: Level '/Game/StarterContent/Maps/Minimal_Default.Minimal_Default:PersistentLevel' has LevelScriptBlueprint '/Game/StarterContent/Maps/Minimal_Default.Minimal_Default:PersistentLevel.Minimal_Default' with GeneratedClass '/Game/StarterContent/Maps/Minimal_Default.Minimal_Default_C' with ClassGeneratedBy '/Game/StarterContent/Maps/Minimal_Default.Minimal_Default:PersistentLevel.Minimal_Default'
[2018.11.13-16.07.20:636][582]LogPlayLevel: PlayLevel: No blueprints needed recompiling
[2018.11.13-16.07.20:638][582]PIE: New page: PIE session: Minimal_Default (13.11.2018 18:07:20)
[2018.11.13-16.07.20:638][582]LogPlayLevel: Creating play world package: /Game/StarterContent/Maps/UEDPIE_0_Minimal_Default
[2018.11.13-16.07.20:645][582]LogPlayLevel: PIE: StaticDuplicateObject took: (0.005738s)
[2018.11.13-16.07.20:646][582]LogAIModule: Creating AISystem for world Minimal_Default
[2018.11.13-16.07.20:647][582]LogPlayLevel: PIE: World Init took: (0.001954s)
[2018.11.13-16.07.20:648][582]LogPlayLevel: PIE: Created PIE world by copying editor world from /Game/StarterContent/Maps/Minimal_Default.Minimal_Default to /Game/StarterContent/Maps/UEDPIE_0_Minimal_Default.Minimal_Default (0.009673s)
[2018.11.13-16.07.20:690][582]LogUObjectGlobals: Destroyed PersistentFrame Addr=0x000002d484741208, Size=8
[2018.11.13-16.07.20:694][582]LogInit: XAudio2 using 'Lautsprecher/Kopfhörer (Realtek High Definition Audio)' : 2 channels at 48 kHz using 32 bits per sample (channel mask 0x3)
[2018.11.13-16.07.20:722][582]LogInit: FAudioDevice initialized.
[2018.11.13-16.07.20:766][582]LogLoad: Game class is 'GameModeBase'
[2018.11.13-16.07.20:769][582]LogWorld: Bringing World /Game/StarterContent/Maps/UEDPIE_0_Minimal_Default.Minimal_Default up for play (max tick rate 0) at 2018.11.13-17.07.20
[2018.11.13-16.07.20:770][582]LogWorld: Bringing up level for play took: 0.003144
[2018.11.13-16.07.20:772][582]PIE: Play in editor start time for /Game/StarterContent/Maps/UEDPIE_0_Minimal_Default 0,318
[2018.11.13-16.07.20:774][582]LogBlueprintUserMessages: Late PlayInEditor Detection: Level '/Game/StarterContent/Maps/Minimal_Default.Minimal_Default:PersistentLevel' has LevelScriptBlueprint '/Game/StarterContent/Maps/Minimal_Default.Minimal_Default:PersistentLevel.Minimal_Default' with GeneratedClass '/Game/StarterContent/Maps/Minimal_Default.Minimal_Default_C' with ClassGeneratedBy '/Game/StarterContent/Maps/Minimal_Default.Minimal_Default:PersistentLevel.Minimal_Default'
[2018.11.13-16.07.24:277][694]LogTemp: Overlap Begin
[2018.11.13-16.07.24:278][694]LogTemp: Overlapped Actor = BP_PlayerPawn_2
[2018.11.13-16.07.31:952][956]LogTemp: Overlap Ended
[2018.11.13-16.07.31:954][956]LogTemp: BP_PlayerPawn_2 has left the Trigger Box
[2018.11.13-16.07.34:421][ 38]LogTemp: Overlap Begin
[2018.11.13-16.07.34:422][ 38]LogTemp: Overlapped Actor = BP_PlayerPawn_2
[2018.11.13-16.07.35:245][ 67]LogTemp: Overlap Ended
[2018.11.13-16.07.35:247][ 67]LogTemp: BP_PlayerPawn_2 has left the Trigger Box
[2018.11.13-16.07.39:030][199]LogTemp: Overlap Begin
[2018.11.13-16.07.39:031][199]LogTemp: Overlapped Actor = BP_PlayerPawn_2
[2018.11.13-16.07.40:082][235]LogTemp: Overlap Ended
[2018.11.13-16.07.40:083][235]LogTemp: BP_PlayerPawn_2 has left the Trigger Box
[2018.11.13-16.07.43:720][356]LogTemp: Overlap Begin
[2018.11.13-16.07.43:720][356]LogTemp: Overlapped Actor = BP_PlayerPawn_2
[2018.11.13-16.07.44:639][387]LogTemp: Overlap Ended
[2018.11.13-16.07.44:640][387]LogTemp: BP_PlayerPawn_2 has left the Trigger Box
[2018.11.13-16.07.48:345][514]LogBlueprintUserMessages: Early EndPlayMap Detection: Level '/Game/StarterContent/Maps/Minimal_Default.Minimal_Default:PersistentLevel' has LevelScriptBlueprint '/Game/StarterContent/Maps/Minimal_Default.Minimal_Default:PersistentLevel.Minimal_Default' with GeneratedClass '/Game/StarterContent/Maps/Minimal_Default.Minimal_Default_C' with ClassGeneratedBy '/Game/StarterContent/Maps/Minimal_Default.Minimal_Default:PersistentLevel.Minimal_Default'
[2018.11.13-16.07.48:404][514]LogBlueprintUserMessages: Late EndPlayMap Detection: Level '/Game/StarterContent/Maps/Minimal_Default.Minimal_Default:PersistentLevel' has LevelScriptBlueprint '/Game/StarterContent/Maps/Minimal_Default.Minimal_Default:PersistentLevel.Minimal_Default' with GeneratedClass '/Game/StarterContent/Maps/Minimal_Default.Minimal_Default_C' with ClassGeneratedBy '/Game/StarterContent/Maps/Minimal_Default.Minimal_Default:PersistentLevel.Minimal_Default'
